21:51:02.749 [main                     ] DEBUG Logger               - Configured Logger
21:51:02.780 [main                     ] DEBUG GameApplication      - Logging settings
Title: CookingIna
Version: 0.1
Width: 1920
Height: 1080
Fullscreen: true
Intro: false
Profiling: false
Single step:false
App Mode: DEVELOPER
Menu Key: ESCAPE
Stage Style: DECORATED
Scene Factory: class com.example.cookingina.CookingInaMain$1

21:51:03.195 [JavaFX Application Thread] DEBUG FXGLApplication      - Initializing FXGL
21:51:03.199 [JavaFX Application Thread] INFO  Engine               - FXGL-17.2 (20.08.2022 16.50) on WINDOWS (J:21.0.6 FX:20)
21:51:03.199 [JavaFX Application Thread] DEBUG Engine               - JRE Vendor Name: Amazon.com Inc.
21:51:03.200 [JavaFX Application Thread] DEBUG Engine               - Running on OS: Windows 11 version 10.0
21:51:03.200 [JavaFX Application Thread] DEBUG Engine               - Architecture: amd64
21:51:03.200 [JavaFX Application Thread] INFO  Engine               - Source code and latest versions at: https://github.com/AlmasB/FXGL
21:51:03.200 [JavaFX Application Thread] INFO  Engine               -       Ask questions and discuss at: https://github.com/AlmasB/FXGL/discussions
21:51:03.200 [JavaFX Application Thread] INFO  Engine               -              Join the FXGL chat at: https://gitter.im/AlmasB/FXGL
21:51:03.274 [JavaFX Application Thread] DEBUG PrimaryStageWindow   - Creating a JavaFX scene
21:51:03.274 [JavaFX Application Thread] DEBUG PrimaryStageWindow   - Target size > screen size
21:51:03.316 [JavaFX Application Thread] DEBUG PrimaryStageWindow   - Target settings size: 1920.0 x 1080.0
21:51:03.316 [JavaFX Application Thread] DEBUG PrimaryStageWindow   - Scaled scene size:    1511.0 x 864.0
21:51:03.317 [JavaFX Application Thread] DEBUG PrimaryStageWindow   - Scaled ratio: (0.7869791666666667, 0.8)
21:51:03.318 [JavaFX Application Thread] DEBUG PrimaryStageWindow   - Set initial scene to FXGLStartupScene
21:51:03.321 [JavaFX Application Thread] DEBUG PrimaryStageWindow   - Opening main window
21:51:03.404 [JavaFX Application Thread] DEBUG PrimaryStageWindow   - Window border size: (14.5999755859375, 37.5999755859375)
21:51:03.404 [JavaFX Application Thread] DEBUG PrimaryStageWindow   - Scaled size: 1511.0 x 864.0
21:51:03.404 [JavaFX Application Thread] DEBUG PrimaryStageWindow   - Scaled ratio: (0.7869791666666667, 0.8)
21:51:03.404 [JavaFX Application Thread] DEBUG PrimaryStageWindow   - Scene size: 1511.0 x 864.0
21:51:03.404 [JavaFX Application Thread] DEBUG PrimaryStageWindow   - Stage size: 1525.5999755859375 x 901.5999755859375
21:51:03.464 [JavaFX Application Thread] DEBUG PrimaryStageWindow   - Going fullscreen
21:51:03.471 [FXGL Background Thread 1 ] DEBUG Engine               - Initializing environment variables
21:51:03.529 [FXGL Background Thread 1 ] DEBUG FXGLAssetLoaderServi - User app class for loading assets: class com.example.cookingina.CookingInaMain
21:51:03.529 [FXGL Background Thread 1 ] DEBUG GameApplicationServi - Applying CSS: fxgl_dark.css
21:51:03.530 [FXGL Background Thread 1 ] DEBUG FXGLAssetLoaderServi - Loading from file system: jar:file:///C:/Users/LMO/.m2/repository/com/github/almasb/fxgl/17.2/fxgl-17.2.jar!/fxglassets/ui/css/fxgl_dark.css
21:51:03.576 [FXGL Background Thread 1 ] DEBUG GameApplicationServi - Initializing application scenes
21:51:03.627 [FXGL Background Thread 1 ] DEBUG GameWorld            - Game world initialized
21:51:03.707 [FXGL Background Thread 1 ] DEBUG PhysicsWorld         - Physics world initialized: appHeight=1080, physics.ppm=50.0
21:51:03.708 [FXGL Background Thread 1 ] DEBUG PhysicsWorld         - Using strategy: BRUTE_FORCE
21:51:03.714 [FXGL Background Thread 1 ] DEBUG GameScene            - Game scene initialized: 1920x1080
21:51:03.725 [FXGL Background Thread 1 ] DEBUG FXGL.DefaultMenu     - createMenuBodyGameMenu()
21:51:03.733 [FXGL Background Thread 1 ] DEBUG FXGL.DefaultMenu     - createOptionsMenu()
21:51:03.740 [FXGL Background Thread 1 ] DEBUG FXGLAssetLoaderServi - Loading from file system: jar:file:///C:/Users/LMO/.m2/repository/com/github/almasb/fxgl/17.2/fxgl-17.2.jar!/fxglassets/textures/particles/smoke.png
21:51:03.831 [FXGL Background Thread 1 ] DEBUG FXGLAssetLoaderServi - Loading from file system: jar:file:///C:/Users/LMO/.m2/repository/com/github/almasb/fxgl/17.2/fxgl-17.2.jar!/fxglassets/textures/particles/trace_horizontal.png
21:51:03.858 [FXGL Background Thread 1 ] DEBUG GameApplicationServi - Application scenes initialized
21:51:03.873 [FXGL Background Thread 1 ] DEBUG SystemBundleService  - Loading FXGL system data
21:51:03.879 [FXGL Background Thread 1 ] DEBUG FileSystemAccess     - Reading from: C:\Users\LMO\Downloads\Cooking-Ina-Ang-Sarap-1\system\fxgl.bundle
21:51:03.889 [FXGL Background Thread 1 ] DEBUG SystemBundleService  - Bundle FXGL: {}
21:51:03.890 [FXGL Background Thread 1 ] DEBUG UpdaterService       - Checking for updates
21:51:03.894 [FXGL Background Thread 4 ] DEBUG FXGLApplication      - Loading fonts
21:51:03.894 [FXGL Background Thread 4 ] DEBUG FXGLAssetLoaderServi - Loading from file system: jar:file:///C:/Users/LMO/.m2/repository/com/github/almasb/fxgl/17.2/fxgl-17.2.jar!/fxglassets/ui/fonts/VarelaRound-Regular.ttf
21:51:03.894 [FXGL Background Thread 1 ] DEBUG FXGLApplication      - Loading default localization
21:51:03.895 [FXGL Background Thread 1 ] DEBUG FXGLAssetLoaderServi - Loading from file system: jar:file:///C:/Users/LMO/.m2/repository/com/github/almasb/fxgl/17.2/fxgl-17.2.jar!/fxglassets/languages/english.lang
21:51:03.922 [FXGL Background Thread 1 ] INFO  FXGLApplication      - FXGL initialization took: 0.452 sec
21:51:03.935 [JavaFX Application Thread] DEBUG Input                - Registered new binding: Toggle debug - F1
21:51:03.936 [JavaFX Application Thread] DEBUG FXGLAssetLoaderServi - Loading from file system: jar:file:///C:/Users/LMO/.m2/repository/com/github/almasb/fxgl/17.2/fxgl-17.2.jar!/fxglassets/textures/fxgl_icon.png
21:51:03.946 [FXGL Background Thread 4 ] DEBUG FXGLAssetLoaderServi - Loading from file system: jar:file:///C:/Users/LMO/.m2/repository/com/github/almasb/fxgl/17.2/fxgl-17.2.jar!/fxglassets/ui/fonts/Abel-Regular.ttf
21:51:03.959 [JavaFX Application Thread] DEBUG FXGLAssetLoaderServi - Loading from file system: jar:file:///C:/Users/LMO/.m2/repository/com/github/almasb/fxgl/17.2/fxgl-17.2.jar!/fxglassets/textures/fxgl_default_cursor.png
21:51:03.962 [FXGL Background Thread 4 ] DEBUG FXGLAssetLoaderServi - Loading from file system: jar:file:///C:/Users/LMO/.m2/repository/com/github/almasb/fxgl/17.2/fxgl-17.2.jar!/fxglassets/ui/fonts/TerminalLandMono-Regular.otf
21:51:03.962 [JavaFX Application Thread] DEBUG Input                - Registered new binding: Screenshot - CTRL+8
21:51:03.963 [JavaFX Application Thread] DEBUG Input                - Registered new binding: System info dump - CTRL+9
21:51:03.964 [JavaFX Application Thread] DEBUG Input                - Registered new binding: Restart - CTRL+R
21:51:03.964 [JavaFX Application Thread] DEBUG Input                - Registered new binding: Toggle Debug Camera - CTRL+7
21:51:03.966 [JavaFX Application Thread] DEBUG LoopRunner           - Starting loop
21:51:03.966 [JavaFX Application Thread] DEBUG LoopRunner           - Initializing JavaFX AnimationTimerLoop
21:51:03.970 [JavaFX Application Thread] DEBUG Input                - Clearing active input actions
21:51:03.977 [FXGL Background Thread 4 ] DEBUG FXGLAssetLoaderServi - Loading from file system: jar:file:///C:/Users/LMO/.m2/repository/com/github/almasb/fxgl/17.2/fxgl-17.2.jar!/fxglassets/ui/fonts/Courier-Prime.ttf
21:51:03.978 [JavaFX Application Thread] DEBUG GameApplicationServi - Removing overlay from FXGLStartupScene and adding to FXGLMainMenuDummyScene
21:51:03.978 [JavaFX Application Thread] DEBUG PrimaryStageWindow   - FXGLStartupScene -> FXGLMainMenuDummyScene
21:51:03.979 [JavaFX Application Thread] DEBUG PrimaryStageWindow   - Push state: MainMenu
21:51:03.979 [JavaFX Application Thread] DEBUG Input                - Clearing active input actions
21:51:03.985 [JavaFX Application Thread] DEBUG GameApplicationServi - Removing overlay from FXGLMainMenuDummyScene and adding to MainMenu
21:51:03.986 [JavaFX Application Thread] DEBUG PrimaryStageWindow   - FXGLMainMenuDummyScene -> MainMenu
21:51:04.078 [JavaFX Application Thread] DEBUG FXGLApplication      - Registering font factories with UI factory
21:51:05.603 [FXGL Background Thread 2 ] INFO  UpdaterService       - Your current version:  17.2
21:51:05.604 [FXGL Background Thread 2 ] INFO  UpdaterService       - Latest stable version: 21.1
21:51:05.769 [JavaFX Application Thread] DEBUG GameApplicationServi - Starting new game
21:51:05.770 [JavaFX Application Thread] DEBUG PrimaryStageWindow   - Pop state: MainMenu
21:51:05.770 [JavaFX Application Thread] DEBUG Input                - Clearing active input actions
21:51:05.772 [JavaFX Application Thread] DEBUG GameApplicationServi - Removing overlay from MainMenu and adding to FXGLMainMenuDummyScene
21:51:05.773 [JavaFX Application Thread] DEBUG PrimaryStageWindow   - FXGLMainMenuDummyScene <- MainMenu
21:51:05.774 [JavaFX Application Thread] DEBUG Input                - Clearing active input actions
21:51:05.794 [JavaFX Application Thread] DEBUG GameApplicationServi - Removing overlay from FXGLMainMenuDummyScene and adding to FXGLLoadingScene
21:51:05.794 [JavaFX Application Thread] DEBUG PrimaryStageWindow   - FXGLMainMenuDummyScene -> FXGLLoadingScene
21:51:05.794 [JavaFX Application Thread] DEBUG GameApplicationServi - Clearing previous game
21:51:05.794 [JavaFX Application Thread] DEBUG GameScene            - Clearing game scene
21:51:05.794 [JavaFX Application Thread] DEBUG GameWorld            - Clearing game world
21:51:05.794 [JavaFX Application Thread] DEBUG PhysicsWorld         - Clearing physics world
21:51:05.796 [FXGL Background Thread 2 ] DEBUG FXGLApplication      - Initializing game
21:51:05.799 [FXGL Background Thread 2 ] DEBUG FXGLAssetLoaderServi - Loading from file system: file:/C:/Users/LMO/Downloads/Cooking-Ina-Ang-Sarap-1/CookingIna/target/classes/assets/textures/final_background.png
21:51:05.814 [JavaFX Application Thread] WARN  PrimaryStageWindow   - Cannot pop substate. Probably because substates are empty!
21:51:05.814 [JavaFX Application Thread] DEBUG LoopRunner           - Resuming loop
21:51:05.880 [FXGL Background Thread 2 ] DEBUG FXGLAssetLoaderServi - Loading from file system: file:/C:/Users/LMO/Downloads/Cooking-Ina-Ang-Sarap-1/CookingIna/target/classes/assets/textures/assets.png
21:51:05.915 [FXGL Background Thread 2 ] DEBUG FXGLAssetLoaderServi - Loading from file system: file:/C:/Users/LMO/Downloads/Cooking-Ina-Ang-Sarap-1/CookingIna/target/classes/assets/textures/frying_pan.png
21:51:05.964 [FXGL Background Thread 2 ] DEBUG FXGLAssetLoaderServi - Loading from file system: file:/C:/Users/LMO/Downloads/Cooking-Ina-Ang-Sarap-1/CookingIna/target/classes/assets/textures/papertray.png
21:51:06.007 [FXGL Background Thread 2 ] DEBUG FXGLAssetLoaderServi - Loading from file system: file:/C:/Users/LMO/Downloads/Cooking-Ina-Ang-Sarap-1/CookingIna/target/classes/assets/textures/papertray.png
21:51:06.044 [FXGL Background Thread 2 ] DEBUG FXGLAssetLoaderServi - Loading from file system: file:/C:/Users/LMO/Downloads/Cooking-Ina-Ang-Sarap-1/CookingIna/target/classes/assets/textures/rawQuekquek_container.png
21:51:06.069 [FXGL Background Thread 2 ] DEBUG FXGLAssetLoaderServi - Loading from file system: file:/C:/Users/LMO/Downloads/Cooking-Ina-Ang-Sarap-1/CookingIna/target/classes/assets/textures/rawHotdog_container.png
21:51:06.087 [FXGL Background Thread 2 ] DEBUG FXGLAssetLoaderServi - Loading from file system: file:/C:/Users/LMO/Downloads/Cooking-Ina-Ang-Sarap-1/CookingIna/target/classes/assets/textures/rawTempura_container.png
21:51:06.105 [FXGL Background Thread 2 ] DEBUG FXGLAssetLoaderServi - Loading from file system: file:/C:/Users/LMO/Downloads/Cooking-Ina-Ang-Sarap-1/CookingIna/target/classes/assets/textures/manga_basket.png
21:51:06.142 [FXGL Background Thread 2 ] DEBUG FXGLAssetLoaderServi - Loading from file system: file:/C:/Users/LMO/Downloads/Cooking-Ina-Ang-Sarap-1/CookingIna/target/classes/assets/textures/ice_crusher.png
21:51:06.173 [FXGL Background Thread 2 ] DEBUG FXGLAssetLoaderServi - Loading from file system: file:/C:/Users/LMO/Downloads/Cooking-Ina-Ang-Sarap-1/CookingIna/target/classes/assets/textures/calamansiJuice_dispenser.png
21:51:06.187 [FXGL Background Thread 2 ] DEBUG FXGLAssetLoaderServi - Loading from file system: file:/C:/Users/LMO/Downloads/Cooking-Ina-Ang-Sarap-1/CookingIna/target/classes/assets/textures/bukoJuice_dispenser.png
21:51:06.200 [FXGL Background Thread 2 ] DEBUG FXGLAssetLoaderServi - Loading from file system: file:/C:/Users/LMO/Downloads/Cooking-Ina-Ang-Sarap-1/CookingIna/target/classes/assets/textures/orangeJuice_dispenser.png
21:51:06.213 [FXGL Background Thread 2 ] DEBUG FXGLAssetLoaderServi - Loading from file system: file:/C:/Users/LMO/Downloads/Cooking-Ina-Ang-Sarap-1/CookingIna/target/classes/assets/textures/trash_open.png
21:51:06.235 [FXGL Background Thread 2 ] DEBUG FXGLAssetLoaderServi - Loading from file system: file:/C:/Users/LMO/Downloads/Cooking-Ina-Ang-Sarap-1/CookingIna/target/classes/assets/textures/calamansiJuice_dispenser.png
21:51:06.246 [FXGL Background Thread 2 ] DEBUG FXGLAssetLoaderServi - Loading from file system: file:/C:/Users/LMO/Downloads/Cooking-Ina-Ang-Sarap-1/CookingIna/target/classes/assets/textures/bukoJuice_dispenser.png
21:51:06.257 [FXGL Background Thread 2 ] DEBUG FXGLAssetLoaderServi - Loading from file system: file:/C:/Users/LMO/Downloads/Cooking-Ina-Ang-Sarap-1/CookingIna/target/classes/assets/textures/orangeJuice_dispenser.png
21:51:06.266 [FXGL Background Thread 2 ] DEBUG FXGLAssetLoaderServi - Loading from file system: file:/C:/Users/LMO/Downloads/Cooking-Ina-Ang-Sarap-1/CookingIna/target/classes/assets/textures/cucumberGarnish_container.png
21:51:06.287 [FXGL Background Thread 2 ] DEBUG FXGLAssetLoaderServi - Loading from file system: file:/C:/Users/LMO/Downloads/Cooking-Ina-Ang-Sarap-1/CookingIna/target/classes/assets/textures/gusoGarnish_container.png
21:51:06.308 [FXGL Background Thread 2 ] DEBUG FXGLAssetLoaderServi - Loading from file system: file:/C:/Users/LMO/Downloads/Cooking-Ina-Ang-Sarap-1/CookingIna/target/classes/assets/textures/spicy_sauce.png
21:51:06.320 [FXGL Background Thread 2 ] DEBUG FXGLAssetLoaderServi - Loading from file system: file:/C:/Users/LMO/Downloads/Cooking-Ina-Ang-Sarap-1/CookingIna/target/classes/assets/textures/sweet_sauce.png
21:51:06.329 [FXGL Background Thread 2 ] DEBUG FXGLAssetLoaderServi - Loading from file system: file:/C:/Users/LMO/Downloads/Cooking-Ina-Ang-Sarap-1/CookingIna/target/classes/assets/textures/hipon_bottle.png
21:51:06.351 [FXGL Background Thread 2 ] DEBUG FXGLAssetLoaderServi - Loading from file system: file:/C:/Users/LMO/Downloads/Cooking-Ina-Ang-Sarap-1/CookingIna/target/classes/assets/textures/salt_bottle.png
21:51:06.373 [FXGL Background Thread 2 ] INFO  FXGLApplication      - Game initialization took: 0.577 sec
21:51:06.386 [JavaFX Application Thread] DEBUG Input                - Clearing active input actions
21:51:06.394 [JavaFX Application Thread] DEBUG GameApplicationServi - Removing overlay from FXGLLoadingScene and adding to GameScene
21:51:06.394 [JavaFX Application Thread] DEBUG PrimaryStageWindow   - FXGLLoadingScene -> GameScene
21:51:06.892 [FXGL Background Thread 3 ] DEBUG Engine               - Logging environment variables
21:51:06.893 [FXGL Background Thread 3 ] DEBUG Engine               - achievements: []
21:51:06.893 [FXGL Background Thread 3 ] DEBUG Engine               - actualHeight: 864.0
21:51:06.893 [FXGL Background Thread 3 ] DEBUG Engine               - actualHeightProperty: ReadOnlyDoubleProperty [value: 864.0]
21:51:06.893 [FXGL Background Thread 3 ] DEBUG Engine               - actualWidth: 1536.0
21:51:06.893 [FXGL Background Thread 3 ] DEBUG Engine               - actualWidthProperty: ReadOnlyDoubleProperty [value: 1536.0]
21:51:06.893 [FXGL Background Thread 3 ] DEBUG Engine               - appIcon: fxgl_icon.png
21:51:06.894 [FXGL Background Thread 3 ] DEBUG Engine               - applicationMode: DEVELOPER
21:51:06.894 [FXGL Background Thread 3 ] DEBUG Engine               - cSSList: [fxgl_dark.css]
21:51:06.894 [FXGL Background Thread 3 ] DEBUG Engine               - collisionDetectionStrategy: BRUTE_FORCE
21:51:06.894 [FXGL Background Thread 3 ] DEBUG Engine               - configClass: Optional.empty
21:51:06.894 [FXGL Background Thread 3 ] DEBUG Engine               - credits: []
21:51:06.894 [FXGL Background Thread 3 ] DEBUG Engine               - defaultCursor: CursorInfo(imageName=fxgl_default_cursor.png, hotspotX=7.0, hotspotY=6.0)
21:51:06.894 [FXGL Background Thread 3 ] DEBUG Engine               - devBBoxColorProperty: ObjectProperty [value: 0xff0000ff]
21:51:06.894 [FXGL Background Thread 3 ] DEBUG Engine               - devEnableDebugCameraProperty: BooleanProperty [value: false]
21:51:06.894 [FXGL Background Thread 3 ] DEBUG Engine               - devSensorColorProperty: ObjectProperty [value: 0xffff00ff]
21:51:06.894 [FXGL Background Thread 3 ] DEBUG Engine               - devShowBBoxProperty: BooleanProperty [value: false]
21:51:06.896 [FXGL Background Thread 3 ] DEBUG Engine               - devShowPositionProperty: BooleanProperty [value: false]
21:51:06.896 [FXGL Background Thread 3 ] DEBUG Engine               - enabledMenuItems: []
21:51:06.896 [FXGL Background Thread 3 ] DEBUG Engine               - engineServices: [class com.almasb.fxgl.app.services.FXGLAssetLoaderService, class com.almasb.fxgl.app.FXGLApplication$GameApplicationService, class com.almasb.fxgl.app.services.FXGLDialogService, class com.almasb.fxgl.app.services.IOTaskExecutorService, class com.almasb.fxgl.io.FileSystemService, class com.almasb.fxgl.localization.LocalizationService, class com.almasb.fxgl.app.services.SystemBundleService, class com.almasb.fxgl.profile.SaveLoadService, class com.almasb.fxgl.ui.FXGLUIFactoryServiceProvider, class com.almasb.fxgl.ui.FXGLDialogFactoryServiceProvider, class com.almasb.fxgl.audio.AudioPlayer, class com.almasb.fxgl.notification.impl.NotificationServiceProvider, class com.almasb.fxgl.achievement.AchievementService, class com.almasb.fxgl.cutscene.CutsceneService, class com.almasb.fxgl.minigames.MiniGameService, class com.almasb.fxgl.net.NetService, class com.almasb.fxgl.app.services.UpdaterService, class com.almasb.fxgl.dev.DevService]
21:51:06.896 [FXGL Background Thread 3 ] DEBUG Engine               - fontGame: Abel-Regular.ttf
21:51:06.897 [FXGL Background Thread 3 ] DEBUG Engine               - fontMono: TerminalLandMono-Regular.otf
21:51:06.897 [FXGL Background Thread 3 ] DEBUG Engine               - fontText: Courier-Prime.ttf
21:51:06.897 [FXGL Background Thread 3 ] DEBUG Engine               - fontUI: VarelaRound-Regular.ttf
21:51:06.897 [FXGL Background Thread 3 ] DEBUG Engine               - fullScreen: BooleanProperty [value: true]
21:51:06.897 [FXGL Background Thread 3 ] DEBUG Engine               - gameDifficulty: MEDIUM
21:51:06.897 [FXGL Background Thread 3 ] DEBUG Engine               - gameDifficultyProperty: ObjectProperty [value: MEDIUM]
21:51:06.897 [FXGL Background Thread 3 ] DEBUG Engine               - globalMusicVolume: 0.5
21:51:06.897 [FXGL Background Thread 3 ] DEBUG Engine               - globalMusicVolumeProperty: DoubleProperty [value: 0.5]
21:51:06.897 [FXGL Background Thread 3 ] DEBUG Engine               - globalSoundVolume: 0.5
21:51:06.897 [FXGL Background Thread 3 ] DEBUG Engine               - globalSoundVolumeProperty: DoubleProperty [value: 0.5]
21:51:06.897 [FXGL Background Thread 3 ] DEBUG Engine               - height: 1080
21:51:06.897 [FXGL Background Thread 3 ] DEBUG Engine               - is3D: false
21:51:06.897 [FXGL Background Thread 3 ] DEBUG Engine               - isAndroid: false
21:51:06.898 [FXGL Background Thread 3 ] DEBUG Engine               - isBrowser: false
21:51:06.898 [FXGL Background Thread 3 ] DEBUG Engine               - isClickFeedbackEnabled: false
21:51:06.898 [FXGL Background Thread 3 ] DEBUG Engine               - isCloseConfirmation: false
21:51:06.898 [FXGL Background Thread 3 ] DEBUG Engine               - isDesktop: true
21:51:06.898 [FXGL Background Thread 3 ] DEBUG Engine               - isDeveloperMenuEnabled: false
21:51:06.898 [FXGL Background Thread 3 ] DEBUG Engine               - isEmbedded: false
21:51:06.898 [FXGL Background Thread 3 ] DEBUG Engine               - isEntityPreloadEnabled: true
21:51:06.898 [FXGL Background Thread 3 ] DEBUG Engine               - isExperimentalTiledLargeMap: false
21:51:06.898 [FXGL Background Thread 3 ] DEBUG Engine               - isFileSystemWriteAllowed: true
21:51:06.898 [FXGL Background Thread 3 ] DEBUG Engine               - isFullScreenAllowed: true
21:51:06.898 [FXGL Background Thread 3 ] DEBUG Engine               - isFullScreenFromStart: true
21:51:06.898 [FXGL Background Thread 3 ] DEBUG Engine               - isGameMenuEnabled: true
21:51:06.898 [FXGL Background Thread 3 ] DEBUG Engine               - isIOS: false
21:51:06.898 [FXGL Background Thread 3 ] DEBUG Engine               - isIntroEnabled: false
21:51:06.898 [FXGL Background Thread 3 ] DEBUG Engine               - isLinux: false
21:51:06.899 [FXGL Background Thread 3 ] DEBUG Engine               - isMac: false
21:51:06.899 [FXGL Background Thread 3 ] DEBUG Engine               - isMainMenuEnabled: true
21:51:06.899 [FXGL Background Thread 3 ] DEBUG Engine               - isManualResizeEnabled: false
21:51:06.899 [FXGL Background Thread 3 ] DEBUG Engine               - isMobile: false
21:51:06.899 [FXGL Background Thread 3 ] DEBUG Engine               - isNative: false
21:51:06.899 [FXGL Background Thread 3 ] DEBUG Engine               - isPauseMusicWhenMinimized: true
21:51:06.899 [FXGL Background Thread 3 ] DEBUG Engine               - isPreserveResizeRatio: false
21:51:06.899 [FXGL Background Thread 3 ] DEBUG Engine               - isProfilingEnabled: false
21:51:06.899 [FXGL Background Thread 3 ] DEBUG Engine               - isScaleAffectedOnResize: true
21:51:06.899 [FXGL Background Thread 3 ] DEBUG Engine               - isSingleStep: false
21:51:06.899 [FXGL Background Thread 3 ] DEBUG Engine               - isUserProfileEnabled: false
21:51:06.899 [FXGL Background Thread 3 ] DEBUG Engine               - isWindows: true
21:51:06.900 [FXGL Background Thread 3 ] DEBUG Engine               - language: ObjectProperty [value: ENGLISH]
21:51:06.900 [FXGL Background Thread 3 ] DEBUG Engine               - menuKey: ESCAPE
21:51:06.900 [FXGL Background Thread 3 ] DEBUG Engine               - mouseSensitivity: 0.2
21:51:06.900 [FXGL Background Thread 3 ] DEBUG Engine               - notificationViewClass: class com.almasb.fxgl.notification.view.XboxNotificationView
21:51:06.900 [FXGL Background Thread 3 ] DEBUG Engine               - pixelsPerMeter: 50.0
21:51:06.900 [FXGL Background Thread 3 ] DEBUG Engine               - platform: WINDOWS
21:51:06.900 [FXGL Background Thread 3 ] DEBUG Engine               - prefHeightProperty: ReadOnlyDoubleProperty [value: 1080.0]
21:51:06.900 [FXGL Background Thread 3 ] DEBUG Engine               - prefWidthProperty: ReadOnlyDoubleProperty [value: 1920.0]
21:51:06.900 [FXGL Background Thread 3 ] DEBUG Engine               - profileDir: profiles/
21:51:06.900 [FXGL Background Thread 3 ] DEBUG Engine               - profileName: StringProperty [value: DEFAULT]
21:51:06.901 [FXGL Background Thread 3 ] DEBUG Engine               - randomSeed: -1
21:51:06.901 [FXGL Background Thread 3 ] DEBUG Engine               - runtimeInfo: RuntimeInfo(platform=WINDOWS, version=17.2, build=20.08.2022 16.50)
21:51:06.901 [FXGL Background Thread 3 ] DEBUG Engine               - saveFileExt: sav
21:51:06.901 [FXGL Background Thread 3 ] DEBUG Engine               - scaledHeightProp$fxgl: DoubleProperty [bound, value: 864.0]
21:51:06.902 [FXGL Background Thread 3 ] DEBUG Engine               - scaledWidthProp$fxgl: DoubleProperty [bound, value: 1536.0]
21:51:06.902 [FXGL Background Thread 3 ] DEBUG Engine               - sceneFactory: com.example.cookingina.CookingInaMain$1@6bbdc6fd
21:51:06.902 [FXGL Background Thread 3 ] DEBUG Engine               - secondsIn24h: 60
21:51:06.902 [FXGL Background Thread 3 ] DEBUG Engine               - soundMenuBack: menu/back.wav
21:51:06.902 [FXGL Background Thread 3 ] DEBUG Engine               - soundMenuPress: menu/press.wav
21:51:06.902 [FXGL Background Thread 3 ] DEBUG Engine               - soundMenuSelect: menu/select.wav
21:51:06.902 [FXGL Background Thread 3 ] DEBUG Engine               - soundNotification: core/notification.wav
21:51:06.902 [FXGL Background Thread 3 ] DEBUG Engine               - stageStyle: DECORATED
21:51:06.902 [FXGL Background Thread 3 ] DEBUG Engine               - supportedLanguages: [ENGLISH, FRENCH, GERMAN, HUNGARIAN, RUSSIAN]
21:51:06.902 [FXGL Background Thread 3 ] DEBUG Engine               - ticksPerSecond: -1
21:51:06.902 [FXGL Background Thread 3 ] DEBUG Engine               - title: CookingIna
21:51:06.902 [FXGL Background Thread 3 ] DEBUG Engine               - urlGithub: https://github.com/AlmasB/FXGL
21:51:06.902 [FXGL Background Thread 3 ] DEBUG Engine               - urlLeaderboard: http://fxgl-top.herokuapp.com/
21:51:06.902 [FXGL Background Thread 3 ] DEBUG Engine               - urlPOM: https://raw.githubusercontent.com/AlmasB/FXGL/release/README.md
21:51:06.903 [FXGL Background Thread 3 ] DEBUG Engine               - userAppClass: class com.example.cookingina.CookingInaMain
21:51:06.903 [FXGL Background Thread 3 ] DEBUG Engine               - version: 0.1
21:51:06.903 [FXGL Background Thread 3 ] DEBUG Engine               - versionCheckDays: 7
21:51:06.903 [FXGL Background Thread 3 ] DEBUG Engine               - width: 1920
21:51:06.903 [FXGL Background Thread 3 ] DEBUG Engine               - Logging services
21:51:06.903 [FXGL Background Thread 3 ] DEBUG Engine               - class com.almasb.fxgl.app.services.FXGLAssetLoaderService
21:51:06.903 [FXGL Background Thread 3 ] DEBUG Engine               - class com.almasb.fxgl.app.FXGLApplication$GameApplicationService
21:51:06.903 [FXGL Background Thread 3 ] DEBUG Engine               - class com.almasb.fxgl.app.services.FXGLDialogService
21:51:06.903 [FXGL Background Thread 3 ] DEBUG Engine               - class com.almasb.fxgl.app.services.IOTaskExecutorService
21:51:06.903 [FXGL Background Thread 3 ] DEBUG Engine               - class com.almasb.fxgl.io.FileSystemService
21:51:06.903 [FXGL Background Thread 3 ] DEBUG Engine               - class com.almasb.fxgl.localization.LocalizationService
21:51:06.903 [FXGL Background Thread 3 ] DEBUG Engine               - class com.almasb.fxgl.app.services.SystemBundleService
21:51:06.903 [FXGL Background Thread 3 ] DEBUG Engine               - class com.almasb.fxgl.profile.SaveLoadService
21:51:06.903 [FXGL Background Thread 3 ] DEBUG Engine               - class com.almasb.fxgl.ui.FXGLUIFactoryServiceProvider
21:51:06.903 [FXGL Background Thread 3 ] DEBUG Engine               - class com.almasb.fxgl.ui.FXGLDialogFactoryServiceProvider
21:51:06.904 [FXGL Background Thread 3 ] DEBUG Engine               - class com.almasb.fxgl.audio.AudioPlayer
21:51:06.904 [FXGL Background Thread 3 ] DEBUG Engine               - class com.almasb.fxgl.notification.impl.NotificationServiceProvider
21:51:06.904 [FXGL Background Thread 3 ] DEBUG Engine               - class com.almasb.fxgl.achievement.AchievementService
21:51:06.904 [FXGL Background Thread 3 ] DEBUG Engine               - class com.almasb.fxgl.cutscene.CutsceneService
21:51:06.904 [FXGL Background Thread 3 ] DEBUG Engine               - class com.almasb.fxgl.minigames.MiniGameService
21:51:06.904 [FXGL Background Thread 3 ] DEBUG Engine               - class com.almasb.fxgl.net.NetService
21:51:06.904 [FXGL Background Thread 3 ] DEBUG Engine               - class com.almasb.fxgl.app.services.UpdaterService
21:51:06.904 [FXGL Background Thread 3 ] DEBUG Engine               - class com.almasb.fxgl.dev.DevService
21:51:07.414 [JavaFX Application Thread] DEBUG FXGLAssetLoaderServi - Loading from file system: file:/C:/Users/LMO/Downloads/Cooking-Ina-Ang-Sarap-1/CookingIna/target/classes/assets/textures/customer_image.png
21:51:08.273 [JavaFX Application Thread] DEBUG FXGLAssetLoaderServi - Loading from file system: file:/C:/Users/LMO/Downloads/Cooking-Ina-Ang-Sarap-1/CookingIna/target/classes/assets/textures/glass_with_ice.png
21:51:11.351 [JavaFX Application Thread] DEBUG PrimaryStageWindow   - Push state: GameOverMenu
21:51:11.351 [JavaFX Application Thread] DEBUG Input                - Clearing active input actions
21:51:11.352 [JavaFX Application Thread] DEBUG GameApplicationServi - Removing overlay from GameScene and adding to GameOverMenu
21:51:11.353 [JavaFX Application Thread] DEBUG PrimaryStageWindow   - GameScene -> GameOverMenu
21:51:11.356 [JavaFX Application Thread] DEBUG LoopRunner           - Pausing loop
21:51:13.663 [JavaFX Application Thread] DEBUG GameApplicationServi - Starting new game
21:51:13.663 [JavaFX Application Thread] DEBUG PrimaryStageWindow   - Pop state: GameOverMenu
21:51:13.663 [JavaFX Application Thread] DEBUG Input                - Clearing active input actions
21:51:13.664 [JavaFX Application Thread] DEBUG GameApplicationServi - Removing overlay from GameOverMenu and adding to GameScene
21:51:13.664 [JavaFX Application Thread] DEBUG PrimaryStageWindow   - GameScene <- GameOverMenu
21:51:13.664 [JavaFX Application Thread] DEBUG Input                - Clearing active input actions
21:51:13.674 [JavaFX Application Thread] DEBUG GameApplicationServi - Removing overlay from GameScene and adding to FXGLLoadingScene
21:51:13.675 [JavaFX Application Thread] DEBUG PrimaryStageWindow   - GameScene -> FXGLLoadingScene
21:51:13.675 [JavaFX Application Thread] DEBUG GameApplicationServi - Clearing previous game
21:51:13.675 [JavaFX Application Thread] DEBUG GameScene            - Clearing game scene
21:51:13.675 [JavaFX Application Thread] DEBUG GameWorld            - Clearing game world
21:51:13.675 [JavaFX Application Thread] DEBUG PhysicsWorld         - Clearing physics world
21:51:13.676 [FXGL Background Thread 2 ] DEBUG FXGLApplication      - Initializing game
21:51:13.679 [JavaFX Application Thread] WARN  PrimaryStageWindow   - Cannot pop substate. Probably because substates are empty!
21:51:13.680 [JavaFX Application Thread] DEBUG LoopRunner           - Resuming loop
21:51:13.714 [FXGL Background Thread 2 ] INFO  FXGLApplication      - Game initialization took: 0.038 sec
21:51:13.729 [JavaFX Application Thread] DEBUG Input                - Clearing active input actions
21:51:13.734 [JavaFX Application Thread] DEBUG GameApplicationServi - Removing overlay from FXGLLoadingScene and adding to GameScene
21:51:13.734 [JavaFX Application Thread] DEBUG PrimaryStageWindow   - FXGLLoadingScene -> GameScene
21:51:18.755 [JavaFX Application Thread] DEBUG PrimaryStageWindow   - Push state: GameOverMenu
21:51:18.756 [JavaFX Application Thread] DEBUG Input                - Clearing active input actions
21:51:18.757 [JavaFX Application Thread] DEBUG GameApplicationServi - Removing overlay from GameScene and adding to GameOverMenu
21:51:18.758 [JavaFX Application Thread] DEBUG PrimaryStageWindow   - GameScene -> GameOverMenu
21:51:18.759 [JavaFX Application Thread] DEBUG LoopRunner           - Pausing loop
21:51:20.595 [JavaFX Application Thread] DEBUG GameApplicationServi - Starting new game
21:51:20.596 [JavaFX Application Thread] DEBUG PrimaryStageWindow   - Pop state: GameOverMenu
21:51:20.596 [JavaFX Application Thread] DEBUG Input                - Clearing active input actions
21:51:20.597 [JavaFX Application Thread] DEBUG GameApplicationServi - Removing overlay from GameOverMenu and adding to GameScene
21:51:20.597 [JavaFX Application Thread] DEBUG PrimaryStageWindow   - GameScene <- GameOverMenu
21:51:20.597 [JavaFX Application Thread] DEBUG Input                - Clearing active input actions
21:51:20.604 [JavaFX Application Thread] DEBUG GameApplicationServi - Removing overlay from GameScene and adding to FXGLLoadingScene
21:51:20.604 [JavaFX Application Thread] DEBUG PrimaryStageWindow   - GameScene -> FXGLLoadingScene
21:51:20.604 [JavaFX Application Thread] DEBUG GameApplicationServi - Clearing previous game
21:51:20.604 [JavaFX Application Thread] DEBUG GameScene            - Clearing game scene
21:51:20.604 [JavaFX Application Thread] DEBUG GameWorld            - Clearing game world
21:51:20.604 [JavaFX Application Thread] DEBUG PhysicsWorld         - Clearing physics world
21:51:20.605 [FXGL Background Thread 2 ] DEBUG FXGLApplication      - Initializing game
21:51:20.606 [JavaFX Application Thread] DEBUG LoopRunner           - Stopping loop
21:51:20.610 [JavaFX Application Thread] FATAL FXGLApplication      - Uncaught Exception:
java.lang.IllegalArgumentException: Property income does not exist
	at com.almasb.fxgl.core@17.2/com.almasb.fxgl.core.collection.PropertyMap.get(PropertyMap.kt:251)
	at com.almasb.fxgl.core@17.2/com.almasb.fxgl.core.collection.PropertyMap.intProperty(PropertyMap.kt:162)
	at com.example.cookingina/com.example.cookingina.CookingInaMain.setIncomeBar(CookingInaMain.java:147)
	at com.example.cookingina/com.example.cookingina.CookingInaMain.initUI(CookingInaMain.java:70)
	at com.example.cookingina/com.example.cookingina.menu.GameOverMenu.lambda$new$0(GameOverMenu.java:22)
	at javafx.base@20/com.sun.javafx.event.CompositeEventHandler.dispatchBubblingEvent(CompositeEventHandler.java:86)
	at javafx.base@20/com.sun.javafx.event.EventHandlerManager.dispatchBubblingEvent(EventHandlerManager.java:232)
	at javafx.base@20/com.sun.javafx.event.EventHandlerManager.dispatchBubblingEvent(EventHandlerManager.java:189)
	at javafx.base@20/com.sun.javafx.event.CompositeEventDispatcher.dispatchBubblingEvent(CompositeEventDispatcher.java:59)
	at javafx.base@20/com.sun.javafx.event.BasicEventDispatcher.dispatchEvent(BasicEventDispatcher.java:58)
	at javafx.base@20/com.sun.javafx.event.EventDispatchChainImpl.dispatchEvent(EventDispatchChainImpl.java:114)
	at javafx.base@20/com.sun.javafx.event.BasicEventDispatcher.dispatchEvent(BasicEventDispatcher.java:56)
	at javafx.base@20/com.sun.javafx.event.EventDispatchChainImpl.dispatchEvent(EventDispatchChainImpl.java:114)
	at javafx.base@20/com.sun.javafx.event.BasicEventDispatcher.dispatchEvent(BasicEventDispatcher.java:56)
	at javafx.base@20/com.sun.javafx.event.EventDispatchChainImpl.dispatchEvent(EventDispatchChainImpl.java:114)
	at javafx.base@20/com.sun.javafx.event.EventUtil.fireEventImpl(EventUtil.java:74)
	at javafx.base@20/com.sun.javafx.event.EventUtil.fireEvent(EventUtil.java:49)
	at javafx.base@20/javafx.event.Event.fireEvent(Event.java:198)
	at javafx.graphics@20/javafx.scene.Node.fireEvent(Node.java:8944)
	at javafx.controls@20/javafx.scene.control.Button.fire(Button.java:203)
	at javafx.controls@20/com.sun.javafx.scene.control.behavior.ButtonBehavior.mouseReleased(ButtonBehavior.java:207)
	at javafx.controls@20/com.sun.javafx.scene.control.inputmap.InputMap.handle(InputMap.java:274)
	at javafx.base@20/com.sun.javafx.event.CompositeEventHandler$NormalEventHandlerRecord.handleBubblingEvent(CompositeEventHandler.java:247)
	at javafx.base@20/com.sun.javafx.event.CompositeEventHandler.dispatchBubblingEvent(CompositeEventHandler.java:80)
	at javafx.base@20/com.sun.javafx.event.EventHandlerManager.dispatchBubblingEvent(EventHandlerManager.java:232)
	at javafx.base@20/com.sun.javafx.event.EventHandlerManager.dispatchBubblingEvent(EventHandlerManager.java:189)
	at javafx.base@20/com.sun.javafx.event.CompositeEventDispatcher.dispatchBubblingEvent(CompositeEventDispatcher.java:59)
	at javafx.base@20/com.sun.javafx.event.BasicEventDispatcher.dispatchEvent(BasicEventDispatcher.java:58)
	at javafx.base@20/com.sun.javafx.event.EventDispatchChainImpl.dispatchEvent(EventDispatchChainImpl.java:114)
	at javafx.base@20/com.sun.javafx.event.BasicEventDispatcher.dispatchEvent(BasicEventDispatcher.java:56)
	at javafx.base@20/com.sun.javafx.event.EventDispatchChainImpl.dispatchEvent(EventDispatchChainImpl.java:114)
	at javafx.base@20/com.sun.javafx.event.BasicEventDispatcher.dispatchEvent(BasicEventDispatcher.java:56)
	at javafx.base@20/com.sun.javafx.event.EventDispatchChainImpl.dispatchEvent(EventDispatchChainImpl.java:114)
	at javafx.base@20/com.sun.javafx.event.EventUtil.fireEventImpl(EventUtil.java:74)
	at javafx.base@20/com.sun.javafx.event.EventUtil.fireEvent(EventUtil.java:54)
	at javafx.base@20/javafx.event.Event.fireEvent(Event.java:198)
	at javafx.graphics@20/javafx.scene.Scene$MouseHandler.process(Scene.java:3980)
	at javafx.graphics@20/javafx.scene.Scene.processMouseEvent(Scene.java:1890)
	at javafx.graphics@20/javafx.scene.Scene$ScenePeerListener.mouseEvent(Scene.java:2704)
	at javafx.graphics@20/com.sun.javafx.tk.quantum.GlassViewEventHandler$MouseEventNotification.run(GlassViewEventHandler.java:411)
	at javafx.graphics@20/com.sun.javafx.tk.quantum.GlassViewEventHandler$MouseEventNotification.run(GlassViewEventHandler.java:301)
	at java.base/java.security.AccessController.doPrivileged(AccessController.java:400)
	at javafx.graphics@20/com.sun.javafx.tk.quantum.GlassViewEventHandler.lambda$handleMouseEvent$2(GlassViewEventHandler.java:450)
	at javafx.graphics@20/com.sun.javafx.tk.quantum.QuantumToolkit.runWithoutRenderLock(QuantumToolkit.java:424)
	at javafx.graphics@20/com.sun.javafx.tk.quantum.GlassViewEventHandler.handleMouseEvent(GlassViewEventHandler.java:449)
	at javafx.graphics@20/com.sun.glass.ui.View.handleMouseEvent(View.java:551)
	at javafx.graphics@20/com.sun.glass.ui.View.notifyMouse(View.java:937)
	at javafx.graphics@20/com.sun.glass.ui.win.WinApplication._runLoop(Native Method)
	at javafx.graphics@20/com.sun.glass.ui.win.WinApplication.lambda$runLoop$3(WinApplication.java:185)
	at java.base/java.lang.Thread.run(Thread.java:1583)

21:51:20.611 [JavaFX Application Thread] FATAL FXGLApplication      - Application will now exit
21:51:20.646 [FXGL Background Thread 2 ] INFO  FXGLApplication      - Game initialization took: 0.041 sec
21:51:20.650 [JavaFX Application Thread] DEBUG PrimaryStageWindow   - Push state: ErrorSubScene
21:51:20.650 [JavaFX Application Thread] DEBUG Input                - Clearing active input actions
21:51:20.653 [JavaFX Application Thread] DEBUG GameApplicationServi - Removing overlay from FXGLLoadingScene and adding to ErrorSubScene
21:51:20.653 [JavaFX Application Thread] DEBUG PrimaryStageWindow   - FXGLLoadingScene -> ErrorSubScene
21:51:20.789 [JavaFX Application Thread] DEBUG PrimaryStageWindow   - Pop state: ErrorSubScene
21:51:20.789 [JavaFX Application Thread] DEBUG Input                - Clearing active input actions
21:51:20.789 [JavaFX Application Thread] DEBUG GameApplicationServi - Removing overlay from ErrorSubScene and adding to FXGLLoadingScene
21:51:20.789 [JavaFX Application Thread] DEBUG PrimaryStageWindow   - FXGLLoadingScene <- ErrorSubScene
21:51:20.790 [JavaFX Application Thread] DEBUG Input                - Clearing active input actions
21:51:20.796 [JavaFX Application Thread] DEBUG GameApplicationServi - Removing overlay from FXGLLoadingScene and adding to GameScene
21:51:20.796 [JavaFX Application Thread] DEBUG PrimaryStageWindow   - FXGLLoadingScene -> GameScene
21:53:45.017 [JavaFX Application Thread] DEBUG FXGLApplication      - Exiting FXGL
21:53:45.017 [JavaFX Application Thread] DEBUG Async                - Shutting down background threads
21:53:45.019 [JavaFX Application Thread] DEBUG PrimaryStageWindow   - Closing main window
21:53:45.033 [JavaFX Application Thread] DEBUG Logger               - Closing Logger
