08:08:38.663 [main                     ] DEBUG Logger               - Configured Logger
08:08:38.680 [main                     ] DEBUG GameApplication      - Logging settings
Title: CookingIna
Version: 0.1
Width: 1920
Height: 1080
Fullscreen: true
Intro: false
Profiling: false
Single step:false
App Mode: DEVELOPER
Menu Key: ESCAPE
Stage Style: DECORATED
Scene Factory: class com.example.cookingina.CookingInaMain$1

08:08:39.095 [JavaFX Application Thread] DEBUG FXGLApplication      - Initializing FXGL
08:08:39.098 [JavaFX Application Thread] INFO  Engine               - FXGL-17.2 (20.08.2022 16.50) on WINDOWS (J:21.0.6 FX:20)
08:08:39.098 [JavaFX Application Thread] DEBUG Engine               - JRE Vendor Name: Amazon.com Inc.
08:08:39.098 [JavaFX Application Thread] DEBUG Engine               - Running on OS: Windows 11 version 10.0
08:08:39.098 [JavaFX Application Thread] DEBUG Engine               - Architecture: amd64
08:08:39.098 [JavaFX Application Thread] INFO  Engine               - Source code and latest versions at: https://github.com/AlmasB/FXGL
08:08:39.099 [JavaFX Application Thread] INFO  Engine               -       Ask questions and discuss at: https://github.com/AlmasB/FXGL/discussions
08:08:39.099 [JavaFX Application Thread] INFO  Engine               -              Join the FXGL chat at: https://gitter.im/AlmasB/FXGL
08:08:39.165 [JavaFX Application Thread] DEBUG PrimaryStageWindow   - Creating a JavaFX scene
08:08:39.165 [JavaFX Application Thread] DEBUG PrimaryStageWindow   - Target size > screen size
08:08:39.212 [JavaFX Application Thread] DEBUG PrimaryStageWindow   - Target settings size: 1920.0 x 1080.0
08:08:39.213 [JavaFX Application Thread] DEBUG PrimaryStageWindow   - Scaled scene size:    1511.0 x 864.0
08:08:39.213 [JavaFX Application Thread] DEBUG PrimaryStageWindow   - Scaled ratio: (0.7869791666666667, 0.8)
08:08:39.213 [JavaFX Application Thread] DEBUG PrimaryStageWindow   - Set initial scene to FXGLStartupScene
08:08:39.217 [JavaFX Application Thread] DEBUG PrimaryStageWindow   - Opening main window
08:08:39.297 [JavaFX Application Thread] DEBUG PrimaryStageWindow   - Window border size: (14.5999755859375, 37.5999755859375)
08:08:39.297 [JavaFX Application Thread] DEBUG PrimaryStageWindow   - Scaled size: 1511.0 x 864.0
08:08:39.297 [JavaFX Application Thread] DEBUG PrimaryStageWindow   - Scaled ratio: (0.7869791666666667, 0.8)
08:08:39.297 [JavaFX Application Thread] DEBUG PrimaryStageWindow   - Scene size: 1511.0 x 864.0
08:08:39.297 [JavaFX Application Thread] DEBUG PrimaryStageWindow   - Stage size: 1525.5999755859375 x 901.5999755859375
08:08:39.350 [JavaFX Application Thread] DEBUG PrimaryStageWindow   - Going fullscreen
08:08:39.360 [FXGL Background Thread 1 ] DEBUG Engine               - Initializing environment variables
08:08:39.415 [FXGL Background Thread 1 ] DEBUG FXGLAssetLoaderServi - User app class for loading assets: class com.example.cookingina.CookingInaMain
08:08:39.416 [FXGL Background Thread 1 ] DEBUG GameApplicationServi - Applying CSS: fxgl_dark.css
08:08:39.416 [FXGL Background Thread 1 ] DEBUG FXGLAssetLoaderServi - Loading from file system: jar:file:///C:/Users/LMO/.m2/repository/com/github/almasb/fxgl/17.2/fxgl-17.2.jar!/fxglassets/ui/css/fxgl_dark.css
08:08:39.460 [FXGL Background Thread 1 ] DEBUG GameApplicationServi - Initializing application scenes
08:08:39.522 [FXGL Background Thread 1 ] DEBUG GameWorld            - Game world initialized
08:08:39.586 [FXGL Background Thread 1 ] DEBUG PhysicsWorld         - Physics world initialized: appHeight=1080, physics.ppm=50.0
08:08:39.586 [FXGL Background Thread 1 ] DEBUG PhysicsWorld         - Using strategy: BRUTE_FORCE
08:08:39.591 [FXGL Background Thread 1 ] DEBUG GameScene            - Game scene initialized: 1920x1080
08:08:39.726 [FXGL Background Thread 1 ] DEBUG FXGL.DefaultMenu     - createMenuBodyGameMenu()
08:08:39.743 [FXGL Background Thread 1 ] DEBUG FXGL.DefaultMenu     - createOptionsMenu()
08:08:39.756 [FXGL Background Thread 1 ] DEBUG FXGLAssetLoaderServi - Loading from file system: jar:file:///C:/Users/LMO/.m2/repository/com/github/almasb/fxgl/17.2/fxgl-17.2.jar!/fxglassets/textures/particles/smoke.png
08:08:39.855 [FXGL Background Thread 1 ] DEBUG FXGLAssetLoaderServi - Loading from file system: jar:file:///C:/Users/LMO/.m2/repository/com/github/almasb/fxgl/17.2/fxgl-17.2.jar!/fxglassets/textures/particles/trace_horizontal.png
08:08:39.885 [FXGL Background Thread 1 ] DEBUG GameApplicationServi - Application scenes initialized
08:08:39.906 [FXGL Background Thread 1 ] DEBUG SystemBundleService  - Loading FXGL system data
08:08:39.912 [FXGL Background Thread 1 ] DEBUG FileSystemAccess     - Reading from: C:\Users\LMO\Downloads\Cooking-Ina-Ang-Sarap-1\system\fxgl.bundle
08:08:39.930 [FXGL Background Thread 1 ] DEBUG SystemBundleService  - Bundle FXGL: {}
08:08:39.930 [FXGL Background Thread 1 ] DEBUG UpdaterService       - Checking for updates
08:08:39.938 [FXGL Background Thread 1 ] DEBUG FXGLApplication      - Loading default localization
08:08:39.939 [FXGL Background Thread 1 ] DEBUG FXGLAssetLoaderServi - Loading from file system: jar:file:///C:/Users/LMO/.m2/repository/com/github/almasb/fxgl/17.2/fxgl-17.2.jar!/fxglassets/languages/english.lang
08:08:39.940 [FXGL Background Thread 4 ] DEBUG FXGLApplication      - Loading fonts
08:08:39.941 [FXGL Background Thread 4 ] DEBUG FXGLAssetLoaderServi - Loading from file system: jar:file:///C:/Users/LMO/.m2/repository/com/github/almasb/fxgl/17.2/fxgl-17.2.jar!/fxglassets/ui/fonts/VarelaRound-Regular.ttf
08:08:39.982 [FXGL Background Thread 1 ] INFO  FXGLApplication      - FXGL initialization took: 0.622 sec
08:08:39.997 [JavaFX Application Thread] DEBUG Input                - Registered new binding: Toggle debug - F1
08:08:39.998 [JavaFX Application Thread] DEBUG FXGLAssetLoaderServi - Loading from file system: jar:file:///C:/Users/LMO/.m2/repository/com/github/almasb/fxgl/17.2/fxgl-17.2.jar!/fxglassets/textures/fxgl_icon.png
08:08:40.006 [FXGL Background Thread 4 ] DEBUG FXGLAssetLoaderServi - Loading from file system: jar:file:///C:/Users/LMO/.m2/repository/com/github/almasb/fxgl/17.2/fxgl-17.2.jar!/fxglassets/ui/fonts/Abel-Regular.ttf
08:08:40.019 [JavaFX Application Thread] DEBUG FXGLAssetLoaderServi - Loading from file system: jar:file:///C:/Users/LMO/.m2/repository/com/github/almasb/fxgl/17.2/fxgl-17.2.jar!/fxglassets/textures/fxgl_default_cursor.png
08:08:40.021 [FXGL Background Thread 4 ] DEBUG FXGLAssetLoaderServi - Loading from file system: jar:file:///C:/Users/LMO/.m2/repository/com/github/almasb/fxgl/17.2/fxgl-17.2.jar!/fxglassets/ui/fonts/TerminalLandMono-Regular.otf
08:08:40.022 [JavaFX Application Thread] DEBUG Input                - Registered new binding: Screenshot - CTRL+8
08:08:40.023 [JavaFX Application Thread] DEBUG Input                - Registered new binding: System info dump - CTRL+9
08:08:40.023 [JavaFX Application Thread] DEBUG Input                - Registered new binding: Restart - CTRL+R
08:08:40.024 [JavaFX Application Thread] DEBUG Input                - Registered new binding: Toggle Debug Camera - CTRL+7
08:08:40.027 [JavaFX Application Thread] DEBUG LoopRunner           - Starting loop
08:08:40.027 [JavaFX Application Thread] DEBUG LoopRunner           - Initializing JavaFX AnimationTimerLoop
08:08:40.032 [JavaFX Application Thread] DEBUG Input                - Clearing active input actions
08:08:40.035 [FXGL Background Thread 4 ] DEBUG FXGLAssetLoaderServi - Loading from file system: jar:file:///C:/Users/LMO/.m2/repository/com/github/almasb/fxgl/17.2/fxgl-17.2.jar!/fxglassets/ui/fonts/Courier-Prime.ttf
08:08:40.041 [JavaFX Application Thread] DEBUG GameApplicationServi - Removing overlay from FXGLStartupScene and adding to FXGLMainMenuDummyScene
08:08:40.041 [JavaFX Application Thread] DEBUG PrimaryStageWindow   - FXGLStartupScene -> FXGLMainMenuDummyScene
08:08:40.041 [JavaFX Application Thread] DEBUG PrimaryStageWindow   - Push state: SplashScene
08:08:40.042 [JavaFX Application Thread] DEBUG Input                - Clearing active input actions
08:08:40.044 [JavaFX Application Thread] DEBUG GameApplicationServi - Removing overlay from FXGLMainMenuDummyScene and adding to SplashScene
08:08:40.044 [JavaFX Application Thread] DEBUG PrimaryStageWindow   - FXGLMainMenuDummyScene -> SplashScene
08:08:40.056 [JavaFX Application Thread] DEBUG FXGLApplication      - Registering font factories with UI factory
08:08:40.398 [FXGL Background Thread 2 ] INFO  UpdaterService       - Your current version:  17.2
08:08:40.399 [FXGL Background Thread 2 ] INFO  UpdaterService       - Latest stable version: 21.1
08:08:42.724 [JavaFX Application Thread] DEBUG FXGLAssetLoaderServi - Loading from file system: file:/C:/Users/LMO/Downloads/Cooking-Ina-Ang-Sarap-1/CookingIna/target/classes/assets/textures/store_background.png
08:08:42.789 [JavaFX Application Thread] DEBUG PrimaryStageWindow   - Push state: LoginMenu
08:08:42.789 [JavaFX Application Thread] DEBUG Input                - Clearing active input actions
08:08:42.794 [JavaFX Application Thread] DEBUG GameApplicationServi - Removing overlay from SplashScene and adding to LoginMenu
08:08:42.794 [JavaFX Application Thread] DEBUG PrimaryStageWindow   - SplashScene -> LoginMenu
08:08:42.935 [FXGL Background Thread 3 ] DEBUG Engine               - Logging environment variables
08:08:42.935 [FXGL Background Thread 3 ] DEBUG Engine               - achievements: []
08:08:42.935 [FXGL Background Thread 3 ] DEBUG Engine               - actualHeight: 864.0
08:08:42.935 [FXGL Background Thread 3 ] DEBUG Engine               - actualHeightProperty: ReadOnlyDoubleProperty [value: 864.0]
08:08:42.935 [FXGL Background Thread 3 ] DEBUG Engine               - actualWidth: 1536.0
08:08:42.935 [FXGL Background Thread 3 ] DEBUG Engine               - actualWidthProperty: ReadOnlyDoubleProperty [value: 1536.0]
08:08:42.935 [FXGL Background Thread 3 ] DEBUG Engine               - appIcon: fxgl_icon.png
08:08:42.935 [FXGL Background Thread 3 ] DEBUG Engine               - applicationMode: DEVELOPER
08:08:42.935 [FXGL Background Thread 3 ] DEBUG Engine               - cSSList: [fxgl_dark.css]
08:08:42.935 [FXGL Background Thread 3 ] DEBUG Engine               - collisionDetectionStrategy: BRUTE_FORCE
08:08:42.935 [FXGL Background Thread 3 ] DEBUG Engine               - configClass: Optional.empty
08:08:42.935 [FXGL Background Thread 3 ] DEBUG Engine               - credits: []
08:08:42.936 [FXGL Background Thread 3 ] DEBUG Engine               - defaultCursor: CursorInfo(imageName=fxgl_default_cursor.png, hotspotX=7.0, hotspotY=6.0)
08:08:42.936 [FXGL Background Thread 3 ] DEBUG Engine               - devBBoxColorProperty: ObjectProperty [value: 0xff0000ff]
08:08:42.936 [FXGL Background Thread 3 ] DEBUG Engine               - devEnableDebugCameraProperty: BooleanProperty [value: false]
08:08:42.936 [FXGL Background Thread 3 ] DEBUG Engine               - devSensorColorProperty: ObjectProperty [value: 0xffff00ff]
08:08:42.936 [FXGL Background Thread 3 ] DEBUG Engine               - devShowBBoxProperty: BooleanProperty [value: false]
08:08:42.937 [FXGL Background Thread 3 ] DEBUG Engine               - devShowPositionProperty: BooleanProperty [value: false]
08:08:42.937 [FXGL Background Thread 3 ] DEBUG Engine               - enabledMenuItems: []
08:08:42.937 [FXGL Background Thread 3 ] DEBUG Engine               - engineServices: [class com.almasb.fxgl.app.services.FXGLAssetLoaderService, class com.almasb.fxgl.app.FXGLApplication$GameApplicationService, class com.almasb.fxgl.app.services.FXGLDialogService, class com.almasb.fxgl.app.services.IOTaskExecutorService, class com.almasb.fxgl.io.FileSystemService, class com.almasb.fxgl.localization.LocalizationService, class com.almasb.fxgl.app.services.SystemBundleService, class com.almasb.fxgl.profile.SaveLoadService, class com.almasb.fxgl.ui.FXGLUIFactoryServiceProvider, class com.almasb.fxgl.ui.FXGLDialogFactoryServiceProvider, class com.almasb.fxgl.audio.AudioPlayer, class com.almasb.fxgl.notification.impl.NotificationServiceProvider, class com.almasb.fxgl.achievement.AchievementService, class com.almasb.fxgl.cutscene.CutsceneService, class com.almasb.fxgl.minigames.MiniGameService, class com.almasb.fxgl.net.NetService, class com.almasb.fxgl.app.services.UpdaterService, class com.almasb.fxgl.dev.DevService]
08:08:42.937 [FXGL Background Thread 3 ] DEBUG Engine               - fontGame: Abel-Regular.ttf
08:08:42.937 [FXGL Background Thread 3 ] DEBUG Engine               - fontMono: TerminalLandMono-Regular.otf
08:08:42.937 [FXGL Background Thread 3 ] DEBUG Engine               - fontText: Courier-Prime.ttf
08:08:42.937 [FXGL Background Thread 3 ] DEBUG Engine               - fontUI: VarelaRound-Regular.ttf
08:08:42.937 [FXGL Background Thread 3 ] DEBUG Engine               - fullScreen: BooleanProperty [value: true]
08:08:42.937 [FXGL Background Thread 3 ] DEBUG Engine               - gameDifficulty: MEDIUM
08:08:42.937 [FXGL Background Thread 3 ] DEBUG Engine               - gameDifficultyProperty: ObjectProperty [value: MEDIUM]
08:08:42.937 [FXGL Background Thread 3 ] DEBUG Engine               - globalMusicVolume: 0.5
08:08:42.938 [FXGL Background Thread 3 ] DEBUG Engine               - globalMusicVolumeProperty: DoubleProperty [value: 0.5]
08:08:42.938 [FXGL Background Thread 3 ] DEBUG Engine               - globalSoundVolume: 0.5
08:08:42.938 [FXGL Background Thread 3 ] DEBUG Engine               - globalSoundVolumeProperty: DoubleProperty [value: 0.5]
08:08:42.938 [FXGL Background Thread 3 ] DEBUG Engine               - height: 1080
08:08:42.938 [FXGL Background Thread 3 ] DEBUG Engine               - is3D: false
08:08:42.938 [FXGL Background Thread 3 ] DEBUG Engine               - isAndroid: false
08:08:42.938 [FXGL Background Thread 3 ] DEBUG Engine               - isBrowser: false
08:08:42.938 [FXGL Background Thread 3 ] DEBUG Engine               - isClickFeedbackEnabled: false
08:08:42.938 [FXGL Background Thread 3 ] DEBUG Engine               - isCloseConfirmation: false
08:08:42.938 [FXGL Background Thread 3 ] DEBUG Engine               - isDesktop: true
08:08:42.938 [FXGL Background Thread 3 ] DEBUG Engine               - isDeveloperMenuEnabled: false
08:08:42.938 [FXGL Background Thread 3 ] DEBUG Engine               - isEmbedded: false
08:08:42.938 [FXGL Background Thread 3 ] DEBUG Engine               - isEntityPreloadEnabled: true
08:08:42.939 [FXGL Background Thread 3 ] DEBUG Engine               - isExperimentalTiledLargeMap: false
08:08:42.939 [FXGL Background Thread 3 ] DEBUG Engine               - isFileSystemWriteAllowed: true
08:08:42.939 [FXGL Background Thread 3 ] DEBUG Engine               - isFullScreenAllowed: true
08:08:42.939 [FXGL Background Thread 3 ] DEBUG Engine               - isFullScreenFromStart: true
08:08:42.939 [FXGL Background Thread 3 ] DEBUG Engine               - isGameMenuEnabled: true
08:08:42.939 [FXGL Background Thread 3 ] DEBUG Engine               - isIOS: false
08:08:42.939 [FXGL Background Thread 3 ] DEBUG Engine               - isIntroEnabled: false
08:08:42.939 [FXGL Background Thread 3 ] DEBUG Engine               - isLinux: false
08:08:42.939 [FXGL Background Thread 3 ] DEBUG Engine               - isMac: false
08:08:42.939 [FXGL Background Thread 3 ] DEBUG Engine               - isMainMenuEnabled: true
08:08:42.939 [FXGL Background Thread 3 ] DEBUG Engine               - isManualResizeEnabled: false
08:08:42.939 [FXGL Background Thread 3 ] DEBUG Engine               - isMobile: false
08:08:42.939 [FXGL Background Thread 3 ] DEBUG Engine               - isNative: false
08:08:42.939 [FXGL Background Thread 3 ] DEBUG Engine               - isPauseMusicWhenMinimized: true
08:08:42.940 [FXGL Background Thread 3 ] DEBUG Engine               - isPreserveResizeRatio: false
08:08:42.940 [FXGL Background Thread 3 ] DEBUG Engine               - isProfilingEnabled: false
08:08:42.940 [FXGL Background Thread 3 ] DEBUG Engine               - isScaleAffectedOnResize: true
08:08:42.940 [FXGL Background Thread 3 ] DEBUG Engine               - isSingleStep: false
08:08:42.940 [FXGL Background Thread 3 ] DEBUG Engine               - isUserProfileEnabled: false
08:08:42.940 [FXGL Background Thread 3 ] DEBUG Engine               - isWindows: true
08:08:42.940 [FXGL Background Thread 3 ] DEBUG Engine               - language: ObjectProperty [value: ENGLISH]
08:08:42.941 [FXGL Background Thread 3 ] DEBUG Engine               - menuKey: ESCAPE
08:08:42.941 [FXGL Background Thread 3 ] DEBUG Engine               - mouseSensitivity: 0.2
08:08:42.941 [FXGL Background Thread 3 ] DEBUG Engine               - notificationViewClass: class com.almasb.fxgl.notification.view.XboxNotificationView
08:08:42.941 [FXGL Background Thread 3 ] DEBUG Engine               - pixelsPerMeter: 50.0
08:08:42.941 [FXGL Background Thread 3 ] DEBUG Engine               - platform: WINDOWS
08:08:42.941 [FXGL Background Thread 3 ] DEBUG Engine               - prefHeightProperty: ReadOnlyDoubleProperty [value: 1080.0]
08:08:42.941 [FXGL Background Thread 3 ] DEBUG Engine               - prefWidthProperty: ReadOnlyDoubleProperty [value: 1920.0]
08:08:42.942 [FXGL Background Thread 3 ] DEBUG Engine               - profileDir: profiles/
08:08:42.942 [FXGL Background Thread 3 ] DEBUG Engine               - profileName: StringProperty [value: DEFAULT]
08:08:42.942 [FXGL Background Thread 3 ] DEBUG Engine               - randomSeed: -1
08:08:42.943 [FXGL Background Thread 3 ] DEBUG Engine               - runtimeInfo: RuntimeInfo(platform=WINDOWS, version=17.2, build=20.08.2022 16.50)
08:08:42.943 [FXGL Background Thread 3 ] DEBUG Engine               - saveFileExt: sav
08:08:42.943 [FXGL Background Thread 3 ] DEBUG Engine               - scaledHeightProp$fxgl: DoubleProperty [bound, value: 864.0]
08:08:42.943 [FXGL Background Thread 3 ] DEBUG Engine               - scaledWidthProp$fxgl: DoubleProperty [bound, value: 1536.0]
08:08:42.943 [FXGL Background Thread 3 ] DEBUG Engine               - sceneFactory: com.example.cookingina.CookingInaMain$1@604c371f
08:08:42.943 [FXGL Background Thread 3 ] DEBUG Engine               - secondsIn24h: 60
08:08:42.943 [FXGL Background Thread 3 ] DEBUG Engine               - soundMenuBack: menu/back.wav
08:08:42.943 [FXGL Background Thread 3 ] DEBUG Engine               - soundMenuPress: menu/press.wav
08:08:42.943 [FXGL Background Thread 3 ] DEBUG Engine               - soundMenuSelect: menu/select.wav
08:08:42.943 [FXGL Background Thread 3 ] DEBUG Engine               - soundNotification: core/notification.wav
08:08:42.943 [FXGL Background Thread 3 ] DEBUG Engine               - stageStyle: DECORATED
08:08:42.943 [FXGL Background Thread 3 ] DEBUG Engine               - supportedLanguages: [ENGLISH, FRENCH, GERMAN, HUNGARIAN, RUSSIAN]
08:08:42.943 [FXGL Background Thread 3 ] DEBUG Engine               - ticksPerSecond: -1
08:08:42.943 [FXGL Background Thread 3 ] DEBUG Engine               - title: CookingIna
08:08:42.943 [FXGL Background Thread 3 ] DEBUG Engine               - urlGithub: https://github.com/AlmasB/FXGL
08:08:42.943 [FXGL Background Thread 3 ] DEBUG Engine               - urlLeaderboard: http://fxgl-top.herokuapp.com/
08:08:42.943 [FXGL Background Thread 3 ] DEBUG Engine               - urlPOM: https://raw.githubusercontent.com/AlmasB/FXGL/release/README.md
08:08:42.943 [FXGL Background Thread 3 ] DEBUG Engine               - userAppClass: class com.example.cookingina.CookingInaMain
08:08:42.943 [FXGL Background Thread 3 ] DEBUG Engine               - version: 0.1
08:08:42.944 [FXGL Background Thread 3 ] DEBUG Engine               - versionCheckDays: 7
08:08:42.944 [FXGL Background Thread 3 ] DEBUG Engine               - width: 1920
08:08:42.944 [FXGL Background Thread 3 ] DEBUG Engine               - Logging services
08:08:42.944 [FXGL Background Thread 3 ] DEBUG Engine               - class com.almasb.fxgl.app.services.FXGLAssetLoaderService
08:08:42.944 [FXGL Background Thread 3 ] DEBUG Engine               - class com.almasb.fxgl.app.FXGLApplication$GameApplicationService
08:08:42.944 [FXGL Background Thread 3 ] DEBUG Engine               - class com.almasb.fxgl.app.services.FXGLDialogService
08:08:42.944 [FXGL Background Thread 3 ] DEBUG Engine               - class com.almasb.fxgl.app.services.IOTaskExecutorService
08:08:42.944 [FXGL Background Thread 3 ] DEBUG Engine               - class com.almasb.fxgl.io.FileSystemService
08:08:42.944 [FXGL Background Thread 3 ] DEBUG Engine               - class com.almasb.fxgl.localization.LocalizationService
08:08:42.944 [FXGL Background Thread 3 ] DEBUG Engine               - class com.almasb.fxgl.app.services.SystemBundleService
08:08:42.944 [FXGL Background Thread 3 ] DEBUG Engine               - class com.almasb.fxgl.profile.SaveLoadService
08:08:42.944 [FXGL Background Thread 3 ] DEBUG Engine               - class com.almasb.fxgl.ui.FXGLUIFactoryServiceProvider
08:08:42.944 [FXGL Background Thread 3 ] DEBUG Engine               - class com.almasb.fxgl.ui.FXGLDialogFactoryServiceProvider
08:08:42.944 [FXGL Background Thread 3 ] DEBUG Engine               - class com.almasb.fxgl.audio.AudioPlayer
08:08:42.944 [FXGL Background Thread 3 ] DEBUG Engine               - class com.almasb.fxgl.notification.impl.NotificationServiceProvider
08:08:42.944 [FXGL Background Thread 3 ] DEBUG Engine               - class com.almasb.fxgl.achievement.AchievementService
08:08:42.944 [FXGL Background Thread 3 ] DEBUG Engine               - class com.almasb.fxgl.cutscene.CutsceneService
08:08:42.944 [FXGL Background Thread 3 ] DEBUG Engine               - class com.almasb.fxgl.minigames.MiniGameService
08:08:42.944 [FXGL Background Thread 3 ] DEBUG Engine               - class com.almasb.fxgl.net.NetService
08:08:42.944 [FXGL Background Thread 3 ] DEBUG Engine               - class com.almasb.fxgl.app.services.UpdaterService
08:08:42.944 [FXGL Background Thread 3 ] DEBUG Engine               - class com.almasb.fxgl.dev.DevService
08:08:57.726 [JavaFX Application Thread] DEBUG Menu                 - fireExit()
08:08:57.729 [JavaFX Application Thread] DEBUG PrimaryStageWindow   - Push state: DialogSubScene
08:08:57.729 [JavaFX Application Thread] DEBUG Input                - Clearing active input actions
08:08:57.731 [JavaFX Application Thread] DEBUG GameApplicationServi - Removing overlay from LoginMenu and adding to DialogSubScene
08:08:57.732 [JavaFX Application Thread] DEBUG PrimaryStageWindow   - LoginMenu -> DialogSubScene
08:08:58.723 [JavaFX Application Thread] DEBUG PrimaryStageWindow   - Pop state: DialogSubScene
08:08:58.723 [JavaFX Application Thread] DEBUG Input                - Clearing active input actions
08:08:58.725 [JavaFX Application Thread] DEBUG GameApplicationServi - Removing overlay from DialogSubScene and adding to LoginMenu
08:08:58.725 [JavaFX Application Thread] DEBUG PrimaryStageWindow   - LoginMenu <- DialogSubScene
08:08:58.725 [JavaFX Application Thread] DEBUG FXGLApplication      - Exiting FXGL
08:08:58.725 [JavaFX Application Thread] DEBUG LoopRunner           - Stopping loop
08:08:58.725 [JavaFX Application Thread] DEBUG SystemBundleService  - Saving FXGL system data
08:08:58.728 [JavaFX Application Thread] DEBUG FileSystemAccess     - Writing to: C:\Users\LMO\Downloads\Cooking-Ina-Ang-Sarap-1\system\fxgl.bundle
08:08:58.732 [JavaFX Application Thread] DEBUG Async                - Shutting down background threads
08:08:58.733 [JavaFX Application Thread] DEBUG PrimaryStageWindow   - Closing main window
08:08:58.794 [JavaFX Application Thread] DEBUG Logger               - Closing Logger
