07:31:12.525 [main                     ] DEBUG Logger               - Configured Logger
07:31:12.550 [main                     ] DEBUG GameApplication      - Logging settings
Title: CookingIna
Version: 0.1
Width: 1920
Height: 1080
Fullscreen: true
Intro: false
Profiling: false
Single step:false
App Mode: DEVELOPER
Menu Key: ESCAPE
Stage Style: DECORATED
Scene Factory: class com.example.cookingina.CookingInaMain$1

07:31:12.950 [JavaFX Application Thread] DEBUG FXGLApplication      - Initializing FXGL
07:31:12.954 [JavaFX Application Thread] INFO  Engine               - FXGL-17.2 (20.08.2022 16.50) on WINDOWS (J:21.0.6 FX:20)
07:31:12.956 [JavaFX Application Thread] DEBUG Engine               - JRE Vendor Name: Amazon.com Inc.
07:31:12.956 [JavaFX Application Thread] DEBUG Engine               - Running on OS: Windows 11 version 10.0
07:31:12.956 [JavaFX Application Thread] DEBUG Engine               - Architecture: amd64
07:31:12.956 [JavaFX Application Thread] INFO  Engine               - Source code and latest versions at: https://github.com/AlmasB/FXGL
07:31:12.956 [JavaFX Application Thread] INFO  Engine               -       Ask questions and discuss at: https://github.com/AlmasB/FXGL/discussions
07:31:12.956 [JavaFX Application Thread] INFO  Engine               -              Join the FXGL chat at: https://gitter.im/AlmasB/FXGL
07:31:13.035 [JavaFX Application Thread] DEBUG PrimaryStageWindow   - Creating a JavaFX scene
07:31:13.035 [JavaFX Application Thread] DEBUG PrimaryStageWindow   - Target size > screen size
07:31:13.079 [JavaFX Application Thread] DEBUG PrimaryStageWindow   - Target settings size: 1920.0 x 1080.0
07:31:13.079 [JavaFX Application Thread] DEBUG PrimaryStageWindow   - Scaled scene size:    1511.0 x 864.0
07:31:13.079 [JavaFX Application Thread] DEBUG PrimaryStageWindow   - Scaled ratio: (0.7869791666666667, 0.8)
07:31:13.079 [JavaFX Application Thread] DEBUG PrimaryStageWindow   - Set initial scene to FXGLStartupScene
07:31:13.083 [JavaFX Application Thread] DEBUG PrimaryStageWindow   - Opening main window
07:31:13.203 [JavaFX Application Thread] DEBUG PrimaryStageWindow   - Window border size: (14.5999755859375, 37.5999755859375)
07:31:13.203 [JavaFX Application Thread] DEBUG PrimaryStageWindow   - Scaled size: 1511.0 x 864.0
07:31:13.204 [JavaFX Application Thread] DEBUG PrimaryStageWindow   - Scaled ratio: (0.7869791666666667, 0.8)
07:31:13.204 [JavaFX Application Thread] DEBUG PrimaryStageWindow   - Scene size: 1511.0 x 864.0
07:31:13.206 [JavaFX Application Thread] DEBUG PrimaryStageWindow   - Stage size: 1525.5999755859375 x 901.5999755859375
07:31:13.284 [JavaFX Application Thread] DEBUG PrimaryStageWindow   - Going fullscreen
07:31:13.292 [FXGL Background Thread 1 ] DEBUG Engine               - Initializing environment variables
07:31:13.349 [FXGL Background Thread 1 ] DEBUG FXGLAssetLoaderServi - User app class for loading assets: class com.example.cookingina.CookingInaMain
07:31:13.349 [FXGL Background Thread 1 ] DEBUG GameApplicationServi - Applying CSS: fxgl_dark.css
07:31:13.350 [FXGL Background Thread 1 ] DEBUG FXGLAssetLoaderServi - Loading from file system: jar:file:///C:/Users/LMO/.m2/repository/com/github/almasb/fxgl/17.2/fxgl-17.2.jar!/fxglassets/ui/css/fxgl_dark.css
07:31:13.395 [FXGL Background Thread 1 ] DEBUG GameApplicationServi - Initializing application scenes
07:31:13.450 [FXGL Background Thread 1 ] DEBUG GameWorld            - Game world initialized
07:31:13.538 [FXGL Background Thread 1 ] DEBUG PhysicsWorld         - Physics world initialized: appHeight=1080, physics.ppm=50.0
07:31:13.538 [FXGL Background Thread 1 ] DEBUG PhysicsWorld         - Using strategy: BRUTE_FORCE
07:31:13.540 [FXGL Background Thread 1 ] DEBUG GameScene            - Game scene initialized: 1920x1080
07:31:13.644 [FXGL Background Thread 1 ] DEBUG FXGL.DefaultMenu     - createMenuBodyGameMenu()
07:31:13.659 [FXGL Background Thread 1 ] DEBUG FXGL.DefaultMenu     - createOptionsMenu()
07:31:13.666 [FXGL Background Thread 1 ] DEBUG FXGLAssetLoaderServi - Loading from file system: jar:file:///C:/Users/LMO/.m2/repository/com/github/almasb/fxgl/17.2/fxgl-17.2.jar!/fxglassets/textures/particles/smoke.png
07:31:13.817 [FXGL Background Thread 1 ] DEBUG FXGLAssetLoaderServi - Loading from file system: jar:file:///C:/Users/LMO/.m2/repository/com/github/almasb/fxgl/17.2/fxgl-17.2.jar!/fxglassets/textures/particles/trace_horizontal.png
07:31:13.874 [FXGL Background Thread 1 ] DEBUG GameApplicationServi - Application scenes initialized
07:31:13.906 [FXGL Background Thread 1 ] DEBUG SystemBundleService  - Loading FXGL system data
07:31:13.916 [FXGL Background Thread 1 ] DEBUG FileSystemAccess     - Reading from: C:\Users\LMO\Downloads\Cooking-Ina-Ang-Sarap-1\system\fxgl.bundle
07:31:13.927 [FXGL Background Thread 1 ] DEBUG SystemBundleService  - Bundle FXGL: {}
07:31:13.928 [FXGL Background Thread 1 ] DEBUG UpdaterService       - Checking for updates
07:31:13.933 [FXGL Background Thread 4 ] DEBUG FXGLApplication      - Loading fonts
07:31:13.933 [FXGL Background Thread 1 ] DEBUG FXGLApplication      - Loading default localization
07:31:13.933 [FXGL Background Thread 4 ] DEBUG FXGLAssetLoaderServi - Loading from file system: jar:file:///C:/Users/LMO/.m2/repository/com/github/almasb/fxgl/17.2/fxgl-17.2.jar!/fxglassets/ui/fonts/VarelaRound-Regular.ttf
07:31:13.935 [FXGL Background Thread 1 ] DEBUG FXGLAssetLoaderServi - Loading from file system: jar:file:///C:/Users/LMO/.m2/repository/com/github/almasb/fxgl/17.2/fxgl-17.2.jar!/fxglassets/languages/english.lang
07:31:13.974 [FXGL Background Thread 1 ] INFO  FXGLApplication      - FXGL initialization took: 0.681 sec
07:31:13.986 [JavaFX Application Thread] DEBUG Input                - Registered new binding: Toggle debug - F1
07:31:13.986 [JavaFX Application Thread] DEBUG FXGLAssetLoaderServi - Loading from file system: jar:file:///C:/Users/LMO/.m2/repository/com/github/almasb/fxgl/17.2/fxgl-17.2.jar!/fxglassets/textures/fxgl_icon.png
07:31:13.999 [JavaFX Application Thread] DEBUG FXGLAssetLoaderServi - Loading from file system: jar:file:///C:/Users/LMO/.m2/repository/com/github/almasb/fxgl/17.2/fxgl-17.2.jar!/fxglassets/textures/fxgl_default_cursor.png
07:31:13.999 [FXGL Background Thread 4 ] DEBUG FXGLAssetLoaderServi - Loading from file system: jar:file:///C:/Users/LMO/.m2/repository/com/github/almasb/fxgl/17.2/fxgl-17.2.jar!/fxglassets/ui/fonts/Abel-Regular.ttf
07:31:14.002 [JavaFX Application Thread] DEBUG Input                - Registered new binding: Screenshot - CTRL+8
07:31:14.002 [JavaFX Application Thread] DEBUG Input                - Registered new binding: System info dump - CTRL+9
07:31:14.004 [JavaFX Application Thread] DEBUG Input                - Registered new binding: Restart - CTRL+R
07:31:14.007 [JavaFX Application Thread] DEBUG Input                - Registered new binding: Toggle Debug Camera - CTRL+7
07:31:14.016 [JavaFX Application Thread] DEBUG LoopRunner           - Starting loop
07:31:14.016 [JavaFX Application Thread] DEBUG LoopRunner           - Initializing JavaFX AnimationTimerLoop
07:31:14.019 [JavaFX Application Thread] DEBUG Input                - Clearing active input actions
07:31:14.028 [JavaFX Application Thread] DEBUG GameApplicationServi - Removing overlay from FXGLStartupScene and adding to FXGLMainMenuDummyScene
07:31:14.029 [JavaFX Application Thread] DEBUG PrimaryStageWindow   - FXGLStartupScene -> FXGLMainMenuDummyScene
07:31:14.029 [JavaFX Application Thread] DEBUG PrimaryStageWindow   - Push state: SplashScene
07:31:14.029 [JavaFX Application Thread] DEBUG Input                - Clearing active input actions
07:31:14.031 [JavaFX Application Thread] DEBUG GameApplicationServi - Removing overlay from FXGLMainMenuDummyScene and adding to SplashScene
07:31:14.033 [JavaFX Application Thread] DEBUG PrimaryStageWindow   - FXGLMainMenuDummyScene -> SplashScene
07:31:14.033 [FXGL Background Thread 4 ] DEBUG FXGLAssetLoaderServi - Loading from file system: jar:file:///C:/Users/LMO/.m2/repository/com/github/almasb/fxgl/17.2/fxgl-17.2.jar!/fxglassets/ui/fonts/TerminalLandMono-Regular.otf
07:31:14.049 [FXGL Background Thread 4 ] DEBUG FXGLAssetLoaderServi - Loading from file system: jar:file:///C:/Users/LMO/.m2/repository/com/github/almasb/fxgl/17.2/fxgl-17.2.jar!/fxglassets/ui/fonts/Courier-Prime.ttf
07:31:14.069 [JavaFX Application Thread] DEBUG FXGLApplication      - Registering font factories with UI factory
07:31:14.517 [FXGL Background Thread 2 ] INFO  UpdaterService       - Your current version:  17.2
07:31:14.517 [FXGL Background Thread 2 ] INFO  UpdaterService       - Latest stable version: 21.1
07:31:16.642 [JavaFX Application Thread] DEBUG PrimaryStageWindow   - Push state: LoginMenu
07:31:16.644 [JavaFX Application Thread] DEBUG Input                - Clearing active input actions
07:31:16.652 [JavaFX Application Thread] DEBUG GameApplicationServi - Removing overlay from SplashScene and adding to LoginMenu
07:31:16.654 [JavaFX Application Thread] DEBUG PrimaryStageWindow   - SplashScene -> LoginMenu
07:31:16.932 [FXGL Background Thread 3 ] DEBUG Engine               - Logging environment variables
07:31:16.934 [FXGL Background Thread 3 ] DEBUG Engine               - achievements: []
07:31:16.935 [FXGL Background Thread 3 ] DEBUG Engine               - actualHeight: 864.0
07:31:16.935 [FXGL Background Thread 3 ] DEBUG Engine               - actualHeightProperty: ReadOnlyDoubleProperty [value: 864.0]
07:31:16.935 [FXGL Background Thread 3 ] DEBUG Engine               - actualWidth: 1536.0
07:31:16.938 [FXGL Background Thread 3 ] DEBUG Engine               - actualWidthProperty: ReadOnlyDoubleProperty [value: 1536.0]
07:31:16.939 [FXGL Background Thread 3 ] DEBUG Engine               - appIcon: fxgl_icon.png
07:31:16.939 [FXGL Background Thread 3 ] DEBUG Engine               - applicationMode: DEVELOPER
07:31:16.939 [FXGL Background Thread 3 ] DEBUG Engine               - cSSList: [fxgl_dark.css]
07:31:16.939 [FXGL Background Thread 3 ] DEBUG Engine               - collisionDetectionStrategy: BRUTE_FORCE
07:31:16.939 [FXGL Background Thread 3 ] DEBUG Engine               - configClass: Optional.empty
07:31:16.939 [FXGL Background Thread 3 ] DEBUG Engine               - credits: []
07:31:16.939 [FXGL Background Thread 3 ] DEBUG Engine               - defaultCursor: CursorInfo(imageName=fxgl_default_cursor.png, hotspotX=7.0, hotspotY=6.0)
07:31:16.940 [FXGL Background Thread 3 ] DEBUG Engine               - devBBoxColorProperty: ObjectProperty [value: 0xff0000ff]
07:31:16.940 [FXGL Background Thread 3 ] DEBUG Engine               - devEnableDebugCameraProperty: BooleanProperty [value: false]
07:31:16.940 [FXGL Background Thread 3 ] DEBUG Engine               - devSensorColorProperty: ObjectProperty [value: 0xffff00ff]
07:31:16.940 [FXGL Background Thread 3 ] DEBUG Engine               - devShowBBoxProperty: BooleanProperty [value: false]
07:31:16.940 [FXGL Background Thread 3 ] DEBUG Engine               - devShowPositionProperty: BooleanProperty [value: false]
07:31:16.940 [FXGL Background Thread 3 ] DEBUG Engine               - enabledMenuItems: []
07:31:16.940 [FXGL Background Thread 3 ] DEBUG Engine               - engineServices: [class com.almasb.fxgl.app.services.FXGLAssetLoaderService, class com.almasb.fxgl.app.FXGLApplication$GameApplicationService, class com.almasb.fxgl.app.services.FXGLDialogService, class com.almasb.fxgl.app.services.IOTaskExecutorService, class com.almasb.fxgl.io.FileSystemService, class com.almasb.fxgl.localization.LocalizationService, class com.almasb.fxgl.app.services.SystemBundleService, class com.almasb.fxgl.profile.SaveLoadService, class com.almasb.fxgl.ui.FXGLUIFactoryServiceProvider, class com.almasb.fxgl.ui.FXGLDialogFactoryServiceProvider, class com.almasb.fxgl.audio.AudioPlayer, class com.almasb.fxgl.notification.impl.NotificationServiceProvider, class com.almasb.fxgl.achievement.AchievementService, class com.almasb.fxgl.cutscene.CutsceneService, class com.almasb.fxgl.minigames.MiniGameService, class com.almasb.fxgl.net.NetService, class com.almasb.fxgl.app.services.UpdaterService, class com.almasb.fxgl.dev.DevService]
07:31:16.940 [FXGL Background Thread 3 ] DEBUG Engine               - fontGame: Abel-Regular.ttf
07:31:16.940 [FXGL Background Thread 3 ] DEBUG Engine               - fontMono: TerminalLandMono-Regular.otf
07:31:16.940 [FXGL Background Thread 3 ] DEBUG Engine               - fontText: Courier-Prime.ttf
07:31:16.940 [FXGL Background Thread 3 ] DEBUG Engine               - fontUI: VarelaRound-Regular.ttf
07:31:16.942 [FXGL Background Thread 3 ] DEBUG Engine               - fullScreen: BooleanProperty [value: true]
07:31:16.942 [FXGL Background Thread 3 ] DEBUG Engine               - gameDifficulty: MEDIUM
07:31:16.942 [FXGL Background Thread 3 ] DEBUG Engine               - gameDifficultyProperty: ObjectProperty [value: MEDIUM]
07:31:16.942 [FXGL Background Thread 3 ] DEBUG Engine               - globalMusicVolume: 0.5
07:31:16.942 [FXGL Background Thread 3 ] DEBUG Engine               - globalMusicVolumeProperty: DoubleProperty [value: 0.5]
07:31:16.942 [FXGL Background Thread 3 ] DEBUG Engine               - globalSoundVolume: 0.5
07:31:16.942 [FXGL Background Thread 3 ] DEBUG Engine               - globalSoundVolumeProperty: DoubleProperty [value: 0.5]
07:31:16.942 [FXGL Background Thread 3 ] DEBUG Engine               - height: 1080
07:31:16.942 [FXGL Background Thread 3 ] DEBUG Engine               - is3D: false
07:31:16.942 [FXGL Background Thread 3 ] DEBUG Engine               - isAndroid: false
07:31:16.942 [FXGL Background Thread 3 ] DEBUG Engine               - isBrowser: false
07:31:16.942 [FXGL Background Thread 3 ] DEBUG Engine               - isClickFeedbackEnabled: false
07:31:16.942 [FXGL Background Thread 3 ] DEBUG Engine               - isCloseConfirmation: false
07:31:16.943 [FXGL Background Thread 3 ] DEBUG Engine               - isDesktop: true
07:31:16.943 [FXGL Background Thread 3 ] DEBUG Engine               - isDeveloperMenuEnabled: false
07:31:16.943 [FXGL Background Thread 3 ] DEBUG Engine               - isEmbedded: false
07:31:16.943 [FXGL Background Thread 3 ] DEBUG Engine               - isEntityPreloadEnabled: true
07:31:16.943 [FXGL Background Thread 3 ] DEBUG Engine               - isExperimentalTiledLargeMap: false
07:31:16.943 [FXGL Background Thread 3 ] DEBUG Engine               - isFileSystemWriteAllowed: true
07:31:16.943 [FXGL Background Thread 3 ] DEBUG Engine               - isFullScreenAllowed: true
07:31:16.943 [FXGL Background Thread 3 ] DEBUG Engine               - isFullScreenFromStart: true
07:31:16.943 [FXGL Background Thread 3 ] DEBUG Engine               - isGameMenuEnabled: true
07:31:16.943 [FXGL Background Thread 3 ] DEBUG Engine               - isIOS: false
07:31:16.943 [FXGL Background Thread 3 ] DEBUG Engine               - isIntroEnabled: false
07:31:16.944 [FXGL Background Thread 3 ] DEBUG Engine               - isLinux: false
07:31:16.944 [FXGL Background Thread 3 ] DEBUG Engine               - isMac: false
07:31:16.944 [FXGL Background Thread 3 ] DEBUG Engine               - isMainMenuEnabled: true
07:31:16.944 [FXGL Background Thread 3 ] DEBUG Engine               - isManualResizeEnabled: false
07:31:16.944 [FXGL Background Thread 3 ] DEBUG Engine               - isMobile: false
07:31:16.945 [FXGL Background Thread 3 ] DEBUG Engine               - isNative: false
07:31:16.945 [FXGL Background Thread 3 ] DEBUG Engine               - isPauseMusicWhenMinimized: true
07:31:16.945 [FXGL Background Thread 3 ] DEBUG Engine               - isPreserveResizeRatio: false
07:31:16.945 [FXGL Background Thread 3 ] DEBUG Engine               - isProfilingEnabled: false
07:31:16.945 [FXGL Background Thread 3 ] DEBUG Engine               - isScaleAffectedOnResize: true
07:31:16.945 [FXGL Background Thread 3 ] DEBUG Engine               - isSingleStep: false
07:31:16.945 [FXGL Background Thread 3 ] DEBUG Engine               - isUserProfileEnabled: false
07:31:16.945 [FXGL Background Thread 3 ] DEBUG Engine               - isWindows: true
07:31:16.945 [FXGL Background Thread 3 ] DEBUG Engine               - language: ObjectProperty [value: ENGLISH]
07:31:16.945 [FXGL Background Thread 3 ] DEBUG Engine               - menuKey: ESCAPE
07:31:16.945 [FXGL Background Thread 3 ] DEBUG Engine               - mouseSensitivity: 0.2
07:31:16.945 [FXGL Background Thread 3 ] DEBUG Engine               - notificationViewClass: class com.almasb.fxgl.notification.view.XboxNotificationView
07:31:16.945 [FXGL Background Thread 3 ] DEBUG Engine               - pixelsPerMeter: 50.0
07:31:16.946 [FXGL Background Thread 3 ] DEBUG Engine               - platform: WINDOWS
07:31:16.946 [FXGL Background Thread 3 ] DEBUG Engine               - prefHeightProperty: ReadOnlyDoubleProperty [value: 1080.0]
07:31:16.946 [FXGL Background Thread 3 ] DEBUG Engine               - prefWidthProperty: ReadOnlyDoubleProperty [value: 1920.0]
07:31:16.946 [FXGL Background Thread 3 ] DEBUG Engine               - profileDir: profiles/
07:31:16.946 [FXGL Background Thread 3 ] DEBUG Engine               - profileName: StringProperty [value: DEFAULT]
07:31:16.946 [FXGL Background Thread 3 ] DEBUG Engine               - randomSeed: -1
07:31:16.946 [FXGL Background Thread 3 ] DEBUG Engine               - runtimeInfo: RuntimeInfo(platform=WINDOWS, version=17.2, build=20.08.2022 16.50)
07:31:16.946 [FXGL Background Thread 3 ] DEBUG Engine               - saveFileExt: sav
07:31:16.946 [FXGL Background Thread 3 ] DEBUG Engine               - scaledHeightProp$fxgl: DoubleProperty [bound, value: 864.0]
07:31:16.946 [FXGL Background Thread 3 ] DEBUG Engine               - scaledWidthProp$fxgl: DoubleProperty [bound, value: 1536.0]
07:31:16.946 [FXGL Background Thread 3 ] DEBUG Engine               - sceneFactory: com.example.cookingina.CookingInaMain$1@48f1511f
07:31:16.946 [FXGL Background Thread 3 ] DEBUG Engine               - secondsIn24h: 60
07:31:16.946 [FXGL Background Thread 3 ] DEBUG Engine               - soundMenuBack: menu/back.wav
07:31:16.946 [FXGL Background Thread 3 ] DEBUG Engine               - soundMenuPress: menu/press.wav
07:31:16.946 [FXGL Background Thread 3 ] DEBUG Engine               - soundMenuSelect: menu/select.wav
07:31:16.948 [FXGL Background Thread 3 ] DEBUG Engine               - soundNotification: core/notification.wav
07:31:16.948 [FXGL Background Thread 3 ] DEBUG Engine               - stageStyle: DECORATED
07:31:16.948 [FXGL Background Thread 3 ] DEBUG Engine               - supportedLanguages: [ENGLISH, FRENCH, GERMAN, HUNGARIAN, RUSSIAN]
07:31:16.948 [FXGL Background Thread 3 ] DEBUG Engine               - ticksPerSecond: -1
07:31:16.948 [FXGL Background Thread 3 ] DEBUG Engine               - title: CookingIna
07:31:16.948 [FXGL Background Thread 3 ] DEBUG Engine               - urlGithub: https://github.com/AlmasB/FXGL
07:31:16.949 [FXGL Background Thread 3 ] DEBUG Engine               - urlLeaderboard: http://fxgl-top.herokuapp.com/
07:31:16.949 [FXGL Background Thread 3 ] DEBUG Engine               - urlPOM: https://raw.githubusercontent.com/AlmasB/FXGL/release/README.md
07:31:16.949 [FXGL Background Thread 3 ] DEBUG Engine               - userAppClass: class com.example.cookingina.CookingInaMain
07:31:16.949 [FXGL Background Thread 3 ] DEBUG Engine               - version: 0.1
07:31:16.949 [FXGL Background Thread 3 ] DEBUG Engine               - versionCheckDays: 7
07:31:16.949 [FXGL Background Thread 3 ] DEBUG Engine               - width: 1920
07:31:16.949 [FXGL Background Thread 3 ] DEBUG Engine               - Logging services
07:31:16.949 [FXGL Background Thread 3 ] DEBUG Engine               - class com.almasb.fxgl.app.services.FXGLAssetLoaderService
07:31:16.949 [FXGL Background Thread 3 ] DEBUG Engine               - class com.almasb.fxgl.app.FXGLApplication$GameApplicationService
07:31:16.949 [FXGL Background Thread 3 ] DEBUG Engine               - class com.almasb.fxgl.app.services.FXGLDialogService
07:31:16.949 [FXGL Background Thread 3 ] DEBUG Engine               - class com.almasb.fxgl.app.services.IOTaskExecutorService
07:31:16.949 [FXGL Background Thread 3 ] DEBUG Engine               - class com.almasb.fxgl.io.FileSystemService
07:31:16.949 [FXGL Background Thread 3 ] DEBUG Engine               - class com.almasb.fxgl.localization.LocalizationService
07:31:16.949 [FXGL Background Thread 3 ] DEBUG Engine               - class com.almasb.fxgl.app.services.SystemBundleService
07:31:16.949 [FXGL Background Thread 3 ] DEBUG Engine               - class com.almasb.fxgl.profile.SaveLoadService
07:31:16.949 [FXGL Background Thread 3 ] DEBUG Engine               - class com.almasb.fxgl.ui.FXGLUIFactoryServiceProvider
07:31:16.949 [FXGL Background Thread 3 ] DEBUG Engine               - class com.almasb.fxgl.ui.FXGLDialogFactoryServiceProvider
07:31:16.949 [FXGL Background Thread 3 ] DEBUG Engine               - class com.almasb.fxgl.audio.AudioPlayer
07:31:16.951 [FXGL Background Thread 3 ] DEBUG Engine               - class com.almasb.fxgl.notification.impl.NotificationServiceProvider
07:31:16.951 [FXGL Background Thread 3 ] DEBUG Engine               - class com.almasb.fxgl.achievement.AchievementService
07:31:16.951 [FXGL Background Thread 3 ] DEBUG Engine               - class com.almasb.fxgl.cutscene.CutsceneService
07:31:16.951 [FXGL Background Thread 3 ] DEBUG Engine               - class com.almasb.fxgl.minigames.MiniGameService
07:31:16.951 [FXGL Background Thread 3 ] DEBUG Engine               - class com.almasb.fxgl.net.NetService
07:31:16.951 [FXGL Background Thread 3 ] DEBUG Engine               - class com.almasb.fxgl.app.services.UpdaterService
07:31:16.951 [FXGL Background Thread 3 ] DEBUG Engine               - class com.almasb.fxgl.dev.DevService
07:31:29.945 [JavaFX Application Thread] DEBUG Menu                 - fireExit()
07:31:29.948 [JavaFX Application Thread] DEBUG PrimaryStageWindow   - Push state: DialogSubScene
07:31:29.949 [JavaFX Application Thread] DEBUG Input                - Clearing active input actions
07:31:29.951 [JavaFX Application Thread] DEBUG GameApplicationServi - Removing overlay from LoginMenu and adding to DialogSubScene
07:31:29.951 [JavaFX Application Thread] DEBUG PrimaryStageWindow   - LoginMenu -> DialogSubScene
07:31:31.086 [JavaFX Application Thread] DEBUG PrimaryStageWindow   - Pop state: DialogSubScene
07:31:31.086 [JavaFX Application Thread] DEBUG Input                - Clearing active input actions
07:31:31.087 [JavaFX Application Thread] DEBUG GameApplicationServi - Removing overlay from DialogSubScene and adding to LoginMenu
07:31:31.088 [JavaFX Application Thread] DEBUG PrimaryStageWindow   - LoginMenu <- DialogSubScene
07:31:31.088 [JavaFX Application Thread] DEBUG FXGLApplication      - Exiting FXGL
07:31:31.088 [JavaFX Application Thread] DEBUG LoopRunner           - Stopping loop
07:31:31.088 [JavaFX Application Thread] DEBUG SystemBundleService  - Saving FXGL system data
07:31:31.093 [JavaFX Application Thread] DEBUG FileSystemAccess     - Writing to: C:\Users\LMO\Downloads\Cooking-Ina-Ang-Sarap-1\system\fxgl.bundle
07:31:31.097 [JavaFX Application Thread] DEBUG Async                - Shutting down background threads
07:31:31.098 [JavaFX Application Thread] DEBUG PrimaryStageWindow   - Closing main window
07:31:31.183 [JavaFX Application Thread] DEBUG Logger               - Closing Logger
