10:42:12.451 [main                     ] DEBUG Logger               - Configured Logger
10:42:12.473 [main                     ] DEBUG GameApplication      - Logging settings
Title: CookingIna
Version: 0.1
Width: 1920
Height: 1080
Fullscreen: true
Intro: false
Profiling: false
Single step:false
App Mode: DEVELOPER
Menu Key: ESCAPE
Stage Style: DECORATED
Scene Factory: class com.example.cookingina.CookingInaMain$1

10:42:12.878 [JavaFX Application Thread] DEBUG FXGLApplication      - Initializing FXGL
10:42:12.885 [JavaFX Application Thread] INFO  Engine               - FXGL-17.2 (20.08.2022 16.50) on WINDOWS (J:21.0.6 FX:20)
10:42:12.886 [JavaFX Application Thread] DEBUG Engine               - JRE Vendor Name: Amazon.com Inc.
10:42:12.886 [JavaFX Application Thread] DEBUG Engine               - Running on OS: Windows 11 version 10.0
10:42:12.886 [JavaFX Application Thread] DEBUG Engine               - Architecture: amd64
10:42:12.886 [JavaFX Application Thread] INFO  Engine               - Source code and latest versions at: https://github.com/AlmasB/FXGL
10:42:12.886 [JavaFX Application Thread] INFO  Engine               -       Ask questions and discuss at: https://github.com/AlmasB/FXGL/discussions
10:42:12.886 [JavaFX Application Thread] INFO  Engine               -              Join the FXGL chat at: https://gitter.im/AlmasB/FXGL
10:42:12.958 [JavaFX Application Thread] DEBUG PrimaryStageWindow   - Creating a JavaFX scene
10:42:12.958 [JavaFX Application Thread] DEBUG PrimaryStageWindow   - Target size > screen size
10:42:13.014 [JavaFX Application Thread] DEBUG PrimaryStageWindow   - Target settings size: 1920.0 x 1080.0
10:42:13.015 [JavaFX Application Thread] DEBUG PrimaryStageWindow   - Scaled scene size:    1511.0 x 864.0
10:42:13.015 [JavaFX Application Thread] DEBUG PrimaryStageWindow   - Scaled ratio: (0.7869791666666667, 0.8)
10:42:13.016 [JavaFX Application Thread] DEBUG PrimaryStageWindow   - Set initial scene to FXGLStartupScene
10:42:13.019 [JavaFX Application Thread] DEBUG PrimaryStageWindow   - Opening main window
10:42:13.154 [JavaFX Application Thread] DEBUG PrimaryStageWindow   - Window border size: (14.5999755859375, 37.5999755859375)
10:42:13.154 [JavaFX Application Thread] DEBUG PrimaryStageWindow   - Scaled size: 1511.0 x 864.0
10:42:13.154 [JavaFX Application Thread] DEBUG PrimaryStageWindow   - Scaled ratio: (0.7869791666666667, 0.8)
10:42:13.155 [JavaFX Application Thread] DEBUG PrimaryStageWindow   - Scene size: 1511.0 x 864.0
10:42:13.155 [JavaFX Application Thread] DEBUG PrimaryStageWindow   - Stage size: 1525.5999755859375 x 901.5999755859375
10:42:13.242 [JavaFX Application Thread] DEBUG PrimaryStageWindow   - Going fullscreen
10:42:13.253 [FXGL Background Thread 1 ] DEBUG Engine               - Initializing environment variables
10:42:13.303 [FXGL Background Thread 1 ] DEBUG FXGLAssetLoaderServi - User app class for loading assets: class com.example.cookingina.CookingInaMain
10:42:13.304 [FXGL Background Thread 1 ] DEBUG GameApplicationServi - Applying CSS: fxgl_dark.css
10:42:13.304 [FXGL Background Thread 1 ] DEBUG FXGLAssetLoaderServi - Loading from file system: jar:file:///C:/Users/LMO/.m2/repository/com/github/almasb/fxgl/17.2/fxgl-17.2.jar!/fxglassets/ui/css/fxgl_dark.css
10:42:13.353 [FXGL Background Thread 1 ] DEBUG GameApplicationServi - Initializing application scenes
10:42:13.406 [FXGL Background Thread 1 ] DEBUG GameWorld            - Game world initialized
10:42:13.487 [FXGL Background Thread 1 ] DEBUG PhysicsWorld         - Physics world initialized: appHeight=1080, physics.ppm=50.0
10:42:13.487 [FXGL Background Thread 1 ] DEBUG PhysicsWorld         - Using strategy: BRUTE_FORCE
10:42:13.491 [FXGL Background Thread 1 ] DEBUG GameScene            - Game scene initialized: 1920x1080
10:42:13.602 [FXGL Background Thread 1 ] DEBUG FXGL.DefaultMenu     - createMenuBodyGameMenu()
10:42:13.617 [FXGL Background Thread 1 ] DEBUG FXGL.DefaultMenu     - createOptionsMenu()
10:42:13.631 [FXGL Background Thread 1 ] DEBUG FXGLAssetLoaderServi - Loading from file system: jar:file:///C:/Users/LMO/.m2/repository/com/github/almasb/fxgl/17.2/fxgl-17.2.jar!/fxglassets/textures/particles/smoke.png
10:42:13.726 [FXGL Background Thread 1 ] DEBUG FXGLAssetLoaderServi - Loading from file system: jar:file:///C:/Users/LMO/.m2/repository/com/github/almasb/fxgl/17.2/fxgl-17.2.jar!/fxglassets/textures/particles/trace_horizontal.png
10:42:13.751 [FXGL Background Thread 1 ] DEBUG GameApplicationServi - Application scenes initialized
10:42:13.769 [FXGL Background Thread 1 ] DEBUG SystemBundleService  - Loading FXGL system data
10:42:13.784 [FXGL Background Thread 1 ] DEBUG FileSystemAccess     - Reading from: C:\Users\LMO\Downloads\Cooking-Ina-Ang-Sarap-1\system\fxgl.bundle
10:42:13.793 [FXGL Background Thread 1 ] DEBUG SystemBundleService  - Bundle FXGL: {}
10:42:13.793 [FXGL Background Thread 1 ] DEBUG UpdaterService       - Checking for updates
10:42:13.797 [FXGL Background Thread 4 ] DEBUG FXGLApplication      - Loading fonts
10:42:13.798 [FXGL Background Thread 1 ] DEBUG FXGLApplication      - Loading default localization
10:42:13.798 [FXGL Background Thread 4 ] DEBUG FXGLAssetLoaderServi - Loading from file system: jar:file:///C:/Users/LMO/.m2/repository/com/github/almasb/fxgl/17.2/fxgl-17.2.jar!/fxglassets/ui/fonts/VarelaRound-Regular.ttf
10:42:13.798 [FXGL Background Thread 1 ] DEBUG FXGLAssetLoaderServi - Loading from file system: jar:file:///C:/Users/LMO/.m2/repository/com/github/almasb/fxgl/17.2/fxgl-17.2.jar!/fxglassets/languages/english.lang
10:42:13.835 [FXGL Background Thread 1 ] INFO  FXGLApplication      - FXGL initialization took: 0.581 sec
10:42:13.848 [JavaFX Application Thread] DEBUG Input                - Registered new binding: Toggle debug - F1
10:42:13.849 [JavaFX Application Thread] DEBUG FXGLAssetLoaderServi - Loading from file system: jar:file:///C:/Users/LMO/.m2/repository/com/github/almasb/fxgl/17.2/fxgl-17.2.jar!/fxglassets/textures/fxgl_icon.png
10:42:13.854 [FXGL Background Thread 4 ] DEBUG FXGLAssetLoaderServi - Loading from file system: jar:file:///C:/Users/LMO/.m2/repository/com/github/almasb/fxgl/17.2/fxgl-17.2.jar!/fxglassets/ui/fonts/Abel-Regular.ttf
10:42:13.866 [JavaFX Application Thread] DEBUG FXGLAssetLoaderServi - Loading from file system: jar:file:///C:/Users/LMO/.m2/repository/com/github/almasb/fxgl/17.2/fxgl-17.2.jar!/fxglassets/textures/fxgl_default_cursor.png
10:42:13.869 [JavaFX Application Thread] DEBUG Input                - Registered new binding: Screenshot - CTRL+8
10:42:13.869 [FXGL Background Thread 4 ] DEBUG FXGLAssetLoaderServi - Loading from file system: jar:file:///C:/Users/LMO/.m2/repository/com/github/almasb/fxgl/17.2/fxgl-17.2.jar!/fxglassets/ui/fonts/TerminalLandMono-Regular.otf
10:42:13.869 [JavaFX Application Thread] DEBUG Input                - Registered new binding: System info dump - CTRL+9
10:42:13.870 [JavaFX Application Thread] DEBUG Input                - Registered new binding: Restart - CTRL+R
10:42:13.870 [JavaFX Application Thread] DEBUG Input                - Registered new binding: Toggle Debug Camera - CTRL+7
10:42:13.873 [JavaFX Application Thread] DEBUG LoopRunner           - Starting loop
10:42:13.874 [JavaFX Application Thread] DEBUG LoopRunner           - Initializing JavaFX AnimationTimerLoop
10:42:13.879 [JavaFX Application Thread] DEBUG Input                - Clearing active input actions
10:42:13.883 [FXGL Background Thread 4 ] DEBUG FXGLAssetLoaderServi - Loading from file system: jar:file:///C:/Users/LMO/.m2/repository/com/github/almasb/fxgl/17.2/fxgl-17.2.jar!/fxglassets/ui/fonts/Courier-Prime.ttf
10:42:13.885 [JavaFX Application Thread] DEBUG GameApplicationServi - Removing overlay from FXGLStartupScene and adding to FXGLMainMenuDummyScene
10:42:13.886 [JavaFX Application Thread] DEBUG PrimaryStageWindow   - FXGLStartupScene -> FXGLMainMenuDummyScene
10:42:13.886 [JavaFX Application Thread] DEBUG PrimaryStageWindow   - Push state: SplashScene
10:42:13.886 [JavaFX Application Thread] DEBUG Input                - Clearing active input actions
10:42:13.889 [JavaFX Application Thread] DEBUG GameApplicationServi - Removing overlay from FXGLMainMenuDummyScene and adding to SplashScene
10:42:13.889 [JavaFX Application Thread] DEBUG PrimaryStageWindow   - FXGLMainMenuDummyScene -> SplashScene
10:42:13.905 [JavaFX Application Thread] DEBUG FXGLApplication      - Registering font factories with UI factory
10:42:14.770 [FXGL Background Thread 2 ] INFO  UpdaterService       - Your current version:  17.2
10:42:14.771 [FXGL Background Thread 2 ] INFO  UpdaterService       - Latest stable version: 21.1
10:42:16.600 [JavaFX Application Thread] DEBUG FXGLAssetLoaderServi - Loading from file system: file:/C:/Users/LMO/Downloads/Cooking-Ina-Ang-Sarap-1/CookingIna/target/classes/assets/textures/store_background.png
10:42:16.654 [JavaFX Application Thread] DEBUG PrimaryStageWindow   - Push state: LoginMenu
10:42:16.654 [JavaFX Application Thread] DEBUG Input                - Clearing active input actions
10:42:16.663 [JavaFX Application Thread] DEBUG GameApplicationServi - Removing overlay from SplashScene and adding to LoginMenu
10:42:16.663 [JavaFX Application Thread] DEBUG PrimaryStageWindow   - SplashScene -> LoginMenu
10:42:16.797 [FXGL Background Thread 3 ] DEBUG Engine               - Logging environment variables
10:42:16.798 [FXGL Background Thread 3 ] DEBUG Engine               - achievements: []
10:42:16.798 [FXGL Background Thread 3 ] DEBUG Engine               - actualHeight: 864.0
10:42:16.798 [FXGL Background Thread 3 ] DEBUG Engine               - actualHeightProperty: ReadOnlyDoubleProperty [value: 864.0]
10:42:16.799 [FXGL Background Thread 3 ] DEBUG Engine               - actualWidth: 1536.0
10:42:16.799 [FXGL Background Thread 3 ] DEBUG Engine               - actualWidthProperty: ReadOnlyDoubleProperty [value: 1536.0]
10:42:16.799 [FXGL Background Thread 3 ] DEBUG Engine               - appIcon: fxgl_icon.png
10:42:16.799 [FXGL Background Thread 3 ] DEBUG Engine               - applicationMode: DEVELOPER
10:42:16.799 [FXGL Background Thread 3 ] DEBUG Engine               - cSSList: [fxgl_dark.css]
10:42:16.799 [FXGL Background Thread 3 ] DEBUG Engine               - collisionDetectionStrategy: BRUTE_FORCE
10:42:16.799 [FXGL Background Thread 3 ] DEBUG Engine               - configClass: Optional.empty
10:42:16.799 [FXGL Background Thread 3 ] DEBUG Engine               - credits: []
10:42:16.800 [FXGL Background Thread 3 ] DEBUG Engine               - defaultCursor: CursorInfo(imageName=fxgl_default_cursor.png, hotspotX=7.0, hotspotY=6.0)
10:42:16.801 [FXGL Background Thread 3 ] DEBUG Engine               - devBBoxColorProperty: ObjectProperty [value: 0xff0000ff]
10:42:16.801 [FXGL Background Thread 3 ] DEBUG Engine               - devEnableDebugCameraProperty: BooleanProperty [value: false]
10:42:16.801 [FXGL Background Thread 3 ] DEBUG Engine               - devSensorColorProperty: ObjectProperty [value: 0xffff00ff]
10:42:16.801 [FXGL Background Thread 3 ] DEBUG Engine               - devShowBBoxProperty: BooleanProperty [value: false]
10:42:16.801 [FXGL Background Thread 3 ] DEBUG Engine               - devShowPositionProperty: BooleanProperty [value: false]
10:42:16.802 [FXGL Background Thread 3 ] DEBUG Engine               - enabledMenuItems: []
10:42:16.802 [FXGL Background Thread 3 ] DEBUG Engine               - engineServices: [class com.almasb.fxgl.app.services.FXGLAssetLoaderService, class com.almasb.fxgl.app.FXGLApplication$GameApplicationService, class com.almasb.fxgl.app.services.FXGLDialogService, class com.almasb.fxgl.app.services.IOTaskExecutorService, class com.almasb.fxgl.io.FileSystemService, class com.almasb.fxgl.localization.LocalizationService, class com.almasb.fxgl.app.services.SystemBundleService, class com.almasb.fxgl.profile.SaveLoadService, class com.almasb.fxgl.ui.FXGLUIFactoryServiceProvider, class com.almasb.fxgl.ui.FXGLDialogFactoryServiceProvider, class com.almasb.fxgl.audio.AudioPlayer, class com.almasb.fxgl.notification.impl.NotificationServiceProvider, class com.almasb.fxgl.achievement.AchievementService, class com.almasb.fxgl.cutscene.CutsceneService, class com.almasb.fxgl.minigames.MiniGameService, class com.almasb.fxgl.net.NetService, class com.almasb.fxgl.app.services.UpdaterService, class com.almasb.fxgl.dev.DevService]
10:42:16.802 [FXGL Background Thread 3 ] DEBUG Engine               - fontGame: Abel-Regular.ttf
10:42:16.802 [FXGL Background Thread 3 ] DEBUG Engine               - fontMono: TerminalLandMono-Regular.otf
10:42:16.802 [FXGL Background Thread 3 ] DEBUG Engine               - fontText: Courier-Prime.ttf
10:42:16.802 [FXGL Background Thread 3 ] DEBUG Engine               - fontUI: VarelaRound-Regular.ttf
10:42:16.802 [FXGL Background Thread 3 ] DEBUG Engine               - fullScreen: BooleanProperty [value: true]
10:42:16.802 [FXGL Background Thread 3 ] DEBUG Engine               - gameDifficulty: MEDIUM
10:42:16.802 [FXGL Background Thread 3 ] DEBUG Engine               - gameDifficultyProperty: ObjectProperty [value: MEDIUM]
10:42:16.803 [FXGL Background Thread 3 ] DEBUG Engine               - globalMusicVolume: 0.5
10:42:16.803 [FXGL Background Thread 3 ] DEBUG Engine               - globalMusicVolumeProperty: DoubleProperty [value: 0.5]
10:42:16.803 [FXGL Background Thread 3 ] DEBUG Engine               - globalSoundVolume: 0.5
10:42:16.803 [FXGL Background Thread 3 ] DEBUG Engine               - globalSoundVolumeProperty: DoubleProperty [value: 0.5]
10:42:16.803 [FXGL Background Thread 3 ] DEBUG Engine               - height: 1080
10:42:16.803 [FXGL Background Thread 3 ] DEBUG Engine               - is3D: false
10:42:16.803 [FXGL Background Thread 3 ] DEBUG Engine               - isAndroid: false
10:42:16.803 [FXGL Background Thread 3 ] DEBUG Engine               - isBrowser: false
10:42:16.803 [FXGL Background Thread 3 ] DEBUG Engine               - isClickFeedbackEnabled: false
10:42:16.804 [FXGL Background Thread 3 ] DEBUG Engine               - isCloseConfirmation: false
10:42:16.804 [FXGL Background Thread 3 ] DEBUG Engine               - isDesktop: true
10:42:16.804 [FXGL Background Thread 3 ] DEBUG Engine               - isDeveloperMenuEnabled: false
10:42:16.804 [FXGL Background Thread 3 ] DEBUG Engine               - isEmbedded: false
10:42:16.804 [FXGL Background Thread 3 ] DEBUG Engine               - isEntityPreloadEnabled: true
10:42:16.804 [FXGL Background Thread 3 ] DEBUG Engine               - isExperimentalTiledLargeMap: false
10:42:16.804 [FXGL Background Thread 3 ] DEBUG Engine               - isFileSystemWriteAllowed: true
10:42:16.804 [FXGL Background Thread 3 ] DEBUG Engine               - isFullScreenAllowed: true
10:42:16.804 [FXGL Background Thread 3 ] DEBUG Engine               - isFullScreenFromStart: true
10:42:16.804 [FXGL Background Thread 3 ] DEBUG Engine               - isGameMenuEnabled: true
10:42:16.804 [FXGL Background Thread 3 ] DEBUG Engine               - isIOS: false
10:42:16.805 [FXGL Background Thread 3 ] DEBUG Engine               - isIntroEnabled: false
10:42:16.805 [FXGL Background Thread 3 ] DEBUG Engine               - isLinux: false
10:42:16.805 [FXGL Background Thread 3 ] DEBUG Engine               - isMac: false
10:42:16.805 [FXGL Background Thread 3 ] DEBUG Engine               - isMainMenuEnabled: true
10:42:16.805 [FXGL Background Thread 3 ] DEBUG Engine               - isManualResizeEnabled: false
10:42:16.805 [FXGL Background Thread 3 ] DEBUG Engine               - isMobile: false
10:42:16.805 [FXGL Background Thread 3 ] DEBUG Engine               - isNative: false
10:42:16.805 [FXGL Background Thread 3 ] DEBUG Engine               - isPauseMusicWhenMinimized: true
10:42:16.806 [FXGL Background Thread 3 ] DEBUG Engine               - isPreserveResizeRatio: false
10:42:16.806 [FXGL Background Thread 3 ] DEBUG Engine               - isProfilingEnabled: false
10:42:16.806 [FXGL Background Thread 3 ] DEBUG Engine               - isScaleAffectedOnResize: true
10:42:16.806 [FXGL Background Thread 3 ] DEBUG Engine               - isSingleStep: false
10:42:16.806 [FXGL Background Thread 3 ] DEBUG Engine               - isUserProfileEnabled: false
10:42:16.806 [FXGL Background Thread 3 ] DEBUG Engine               - isWindows: true
10:42:16.806 [FXGL Background Thread 3 ] DEBUG Engine               - language: ObjectProperty [value: ENGLISH]
10:42:16.806 [FXGL Background Thread 3 ] DEBUG Engine               - menuKey: ESCAPE
10:42:16.806 [FXGL Background Thread 3 ] DEBUG Engine               - mouseSensitivity: 0.2
10:42:16.806 [FXGL Background Thread 3 ] DEBUG Engine               - notificationViewClass: class com.almasb.fxgl.notification.view.XboxNotificationView
10:42:16.806 [FXGL Background Thread 3 ] DEBUG Engine               - pixelsPerMeter: 50.0
10:42:16.806 [FXGL Background Thread 3 ] DEBUG Engine               - platform: WINDOWS
10:42:16.807 [FXGL Background Thread 3 ] DEBUG Engine               - prefHeightProperty: ReadOnlyDoubleProperty [value: 1080.0]
10:42:16.807 [FXGL Background Thread 3 ] DEBUG Engine               - prefWidthProperty: ReadOnlyDoubleProperty [value: 1920.0]
10:42:16.807 [FXGL Background Thread 3 ] DEBUG Engine               - profileDir: profiles/
10:42:16.807 [FXGL Background Thread 3 ] DEBUG Engine               - profileName: StringProperty [value: DEFAULT]
10:42:16.807 [FXGL Background Thread 3 ] DEBUG Engine               - randomSeed: -1
10:42:16.807 [FXGL Background Thread 3 ] DEBUG Engine               - runtimeInfo: RuntimeInfo(platform=WINDOWS, version=17.2, build=20.08.2022 16.50)
10:42:16.808 [FXGL Background Thread 3 ] DEBUG Engine               - saveFileExt: sav
10:42:16.808 [FXGL Background Thread 3 ] DEBUG Engine               - scaledHeightProp$fxgl: DoubleProperty [bound, value: 864.0]
10:42:16.808 [FXGL Background Thread 3 ] DEBUG Engine               - scaledWidthProp$fxgl: DoubleProperty [bound, value: 1536.0]
10:42:16.808 [FXGL Background Thread 3 ] DEBUG Engine               - sceneFactory: com.example.cookingina.CookingInaMain$1@316c5d7b
10:42:16.808 [FXGL Background Thread 3 ] DEBUG Engine               - secondsIn24h: 60
10:42:16.808 [FXGL Background Thread 3 ] DEBUG Engine               - soundMenuBack: menu/back.wav
10:42:16.808 [FXGL Background Thread 3 ] DEBUG Engine               - soundMenuPress: menu/press.wav
10:42:16.808 [FXGL Background Thread 3 ] DEBUG Engine               - soundMenuSelect: menu/select.wav
10:42:16.808 [FXGL Background Thread 3 ] DEBUG Engine               - soundNotification: core/notification.wav
10:42:16.808 [FXGL Background Thread 3 ] DEBUG Engine               - stageStyle: DECORATED
10:42:16.808 [FXGL Background Thread 3 ] DEBUG Engine               - supportedLanguages: [ENGLISH, FRENCH, GERMAN, HUNGARIAN, RUSSIAN]
10:42:16.809 [FXGL Background Thread 3 ] DEBUG Engine               - ticksPerSecond: -1
10:42:16.809 [FXGL Background Thread 3 ] DEBUG Engine               - title: CookingIna
10:42:16.809 [FXGL Background Thread 3 ] DEBUG Engine               - urlGithub: https://github.com/AlmasB/FXGL
10:42:16.809 [FXGL Background Thread 3 ] DEBUG Engine               - urlLeaderboard: http://fxgl-top.herokuapp.com/
10:42:16.809 [FXGL Background Thread 3 ] DEBUG Engine               - urlPOM: https://raw.githubusercontent.com/AlmasB/FXGL/release/README.md
10:42:16.809 [FXGL Background Thread 3 ] DEBUG Engine               - userAppClass: class com.example.cookingina.CookingInaMain
10:42:16.809 [FXGL Background Thread 3 ] DEBUG Engine               - version: 0.1
10:42:16.809 [FXGL Background Thread 3 ] DEBUG Engine               - versionCheckDays: 7
10:42:16.809 [FXGL Background Thread 3 ] DEBUG Engine               - width: 1920
10:42:16.809 [FXGL Background Thread 3 ] DEBUG Engine               - Logging services
10:42:16.809 [FXGL Background Thread 3 ] DEBUG Engine               - class com.almasb.fxgl.app.services.FXGLAssetLoaderService
10:42:16.809 [FXGL Background Thread 3 ] DEBUG Engine               - class com.almasb.fxgl.app.FXGLApplication$GameApplicationService
10:42:16.810 [FXGL Background Thread 3 ] DEBUG Engine               - class com.almasb.fxgl.app.services.FXGLDialogService
10:42:16.810 [FXGL Background Thread 3 ] DEBUG Engine               - class com.almasb.fxgl.app.services.IOTaskExecutorService
10:42:16.810 [FXGL Background Thread 3 ] DEBUG Engine               - class com.almasb.fxgl.io.FileSystemService
10:42:16.810 [FXGL Background Thread 3 ] DEBUG Engine               - class com.almasb.fxgl.localization.LocalizationService
10:42:16.810 [FXGL Background Thread 3 ] DEBUG Engine               - class com.almasb.fxgl.app.services.SystemBundleService
10:42:16.810 [FXGL Background Thread 3 ] DEBUG Engine               - class com.almasb.fxgl.profile.SaveLoadService
10:42:16.810 [FXGL Background Thread 3 ] DEBUG Engine               - class com.almasb.fxgl.ui.FXGLUIFactoryServiceProvider
10:42:16.810 [FXGL Background Thread 3 ] DEBUG Engine               - class com.almasb.fxgl.ui.FXGLDialogFactoryServiceProvider
10:42:16.810 [FXGL Background Thread 3 ] DEBUG Engine               - class com.almasb.fxgl.audio.AudioPlayer
10:42:16.810 [FXGL Background Thread 3 ] DEBUG Engine               - class com.almasb.fxgl.notification.impl.NotificationServiceProvider
10:42:16.810 [FXGL Background Thread 3 ] DEBUG Engine               - class com.almasb.fxgl.achievement.AchievementService
10:42:16.810 [FXGL Background Thread 3 ] DEBUG Engine               - class com.almasb.fxgl.cutscene.CutsceneService
10:42:16.810 [FXGL Background Thread 3 ] DEBUG Engine               - class com.almasb.fxgl.minigames.MiniGameService
10:42:16.810 [FXGL Background Thread 3 ] DEBUG Engine               - class com.almasb.fxgl.net.NetService
10:42:16.811 [FXGL Background Thread 3 ] DEBUG Engine               - class com.almasb.fxgl.app.services.UpdaterService
10:42:16.811 [FXGL Background Thread 3 ] DEBUG Engine               - class com.almasb.fxgl.dev.DevService
10:42:23.920 [JavaFX Application Thread] DEBUG FXGLAssetLoaderServi - Loading from file system: file:/C:/Users/LMO/Downloads/Cooking-Ina-Ang-Sarap-1/CookingIna/target/classes/assets/textures/main_menu.png
10:42:23.958 [JavaFX Application Thread] DEBUG PrimaryStageWindow   - Push state: MainMenu
10:42:23.958 [JavaFX Application Thread] DEBUG Input                - Clearing active input actions
10:42:23.959 [JavaFX Application Thread] DEBUG GameApplicationServi - Removing overlay from LoginMenu and adding to MainMenu
10:42:23.959 [JavaFX Application Thread] DEBUG PrimaryStageWindow   - LoginMenu -> MainMenu
10:42:24.641 [JavaFX Application Thread] DEBUG FXGLAssetLoaderServi - Loading from file system: file:/C:/Users/LMO/Downloads/Cooking-Ina-Ang-Sarap-1/CookingIna/target/classes/assets/textures/level_map.png
10:42:24.721 [JavaFX Application Thread] DEBUG FXGLAssetLoaderServi - Loading from file system: file:/C:/Users/LMO/Downloads/Cooking-Ina-Ang-Sarap-1/CookingIna/target/classes/assets/textures/level1_unlocked.png
10:42:24.738 [JavaFX Application Thread] DEBUG FXGLAssetLoaderServi - Loading from file system: file:/C:/Users/LMO/Downloads/Cooking-Ina-Ang-Sarap-1/CookingIna/target/classes/assets/textures/level2_unlocked.png
10:42:24.767 [JavaFX Application Thread] DEBUG FXGLAssetLoaderServi - Loading from file system: file:/C:/Users/LMO/Downloads/Cooking-Ina-Ang-Sarap-1/CookingIna/target/classes/assets/textures/level3_unlocked.png
10:42:24.783 [JavaFX Application Thread] DEBUG FXGLAssetLoaderServi - Loading from file system: file:/C:/Users/LMO/Downloads/Cooking-Ina-Ang-Sarap-1/CookingIna/target/classes/assets/textures/level4_locked.png
10:42:24.793 [JavaFX Application Thread] DEBUG FXGLAssetLoaderServi - Loading from file system: file:/C:/Users/LMO/Downloads/Cooking-Ina-Ang-Sarap-1/CookingIna/target/classes/assets/textures/level5_locked.png
10:42:24.802 [JavaFX Application Thread] DEBUG FXGLAssetLoaderServi - Loading from file system: file:/C:/Users/LMO/Downloads/Cooking-Ina-Ang-Sarap-1/CookingIna/target/classes/assets/textures/level6_locked.png
10:42:24.811 [JavaFX Application Thread] DEBUG FXGLAssetLoaderServi - Loading from file system: file:/C:/Users/LMO/Downloads/Cooking-Ina-Ang-Sarap-1/CookingIna/target/classes/assets/textures/level7_locked.png
10:42:24.821 [JavaFX Application Thread] DEBUG FXGLAssetLoaderServi - Loading from file system: file:/C:/Users/LMO/Downloads/Cooking-Ina-Ang-Sarap-1/CookingIna/target/classes/assets/textures/level8_locked.png
10:42:24.831 [JavaFX Application Thread] DEBUG FXGLAssetLoaderServi - Loading from file system: file:/C:/Users/LMO/Downloads/Cooking-Ina-Ang-Sarap-1/CookingIna/target/classes/assets/textures/level9_locked.png
10:42:24.841 [JavaFX Application Thread] DEBUG FXGLAssetLoaderServi - Loading from file system: file:/C:/Users/LMO/Downloads/Cooking-Ina-Ang-Sarap-1/CookingIna/target/classes/assets/textures/level10_locked.png
10:42:24.852 [JavaFX Application Thread] DEBUG PrimaryStageWindow   - Push state: LevelMenu
10:42:24.852 [JavaFX Application Thread] DEBUG Input                - Clearing active input actions
10:42:24.853 [JavaFX Application Thread] DEBUG GameApplicationServi - Removing overlay from MainMenu and adding to LevelMenu
10:42:24.853 [JavaFX Application Thread] DEBUG PrimaryStageWindow   - MainMenu -> LevelMenu
10:42:30.311 [JavaFX Application Thread] DEBUG GameApplicationServi - Starting new game
10:42:30.313 [JavaFX Application Thread] DEBUG PrimaryStageWindow   - Pop state: LevelMenu
10:42:30.313 [JavaFX Application Thread] DEBUG Input                - Clearing active input actions
10:42:30.313 [JavaFX Application Thread] DEBUG GameApplicationServi - Removing overlay from LevelMenu and adding to MainMenu
10:42:30.314 [JavaFX Application Thread] DEBUG PrimaryStageWindow   - MainMenu <- LevelMenu
10:42:30.314 [JavaFX Application Thread] DEBUG PrimaryStageWindow   - Pop state: MainMenu
10:42:30.314 [JavaFX Application Thread] DEBUG Input                - Clearing active input actions
10:42:30.315 [JavaFX Application Thread] DEBUG GameApplicationServi - Removing overlay from MainMenu and adding to LoginMenu
10:42:30.315 [JavaFX Application Thread] DEBUG PrimaryStageWindow   - LoginMenu <- MainMenu
10:42:30.315 [JavaFX Application Thread] DEBUG PrimaryStageWindow   - Pop state: LoginMenu
10:42:30.315 [JavaFX Application Thread] DEBUG Input                - Clearing active input actions
10:42:30.315 [JavaFX Application Thread] DEBUG GameApplicationServi - Removing overlay from LoginMenu and adding to SplashScene
10:42:30.317 [JavaFX Application Thread] DEBUG PrimaryStageWindow   - SplashScene <- LoginMenu
10:42:30.317 [JavaFX Application Thread] DEBUG PrimaryStageWindow   - Pop state: SplashScene
10:42:30.317 [JavaFX Application Thread] DEBUG Input                - Clearing active input actions
10:42:30.317 [JavaFX Application Thread] DEBUG GameApplicationServi - Removing overlay from SplashScene and adding to FXGLMainMenuDummyScene
10:42:30.317 [JavaFX Application Thread] DEBUG PrimaryStageWindow   - FXGLMainMenuDummyScene <- SplashScene
10:42:30.317 [JavaFX Application Thread] DEBUG Input                - Clearing active input actions
10:42:30.331 [JavaFX Application Thread] DEBUG GameApplicationServi - Removing overlay from FXGLMainMenuDummyScene and adding to FXGLLoadingScene
10:42:30.331 [JavaFX Application Thread] DEBUG PrimaryStageWindow   - FXGLMainMenuDummyScene -> FXGLLoadingScene
10:42:30.331 [JavaFX Application Thread] DEBUG GameApplicationServi - Clearing previous game
10:42:30.331 [JavaFX Application Thread] DEBUG GameScene            - Clearing game scene
10:42:30.331 [JavaFX Application Thread] DEBUG GameWorld            - Clearing game world
10:42:30.332 [JavaFX Application Thread] DEBUG PhysicsWorld         - Clearing physics world
10:42:30.334 [FXGL Background Thread 2 ] DEBUG FXGLApplication      - Initializing game
10:42:30.338 [FXGL Background Thread 2 ] DEBUG FXGLAssetLoaderServi - Loading from file system: file:/C:/Users/LMO/Downloads/Cooking-Ina-Ang-Sarap-1/CookingIna/target/classes/assets/textures/final_background.png
10:42:30.357 [JavaFX Application Thread] WARN  PrimaryStageWindow   - Cannot pop substate. Probably because substates are empty!
10:42:30.357 [JavaFX Application Thread] DEBUG LoopRunner           - Resuming loop
10:42:30.425 [FXGL Background Thread 2 ] DEBUG FXGLAssetLoaderServi - Loading from file system: file:/C:/Users/LMO/Downloads/Cooking-Ina-Ang-Sarap-1/CookingIna/target/classes/assets/textures/assets.png
10:42:30.479 [FXGL Background Thread 2 ] DEBUG FXGLAssetLoaderServi - Loading from file system: file:/C:/Users/LMO/Downloads/Cooking-Ina-Ang-Sarap-1/CookingIna/target/classes/assets/textures/frying_pan.png
10:42:30.518 [FXGL Background Thread 2 ] DEBUG FXGLAssetLoaderServi - Loading from file system: file:/C:/Users/LMO/Downloads/Cooking-Ina-Ang-Sarap-1/CookingIna/target/classes/assets/textures/papertray.png
10:42:30.548 [FXGL Background Thread 2 ] DEBUG FXGLAssetLoaderServi - Loading from file system: file:/C:/Users/LMO/Downloads/Cooking-Ina-Ang-Sarap-1/CookingIna/target/classes/assets/textures/papertray.png
10:42:30.571 [FXGL Background Thread 2 ] DEBUG FXGLAssetLoaderServi - Loading from file system: file:/C:/Users/LMO/Downloads/Cooking-Ina-Ang-Sarap-1/CookingIna/target/classes/assets/textures/ice_crusher.png
10:42:30.606 [FXGL Background Thread 2 ] DEBUG FXGLAssetLoaderServi - Loading from file system: file:/C:/Users/LMO/Downloads/Cooking-Ina-Ang-Sarap-1/CookingIna/target/classes/assets/textures/rawHotdog_container.png
10:42:30.621 [FXGL Background Thread 2 ] DEBUG FXGLAssetLoaderServi - Loading from file system: file:/C:/Users/LMO/Downloads/Cooking-Ina-Ang-Sarap-1/CookingIna/target/classes/assets/textures/orangeJuice_dispenser.png
10:42:30.632 [FXGL Background Thread 2 ] DEBUG FXGLAssetLoaderServi - Loading from file system: file:/C:/Users/LMO/Downloads/Cooking-Ina-Ang-Sarap-1/CookingIna/target/classes/assets/textures/orangeJuice_dispenser.png
10:42:30.644 [FXGL Background Thread 2 ] DEBUG FXGLAssetLoaderServi - Loading from file system: file:/C:/Users/LMO/Downloads/Cooking-Ina-Ang-Sarap-1/CookingIna/target/classes/assets/textures/rawQuekquek_container.png
10:42:30.658 [FXGL Background Thread 2 ] DEBUG FXGLAssetLoaderServi - Loading from file system: file:/C:/Users/LMO/Downloads/Cooking-Ina-Ang-Sarap-1/CookingIna/target/classes/assets/textures/bukoJuice_dispenser.png
10:42:30.668 [FXGL Background Thread 2 ] DEBUG FXGLAssetLoaderServi - Loading from file system: file:/C:/Users/LMO/Downloads/Cooking-Ina-Ang-Sarap-1/CookingIna/target/classes/assets/textures/bukoJuice_dispenser.png
10:42:30.680 [FXGL Background Thread 2 ] DEBUG FXGLAssetLoaderServi - Loading from file system: file:/C:/Users/LMO/Downloads/Cooking-Ina-Ang-Sarap-1/CookingIna/target/classes/assets/textures/rawTempura_container.png
10:42:30.695 [FXGL Background Thread 2 ] DEBUG FXGLAssetLoaderServi - Loading from file system: file:/C:/Users/LMO/Downloads/Cooking-Ina-Ang-Sarap-1/CookingIna/target/classes/assets/textures/calamansiJuice_dispenser.png
10:42:30.704 [FXGL Background Thread 2 ] DEBUG FXGLAssetLoaderServi - Loading from file system: file:/C:/Users/LMO/Downloads/Cooking-Ina-Ang-Sarap-1/CookingIna/target/classes/assets/textures/calamansiJuice_dispenser.png
10:42:30.723 [FXGL Background Thread 2 ] DEBUG FXGLAssetLoaderServi - Loading from file system: file:/C:/Users/LMO/Downloads/Cooking-Ina-Ang-Sarap-1/CookingIna/target/classes/assets/textures/manga_basket.png
10:42:30.769 [FXGL Background Thread 2 ] DEBUG FXGLAssetLoaderServi - Loading from file system: file:/C:/Users/LMO/Downloads/Cooking-Ina-Ang-Sarap-1/CookingIna/target/classes/assets/textures/trash_open.png
10:42:30.795 [FXGL Background Thread 2 ] DEBUG FXGLAssetLoaderServi - Loading from file system: file:/C:/Users/LMO/Downloads/Cooking-Ina-Ang-Sarap-1/CookingIna/target/classes/assets/textures/cucumberGarnish_container.png
10:42:30.812 [FXGL Background Thread 2 ] DEBUG FXGLAssetLoaderServi - Loading from file system: file:/C:/Users/LMO/Downloads/Cooking-Ina-Ang-Sarap-1/CookingIna/target/classes/assets/textures/gusoGarnish_container.png
10:42:30.831 [FXGL Background Thread 2 ] DEBUG FXGLAssetLoaderServi - Loading from file system: file:/C:/Users/LMO/Downloads/Cooking-Ina-Ang-Sarap-1/CookingIna/target/classes/assets/textures/spicy_sauce.png
10:42:30.839 [FXGL Background Thread 2 ] DEBUG FXGLAssetLoaderServi - Loading from file system: file:/C:/Users/LMO/Downloads/Cooking-Ina-Ang-Sarap-1/CookingIna/target/classes/assets/textures/sweet_sauce.png
10:42:30.851 [FXGL Background Thread 2 ] INFO  FXGLApplication      - Game initialization took: 0.517 sec
10:42:30.851 [JavaFX Application Thread] DEBUG Input                - Clearing active input actions
10:42:30.856 [JavaFX Application Thread] DEBUG GameApplicationServi - Removing overlay from FXGLLoadingScene and adding to GameScene
10:42:30.857 [JavaFX Application Thread] DEBUG PrimaryStageWindow   - FXGLLoadingScene -> GameScene
10:42:32.029 [JavaFX Application Thread] DEBUG FXGLAssetLoaderServi - Loading from file system: file:/C:/Users/LMO/Downloads/Cooking-Ina-Ang-Sarap-1/CookingIna/target/classes/assets/textures/raw_tempura.png
10:42:32.727 [JavaFX Application Thread] DEBUG FXGLAssetLoaderServi - Loading from file system: file:/C:/Users/LMO/Downloads/Cooking-Ina-Ang-Sarap-1/CookingIna/target/classes/assets/textures/raw_quekquek.png
10:42:33.259 [JavaFX Application Thread] DEBUG FXGLAssetLoaderServi - Loading from file system: file:/C:/Users/LMO/Downloads/Cooking-Ina-Ang-Sarap-1/CookingIna/target/classes/assets/textures/customer_image.png
10:42:34.033 [JavaFX Application Thread] DEBUG FXGLAssetLoaderServi - Loading from file system: file:/C:/Users/LMO/Downloads/Cooking-Ina-Ang-Sarap-1/CookingIna/target/classes/assets/textures/raw_hotdog.png
10:42:35.291 [JavaFX Application Thread] DEBUG FXGLAssetLoaderServi - Loading from file system: file:/C:/Users/LMO/Downloads/Cooking-Ina-Ang-Sarap-1/CookingIna/target/classes/assets/textures/orangeJuice_finishedProduct.png
10:42:35.632 [JavaFX Application Thread] DEBUG FXGLAssetLoaderServi - Loading from file system: file:/C:/Users/LMO/Downloads/Cooking-Ina-Ang-Sarap-1/CookingIna/target/classes/assets/textures/bukoJuice_finishedProduct.png
10:42:36.080 [JavaFX Application Thread] DEBUG FXGLAssetLoaderServi - Loading from file system: file:/C:/Users/LMO/Downloads/Cooking-Ina-Ang-Sarap-1/CookingIna/target/classes/assets/textures/calamansiJuice_finishedProduct.png
10:42:36.793 [JavaFX Application Thread] DEBUG FXGLAssetLoaderServi - Loading from file system: file:/C:/Users/LMO/Downloads/Cooking-Ina-Ang-Sarap-1/CookingIna/target/classes/assets/textures/raw_mango.png
10:42:37.702 [JavaFX Application Thread] WARN  FXGL.ProgressBar     - Current value > max value. Setting max value as current
10:42:37.706 [JavaFX Application Thread] DEBUG FXGLAssetLoaderServi - Loading from file system: file:/C:/Users/LMO/Downloads/Cooking-Ina-Ang-Sarap-1/CookingIna/target/classes/assets/textures/cooked_quekquek.png
10:42:37.754 [JavaFX Application Thread] WARN  Entity               - Entity already has component: com.almasb.fxgl.dsl.components.DraggableComponent
10:42:37.829 [JavaFX Application Thread] WARN  FXGL.ProgressBar     - Current value > max value. Setting max value as current
10:42:37.831 [JavaFX Application Thread] WARN  Entity               - Entity already has component: com.almasb.fxgl.dsl.components.DraggableComponent
10:42:38.091 [JavaFX Application Thread] DEBUG FXGLAssetLoaderServi - Loading from file system: file:/C:/Users/LMO/Downloads/Cooking-Ina-Ang-Sarap-1/CookingIna/target/classes/assets/textures/glass_with_ice.png
10:42:39.014 [JavaFX Application Thread] WARN  FXGL.ProgressBar     - Current value > max value. Setting max value as current
10:42:39.016 [JavaFX Application Thread] DEBUG FXGLAssetLoaderServi - Loading from file system: file:/C:/Users/LMO/Downloads/Cooking-Ina-Ang-Sarap-1/CookingIna/target/classes/assets/textures/cooked_hotdog.png
10:42:39.033 [JavaFX Application Thread] WARN  Entity               - Entity already has component: com.almasb.fxgl.dsl.components.DraggableComponent
10:42:39.238 [JavaFX Application Thread] WARN  FXGL.ProgressBar     - Current value > max value. Setting max value as current
10:42:39.241 [JavaFX Application Thread] WARN  Entity               - Entity already has component: com.almasb.fxgl.dsl.components.DraggableComponent
10:42:40.293 [JavaFX Application Thread] WARN  FXGL.ProgressBar     - Current value > max value. Setting max value as current
10:42:40.297 [JavaFX Application Thread] WARN  Entity               - Entity already has component: com.almasb.fxgl.entity.components.CollidableComponent
10:42:40.297 [JavaFX Application Thread] WARN  Entity               - Entity already has component: com.almasb.fxgl.dsl.components.DraggableComponent
10:42:40.630 [JavaFX Application Thread] WARN  FXGL.ProgressBar     - Current value > max value. Setting max value as current
10:42:40.633 [JavaFX Application Thread] WARN  Entity               - Entity already has component: com.almasb.fxgl.entity.components.CollidableComponent
10:42:40.634 [JavaFX Application Thread] WARN  Entity               - Entity already has component: com.almasb.fxgl.dsl.components.DraggableComponent
10:42:41.077 [JavaFX Application Thread] WARN  FXGL.ProgressBar     - Current value > max value. Setting max value as current
10:42:41.079 [JavaFX Application Thread] WARN  Entity               - Entity already has component: com.almasb.fxgl.entity.components.CollidableComponent
10:42:41.079 [JavaFX Application Thread] WARN  Entity               - Entity already has component: com.almasb.fxgl.dsl.components.DraggableComponent
10:42:41.797 [JavaFX Application Thread] WARN  FXGL.ProgressBar     - Current value > max value. Setting max value as current
10:42:41.800 [JavaFX Application Thread] DEBUG FXGLAssetLoaderServi - Loading from file system: file:/C:/Users/LMO/Downloads/Cooking-Ina-Ang-Sarap-1/CookingIna/target/classes/assets/textures/mango_ready.png
10:42:41.836 [JavaFX Application Thread] WARN  Entity               - Entity already has component: com.almasb.fxgl.dsl.components.DraggableComponent
10:42:41.973 [JavaFX Application Thread] WARN  FXGL.ProgressBar     - Current value > max value. Setting max value as current
10:42:41.977 [JavaFX Application Thread] WARN  Entity               - Entity already has component: com.almasb.fxgl.dsl.components.DraggableComponent
10:42:42.021 [JavaFX Application Thread] WARN  FXGL.ProgressBar     - Current value > max value. Setting max value as current
10:42:42.023 [JavaFX Application Thread] DEBUG FXGLAssetLoaderServi - Loading from file system: file:/C:/Users/LMO/Downloads/Cooking-Ina-Ang-Sarap-1/CookingIna/target/classes/assets/textures/cooked_tempura.png
10:42:42.047 [JavaFX Application Thread] WARN  Entity               - Entity already has component: com.almasb.fxgl.dsl.components.DraggableComponent
10:42:42.150 [JavaFX Application Thread] WARN  FXGL.ProgressBar     - Current value > max value. Setting max value as current
10:42:42.152 [JavaFX Application Thread] WARN  Entity               - Entity already has component: com.almasb.fxgl.dsl.components.DraggableComponent
10:42:42.166 [JavaFX Application Thread] WARN  FXGL.ProgressBar     - Current value > max value. Setting max value as current
10:42:42.169 [JavaFX Application Thread] WARN  Entity               - Entity already has component: com.almasb.fxgl.dsl.components.DraggableComponent
10:42:42.423 [JavaFX Application Thread] DEBUG FXGLAssetLoaderServi - Loading from file system: file:/C:/Users/LMO/Downloads/Cooking-Ina-Ang-Sarap-1/CookingIna/target/classes/assets/textures/cooked_hotdog.png
10:42:42.440 [JavaFX Application Thread] DEBUG FXGLAssetLoaderServi - Loading from file system: file:/C:/Users/LMO/Downloads/Cooking-Ina-Ang-Sarap-1/CookingIna/target/classes/assets/textures/cooked_tempura.png
10:42:42.838 [JavaFX Application Thread] DEBUG FXGLAssetLoaderServi - Loading from file system: file:/C:/Users/LMO/Downloads/Cooking-Ina-Ang-Sarap-1/CookingIna/target/classes/assets/textures/papertray_cooked_hotdog.png
10:42:43.061 [JavaFX Application Thread] WARN  FXGL.ProgressBar     - Current value > max value. Setting max value as current
10:42:43.064 [JavaFX Application Thread] DEBUG FXGLAssetLoaderServi - Loading from file system: file:/C:/Users/LMO/Downloads/Cooking-Ina-Ang-Sarap-1/CookingIna/target/classes/assets/textures/halo_halo.png
10:42:43.100 [JavaFX Application Thread] WARN  Entity               - Entity already has component: com.almasb.fxgl.dsl.components.DraggableComponent
10:42:43.253 [JavaFX Application Thread] WARN  FXGL.ProgressBar     - Current value > max value. Setting max value as current
10:42:43.258 [JavaFX Application Thread] WARN  Entity               - Entity already has component: com.almasb.fxgl.dsl.components.DraggableComponent
10:42:43.509 [JavaFX Application Thread] WARN  FXGL.ProgressBar     - Current value > max value. Setting max value as current
10:42:43.510 [JavaFX Application Thread] WARN  Entity               - Entity already has component: com.almasb.fxgl.dsl.components.DraggableComponent
10:42:44.486 [JavaFX Application Thread] DEBUG FXGLAssetLoaderServi - Loading from file system: file:/C:/Users/LMO/Downloads/Cooking-Ina-Ang-Sarap-1/CookingIna/target/classes/assets/textures/papertray_cooked_quekquek.png
10:42:44.614 [JavaFX Application Thread] DEBUG FXGLAssetLoaderServi - Loading from file system: file:/C:/Users/LMO/Downloads/Cooking-Ina-Ang-Sarap-1/CookingIna/target/classes/assets/textures/halo_halo.png
10:42:48.983 [JavaFX Application Thread] DEBUG FXGLAssetLoaderServi - Loading from file system: file:/C:/Users/LMO/Downloads/Cooking-Ina-Ang-Sarap-1/CookingIna/target/classes/assets/textures/papertray.png
10:42:49.815 [JavaFX Application Thread] DEBUG FXGLAssetLoaderServi - Loading from file system: file:/C:/Users/LMO/Downloads/Cooking-Ina-Ang-Sarap-1/CookingIna/target/classes/assets/textures/cooked_quekquek.png
10:42:49.846 [JavaFX Application Thread] DEBUG FXGLAssetLoaderServi - Loading from file system: file:/C:/Users/LMO/Downloads/Cooking-Ina-Ang-Sarap-1/CookingIna/target/classes/assets/textures/bukojuice_finishedproduct.png
10:42:51.461 [JavaFX Application Thread] DEBUG FXGLAssetLoaderServi - Loading from file system: file:/C:/Users/LMO/Downloads/Cooking-Ina-Ang-Sarap-1/CookingIna/target/classes/assets/textures/papertray_cooked_tempura.png
10:43:03.510 [JavaFX Application Thread] DEBUG FXGLAssetLoaderServi - Loading from file system: file:/C:/Users/LMO/Downloads/Cooking-Ina-Ang-Sarap-1/CookingIna/target/classes/assets/textures/calamansijuice_finishedproduct.png
10:43:04.821 [JavaFX Application Thread] WARN  FXGL.ProgressBar     - Current value > max value. Setting max value as current
10:43:06.083 [JavaFX Application Thread] DEBUG PrimaryStageWindow   - Push state: GameOverMenu
10:43:06.083 [JavaFX Application Thread] DEBUG Input                - Clearing active input actions
10:43:06.084 [JavaFX Application Thread] DEBUG GameApplicationServi - Removing overlay from GameScene and adding to GameOverMenu
10:43:06.085 [JavaFX Application Thread] DEBUG PrimaryStageWindow   - GameScene -> GameOverMenu
10:43:06.087 [JavaFX Application Thread] DEBUG LoopRunner           - Pausing loop
10:43:06.087 [JavaFX Application Thread] WARN  GameWorld            - Attempted to remove entity which is not active
10:43:11.083 [JavaFX Application Thread] DEBUG GameApplicationServi - Starting new game
10:43:11.083 [JavaFX Application Thread] DEBUG PrimaryStageWindow   - Pop state: GameOverMenu
10:43:11.083 [JavaFX Application Thread] DEBUG Input                - Clearing active input actions
10:43:11.083 [JavaFX Application Thread] DEBUG GameApplicationServi - Removing overlay from GameOverMenu and adding to GameScene
10:43:11.083 [JavaFX Application Thread] DEBUG PrimaryStageWindow   - GameScene <- GameOverMenu
10:43:11.083 [JavaFX Application Thread] DEBUG Input                - Clearing active input actions
10:43:11.093 [JavaFX Application Thread] DEBUG GameApplicationServi - Removing overlay from GameScene and adding to FXGLLoadingScene
10:43:11.093 [JavaFX Application Thread] DEBUG PrimaryStageWindow   - GameScene -> FXGLLoadingScene
10:43:11.093 [JavaFX Application Thread] DEBUG GameApplicationServi - Clearing previous game
10:43:11.093 [JavaFX Application Thread] DEBUG GameScene            - Clearing game scene
10:43:11.093 [JavaFX Application Thread] DEBUG GameWorld            - Clearing game world
10:43:11.095 [JavaFX Application Thread] DEBUG PhysicsWorld         - Clearing physics world
10:43:11.096 [FXGL Background Thread 2 ] DEBUG FXGLApplication      - Initializing game
10:43:11.097 [JavaFX Application Thread] WARN  PrimaryStageWindow   - Cannot pop substate. Probably because substates are empty!
10:43:11.097 [JavaFX Application Thread] DEBUG LoopRunner           - Resuming loop
10:43:11.098 [JavaFX Application Thread] DEBUG LoopRunner           - Stopping loop
10:43:11.102 [JavaFX Application Thread] FATAL FXGLApplication      - Uncaught Exception:
java.lang.NullPointerException: Cannot invoke "com.almasb.fxgl.entity.Entity.translateX(double)" because "this.entity" is null
	at com.example.cookingina/customers.CustomerComponent.lambda$onAdded$0(CustomerComponent.java:39)
	at javafx.graphics@20/com.sun.javafx.application.PlatformImpl.lambda$runLater$10(PlatformImpl.java:456)
	at java.base/java.security.AccessController.doPrivileged(AccessController.java:400)
	at javafx.graphics@20/com.sun.javafx.application.PlatformImpl.lambda$runLater$11(PlatformImpl.java:455)
	at javafx.graphics@20/com.sun.glass.ui.InvokeLaterDispatcher$Future.run(InvokeLaterDispatcher.java:95)
	at javafx.graphics@20/com.sun.glass.ui.win.WinApplication._runLoop(Native Method)
	at javafx.graphics@20/com.sun.glass.ui.win.WinApplication.lambda$runLoop$3(WinApplication.java:185)
	at java.base/java.lang.Thread.run(Thread.java:1583)

10:43:11.102 [JavaFX Application Thread] FATAL FXGLApplication      - Application will now exit
10:43:11.120 [JavaFX Application Thread] DEBUG PrimaryStageWindow   - Push state: ErrorSubScene
10:43:11.120 [JavaFX Application Thread] DEBUG Input                - Clearing active input actions
10:43:11.122 [JavaFX Application Thread] DEBUG GameApplicationServi - Removing overlay from FXGLLoadingScene and adding to ErrorSubScene
10:43:11.122 [JavaFX Application Thread] DEBUG PrimaryStageWindow   - FXGLLoadingScene -> ErrorSubScene
10:43:11.123 [FXGL Background Thread 2 ] INFO  FXGLApplication      - Game initialization took: 0.027 sec
10:43:11.195 [JavaFX Application Thread] DEBUG PrimaryStageWindow   - Pop state: ErrorSubScene
10:43:11.195 [JavaFX Application Thread] DEBUG Input                - Clearing active input actions
10:43:11.195 [JavaFX Application Thread] DEBUG GameApplicationServi - Removing overlay from ErrorSubScene and adding to FXGLLoadingScene
10:43:11.195 [JavaFX Application Thread] DEBUG PrimaryStageWindow   - FXGLLoadingScene <- ErrorSubScene
10:43:11.195 [JavaFX Application Thread] DEBUG Input                - Clearing active input actions
10:43:11.203 [JavaFX Application Thread] DEBUG GameApplicationServi - Removing overlay from FXGLLoadingScene and adding to GameScene
10:43:11.204 [JavaFX Application Thread] DEBUG PrimaryStageWindow   - FXGLLoadingScene -> GameScene
10:43:21.904 [JavaFX Application Thread] DEBUG PrimaryStageWindow   - Push state: FXGLDefaultMenu
10:43:21.909 [JavaFX Application Thread] DEBUG Input                - Clearing active input actions
10:43:21.910 [JavaFX Application Thread] DEBUG GameApplicationServi - Removing overlay from GameScene and adding to FXGLDefaultMenu
10:43:21.910 [JavaFX Application Thread] DEBUG PrimaryStageWindow   - GameScene -> FXGLDefaultMenu
10:43:24.218 [JavaFX Application Thread] DEBUG PrimaryStageWindow   - Pop state: FXGLDefaultMenu
10:43:24.218 [JavaFX Application Thread] DEBUG Input                - Clearing active input actions
10:43:24.219 [JavaFX Application Thread] DEBUG GameApplicationServi - Removing overlay from FXGLDefaultMenu and adding to GameScene
10:43:24.219 [JavaFX Application Thread] DEBUG PrimaryStageWindow   - GameScene <- FXGLDefaultMenu
10:43:24.729 [JavaFX Application Thread] DEBUG PrimaryStageWindow   - Push state: FXGLDefaultMenu
10:43:24.729 [JavaFX Application Thread] DEBUG Input                - Clearing active input actions
10:43:24.730 [JavaFX Application Thread] DEBUG GameApplicationServi - Removing overlay from GameScene and adding to FXGLDefaultMenu
10:43:24.730 [JavaFX Application Thread] DEBUG PrimaryStageWindow   - GameScene -> FXGLDefaultMenu
10:43:25.979 [JavaFX Application Thread] DEBUG PrimaryStageWindow   - Pop state: FXGLDefaultMenu
10:43:25.979 [JavaFX Application Thread] DEBUG Input                - Clearing active input actions
10:43:25.979 [JavaFX Application Thread] DEBUG GameApplicationServi - Removing overlay from FXGLDefaultMenu and adding to GameScene
10:43:25.979 [JavaFX Application Thread] DEBUG PrimaryStageWindow   - GameScene <- FXGLDefaultMenu
10:43:29.401 [JavaFX Application Thread] DEBUG FXGLApplication      - Exiting FXGL
10:43:29.401 [JavaFX Application Thread] DEBUG Async                - Shutting down background threads
10:43:29.401 [JavaFX Application Thread] DEBUG PrimaryStageWindow   - Closing main window
10:43:29.486 [JavaFX Application Thread] DEBUG Logger               - Closing Logger
