21:11:09.704 [main                     ] DEBUG Logger               - Configured Logger
21:11:09.735 [main                     ] DEBUG GameApplication      - Logging settings
Title: CookingIna
Version: 0.1
Width: 1920
Height: 1080
Fullscreen: true
Intro: false
Profiling: false
Single step:false
App Mode: DEVELOPER
Menu Key: ESCAPE
Stage Style: DECORATED
Scene Factory: class com.example.cookingina.CookingInaMain$1

21:11:10.124 [JavaFX Application Thread] DEBUG FXGLApplication      - Initializing FXGL
21:11:10.128 [JavaFX Application Thread] INFO  Engine               - FXGL-17.2 (20.08.2022 16.50) on WINDOWS (J:21.0.6 FX:20)
21:11:10.128 [JavaFX Application Thread] DEBUG Engine               - JRE Vendor Name: Amazon.com Inc.
21:11:10.128 [JavaFX Application Thread] DEBUG Engine               - Running on OS: Windows 11 version 10.0
21:11:10.128 [JavaFX Application Thread] DEBUG Engine               - Architecture: amd64
21:11:10.128 [JavaFX Application Thread] INFO  Engine               - Source code and latest versions at: https://github.com/AlmasB/FXGL
21:11:10.128 [JavaFX Application Thread] INFO  Engine               -       Ask questions and discuss at: https://github.com/AlmasB/FXGL/discussions
21:11:10.129 [JavaFX Application Thread] INFO  Engine               -              Join the FXGL chat at: https://gitter.im/AlmasB/FXGL
21:11:10.205 [JavaFX Application Thread] DEBUG PrimaryStageWindow   - Creating a JavaFX scene
21:11:10.206 [JavaFX Application Thread] DEBUG PrimaryStageWindow   - Target size > screen size
21:11:10.243 [JavaFX Application Thread] DEBUG PrimaryStageWindow   - Target settings size: 1920.0 x 1080.0
21:11:10.244 [JavaFX Application Thread] DEBUG PrimaryStageWindow   - Scaled scene size:    1511.0 x 864.0
21:11:10.244 [JavaFX Application Thread] DEBUG PrimaryStageWindow   - Scaled ratio: (0.7869791666666667, 0.8)
21:11:10.244 [JavaFX Application Thread] DEBUG PrimaryStageWindow   - Set initial scene to FXGLStartupScene
21:11:10.249 [JavaFX Application Thread] DEBUG PrimaryStageWindow   - Opening main window
21:11:10.339 [JavaFX Application Thread] DEBUG PrimaryStageWindow   - Window border size: (14.5999755859375, 37.5999755859375)
21:11:10.340 [JavaFX Application Thread] DEBUG PrimaryStageWindow   - Scaled size: 1511.0 x 864.0
21:11:10.340 [JavaFX Application Thread] DEBUG PrimaryStageWindow   - Scaled ratio: (0.7869791666666667, 0.8)
21:11:10.340 [JavaFX Application Thread] DEBUG PrimaryStageWindow   - Scene size: 1511.0 x 864.0
21:11:10.340 [JavaFX Application Thread] DEBUG PrimaryStageWindow   - Stage size: 1525.5999755859375 x 901.5999755859375
21:11:10.394 [JavaFX Application Thread] DEBUG PrimaryStageWindow   - Going fullscreen
21:11:10.404 [FXGL Background Thread 1 ] DEBUG Engine               - Initializing environment variables
21:11:10.454 [FXGL Background Thread 1 ] DEBUG FXGLAssetLoaderServi - User app class for loading assets: class com.example.cookingina.CookingInaMain
21:11:10.455 [FXGL Background Thread 1 ] DEBUG GameApplicationServi - Applying CSS: fxgl_dark.css
21:11:10.456 [FXGL Background Thread 1 ] DEBUG FXGLAssetLoaderServi - Loading from file system: jar:file:///C:/Users/LMO/.m2/repository/com/github/almasb/fxgl/17.2/fxgl-17.2.jar!/fxglassets/ui/css/fxgl_dark.css
21:11:10.500 [FXGL Background Thread 1 ] DEBUG GameApplicationServi - Initializing application scenes
21:11:10.549 [FXGL Background Thread 1 ] DEBUG GameWorld            - Game world initialized
21:11:10.622 [FXGL Background Thread 1 ] DEBUG PhysicsWorld         - Physics world initialized: appHeight=1080, physics.ppm=50.0
21:11:10.623 [FXGL Background Thread 1 ] DEBUG PhysicsWorld         - Using strategy: BRUTE_FORCE
21:11:10.629 [FXGL Background Thread 1 ] DEBUG GameScene            - Game scene initialized: 1920x1080
21:11:10.643 [FXGL Background Thread 1 ] DEBUG FXGL.DefaultMenu     - createMenuBodyGameMenu()
21:11:10.651 [FXGL Background Thread 1 ] DEBUG FXGL.DefaultMenu     - createOptionsMenu()
21:11:10.657 [FXGL Background Thread 1 ] DEBUG FXGLAssetLoaderServi - Loading from file system: jar:file:///C:/Users/LMO/.m2/repository/com/github/almasb/fxgl/17.2/fxgl-17.2.jar!/fxglassets/textures/particles/smoke.png
21:11:10.744 [FXGL Background Thread 1 ] DEBUG FXGLAssetLoaderServi - Loading from file system: jar:file:///C:/Users/LMO/.m2/repository/com/github/almasb/fxgl/17.2/fxgl-17.2.jar!/fxglassets/textures/particles/trace_horizontal.png
21:11:10.775 [FXGL Background Thread 1 ] DEBUG GameApplicationServi - Application scenes initialized
21:11:10.790 [FXGL Background Thread 1 ] DEBUG SystemBundleService  - Loading FXGL system data
21:11:10.794 [FXGL Background Thread 1 ] DEBUG FileSystemAccess     - Reading from: C:\Users\LMO\Downloads\Cooking-Ina-Ang-Sarap-1\system\fxgl.bundle
21:11:10.802 [FXGL Background Thread 1 ] DEBUG SystemBundleService  - Bundle FXGL: {}
21:11:10.802 [FXGL Background Thread 1 ] DEBUG UpdaterService       - Checking for updates
21:11:10.805 [FXGL Background Thread 1 ] DEBUG FXGLApplication      - Loading default localization
21:11:10.805 [FXGL Background Thread 4 ] DEBUG FXGLApplication      - Loading fonts
21:11:10.806 [FXGL Background Thread 1 ] DEBUG FXGLAssetLoaderServi - Loading from file system: jar:file:///C:/Users/LMO/.m2/repository/com/github/almasb/fxgl/17.2/fxgl-17.2.jar!/fxglassets/languages/english.lang
21:11:10.806 [FXGL Background Thread 4 ] DEBUG FXGLAssetLoaderServi - Loading from file system: jar:file:///C:/Users/LMO/.m2/repository/com/github/almasb/fxgl/17.2/fxgl-17.2.jar!/fxglassets/ui/fonts/VarelaRound-Regular.ttf
21:11:10.840 [FXGL Background Thread 1 ] INFO  FXGLApplication      - FXGL initialization took: 0.435 sec
21:11:10.851 [JavaFX Application Thread] DEBUG Input                - Registered new binding: Toggle debug - F1
21:11:10.851 [JavaFX Application Thread] DEBUG FXGLAssetLoaderServi - Loading from file system: jar:file:///C:/Users/LMO/.m2/repository/com/github/almasb/fxgl/17.2/fxgl-17.2.jar!/fxglassets/textures/fxgl_icon.png
21:11:10.854 [FXGL Background Thread 4 ] DEBUG FXGLAssetLoaderServi - Loading from file system: jar:file:///C:/Users/LMO/.m2/repository/com/github/almasb/fxgl/17.2/fxgl-17.2.jar!/fxglassets/ui/fonts/Abel-Regular.ttf
21:11:10.870 [FXGL Background Thread 4 ] DEBUG FXGLAssetLoaderServi - Loading from file system: jar:file:///C:/Users/LMO/.m2/repository/com/github/almasb/fxgl/17.2/fxgl-17.2.jar!/fxglassets/ui/fonts/TerminalLandMono-Regular.otf
21:11:10.873 [JavaFX Application Thread] DEBUG FXGLAssetLoaderServi - Loading from file system: jar:file:///C:/Users/LMO/.m2/repository/com/github/almasb/fxgl/17.2/fxgl-17.2.jar!/fxglassets/textures/fxgl_default_cursor.png
21:11:10.876 [JavaFX Application Thread] DEBUG Input                - Registered new binding: Screenshot - CTRL+8
21:11:10.877 [JavaFX Application Thread] DEBUG Input                - Registered new binding: System info dump - CTRL+9
21:11:10.878 [JavaFX Application Thread] DEBUG Input                - Registered new binding: Restart - CTRL+R
21:11:10.879 [JavaFX Application Thread] DEBUG Input                - Registered new binding: Toggle Debug Camera - CTRL+7
21:11:10.882 [JavaFX Application Thread] DEBUG LoopRunner           - Starting loop
21:11:10.882 [JavaFX Application Thread] DEBUG LoopRunner           - Initializing JavaFX AnimationTimerLoop
21:11:10.887 [FXGL Background Thread 4 ] DEBUG FXGLAssetLoaderServi - Loading from file system: jar:file:///C:/Users/LMO/.m2/repository/com/github/almasb/fxgl/17.2/fxgl-17.2.jar!/fxglassets/ui/fonts/Courier-Prime.ttf
21:11:10.887 [JavaFX Application Thread] DEBUG Input                - Clearing active input actions
21:11:10.897 [JavaFX Application Thread] DEBUG GameApplicationServi - Removing overlay from FXGLStartupScene and adding to FXGLMainMenuDummyScene
21:11:10.898 [JavaFX Application Thread] DEBUG PrimaryStageWindow   - FXGLStartupScene -> FXGLMainMenuDummyScene
21:11:10.898 [JavaFX Application Thread] DEBUG PrimaryStageWindow   - Push state: MainMenu
21:11:10.898 [JavaFX Application Thread] DEBUG Input                - Clearing active input actions
21:11:10.904 [JavaFX Application Thread] DEBUG GameApplicationServi - Removing overlay from FXGLMainMenuDummyScene and adding to MainMenu
21:11:10.906 [JavaFX Application Thread] DEBUG PrimaryStageWindow   - FXGLMainMenuDummyScene -> MainMenu
21:11:10.978 [JavaFX Application Thread] DEBUG FXGLApplication      - Registering font factories with UI factory
21:11:11.393 [FXGL Background Thread 2 ] INFO  UpdaterService       - Your current version:  17.2
21:11:11.393 [FXGL Background Thread 2 ] INFO  UpdaterService       - Latest stable version: 21.1
21:11:12.303 [JavaFX Application Thread] DEBUG GameApplicationServi - Starting new game
21:11:12.304 [JavaFX Application Thread] DEBUG PrimaryStageWindow   - Pop state: MainMenu
21:11:12.304 [JavaFX Application Thread] DEBUG Input                - Clearing active input actions
21:11:12.306 [JavaFX Application Thread] DEBUG GameApplicationServi - Removing overlay from MainMenu and adding to FXGLMainMenuDummyScene
21:11:12.307 [JavaFX Application Thread] DEBUG PrimaryStageWindow   - FXGLMainMenuDummyScene <- MainMenu
21:11:12.308 [JavaFX Application Thread] DEBUG Input                - Clearing active input actions
21:11:12.330 [JavaFX Application Thread] DEBUG GameApplicationServi - Removing overlay from FXGLMainMenuDummyScene and adding to FXGLLoadingScene
21:11:12.331 [JavaFX Application Thread] DEBUG PrimaryStageWindow   - FXGLMainMenuDummyScene -> FXGLLoadingScene
21:11:12.331 [JavaFX Application Thread] DEBUG GameApplicationServi - Clearing previous game
21:11:12.332 [JavaFX Application Thread] DEBUG GameScene            - Clearing game scene
21:11:12.332 [JavaFX Application Thread] DEBUG GameWorld            - Clearing game world
21:11:12.332 [JavaFX Application Thread] DEBUG PhysicsWorld         - Clearing physics world
21:11:12.336 [FXGL Background Thread 2 ] DEBUG FXGLApplication      - Initializing game
21:11:12.341 [FXGL Background Thread 2 ] DEBUG FXGLAssetLoaderServi - Loading from file system: file:/C:/Users/LMO/Downloads/Cooking-Ina-Ang-Sarap-1/CookingIna/target/classes/assets/textures/final_background.png
21:11:12.368 [JavaFX Application Thread] WARN  PrimaryStageWindow   - Cannot pop substate. Probably because substates are empty!
21:11:12.368 [JavaFX Application Thread] DEBUG LoopRunner           - Resuming loop
21:11:12.429 [FXGL Background Thread 2 ] DEBUG FXGLAssetLoaderServi - Loading from file system: file:/C:/Users/LMO/Downloads/Cooking-Ina-Ang-Sarap-1/CookingIna/target/classes/assets/textures/assets.png
21:11:12.466 [FXGL Background Thread 2 ] DEBUG FXGLAssetLoaderServi - Loading from file system: file:/C:/Users/LMO/Downloads/Cooking-Ina-Ang-Sarap-1/CookingIna/target/classes/assets/textures/frying_pan.png
21:11:12.514 [FXGL Background Thread 2 ] DEBUG FXGLAssetLoaderServi - Loading from file system: file:/C:/Users/LMO/Downloads/Cooking-Ina-Ang-Sarap-1/CookingIna/target/classes/assets/textures/papertray.png
21:11:12.547 [FXGL Background Thread 2 ] DEBUG FXGLAssetLoaderServi - Loading from file system: file:/C:/Users/LMO/Downloads/Cooking-Ina-Ang-Sarap-1/CookingIna/target/classes/assets/textures/papertray.png
21:11:12.581 [FXGL Background Thread 2 ] DEBUG FXGLAssetLoaderServi - Loading from file system: file:/C:/Users/LMO/Downloads/Cooking-Ina-Ang-Sarap-1/CookingIna/target/classes/assets/textures/rawQuekquek_container.png
21:11:12.600 [FXGL Background Thread 2 ] DEBUG FXGLAssetLoaderServi - Loading from file system: file:/C:/Users/LMO/Downloads/Cooking-Ina-Ang-Sarap-1/CookingIna/target/classes/assets/textures/rawHotdog_container.png
21:11:12.618 [FXGL Background Thread 2 ] DEBUG FXGLAssetLoaderServi - Loading from file system: file:/C:/Users/LMO/Downloads/Cooking-Ina-Ang-Sarap-1/CookingIna/target/classes/assets/textures/rawTempura_container.png
21:11:12.640 [FXGL Background Thread 2 ] DEBUG FXGLAssetLoaderServi - Loading from file system: file:/C:/Users/LMO/Downloads/Cooking-Ina-Ang-Sarap-1/CookingIna/target/classes/assets/textures/manga_basket.png
21:11:12.679 [FXGL Background Thread 2 ] DEBUG FXGLAssetLoaderServi - Loading from file system: file:/C:/Users/LMO/Downloads/Cooking-Ina-Ang-Sarap-1/CookingIna/target/classes/assets/textures/ice_crusher.png
21:11:12.709 [FXGL Background Thread 2 ] DEBUG FXGLAssetLoaderServi - Loading from file system: file:/C:/Users/LMO/Downloads/Cooking-Ina-Ang-Sarap-1/CookingIna/target/classes/assets/textures/calamansiJuice_dispenser.png
21:11:12.722 [FXGL Background Thread 2 ] DEBUG FXGLAssetLoaderServi - Loading from file system: file:/C:/Users/LMO/Downloads/Cooking-Ina-Ang-Sarap-1/CookingIna/target/classes/assets/textures/bukoJuice_dispenser.png
21:11:12.734 [FXGL Background Thread 2 ] DEBUG FXGLAssetLoaderServi - Loading from file system: file:/C:/Users/LMO/Downloads/Cooking-Ina-Ang-Sarap-1/CookingIna/target/classes/assets/textures/orangeJuice_dispenser.png
21:11:12.748 [FXGL Background Thread 2 ] DEBUG FXGLAssetLoaderServi - Loading from file system: file:/C:/Users/LMO/Downloads/Cooking-Ina-Ang-Sarap-1/CookingIna/target/classes/assets/textures/trash_open.png
21:11:12.767 [FXGL Background Thread 2 ] DEBUG FXGLAssetLoaderServi - Loading from file system: file:/C:/Users/LMO/Downloads/Cooking-Ina-Ang-Sarap-1/CookingIna/target/classes/assets/textures/calamansiJuice_dispenser.png
21:11:12.780 [FXGL Background Thread 2 ] DEBUG FXGLAssetLoaderServi - Loading from file system: file:/C:/Users/LMO/Downloads/Cooking-Ina-Ang-Sarap-1/CookingIna/target/classes/assets/textures/bukoJuice_dispenser.png
21:11:12.791 [FXGL Background Thread 2 ] DEBUG FXGLAssetLoaderServi - Loading from file system: file:/C:/Users/LMO/Downloads/Cooking-Ina-Ang-Sarap-1/CookingIna/target/classes/assets/textures/orangeJuice_dispenser.png
21:11:12.800 [FXGL Background Thread 2 ] DEBUG FXGLAssetLoaderServi - Loading from file system: file:/C:/Users/LMO/Downloads/Cooking-Ina-Ang-Sarap-1/CookingIna/target/classes/assets/textures/cucumberGarnish_container.png
21:11:12.819 [FXGL Background Thread 2 ] DEBUG FXGLAssetLoaderServi - Loading from file system: file:/C:/Users/LMO/Downloads/Cooking-Ina-Ang-Sarap-1/CookingIna/target/classes/assets/textures/gusoGarnish_container.png
21:11:12.840 [FXGL Background Thread 2 ] DEBUG FXGLAssetLoaderServi - Loading from file system: file:/C:/Users/LMO/Downloads/Cooking-Ina-Ang-Sarap-1/CookingIna/target/classes/assets/textures/spicy_sauce.png
21:11:12.848 [FXGL Background Thread 2 ] DEBUG FXGLAssetLoaderServi - Loading from file system: file:/C:/Users/LMO/Downloads/Cooking-Ina-Ang-Sarap-1/CookingIna/target/classes/assets/textures/sweet_sauce.png
21:11:12.859 [FXGL Background Thread 2 ] DEBUG FXGLAssetLoaderServi - Loading from file system: file:/C:/Users/LMO/Downloads/Cooking-Ina-Ang-Sarap-1/CookingIna/target/classes/assets/textures/hipon_bottle.png
21:11:12.877 [FXGL Background Thread 2 ] DEBUG FXGLAssetLoaderServi - Loading from file system: file:/C:/Users/LMO/Downloads/Cooking-Ina-Ang-Sarap-1/CookingIna/target/classes/assets/textures/salt_bottle.png
21:11:12.896 [FXGL Background Thread 2 ] INFO  FXGLApplication      - Game initialization took: 0.561 sec
21:11:12.897 [JavaFX Application Thread] DEBUG Input                - Clearing active input actions
21:11:12.906 [JavaFX Application Thread] DEBUG GameApplicationServi - Removing overlay from FXGLLoadingScene and adding to GameScene
21:11:12.906 [JavaFX Application Thread] DEBUG PrimaryStageWindow   - FXGLLoadingScene -> GameScene
21:11:13.805 [FXGL Background Thread 3 ] DEBUG Engine               - Logging environment variables
21:11:13.805 [FXGL Background Thread 3 ] DEBUG Engine               - achievements: []
21:11:13.806 [FXGL Background Thread 3 ] DEBUG Engine               - actualHeight: 864.0
21:11:13.806 [FXGL Background Thread 3 ] DEBUG Engine               - actualHeightProperty: ReadOnlyDoubleProperty [value: 864.0]
21:11:13.806 [FXGL Background Thread 3 ] DEBUG Engine               - actualWidth: 1536.0
21:11:13.806 [FXGL Background Thread 3 ] DEBUG Engine               - actualWidthProperty: ReadOnlyDoubleProperty [value: 1536.0]
21:11:13.806 [FXGL Background Thread 3 ] DEBUG Engine               - appIcon: fxgl_icon.png
21:11:13.806 [FXGL Background Thread 3 ] DEBUG Engine               - applicationMode: DEVELOPER
21:11:13.806 [FXGL Background Thread 3 ] DEBUG Engine               - cSSList: [fxgl_dark.css]
21:11:13.806 [FXGL Background Thread 3 ] DEBUG Engine               - collisionDetectionStrategy: BRUTE_FORCE
21:11:13.806 [FXGL Background Thread 3 ] DEBUG Engine               - configClass: Optional.empty
21:11:13.806 [FXGL Background Thread 3 ] DEBUG Engine               - credits: []
21:11:13.806 [FXGL Background Thread 3 ] DEBUG Engine               - defaultCursor: CursorInfo(imageName=fxgl_default_cursor.png, hotspotX=7.0, hotspotY=6.0)
21:11:13.806 [FXGL Background Thread 3 ] DEBUG Engine               - devBBoxColorProperty: ObjectProperty [value: 0xff0000ff]
21:11:13.806 [FXGL Background Thread 3 ] DEBUG Engine               - devEnableDebugCameraProperty: BooleanProperty [value: false]
21:11:13.807 [FXGL Background Thread 3 ] DEBUG Engine               - devSensorColorProperty: ObjectProperty [value: 0xffff00ff]
21:11:13.807 [FXGL Background Thread 3 ] DEBUG Engine               - devShowBBoxProperty: BooleanProperty [value: false]
21:11:13.807 [FXGL Background Thread 3 ] DEBUG Engine               - devShowPositionProperty: BooleanProperty [value: false]
21:11:13.807 [FXGL Background Thread 3 ] DEBUG Engine               - enabledMenuItems: []
21:11:13.808 [FXGL Background Thread 3 ] DEBUG Engine               - engineServices: [class com.almasb.fxgl.app.services.FXGLAssetLoaderService, class com.almasb.fxgl.app.FXGLApplication$GameApplicationService, class com.almasb.fxgl.app.services.FXGLDialogService, class com.almasb.fxgl.app.services.IOTaskExecutorService, class com.almasb.fxgl.io.FileSystemService, class com.almasb.fxgl.localization.LocalizationService, class com.almasb.fxgl.app.services.SystemBundleService, class com.almasb.fxgl.profile.SaveLoadService, class com.almasb.fxgl.ui.FXGLUIFactoryServiceProvider, class com.almasb.fxgl.ui.FXGLDialogFactoryServiceProvider, class com.almasb.fxgl.audio.AudioPlayer, class com.almasb.fxgl.notification.impl.NotificationServiceProvider, class com.almasb.fxgl.achievement.AchievementService, class com.almasb.fxgl.cutscene.CutsceneService, class com.almasb.fxgl.minigames.MiniGameService, class com.almasb.fxgl.net.NetService, class com.almasb.fxgl.app.services.UpdaterService, class com.almasb.fxgl.dev.DevService]
21:11:13.808 [FXGL Background Thread 3 ] DEBUG Engine               - fontGame: Abel-Regular.ttf
21:11:13.808 [FXGL Background Thread 3 ] DEBUG Engine               - fontMono: TerminalLandMono-Regular.otf
21:11:13.808 [FXGL Background Thread 3 ] DEBUG Engine               - fontText: Courier-Prime.ttf
21:11:13.808 [FXGL Background Thread 3 ] DEBUG Engine               - fontUI: VarelaRound-Regular.ttf
21:11:13.808 [FXGL Background Thread 3 ] DEBUG Engine               - fullScreen: BooleanProperty [value: true]
21:11:13.808 [FXGL Background Thread 3 ] DEBUG Engine               - gameDifficulty: MEDIUM
21:11:13.808 [FXGL Background Thread 3 ] DEBUG Engine               - gameDifficultyProperty: ObjectProperty [value: MEDIUM]
21:11:13.808 [FXGL Background Thread 3 ] DEBUG Engine               - globalMusicVolume: 0.5
21:11:13.808 [FXGL Background Thread 3 ] DEBUG Engine               - globalMusicVolumeProperty: DoubleProperty [value: 0.5]
21:11:13.808 [FXGL Background Thread 3 ] DEBUG Engine               - globalSoundVolume: 0.5
21:11:13.809 [FXGL Background Thread 3 ] DEBUG Engine               - globalSoundVolumeProperty: DoubleProperty [value: 0.5]
21:11:13.809 [FXGL Background Thread 3 ] DEBUG Engine               - height: 1080
21:11:13.809 [FXGL Background Thread 3 ] DEBUG Engine               - is3D: false
21:11:13.809 [FXGL Background Thread 3 ] DEBUG Engine               - isAndroid: false
21:11:13.809 [FXGL Background Thread 3 ] DEBUG Engine               - isBrowser: false
21:11:13.809 [FXGL Background Thread 3 ] DEBUG Engine               - isClickFeedbackEnabled: false
21:11:13.809 [FXGL Background Thread 3 ] DEBUG Engine               - isCloseConfirmation: false
21:11:13.809 [FXGL Background Thread 3 ] DEBUG Engine               - isDesktop: true
21:11:13.809 [FXGL Background Thread 3 ] DEBUG Engine               - isDeveloperMenuEnabled: false
21:11:13.809 [FXGL Background Thread 3 ] DEBUG Engine               - isEmbedded: false
21:11:13.809 [FXGL Background Thread 3 ] DEBUG Engine               - isEntityPreloadEnabled: true
21:11:13.810 [FXGL Background Thread 3 ] DEBUG Engine               - isExperimentalTiledLargeMap: false
21:11:13.810 [FXGL Background Thread 3 ] DEBUG Engine               - isFileSystemWriteAllowed: true
21:11:13.810 [FXGL Background Thread 3 ] DEBUG Engine               - isFullScreenAllowed: true
21:11:13.810 [FXGL Background Thread 3 ] DEBUG Engine               - isFullScreenFromStart: true
21:11:13.810 [FXGL Background Thread 3 ] DEBUG Engine               - isGameMenuEnabled: true
21:11:13.810 [FXGL Background Thread 3 ] DEBUG Engine               - isIOS: false
21:11:13.810 [FXGL Background Thread 3 ] DEBUG Engine               - isIntroEnabled: false
21:11:13.810 [FXGL Background Thread 3 ] DEBUG Engine               - isLinux: false
21:11:13.810 [FXGL Background Thread 3 ] DEBUG Engine               - isMac: false
21:11:13.810 [FXGL Background Thread 3 ] DEBUG Engine               - isMainMenuEnabled: true
21:11:13.810 [FXGL Background Thread 3 ] DEBUG Engine               - isManualResizeEnabled: false
21:11:13.810 [FXGL Background Thread 3 ] DEBUG Engine               - isMobile: false
21:11:13.810 [FXGL Background Thread 3 ] DEBUG Engine               - isNative: false
21:11:13.810 [FXGL Background Thread 3 ] DEBUG Engine               - isPauseMusicWhenMinimized: true
21:11:13.811 [FXGL Background Thread 3 ] DEBUG Engine               - isPreserveResizeRatio: false
21:11:13.811 [FXGL Background Thread 3 ] DEBUG Engine               - isProfilingEnabled: false
21:11:13.811 [FXGL Background Thread 3 ] DEBUG Engine               - isScaleAffectedOnResize: true
21:11:13.811 [FXGL Background Thread 3 ] DEBUG Engine               - isSingleStep: false
21:11:13.811 [FXGL Background Thread 3 ] DEBUG Engine               - isUserProfileEnabled: false
21:11:13.811 [FXGL Background Thread 3 ] DEBUG Engine               - isWindows: true
21:11:13.811 [FXGL Background Thread 3 ] DEBUG Engine               - language: ObjectProperty [value: ENGLISH]
21:11:13.811 [FXGL Background Thread 3 ] DEBUG Engine               - menuKey: ESCAPE
21:11:13.811 [FXGL Background Thread 3 ] DEBUG Engine               - mouseSensitivity: 0.2
21:11:13.811 [FXGL Background Thread 3 ] DEBUG Engine               - notificationViewClass: class com.almasb.fxgl.notification.view.XboxNotificationView
21:11:13.811 [FXGL Background Thread 3 ] DEBUG Engine               - pixelsPerMeter: 50.0
21:11:13.811 [FXGL Background Thread 3 ] DEBUG Engine               - platform: WINDOWS
21:11:13.811 [FXGL Background Thread 3 ] DEBUG Engine               - prefHeightProperty: ReadOnlyDoubleProperty [value: 1080.0]
21:11:13.812 [FXGL Background Thread 3 ] DEBUG Engine               - prefWidthProperty: ReadOnlyDoubleProperty [value: 1920.0]
21:11:13.812 [FXGL Background Thread 3 ] DEBUG Engine               - profileDir: profiles/
21:11:13.812 [FXGL Background Thread 3 ] DEBUG Engine               - profileName: StringProperty [value: DEFAULT]
21:11:13.812 [FXGL Background Thread 3 ] DEBUG Engine               - randomSeed: -1
21:11:13.812 [FXGL Background Thread 3 ] DEBUG Engine               - runtimeInfo: RuntimeInfo(platform=WINDOWS, version=17.2, build=20.08.2022 16.50)
21:11:13.812 [FXGL Background Thread 3 ] DEBUG Engine               - saveFileExt: sav
21:11:13.812 [FXGL Background Thread 3 ] DEBUG Engine               - scaledHeightProp$fxgl: DoubleProperty [bound, value: 864.0]
21:11:13.812 [FXGL Background Thread 3 ] DEBUG Engine               - scaledWidthProp$fxgl: DoubleProperty [bound, value: 1536.0]
21:11:13.812 [FXGL Background Thread 3 ] DEBUG Engine               - sceneFactory: com.example.cookingina.CookingInaMain$1@7877681
21:11:13.812 [FXGL Background Thread 3 ] DEBUG Engine               - secondsIn24h: 60
21:11:13.812 [FXGL Background Thread 3 ] DEBUG Engine               - soundMenuBack: menu/back.wav
21:11:13.812 [FXGL Background Thread 3 ] DEBUG Engine               - soundMenuPress: menu/press.wav
21:11:13.812 [FXGL Background Thread 3 ] DEBUG Engine               - soundMenuSelect: menu/select.wav
21:11:13.812 [FXGL Background Thread 3 ] DEBUG Engine               - soundNotification: core/notification.wav
21:11:13.812 [FXGL Background Thread 3 ] DEBUG Engine               - stageStyle: DECORATED
21:11:13.812 [FXGL Background Thread 3 ] DEBUG Engine               - supportedLanguages: [ENGLISH, FRENCH, GERMAN, HUNGARIAN, RUSSIAN]
21:11:13.812 [FXGL Background Thread 3 ] DEBUG Engine               - ticksPerSecond: -1
21:11:13.813 [FXGL Background Thread 3 ] DEBUG Engine               - title: CookingIna
21:11:13.813 [FXGL Background Thread 3 ] DEBUG Engine               - urlGithub: https://github.com/AlmasB/FXGL
21:11:13.813 [FXGL Background Thread 3 ] DEBUG Engine               - urlLeaderboard: http://fxgl-top.herokuapp.com/
21:11:13.813 [FXGL Background Thread 3 ] DEBUG Engine               - urlPOM: https://raw.githubusercontent.com/AlmasB/FXGL/release/README.md
21:11:13.813 [FXGL Background Thread 3 ] DEBUG Engine               - userAppClass: class com.example.cookingina.CookingInaMain
21:11:13.813 [FXGL Background Thread 3 ] DEBUG Engine               - version: 0.1
21:11:13.813 [FXGL Background Thread 3 ] DEBUG Engine               - versionCheckDays: 7
21:11:13.813 [FXGL Background Thread 3 ] DEBUG Engine               - width: 1920
21:11:13.813 [FXGL Background Thread 3 ] DEBUG Engine               - Logging services
21:11:13.814 [FXGL Background Thread 3 ] DEBUG Engine               - class com.almasb.fxgl.app.services.FXGLAssetLoaderService
21:11:13.814 [FXGL Background Thread 3 ] DEBUG Engine               - class com.almasb.fxgl.app.FXGLApplication$GameApplicationService
21:11:13.814 [FXGL Background Thread 3 ] DEBUG Engine               - class com.almasb.fxgl.app.services.FXGLDialogService
21:11:13.814 [FXGL Background Thread 3 ] DEBUG Engine               - class com.almasb.fxgl.app.services.IOTaskExecutorService
21:11:13.814 [FXGL Background Thread 3 ] DEBUG Engine               - class com.almasb.fxgl.io.FileSystemService
21:11:13.814 [FXGL Background Thread 3 ] DEBUG Engine               - class com.almasb.fxgl.localization.LocalizationService
21:11:13.814 [FXGL Background Thread 3 ] DEBUG Engine               - class com.almasb.fxgl.app.services.SystemBundleService
21:11:13.814 [FXGL Background Thread 3 ] DEBUG Engine               - class com.almasb.fxgl.profile.SaveLoadService
21:11:13.814 [FXGL Background Thread 3 ] DEBUG Engine               - class com.almasb.fxgl.ui.FXGLUIFactoryServiceProvider
21:11:13.814 [FXGL Background Thread 3 ] DEBUG Engine               - class com.almasb.fxgl.ui.FXGLDialogFactoryServiceProvider
21:11:13.814 [FXGL Background Thread 3 ] DEBUG Engine               - class com.almasb.fxgl.audio.AudioPlayer
21:11:13.814 [FXGL Background Thread 3 ] DEBUG Engine               - class com.almasb.fxgl.notification.impl.NotificationServiceProvider
21:11:13.814 [FXGL Background Thread 3 ] DEBUG Engine               - class com.almasb.fxgl.achievement.AchievementService
21:11:13.814 [FXGL Background Thread 3 ] DEBUG Engine               - class com.almasb.fxgl.cutscene.CutsceneService
21:11:13.814 [FXGL Background Thread 3 ] DEBUG Engine               - class com.almasb.fxgl.minigames.MiniGameService
21:11:13.814 [FXGL Background Thread 3 ] DEBUG Engine               - class com.almasb.fxgl.net.NetService
21:11:13.814 [FXGL Background Thread 3 ] DEBUG Engine               - class com.almasb.fxgl.app.services.UpdaterService
21:11:13.814 [FXGL Background Thread 3 ] DEBUG Engine               - class com.almasb.fxgl.dev.DevService
21:11:14.148 [JavaFX Application Thread] DEBUG FXGLAssetLoaderServi - Loading from file system: file:/C:/Users/LMO/Downloads/Cooking-Ina-Ang-Sarap-1/CookingIna/target/classes/assets/textures/glass_with_ice.png
21:11:14.313 [JavaFX Application Thread] DEBUG FXGLAssetLoaderServi - Loading from file system: file:/C:/Users/LMO/Downloads/Cooking-Ina-Ang-Sarap-1/CookingIna/target/classes/assets/textures/customer_image.png
21:11:16.094 [JavaFX Application Thread] DEBUG FXGLAssetLoaderServi - Loading from file system: file:/C:/Users/LMO/Downloads/Cooking-Ina-Ang-Sarap-1/CookingIna/target/classes/assets/textures/raw_mango.png
21:11:19.187 [JavaFX Application Thread] WARN  FXGL.ProgressBar     - Current value > max value. Setting max value as current
21:11:19.190 [JavaFX Application Thread] DEBUG FXGLAssetLoaderServi - Loading from file system: file:/C:/Users/LMO/Downloads/Cooking-Ina-Ang-Sarap-1/CookingIna/target/classes/assets/textures/halo_halo.png
21:11:19.222 [JavaFX Application Thread] WARN  Entity               - Entity already has component: com.almasb.fxgl.dsl.components.DraggableComponent
21:11:19.364 [JavaFX Application Thread] WARN  FXGL.ProgressBar     - Current value > max value. Setting max value as current
21:11:19.366 [JavaFX Application Thread] WARN  Entity               - Entity already has component: com.almasb.fxgl.dsl.components.DraggableComponent
21:11:19.377 [JavaFX Application Thread] DEBUG FXGLAssetLoaderServi - Loading from file system: file:/C:/Users/LMO/Downloads/Cooking-Ina-Ang-Sarap-1/CookingIna/target/classes/assets/textures/calamansiJuice_finishedProduct.png
21:11:19.571 [JavaFX Application Thread] WARN  FXGL.ProgressBar     - Current value > max value. Setting max value as current
21:11:19.575 [JavaFX Application Thread] WARN  Entity               - Entity already has component: com.almasb.fxgl.dsl.components.DraggableComponent
21:11:20.277 [JavaFX Application Thread] DEBUG FXGLAssetLoaderServi - Loading from file system: file:/C:/Users/LMO/Downloads/Cooking-Ina-Ang-Sarap-1/CookingIna/target/classes/assets/textures/orangejuice_finishedproduct.png
21:11:20.357 [JavaFX Application Thread] DEBUG FXGLAssetLoaderServi - Loading from file system: file:/C:/Users/LMO/Downloads/Cooking-Ina-Ang-Sarap-1/CookingIna/target/classes/assets/textures/bukoJuice_finishedProduct.png
21:11:21.122 [JavaFX Application Thread] WARN  FXGL.ProgressBar     - Current value > max value. Setting max value as current
21:11:21.123 [JavaFX Application Thread] DEBUG FXGLAssetLoaderServi - Loading from file system: file:/C:/Users/LMO/Downloads/Cooking-Ina-Ang-Sarap-1/CookingIna/target/classes/assets/textures/mango_ready.png
21:11:21.144 [JavaFX Application Thread] WARN  Entity               - Entity already has component: com.almasb.fxgl.dsl.components.DraggableComponent
21:11:21.282 [JavaFX Application Thread] DEBUG FXGLAssetLoaderServi - Loading from file system: file:/C:/Users/LMO/Downloads/Cooking-Ina-Ang-Sarap-1/CookingIna/target/classes/assets/textures/orangeJuice_finishedProduct.png
21:11:21.299 [JavaFX Application Thread] WARN  FXGL.ProgressBar     - Current value > max value. Setting max value as current
21:11:21.301 [JavaFX Application Thread] WARN  Entity               - Entity already has component: com.almasb.fxgl.dsl.components.DraggableComponent
21:11:21.427 [JavaFX Application Thread] WARN  FXGL.ProgressBar     - Current value > max value. Setting max value as current
21:11:21.430 [JavaFX Application Thread] WARN  Entity               - Entity already has component: com.almasb.fxgl.dsl.components.DraggableComponent
21:11:22.964 [JavaFX Application Thread] DEBUG FXGLAssetLoaderServi - Loading from file system: file:/C:/Users/LMO/Downloads/Cooking-Ina-Ang-Sarap-1/CookingIna/target/classes/assets/textures/halo_halo.png
21:11:22.999 [JavaFX Application Thread] DEBUG FXGLAssetLoaderServi - Loading from file system: file:/C:/Users/LMO/Downloads/Cooking-Ina-Ang-Sarap-1/CookingIna/target/classes/assets/textures/mango_ready.png
21:11:24.180 [JavaFX Application Thread] DEBUG FXGLAssetLoaderServi - Loading from file system: file:/C:/Users/LMO/Downloads/Cooking-Ina-Ang-Sarap-1/CookingIna/target/classes/assets/textures/cooked_quekquek.png
21:11:25.410 [JavaFX Application Thread] WARN  FXGL.ProgressBar     - Current value > max value. Setting max value as current
21:11:25.414 [JavaFX Application Thread] WARN  Entity               - Entity already has component: com.almasb.fxgl.entity.components.CollidableComponent
21:11:25.414 [JavaFX Application Thread] WARN  Entity               - Entity already has component: com.almasb.fxgl.dsl.components.DraggableComponent
21:11:33.959 [JavaFX Application Thread] DEBUG PrimaryStageWindow   - Push state: GameOverMenu
21:11:33.959 [JavaFX Application Thread] DEBUG Input                - Clearing active input actions
21:11:33.960 [JavaFX Application Thread] DEBUG GameApplicationServi - Removing overlay from GameScene and adding to GameOverMenu
21:11:33.961 [JavaFX Application Thread] DEBUG PrimaryStageWindow   - GameScene -> GameOverMenu
21:11:33.963 [JavaFX Application Thread] DEBUG LoopRunner           - Pausing loop
21:11:33.966 [JavaFX Application Thread] WARN  GameWorld            - Attempted to remove entity which is not active
21:11:35.709 [JavaFX Application Thread] DEBUG GameApplicationServi - Starting new game
21:11:35.709 [JavaFX Application Thread] DEBUG PrimaryStageWindow   - Pop state: GameOverMenu
21:11:35.710 [JavaFX Application Thread] DEBUG Input                - Clearing active input actions
21:11:35.710 [JavaFX Application Thread] DEBUG GameApplicationServi - Removing overlay from GameOverMenu and adding to GameScene
21:11:35.711 [JavaFX Application Thread] DEBUG PrimaryStageWindow   - GameScene <- GameOverMenu
21:11:35.711 [JavaFX Application Thread] DEBUG Input                - Clearing active input actions
21:11:35.719 [JavaFX Application Thread] DEBUG GameApplicationServi - Removing overlay from GameScene and adding to FXGLLoadingScene
21:11:35.720 [JavaFX Application Thread] DEBUG PrimaryStageWindow   - GameScene -> FXGLLoadingScene
21:11:35.720 [JavaFX Application Thread] DEBUG GameApplicationServi - Clearing previous game
21:11:35.720 [JavaFX Application Thread] DEBUG GameScene            - Clearing game scene
21:11:35.720 [JavaFX Application Thread] DEBUG GameWorld            - Clearing game world
21:11:35.727 [JavaFX Application Thread] DEBUG PhysicsWorld         - Clearing physics world
21:11:35.729 [FXGL Background Thread 2 ] DEBUG FXGLApplication      - Initializing game
21:11:35.731 [JavaFX Application Thread] WARN  PrimaryStageWindow   - Cannot pop substate. Probably because substates are empty!
21:11:35.731 [JavaFX Application Thread] DEBUG LoopRunner           - Resuming loop
21:11:35.745 [JavaFX Application Thread] DEBUG LoopRunner           - Stopping loop
21:11:35.753 [JavaFX Application Thread] FATAL FXGLApplication      - Uncaught Exception:
java.lang.RuntimeException: Initialization failed
	at com.almasb.fxgl.all@17.2/com.almasb.fxgl.app.FXGLApplication$InitAppTask.failed(FXGLApplication.kt:343)
	at javafx.graphics@20/javafx.concurrent.Task.setState(Task.java:710)
	at javafx.graphics@20/javafx.concurrent.Task$TaskCallable.lambda$call$2(Task.java:1456)
	at javafx.graphics@20/com.sun.javafx.application.PlatformImpl.lambda$runLater$10(PlatformImpl.java:456)
	at java.base/java.security.AccessController.doPrivileged(AccessController.java:400)
	at javafx.graphics@20/com.sun.javafx.application.PlatformImpl.lambda$runLater$11(PlatformImpl.java:455)
	at javafx.graphics@20/com.sun.glass.ui.InvokeLaterDispatcher$Future.run(InvokeLaterDispatcher.java:95)
	at javafx.graphics@20/com.sun.glass.ui.win.WinApplication._runLoop(Native Method)
	at javafx.graphics@20/com.sun.glass.ui.win.WinApplication.lambda$runLoop$3(WinApplication.java:185)
	at java.base/java.lang.Thread.run(Thread.java:1583)
Caused by: java.lang.ArrayIndexOutOfBoundsException: Index 3 out of bounds for length 3
	at com.example.cookingina/com.example.cookingina.CookingInaMain.spawnAssets(CookingInaMain.java:270)
	at com.example.cookingina/com.example.cookingina.CookingInaMain.initGame(CookingInaMain.java:112)
	at com.almasb.fxgl.all@17.2/com.almasb.fxgl.app.FXGLApplication$InitAppTask.initGame(FXGLApplication.kt:339)
	at com.almasb.fxgl.all@17.2/com.almasb.fxgl.app.FXGLApplication$InitAppTask.call(FXGLApplication.kt:319)
	at com.almasb.fxgl.all@17.2/com.almasb.fxgl.app.FXGLApplication$InitAppTask.call(FXGLApplication.kt:311)
	at javafx.graphics@20/javafx.concurrent.Task$TaskCallable.call(Task.java:1426)
	at java.base/java.util.concurrent.FutureTask.run(FutureTask.java:317)
	at java.base/java.util.concurrent.Executors$RunnableAdapter.call(Executors.java:572)
	at java.base/java.util.concurrent.FutureTask.run(FutureTask.java:317)
	at java.base/java.util.concurrent.ThreadPoolExecutor.runWorker(ThreadPoolExecutor.java:1144)
	at java.base/java.util.concurrent.ThreadPoolExecutor$Worker.run(ThreadPoolExecutor.java:642)
	... 1 more

21:11:35.753 [JavaFX Application Thread] FATAL FXGLApplication      - Application will now exit
21:11:35.771 [JavaFX Application Thread] DEBUG PrimaryStageWindow   - Push state: ErrorSubScene
21:11:35.771 [JavaFX Application Thread] DEBUG Input                - Clearing active input actions
21:11:35.774 [JavaFX Application Thread] DEBUG GameApplicationServi - Removing overlay from FXGLLoadingScene and adding to ErrorSubScene
21:11:35.774 [JavaFX Application Thread] DEBUG PrimaryStageWindow   - FXGLLoadingScene -> ErrorSubScene
21:11:40.513 [JavaFX Application Thread] DEBUG FXGLApplication      - Exiting FXGL
21:11:40.513 [JavaFX Application Thread] DEBUG Async                - Shutting down background threads
21:11:40.514 [JavaFX Application Thread] DEBUG PrimaryStageWindow   - Closing main window
21:11:40.603 [JavaFX Application Thread] DEBUG Logger               - Closing Logger
