21:13:57.915 [main                     ] DEBUG Logger               - Configured Logger
21:13:57.946 [main                     ] DEBUG GameApplication      - Logging settings
Title: CookingIna
Version: 0.1
Width: 1920
Height: 1080
Fullscreen: true
Intro: false
Profiling: false
Single step:false
App Mode: DEVELOPER
Menu Key: ESCAPE
Stage Style: DECORATED
Scene Factory: class com.example.cookingina.CookingInaMain$1

21:13:58.358 [JavaFX Application Thread] DEBUG FXGLApplication      - Initializing FXGL
21:13:58.362 [JavaFX Application Thread] INFO  Engine               - FXGL-17.2 (20.08.2022 16.50) on WINDOWS (J:21.0.6 FX:20)
21:13:58.363 [JavaFX Application Thread] DEBUG Engine               - JRE Vendor Name: Amazon.com Inc.
21:13:58.363 [JavaFX Application Thread] DEBUG Engine               - Running on OS: Windows 11 version 10.0
21:13:58.363 [JavaFX Application Thread] DEBUG Engine               - Architecture: amd64
21:13:58.363 [JavaFX Application Thread] INFO  Engine               - Source code and latest versions at: https://github.com/AlmasB/FXGL
21:13:58.363 [JavaFX Application Thread] INFO  Engine               -       Ask questions and discuss at: https://github.com/AlmasB/FXGL/discussions
21:13:58.363 [JavaFX Application Thread] INFO  Engine               -              Join the FXGL chat at: https://gitter.im/AlmasB/FXGL
21:13:58.443 [JavaFX Application Thread] DEBUG PrimaryStageWindow   - Creating a JavaFX scene
21:13:58.443 [JavaFX Application Thread] DEBUG PrimaryStageWindow   - Target size > screen size
21:13:58.483 [JavaFX Application Thread] DEBUG PrimaryStageWindow   - Target settings size: 1920.0 x 1080.0
21:13:58.483 [JavaFX Application Thread] DEBUG PrimaryStageWindow   - Scaled scene size:    1511.0 x 864.0
21:13:58.484 [JavaFX Application Thread] DEBUG PrimaryStageWindow   - Scaled ratio: (0.7869791666666667, 0.8)
21:13:58.486 [JavaFX Application Thread] DEBUG PrimaryStageWindow   - Set initial scene to FXGLStartupScene
21:13:58.490 [JavaFX Application Thread] DEBUG PrimaryStageWindow   - Opening main window
21:13:58.571 [JavaFX Application Thread] DEBUG PrimaryStageWindow   - Window border size: (14.5999755859375, 37.5999755859375)
21:13:58.571 [JavaFX Application Thread] DEBUG PrimaryStageWindow   - Scaled size: 1511.0 x 864.0
21:13:58.572 [JavaFX Application Thread] DEBUG PrimaryStageWindow   - Scaled ratio: (0.7869791666666667, 0.8)
21:13:58.572 [JavaFX Application Thread] DEBUG PrimaryStageWindow   - Scene size: 1511.0 x 864.0
21:13:58.573 [JavaFX Application Thread] DEBUG PrimaryStageWindow   - Stage size: 1525.5999755859375 x 901.5999755859375
21:13:58.631 [JavaFX Application Thread] DEBUG PrimaryStageWindow   - Going fullscreen
21:13:58.639 [FXGL Background Thread 1 ] DEBUG Engine               - Initializing environment variables
21:13:58.696 [FXGL Background Thread 1 ] DEBUG FXGLAssetLoaderServi - User app class for loading assets: class com.example.cookingina.CookingInaMain
21:13:58.696 [FXGL Background Thread 1 ] DEBUG GameApplicationServi - Applying CSS: fxgl_dark.css
21:13:58.697 [FXGL Background Thread 1 ] DEBUG FXGLAssetLoaderServi - Loading from file system: jar:file:///C:/Users/LMO/.m2/repository/com/github/almasb/fxgl/17.2/fxgl-17.2.jar!/fxglassets/ui/css/fxgl_dark.css
21:13:58.744 [FXGL Background Thread 1 ] DEBUG GameApplicationServi - Initializing application scenes
21:13:58.794 [FXGL Background Thread 1 ] DEBUG GameWorld            - Game world initialized
21:13:58.866 [FXGL Background Thread 1 ] DEBUG PhysicsWorld         - Physics world initialized: appHeight=1080, physics.ppm=50.0
21:13:58.866 [FXGL Background Thread 1 ] DEBUG PhysicsWorld         - Using strategy: BRUTE_FORCE
21:13:58.870 [FXGL Background Thread 1 ] DEBUG GameScene            - Game scene initialized: 1920x1080
21:13:58.881 [FXGL Background Thread 1 ] DEBUG FXGL.DefaultMenu     - createMenuBodyGameMenu()
21:13:58.889 [FXGL Background Thread 1 ] DEBUG FXGL.DefaultMenu     - createOptionsMenu()
21:13:58.896 [FXGL Background Thread 1 ] DEBUG FXGLAssetLoaderServi - Loading from file system: jar:file:///C:/Users/LMO/.m2/repository/com/github/almasb/fxgl/17.2/fxgl-17.2.jar!/fxglassets/textures/particles/smoke.png
21:13:58.999 [FXGL Background Thread 1 ] DEBUG FXGLAssetLoaderServi - Loading from file system: jar:file:///C:/Users/LMO/.m2/repository/com/github/almasb/fxgl/17.2/fxgl-17.2.jar!/fxglassets/textures/particles/trace_horizontal.png
21:13:59.035 [FXGL Background Thread 1 ] DEBUG GameApplicationServi - Application scenes initialized
21:13:59.047 [FXGL Background Thread 1 ] DEBUG SystemBundleService  - Loading FXGL system data
21:13:59.051 [FXGL Background Thread 1 ] DEBUG FileSystemAccess     - Reading from: C:\Users\LMO\Downloads\Cooking-Ina-Ang-Sarap-1\system\fxgl.bundle
21:13:59.060 [FXGL Background Thread 1 ] DEBUG SystemBundleService  - Bundle FXGL: {}
21:13:59.060 [FXGL Background Thread 1 ] DEBUG UpdaterService       - Checking for updates
21:13:59.067 [FXGL Background Thread 4 ] DEBUG FXGLApplication      - Loading fonts
21:13:59.068 [FXGL Background Thread 4 ] DEBUG FXGLAssetLoaderServi - Loading from file system: jar:file:///C:/Users/LMO/.m2/repository/com/github/almasb/fxgl/17.2/fxgl-17.2.jar!/fxglassets/ui/fonts/VarelaRound-Regular.ttf
21:13:59.069 [FXGL Background Thread 1 ] DEBUG FXGLApplication      - Loading default localization
21:13:59.069 [FXGL Background Thread 1 ] DEBUG FXGLAssetLoaderServi - Loading from file system: jar:file:///C:/Users/LMO/.m2/repository/com/github/almasb/fxgl/17.2/fxgl-17.2.jar!/fxglassets/languages/english.lang
21:13:59.093 [FXGL Background Thread 1 ] INFO  FXGLApplication      - FXGL initialization took: 0.453 sec
21:13:59.111 [JavaFX Application Thread] DEBUG Input                - Registered new binding: Toggle debug - F1
21:13:59.112 [JavaFX Application Thread] DEBUG FXGLAssetLoaderServi - Loading from file system: jar:file:///C:/Users/LMO/.m2/repository/com/github/almasb/fxgl/17.2/fxgl-17.2.jar!/fxglassets/textures/fxgl_icon.png
21:13:59.124 [FXGL Background Thread 4 ] DEBUG FXGLAssetLoaderServi - Loading from file system: jar:file:///C:/Users/LMO/.m2/repository/com/github/almasb/fxgl/17.2/fxgl-17.2.jar!/fxglassets/ui/fonts/Abel-Regular.ttf
21:13:59.134 [JavaFX Application Thread] DEBUG FXGLAssetLoaderServi - Loading from file system: jar:file:///C:/Users/LMO/.m2/repository/com/github/almasb/fxgl/17.2/fxgl-17.2.jar!/fxglassets/textures/fxgl_default_cursor.png
21:13:59.136 [JavaFX Application Thread] DEBUG Input                - Registered new binding: Screenshot - CTRL+8
21:13:59.137 [JavaFX Application Thread] DEBUG Input                - Registered new binding: System info dump - CTRL+9
21:13:59.138 [JavaFX Application Thread] DEBUG Input                - Registered new binding: Restart - CTRL+R
21:13:59.139 [JavaFX Application Thread] DEBUG Input                - Registered new binding: Toggle Debug Camera - CTRL+7
21:13:59.142 [JavaFX Application Thread] DEBUG LoopRunner           - Starting loop
21:13:59.142 [JavaFX Application Thread] DEBUG LoopRunner           - Initializing JavaFX AnimationTimerLoop
21:13:59.146 [JavaFX Application Thread] DEBUG Input                - Clearing active input actions
21:13:59.149 [FXGL Background Thread 4 ] DEBUG FXGLAssetLoaderServi - Loading from file system: jar:file:///C:/Users/LMO/.m2/repository/com/github/almasb/fxgl/17.2/fxgl-17.2.jar!/fxglassets/ui/fonts/TerminalLandMono-Regular.otf
21:13:59.158 [JavaFX Application Thread] DEBUG GameApplicationServi - Removing overlay from FXGLStartupScene and adding to FXGLMainMenuDummyScene
21:13:59.159 [JavaFX Application Thread] DEBUG PrimaryStageWindow   - FXGLStartupScene -> FXGLMainMenuDummyScene
21:13:59.159 [JavaFX Application Thread] DEBUG PrimaryStageWindow   - Push state: MainMenu
21:13:59.159 [JavaFX Application Thread] DEBUG Input                - Clearing active input actions
21:13:59.164 [FXGL Background Thread 4 ] DEBUG FXGLAssetLoaderServi - Loading from file system: jar:file:///C:/Users/LMO/.m2/repository/com/github/almasb/fxgl/17.2/fxgl-17.2.jar!/fxglassets/ui/fonts/Courier-Prime.ttf
21:13:59.170 [JavaFX Application Thread] DEBUG GameApplicationServi - Removing overlay from FXGLMainMenuDummyScene and adding to MainMenu
21:13:59.171 [JavaFX Application Thread] DEBUG PrimaryStageWindow   - FXGLMainMenuDummyScene -> MainMenu
21:13:59.246 [JavaFX Application Thread] DEBUG FXGLApplication      - Registering font factories with UI factory
21:14:00.020 [FXGL Background Thread 2 ] INFO  UpdaterService       - Your current version:  17.2
21:14:00.020 [FXGL Background Thread 2 ] INFO  UpdaterService       - Latest stable version: 21.1
21:14:00.350 [JavaFX Application Thread] DEBUG GameApplicationServi - Starting new game
21:14:00.351 [JavaFX Application Thread] DEBUG PrimaryStageWindow   - Pop state: MainMenu
21:14:00.351 [JavaFX Application Thread] DEBUG Input                - Clearing active input actions
21:14:00.353 [JavaFX Application Thread] DEBUG GameApplicationServi - Removing overlay from MainMenu and adding to FXGLMainMenuDummyScene
21:14:00.354 [JavaFX Application Thread] DEBUG PrimaryStageWindow   - FXGLMainMenuDummyScene <- MainMenu
21:14:00.354 [JavaFX Application Thread] DEBUG Input                - Clearing active input actions
21:14:00.383 [JavaFX Application Thread] DEBUG GameApplicationServi - Removing overlay from FXGLMainMenuDummyScene and adding to FXGLLoadingScene
21:14:00.384 [JavaFX Application Thread] DEBUG PrimaryStageWindow   - FXGLMainMenuDummyScene -> FXGLLoadingScene
21:14:00.384 [JavaFX Application Thread] DEBUG GameApplicationServi - Clearing previous game
21:14:00.384 [JavaFX Application Thread] DEBUG GameScene            - Clearing game scene
21:14:00.384 [JavaFX Application Thread] DEBUG GameWorld            - Clearing game world
21:14:00.384 [JavaFX Application Thread] DEBUG PhysicsWorld         - Clearing physics world
21:14:00.389 [FXGL Background Thread 2 ] DEBUG FXGLApplication      - Initializing game
21:14:00.397 [FXGL Background Thread 2 ] DEBUG FXGLAssetLoaderServi - Loading from file system: file:/C:/Users/LMO/Downloads/Cooking-Ina-Ang-Sarap-1/CookingIna/target/classes/assets/textures/final_background.png
21:14:00.418 [JavaFX Application Thread] WARN  PrimaryStageWindow   - Cannot pop substate. Probably because substates are empty!
21:14:00.418 [JavaFX Application Thread] DEBUG LoopRunner           - Resuming loop
21:14:00.466 [FXGL Background Thread 2 ] DEBUG FXGLAssetLoaderServi - Loading from file system: file:/C:/Users/LMO/Downloads/Cooking-Ina-Ang-Sarap-1/CookingIna/target/classes/assets/textures/assets.png
21:14:00.516 [FXGL Background Thread 2 ] DEBUG FXGLAssetLoaderServi - Loading from file system: file:/C:/Users/LMO/Downloads/Cooking-Ina-Ang-Sarap-1/CookingIna/target/classes/assets/textures/frying_pan.png
21:14:00.551 [FXGL Background Thread 2 ] DEBUG FXGLAssetLoaderServi - Loading from file system: file:/C:/Users/LMO/Downloads/Cooking-Ina-Ang-Sarap-1/CookingIna/target/classes/assets/textures/papertray.png
21:14:00.593 [FXGL Background Thread 2 ] DEBUG FXGLAssetLoaderServi - Loading from file system: file:/C:/Users/LMO/Downloads/Cooking-Ina-Ang-Sarap-1/CookingIna/target/classes/assets/textures/papertray.png
21:14:00.630 [JavaFX Application Thread] DEBUG LoopRunner           - Stopping loop
21:14:00.633 [JavaFX Application Thread] FATAL FXGLApplication      - Uncaught Exception:
java.lang.RuntimeException: Initialization failed
	at com.almasb.fxgl.all@17.2/com.almasb.fxgl.app.FXGLApplication$InitAppTask.failed(FXGLApplication.kt:343)
	at javafx.graphics@20/javafx.concurrent.Task.setState(Task.java:710)
	at javafx.graphics@20/javafx.concurrent.Task$TaskCallable.lambda$call$2(Task.java:1456)
	at javafx.graphics@20/com.sun.javafx.application.PlatformImpl.lambda$runLater$10(PlatformImpl.java:456)
	at java.base/java.security.AccessController.doPrivileged(AccessController.java:400)
	at javafx.graphics@20/com.sun.javafx.application.PlatformImpl.lambda$runLater$11(PlatformImpl.java:455)
	at javafx.graphics@20/com.sun.glass.ui.InvokeLaterDispatcher$Future.run(InvokeLaterDispatcher.java:95)
	at javafx.graphics@20/com.sun.glass.ui.win.WinApplication._runLoop(Native Method)
	at javafx.graphics@20/com.sun.glass.ui.win.WinApplication.lambda$runLoop$3(WinApplication.java:185)
	at java.base/java.lang.Thread.run(Thread.java:1583)
Caused by: java.lang.ArrayIndexOutOfBoundsException: Index 6 out of bounds for length 6
	at com.example.cookingina/com.example.cookingina.CookingInaMain.spawnAssets(CookingInaMain.java:298)
	at com.example.cookingina/com.example.cookingina.CookingInaMain.initGame(CookingInaMain.java:112)
	at com.almasb.fxgl.all@17.2/com.almasb.fxgl.app.FXGLApplication$InitAppTask.initGame(FXGLApplication.kt:339)
	at com.almasb.fxgl.all@17.2/com.almasb.fxgl.app.FXGLApplication$InitAppTask.call(FXGLApplication.kt:319)
	at com.almasb.fxgl.all@17.2/com.almasb.fxgl.app.FXGLApplication$InitAppTask.call(FXGLApplication.kt:311)
	at javafx.graphics@20/javafx.concurrent.Task$TaskCallable.call(Task.java:1426)
	at java.base/java.util.concurrent.FutureTask.run(FutureTask.java:317)
	at java.base/java.util.concurrent.Executors$RunnableAdapter.call(Executors.java:572)
	at java.base/java.util.concurrent.FutureTask.run(FutureTask.java:317)
	at java.base/java.util.concurrent.ThreadPoolExecutor.runWorker(ThreadPoolExecutor.java:1144)
	at java.base/java.util.concurrent.ThreadPoolExecutor$Worker.run(ThreadPoolExecutor.java:642)
	... 1 more

21:14:00.634 [JavaFX Application Thread] FATAL FXGLApplication      - Application will now exit
21:14:00.644 [JavaFX Application Thread] DEBUG PrimaryStageWindow   - Push state: ErrorSubScene
21:14:00.644 [JavaFX Application Thread] DEBUG Input                - Clearing active input actions
21:14:00.648 [JavaFX Application Thread] DEBUG GameApplicationServi - Removing overlay from FXGLLoadingScene and adding to ErrorSubScene
21:14:00.648 [JavaFX Application Thread] DEBUG PrimaryStageWindow   - FXGLLoadingScene -> ErrorSubScene
21:14:02.066 [FXGL Background Thread 3 ] DEBUG Engine               - Logging environment variables
21:14:02.068 [FXGL Background Thread 3 ] DEBUG Engine               - achievements: []
21:14:02.068 [FXGL Background Thread 3 ] DEBUG Engine               - actualHeight: 864.0
21:14:02.069 [FXGL Background Thread 3 ] DEBUG Engine               - actualHeightProperty: ReadOnlyDoubleProperty [value: 864.0]
21:14:02.069 [FXGL Background Thread 3 ] DEBUG Engine               - actualWidth: 1536.0
21:14:02.069 [FXGL Background Thread 3 ] DEBUG Engine               - actualWidthProperty: ReadOnlyDoubleProperty [value: 1536.0]
21:14:02.069 [FXGL Background Thread 3 ] DEBUG Engine               - appIcon: fxgl_icon.png
21:14:02.069 [FXGL Background Thread 3 ] DEBUG Engine               - applicationMode: DEVELOPER
21:14:02.069 [FXGL Background Thread 3 ] DEBUG Engine               - cSSList: [fxgl_dark.css]
21:14:02.069 [FXGL Background Thread 3 ] DEBUG Engine               - collisionDetectionStrategy: BRUTE_FORCE
21:14:02.069 [FXGL Background Thread 3 ] DEBUG Engine               - configClass: Optional.empty
21:14:02.070 [FXGL Background Thread 3 ] DEBUG Engine               - credits: []
21:14:02.070 [FXGL Background Thread 3 ] DEBUG Engine               - defaultCursor: CursorInfo(imageName=fxgl_default_cursor.png, hotspotX=7.0, hotspotY=6.0)
21:14:02.071 [FXGL Background Thread 3 ] DEBUG Engine               - devBBoxColorProperty: ObjectProperty [value: 0xff0000ff]
21:14:02.071 [FXGL Background Thread 3 ] DEBUG Engine               - devEnableDebugCameraProperty: BooleanProperty [value: false]
21:14:02.071 [FXGL Background Thread 3 ] DEBUG Engine               - devSensorColorProperty: ObjectProperty [value: 0xffff00ff]
21:14:02.071 [FXGL Background Thread 3 ] DEBUG Engine               - devShowBBoxProperty: BooleanProperty [value: false]
21:14:02.071 [FXGL Background Thread 3 ] DEBUG Engine               - devShowPositionProperty: BooleanProperty [value: false]
21:14:02.071 [FXGL Background Thread 3 ] DEBUG Engine               - enabledMenuItems: []
21:14:02.071 [FXGL Background Thread 3 ] DEBUG Engine               - engineServices: [class com.almasb.fxgl.app.services.FXGLAssetLoaderService, class com.almasb.fxgl.app.FXGLApplication$GameApplicationService, class com.almasb.fxgl.app.services.FXGLDialogService, class com.almasb.fxgl.app.services.IOTaskExecutorService, class com.almasb.fxgl.io.FileSystemService, class com.almasb.fxgl.localization.LocalizationService, class com.almasb.fxgl.app.services.SystemBundleService, class com.almasb.fxgl.profile.SaveLoadService, class com.almasb.fxgl.ui.FXGLUIFactoryServiceProvider, class com.almasb.fxgl.ui.FXGLDialogFactoryServiceProvider, class com.almasb.fxgl.audio.AudioPlayer, class com.almasb.fxgl.notification.impl.NotificationServiceProvider, class com.almasb.fxgl.achievement.AchievementService, class com.almasb.fxgl.cutscene.CutsceneService, class com.almasb.fxgl.minigames.MiniGameService, class com.almasb.fxgl.net.NetService, class com.almasb.fxgl.app.services.UpdaterService, class com.almasb.fxgl.dev.DevService]
21:14:02.072 [FXGL Background Thread 3 ] DEBUG Engine               - fontGame: Abel-Regular.ttf
21:14:02.072 [FXGL Background Thread 3 ] DEBUG Engine               - fontMono: TerminalLandMono-Regular.otf
21:14:02.072 [FXGL Background Thread 3 ] DEBUG Engine               - fontText: Courier-Prime.ttf
21:14:02.072 [FXGL Background Thread 3 ] DEBUG Engine               - fontUI: VarelaRound-Regular.ttf
21:14:02.072 [FXGL Background Thread 3 ] DEBUG Engine               - fullScreen: BooleanProperty [value: true]
21:14:02.072 [FXGL Background Thread 3 ] DEBUG Engine               - gameDifficulty: MEDIUM
21:14:02.072 [FXGL Background Thread 3 ] DEBUG Engine               - gameDifficultyProperty: ObjectProperty [value: MEDIUM]
21:14:02.072 [FXGL Background Thread 3 ] DEBUG Engine               - globalMusicVolume: 0.5
21:14:02.072 [FXGL Background Thread 3 ] DEBUG Engine               - globalMusicVolumeProperty: DoubleProperty [value: 0.5]
21:14:02.073 [FXGL Background Thread 3 ] DEBUG Engine               - globalSoundVolume: 0.5
21:14:02.073 [FXGL Background Thread 3 ] DEBUG Engine               - globalSoundVolumeProperty: DoubleProperty [value: 0.5]
21:14:02.073 [FXGL Background Thread 3 ] DEBUG Engine               - height: 1080
21:14:02.073 [FXGL Background Thread 3 ] DEBUG Engine               - is3D: false
21:14:02.074 [FXGL Background Thread 3 ] DEBUG Engine               - isAndroid: false
21:14:02.074 [FXGL Background Thread 3 ] DEBUG Engine               - isBrowser: false
21:14:02.075 [FXGL Background Thread 3 ] DEBUG Engine               - isClickFeedbackEnabled: false
21:14:02.075 [FXGL Background Thread 3 ] DEBUG Engine               - isCloseConfirmation: false
21:14:02.075 [FXGL Background Thread 3 ] DEBUG Engine               - isDesktop: true
21:14:02.075 [FXGL Background Thread 3 ] DEBUG Engine               - isDeveloperMenuEnabled: false
21:14:02.075 [FXGL Background Thread 3 ] DEBUG Engine               - isEmbedded: false
21:14:02.075 [FXGL Background Thread 3 ] DEBUG Engine               - isEntityPreloadEnabled: true
21:14:02.075 [FXGL Background Thread 3 ] DEBUG Engine               - isExperimentalTiledLargeMap: false
21:14:02.076 [FXGL Background Thread 3 ] DEBUG Engine               - isFileSystemWriteAllowed: true
21:14:02.076 [FXGL Background Thread 3 ] DEBUG Engine               - isFullScreenAllowed: true
21:14:02.076 [FXGL Background Thread 3 ] DEBUG Engine               - isFullScreenFromStart: true
21:14:02.076 [FXGL Background Thread 3 ] DEBUG Engine               - isGameMenuEnabled: true
21:14:02.076 [FXGL Background Thread 3 ] DEBUG Engine               - isIOS: false
21:14:02.076 [FXGL Background Thread 3 ] DEBUG Engine               - isIntroEnabled: false
21:14:02.076 [FXGL Background Thread 3 ] DEBUG Engine               - isLinux: false
21:14:02.076 [FXGL Background Thread 3 ] DEBUG Engine               - isMac: false
21:14:02.077 [FXGL Background Thread 3 ] DEBUG Engine               - isMainMenuEnabled: true
21:14:02.077 [FXGL Background Thread 3 ] DEBUG Engine               - isManualResizeEnabled: false
21:14:02.077 [FXGL Background Thread 3 ] DEBUG Engine               - isMobile: false
21:14:02.078 [FXGL Background Thread 3 ] DEBUG Engine               - isNative: false
21:14:02.078 [FXGL Background Thread 3 ] DEBUG Engine               - isPauseMusicWhenMinimized: true
21:14:02.078 [FXGL Background Thread 3 ] DEBUG Engine               - isPreserveResizeRatio: false
21:14:02.078 [FXGL Background Thread 3 ] DEBUG Engine               - isProfilingEnabled: false
21:14:02.078 [FXGL Background Thread 3 ] DEBUG Engine               - isScaleAffectedOnResize: true
21:14:02.079 [FXGL Background Thread 3 ] DEBUG Engine               - isSingleStep: false
21:14:02.079 [FXGL Background Thread 3 ] DEBUG Engine               - isUserProfileEnabled: false
21:14:02.079 [FXGL Background Thread 3 ] DEBUG Engine               - isWindows: true
21:14:02.079 [FXGL Background Thread 3 ] DEBUG Engine               - language: ObjectProperty [value: ENGLISH]
21:14:02.079 [FXGL Background Thread 3 ] DEBUG Engine               - menuKey: ESCAPE
21:14:02.079 [FXGL Background Thread 3 ] DEBUG Engine               - mouseSensitivity: 0.2
21:14:02.080 [FXGL Background Thread 3 ] DEBUG Engine               - notificationViewClass: class com.almasb.fxgl.notification.view.XboxNotificationView
21:14:02.080 [FXGL Background Thread 3 ] DEBUG Engine               - pixelsPerMeter: 50.0
21:14:02.080 [FXGL Background Thread 3 ] DEBUG Engine               - platform: WINDOWS
21:14:02.080 [FXGL Background Thread 3 ] DEBUG Engine               - prefHeightProperty: ReadOnlyDoubleProperty [value: 1080.0]
21:14:02.080 [FXGL Background Thread 3 ] DEBUG Engine               - prefWidthProperty: ReadOnlyDoubleProperty [value: 1920.0]
21:14:02.080 [FXGL Background Thread 3 ] DEBUG Engine               - profileDir: profiles/
21:14:02.081 [FXGL Background Thread 3 ] DEBUG Engine               - profileName: StringProperty [value: DEFAULT]
21:14:02.081 [FXGL Background Thread 3 ] DEBUG Engine               - randomSeed: -1
21:14:02.082 [FXGL Background Thread 3 ] DEBUG Engine               - runtimeInfo: RuntimeInfo(platform=WINDOWS, version=17.2, build=20.08.2022 16.50)
21:14:02.082 [FXGL Background Thread 3 ] DEBUG Engine               - saveFileExt: sav
21:14:02.082 [FXGL Background Thread 3 ] DEBUG Engine               - scaledHeightProp$fxgl: DoubleProperty [bound, value: 864.0]
21:14:02.082 [FXGL Background Thread 3 ] DEBUG Engine               - scaledWidthProp$fxgl: DoubleProperty [bound, value: 1536.0]
21:14:02.083 [FXGL Background Thread 3 ] DEBUG Engine               - sceneFactory: com.example.cookingina.CookingInaMain$1@70df108
21:14:02.083 [FXGL Background Thread 3 ] DEBUG Engine               - secondsIn24h: 60
21:14:02.083 [FXGL Background Thread 3 ] DEBUG Engine               - soundMenuBack: menu/back.wav
21:14:02.083 [FXGL Background Thread 3 ] DEBUG Engine               - soundMenuPress: menu/press.wav
21:14:02.083 [FXGL Background Thread 3 ] DEBUG Engine               - soundMenuSelect: menu/select.wav
21:14:02.083 [FXGL Background Thread 3 ] DEBUG Engine               - soundNotification: core/notification.wav
21:14:02.083 [FXGL Background Thread 3 ] DEBUG Engine               - stageStyle: DECORATED
21:14:02.083 [FXGL Background Thread 3 ] DEBUG Engine               - supportedLanguages: [ENGLISH, FRENCH, GERMAN, HUNGARIAN, RUSSIAN]
21:14:02.083 [FXGL Background Thread 3 ] DEBUG Engine               - ticksPerSecond: -1
21:14:02.084 [FXGL Background Thread 3 ] DEBUG Engine               - title: CookingIna
21:14:02.084 [FXGL Background Thread 3 ] DEBUG Engine               - urlGithub: https://github.com/AlmasB/FXGL
21:14:02.084 [FXGL Background Thread 3 ] DEBUG Engine               - urlLeaderboard: http://fxgl-top.herokuapp.com/
21:14:02.084 [FXGL Background Thread 3 ] DEBUG Engine               - urlPOM: https://raw.githubusercontent.com/AlmasB/FXGL/release/README.md
21:14:02.084 [FXGL Background Thread 3 ] DEBUG Engine               - userAppClass: class com.example.cookingina.CookingInaMain
21:14:02.084 [FXGL Background Thread 3 ] DEBUG Engine               - version: 0.1
21:14:02.084 [FXGL Background Thread 3 ] DEBUG Engine               - versionCheckDays: 7
21:14:02.085 [FXGL Background Thread 3 ] DEBUG Engine               - width: 1920
21:14:02.085 [FXGL Background Thread 3 ] DEBUG Engine               - Logging services
21:14:02.085 [FXGL Background Thread 3 ] DEBUG Engine               - class com.almasb.fxgl.app.services.FXGLAssetLoaderService
21:14:02.085 [FXGL Background Thread 3 ] DEBUG Engine               - class com.almasb.fxgl.app.FXGLApplication$GameApplicationService
21:14:02.085 [FXGL Background Thread 3 ] DEBUG Engine               - class com.almasb.fxgl.app.services.FXGLDialogService
21:14:02.085 [FXGL Background Thread 3 ] DEBUG Engine               - class com.almasb.fxgl.app.services.IOTaskExecutorService
21:14:02.086 [FXGL Background Thread 3 ] DEBUG Engine               - class com.almasb.fxgl.io.FileSystemService
21:14:02.086 [FXGL Background Thread 3 ] DEBUG Engine               - class com.almasb.fxgl.localization.LocalizationService
21:14:02.086 [FXGL Background Thread 3 ] DEBUG Engine               - class com.almasb.fxgl.app.services.SystemBundleService
21:14:02.086 [FXGL Background Thread 3 ] DEBUG Engine               - class com.almasb.fxgl.profile.SaveLoadService
21:14:02.086 [FXGL Background Thread 3 ] DEBUG Engine               - class com.almasb.fxgl.ui.FXGLUIFactoryServiceProvider
21:14:02.086 [FXGL Background Thread 3 ] DEBUG Engine               - class com.almasb.fxgl.ui.FXGLDialogFactoryServiceProvider
21:14:02.086 [FXGL Background Thread 3 ] DEBUG Engine               - class com.almasb.fxgl.audio.AudioPlayer
21:14:02.086 [FXGL Background Thread 3 ] DEBUG Engine               - class com.almasb.fxgl.notification.impl.NotificationServiceProvider
21:14:02.086 [FXGL Background Thread 3 ] DEBUG Engine               - class com.almasb.fxgl.achievement.AchievementService
21:14:02.086 [FXGL Background Thread 3 ] DEBUG Engine               - class com.almasb.fxgl.cutscene.CutsceneService
21:14:02.086 [FXGL Background Thread 3 ] DEBUG Engine               - class com.almasb.fxgl.minigames.MiniGameService
21:14:02.086 [FXGL Background Thread 3 ] DEBUG Engine               - class com.almasb.fxgl.net.NetService
21:14:02.086 [FXGL Background Thread 3 ] DEBUG Engine               - class com.almasb.fxgl.app.services.UpdaterService
21:14:02.086 [FXGL Background Thread 3 ] DEBUG Engine               - class com.almasb.fxgl.dev.DevService
21:14:04.978 [JavaFX Application Thread] DEBUG FXGLApplication      - Exiting FXGL
21:14:04.979 [JavaFX Application Thread] DEBUG Async                - Shutting down background threads
21:14:04.979 [JavaFX Application Thread] DEBUG PrimaryStageWindow   - Closing main window
21:14:05.046 [JavaFX Application Thread] DEBUG Logger               - Closing Logger
