12:03:04.067 [main                     ] DEBUG Logger               - Configured Logger
12:03:04.100 [main                     ] DEBUG GameApplication      - Logging settings
Title: CookingIna
Version: 0.1
Width: 1920
Height: 1080
Fullscreen: true
Intro: false
Profiling: false
Single step:false
App Mode: DEVELOPER
Menu Key: ESCAPE
Stage Style: DECORATED
Scene Factory: class com.example.cookingina.CookingInaMain$1

12:03:04.734 [JavaFX Application Thread] DEBUG FXGLApplication      - Initializing FXGL
12:03:04.740 [JavaFX Application Thread] INFO  Engine               - FXGL-17.2 (20.08.2022 16.50) on WINDOWS (J:23 FX:20)
12:03:04.740 [JavaFX Application Thread] DEBUG Engine               - JRE Vendor Name: Oracle Corporation
12:03:04.741 [JavaFX Application Thread] DEBUG Engine               - Running on OS: Windows 11 version 10.0
12:03:04.741 [JavaFX Application Thread] DEBUG Engine               - Architecture: amd64
12:03:04.741 [JavaFX Application Thread] INFO  Engine               - Source code and latest versions at: https://github.com/AlmasB/FXGL
12:03:04.741 [JavaFX Application Thread] INFO  Engine               -       Ask questions and discuss at: https://github.com/AlmasB/FXGL/discussions
12:03:04.741 [JavaFX Application Thread] INFO  Engine               -              Join the FXGL chat at: https://gitter.im/AlmasB/FXGL
12:03:04.852 [JavaFX Application Thread] DEBUG PrimaryStageWindow   - Creating a JavaFX scene
12:03:04.852 [JavaFX Application Thread] DEBUG PrimaryStageWindow   - Target size > screen size
12:03:04.922 [JavaFX Application Thread] DEBUG PrimaryStageWindow   - Target settings size: 1920.0 x 1080.0
12:03:04.922 [JavaFX Application Thread] DEBUG PrimaryStageWindow   - Scaled scene size:    1511.0 x 864.0
12:03:04.922 [JavaFX Application Thread] DEBUG PrimaryStageWindow   - Scaled ratio: (0.7869791666666667, 0.8)
12:03:04.923 [JavaFX Application Thread] DEBUG PrimaryStageWindow   - Set initial scene to FXGLStartupScene
12:03:04.928 [JavaFX Application Thread] DEBUG PrimaryStageWindow   - Opening main window
12:03:05.064 [JavaFX Application Thread] DEBUG PrimaryStageWindow   - Window border size: (14.5999755859375, 37.5999755859375)
12:03:05.065 [JavaFX Application Thread] DEBUG PrimaryStageWindow   - Scaled size: 1511.0 x 864.0
12:03:05.065 [JavaFX Application Thread] DEBUG PrimaryStageWindow   - Scaled ratio: (0.7869791666666667, 0.8)
12:03:05.067 [JavaFX Application Thread] DEBUG PrimaryStageWindow   - Scene size: 1511.0 x 864.0
12:03:05.067 [JavaFX Application Thread] DEBUG PrimaryStageWindow   - Stage size: 1525.5999755859375 x 901.5999755859375
12:03:05.203 [JavaFX Application Thread] DEBUG PrimaryStageWindow   - Going fullscreen
12:03:05.221 [FXGL Background Thread 1 ] DEBUG Engine               - Initializing environment variables
12:03:05.368 [FXGL Background Thread 1 ] DEBUG FXGLAssetLoaderServi - User app class for loading assets: class com.example.cookingina.CookingInaMain
12:03:05.369 [FXGL Background Thread 1 ] DEBUG GameApplicationServi - Applying CSS: fxgl_dark.css
12:03:05.369 [FXGL Background Thread 1 ] DEBUG FXGLAssetLoaderServi - Loading from file system: jar:file:///C:/Users/Luis/.m2/repository/com/github/almasb/fxgl/17.2/fxgl-17.2.jar!/fxglassets/ui/css/fxgl_dark.css
12:03:05.423 [FXGL Background Thread 1 ] DEBUG GameApplicationServi - Initializing application scenes
12:03:05.492 [FXGL Background Thread 1 ] DEBUG GameWorld            - Game world initialized
12:03:05.595 [FXGL Background Thread 1 ] DEBUG PhysicsWorld         - Physics world initialized: appHeight=1080, physics.ppm=50.0
12:03:05.596 [FXGL Background Thread 1 ] DEBUG PhysicsWorld         - Using strategy: BRUTE_FORCE
12:03:05.601 [FXGL Background Thread 1 ] DEBUG GameScene            - Game scene initialized: 1920x1080
12:03:05.619 [FXGL Background Thread 1 ] DEBUG FXGL.DefaultMenu     - createMenuBodyGameMenu()
12:03:05.631 [FXGL Background Thread 1 ] DEBUG FXGL.DefaultMenu     - createOptionsMenu()
12:03:05.646 [FXGL Background Thread 1 ] DEBUG FXGLAssetLoaderServi - Loading from file system: jar:file:///C:/Users/Luis/.m2/repository/com/github/almasb/fxgl/17.2/fxgl-17.2.jar!/fxglassets/textures/particles/smoke.png
12:03:05.779 [FXGL Background Thread 1 ] DEBUG FXGLAssetLoaderServi - Loading from file system: jar:file:///C:/Users/Luis/.m2/repository/com/github/almasb/fxgl/17.2/fxgl-17.2.jar!/fxglassets/textures/particles/trace_horizontal.png
12:03:05.822 [FXGL Background Thread 1 ] DEBUG GameApplicationServi - Application scenes initialized
12:03:05.843 [FXGL Background Thread 1 ] DEBUG SystemBundleService  - Loading FXGL system data
12:03:05.850 [FXGL Background Thread 1 ] DEBUG FileSystemAccess     - Reading from: C:\OOP\Cooking-Ina-Ang-Sarap-2\system\fxgl.bundle
12:03:05.862 [FXGL Background Thread 1 ] DEBUG SystemBundleService  - Bundle FXGL: {}
12:03:05.862 [FXGL Background Thread 1 ] DEBUG UpdaterService       - Checking for updates
12:03:05.869 [FXGL Background Thread 4 ] DEBUG FXGLApplication      - Loading fonts
12:03:05.870 [FXGL Background Thread 1 ] DEBUG FXGLApplication      - Loading default localization
12:03:05.870 [FXGL Background Thread 4 ] DEBUG FXGLAssetLoaderServi - Loading from file system: jar:file:///C:/Users/Luis/.m2/repository/com/github/almasb/fxgl/17.2/fxgl-17.2.jar!/fxglassets/ui/fonts/VarelaRound-Regular.ttf
12:03:05.871 [FXGL Background Thread 1 ] DEBUG FXGLAssetLoaderServi - Loading from file system: jar:file:///C:/Users/Luis/.m2/repository/com/github/almasb/fxgl/17.2/fxgl-17.2.jar!/fxglassets/languages/english.lang
12:03:05.928 [FXGL Background Thread 1 ] INFO  FXGLApplication      - FXGL initialization took: 0.708 sec
12:03:05.939 [FXGL Background Thread 4 ] DEBUG FXGLAssetLoaderServi - Loading from file system: jar:file:///C:/Users/Luis/.m2/repository/com/github/almasb/fxgl/17.2/fxgl-17.2.jar!/fxglassets/ui/fonts/Abel-Regular.ttf
12:03:05.948 [JavaFX Application Thread] DEBUG Input                - Registered new binding: Toggle debug - F1
12:03:05.949 [FXGL Background Thread 4 ] DEBUG FXGLAssetLoaderServi - Loading from file system: jar:file:///C:/Users/Luis/.m2/repository/com/github/almasb/fxgl/17.2/fxgl-17.2.jar!/fxglassets/ui/fonts/TerminalLandMono-Regular.otf
12:03:05.949 [JavaFX Application Thread] DEBUG FXGLAssetLoaderServi - Loading from file system: jar:file:///C:/Users/Luis/.m2/repository/com/github/almasb/fxgl/17.2/fxgl-17.2.jar!/fxglassets/textures/fxgl_icon.png
12:03:05.959 [FXGL Background Thread 4 ] DEBUG FXGLAssetLoaderServi - Loading from file system: jar:file:///C:/Users/Luis/.m2/repository/com/github/almasb/fxgl/17.2/fxgl-17.2.jar!/fxglassets/ui/fonts/Courier-Prime.ttf
12:03:05.979 [JavaFX Application Thread] DEBUG FXGLAssetLoaderServi - Loading from file system: jar:file:///C:/Users/Luis/.m2/repository/com/github/almasb/fxgl/17.2/fxgl-17.2.jar!/fxglassets/textures/fxgl_default_cursor.png
12:03:05.983 [JavaFX Application Thread] DEBUG Input                - Registered new binding: Screenshot - CTRL+8
12:03:05.984 [JavaFX Application Thread] DEBUG Input                - Registered new binding: System info dump - CTRL+9
12:03:05.984 [JavaFX Application Thread] DEBUG Input                - Registered new binding: Restart - CTRL+R
12:03:05.985 [JavaFX Application Thread] DEBUG Input                - Registered new binding: Toggle Debug Camera - CTRL+7
12:03:05.987 [JavaFX Application Thread] DEBUG LoopRunner           - Starting loop
12:03:05.988 [JavaFX Application Thread] DEBUG LoopRunner           - Initializing JavaFX AnimationTimerLoop
12:03:05.991 [JavaFX Application Thread] DEBUG Input                - Clearing active input actions
12:03:06.003 [JavaFX Application Thread] DEBUG GameApplicationServi - Removing overlay from FXGLStartupScene and adding to FXGLMainMenuDummyScene
12:03:06.004 [JavaFX Application Thread] DEBUG PrimaryStageWindow   - FXGLStartupScene -> FXGLMainMenuDummyScene
12:03:06.004 [JavaFX Application Thread] DEBUG PrimaryStageWindow   - Push state: MainMenu
12:03:06.004 [JavaFX Application Thread] DEBUG Input                - Clearing active input actions
12:03:06.013 [JavaFX Application Thread] DEBUG GameApplicationServi - Removing overlay from FXGLMainMenuDummyScene and adding to MainMenu
12:03:06.014 [JavaFX Application Thread] DEBUG PrimaryStageWindow   - FXGLMainMenuDummyScene -> MainMenu
12:03:06.014 [JavaFX Application Thread] DEBUG FXGLApplication      - Registering font factories with UI factory
12:03:06.660 [FXGL Background Thread 2 ] INFO  UpdaterService       - Your current version:  17.2
12:03:06.660 [FXGL Background Thread 2 ] INFO  UpdaterService       - Latest stable version: 21.1
12:03:08.869 [FXGL Background Thread 3 ] DEBUG Engine               - Logging environment variables
12:03:08.869 [FXGL Background Thread 3 ] DEBUG Engine               - achievements: []
12:03:08.870 [FXGL Background Thread 3 ] DEBUG Engine               - actualHeight: 864.0
12:03:08.870 [FXGL Background Thread 3 ] DEBUG Engine               - actualHeightProperty: ReadOnlyDoubleProperty [value: 864.0]
12:03:08.870 [FXGL Background Thread 3 ] DEBUG Engine               - actualWidth: 1536.0
12:03:08.870 [FXGL Background Thread 3 ] DEBUG Engine               - actualWidthProperty: ReadOnlyDoubleProperty [value: 1536.0]
12:03:08.870 [FXGL Background Thread 3 ] DEBUG Engine               - appIcon: fxgl_icon.png
12:03:08.870 [FXGL Background Thread 3 ] DEBUG Engine               - applicationMode: DEVELOPER
12:03:08.870 [FXGL Background Thread 3 ] DEBUG Engine               - cSSList: [fxgl_dark.css]
12:03:08.870 [FXGL Background Thread 3 ] DEBUG Engine               - collisionDetectionStrategy: BRUTE_FORCE
12:03:08.870 [FXGL Background Thread 3 ] DEBUG Engine               - configClass: Optional.empty
12:03:08.871 [FXGL Background Thread 3 ] DEBUG Engine               - credits: []
12:03:08.871 [FXGL Background Thread 3 ] DEBUG Engine               - defaultCursor: CursorInfo(imageName=fxgl_default_cursor.png, hotspotX=7.0, hotspotY=6.0)
12:03:08.871 [FXGL Background Thread 3 ] DEBUG Engine               - devBBoxColorProperty: ObjectProperty [value: 0xff0000ff]
12:03:08.871 [FXGL Background Thread 3 ] DEBUG Engine               - devEnableDebugCameraProperty: BooleanProperty [value: false]
12:03:08.872 [FXGL Background Thread 3 ] DEBUG Engine               - devSensorColorProperty: ObjectProperty [value: 0xffff00ff]
12:03:08.872 [FXGL Background Thread 3 ] DEBUG Engine               - devShowBBoxProperty: BooleanProperty [value: false]
12:03:08.872 [FXGL Background Thread 3 ] DEBUG Engine               - devShowPositionProperty: BooleanProperty [value: false]
12:03:08.872 [FXGL Background Thread 3 ] DEBUG Engine               - enabledMenuItems: []
12:03:08.872 [FXGL Background Thread 3 ] DEBUG Engine               - engineServices: [class com.almasb.fxgl.app.services.FXGLAssetLoaderService, class com.almasb.fxgl.app.FXGLApplication$GameApplicationService, class com.almasb.fxgl.app.services.FXGLDialogService, class com.almasb.fxgl.app.services.IOTaskExecutorService, class com.almasb.fxgl.io.FileSystemService, class com.almasb.fxgl.localization.LocalizationService, class com.almasb.fxgl.app.services.SystemBundleService, class com.almasb.fxgl.profile.SaveLoadService, class com.almasb.fxgl.ui.FXGLUIFactoryServiceProvider, class com.almasb.fxgl.ui.FXGLDialogFactoryServiceProvider, class com.almasb.fxgl.audio.AudioPlayer, class com.almasb.fxgl.notification.impl.NotificationServiceProvider, class com.almasb.fxgl.achievement.AchievementService, class com.almasb.fxgl.cutscene.CutsceneService, class com.almasb.fxgl.minigames.MiniGameService, class com.almasb.fxgl.net.NetService, class com.almasb.fxgl.app.services.UpdaterService, class com.almasb.fxgl.dev.DevService]
12:03:08.872 [FXGL Background Thread 3 ] DEBUG Engine               - fontGame: Abel-Regular.ttf
12:03:08.872 [FXGL Background Thread 3 ] DEBUG Engine               - fontMono: TerminalLandMono-Regular.otf
12:03:08.872 [FXGL Background Thread 3 ] DEBUG Engine               - fontText: Courier-Prime.ttf
12:03:08.872 [FXGL Background Thread 3 ] DEBUG Engine               - fontUI: VarelaRound-Regular.ttf
12:03:08.872 [FXGL Background Thread 3 ] DEBUG Engine               - fullScreen: BooleanProperty [value: true]
12:03:08.873 [FXGL Background Thread 3 ] DEBUG Engine               - gameDifficulty: MEDIUM
12:03:08.873 [FXGL Background Thread 3 ] DEBUG Engine               - gameDifficultyProperty: ObjectProperty [value: MEDIUM]
12:03:08.873 [FXGL Background Thread 3 ] DEBUG Engine               - globalMusicVolume: 0.5
12:03:08.873 [FXGL Background Thread 3 ] DEBUG Engine               - globalMusicVolumeProperty: DoubleProperty [value: 0.5]
12:03:08.873 [FXGL Background Thread 3 ] DEBUG Engine               - globalSoundVolume: 0.5
12:03:08.873 [FXGL Background Thread 3 ] DEBUG Engine               - globalSoundVolumeProperty: DoubleProperty [value: 0.5]
12:03:08.873 [FXGL Background Thread 3 ] DEBUG Engine               - height: 1080
12:03:08.873 [FXGL Background Thread 3 ] DEBUG Engine               - is3D: false
12:03:08.873 [FXGL Background Thread 3 ] DEBUG Engine               - isAndroid: false
12:03:08.873 [FXGL Background Thread 3 ] DEBUG Engine               - isBrowser: false
12:03:08.874 [FXGL Background Thread 3 ] DEBUG Engine               - isClickFeedbackEnabled: false
12:03:08.874 [FXGL Background Thread 3 ] DEBUG Engine               - isCloseConfirmation: false
12:03:08.874 [FXGL Background Thread 3 ] DEBUG Engine               - isDesktop: true
12:03:08.874 [FXGL Background Thread 3 ] DEBUG Engine               - isDeveloperMenuEnabled: false
12:03:08.874 [FXGL Background Thread 3 ] DEBUG Engine               - isEmbedded: false
12:03:08.874 [FXGL Background Thread 3 ] DEBUG Engine               - isEntityPreloadEnabled: true
12:03:08.874 [FXGL Background Thread 3 ] DEBUG Engine               - isExperimentalTiledLargeMap: false
12:03:08.874 [FXGL Background Thread 3 ] DEBUG Engine               - isFileSystemWriteAllowed: true
12:03:08.874 [FXGL Background Thread 3 ] DEBUG Engine               - isFullScreenAllowed: true
12:03:08.874 [FXGL Background Thread 3 ] DEBUG Engine               - isFullScreenFromStart: true
12:03:08.874 [FXGL Background Thread 3 ] DEBUG Engine               - isGameMenuEnabled: true
12:03:08.874 [FXGL Background Thread 3 ] DEBUG Engine               - isIOS: false
12:03:08.875 [FXGL Background Thread 3 ] DEBUG Engine               - isIntroEnabled: false
12:03:08.875 [FXGL Background Thread 3 ] DEBUG Engine               - isLinux: false
12:03:08.875 [FXGL Background Thread 3 ] DEBUG Engine               - isMac: false
12:03:08.875 [FXGL Background Thread 3 ] DEBUG Engine               - isMainMenuEnabled: true
12:03:08.875 [FXGL Background Thread 3 ] DEBUG Engine               - isManualResizeEnabled: false
12:03:08.875 [FXGL Background Thread 3 ] DEBUG Engine               - isMobile: false
12:03:08.875 [FXGL Background Thread 3 ] DEBUG Engine               - isNative: false
12:03:08.875 [FXGL Background Thread 3 ] DEBUG Engine               - isPauseMusicWhenMinimized: true
12:03:08.875 [FXGL Background Thread 3 ] DEBUG Engine               - isPreserveResizeRatio: false
12:03:08.875 [FXGL Background Thread 3 ] DEBUG Engine               - isProfilingEnabled: false
12:03:08.875 [FXGL Background Thread 3 ] DEBUG Engine               - isScaleAffectedOnResize: true
12:03:08.875 [FXGL Background Thread 3 ] DEBUG Engine               - isSingleStep: false
12:03:08.876 [FXGL Background Thread 3 ] DEBUG Engine               - isUserProfileEnabled: false
12:03:08.876 [FXGL Background Thread 3 ] DEBUG Engine               - isWindows: true
12:03:08.876 [FXGL Background Thread 3 ] DEBUG Engine               - language: ObjectProperty [value: ENGLISH]
12:03:08.876 [FXGL Background Thread 3 ] DEBUG Engine               - menuKey: ESCAPE
12:03:08.876 [FXGL Background Thread 3 ] DEBUG Engine               - mouseSensitivity: 0.2
12:03:08.876 [FXGL Background Thread 3 ] DEBUG Engine               - notificationViewClass: class com.almasb.fxgl.notification.view.XboxNotificationView
12:03:08.876 [FXGL Background Thread 3 ] DEBUG Engine               - pixelsPerMeter: 50.0
12:03:08.876 [FXGL Background Thread 3 ] DEBUG Engine               - platform: WINDOWS
12:03:08.876 [FXGL Background Thread 3 ] DEBUG Engine               - prefHeightProperty: ReadOnlyDoubleProperty [value: 1080.0]
12:03:08.876 [FXGL Background Thread 3 ] DEBUG Engine               - prefWidthProperty: ReadOnlyDoubleProperty [value: 1920.0]
12:03:08.876 [FXGL Background Thread 3 ] DEBUG Engine               - profileDir: profiles/
12:03:08.876 [FXGL Background Thread 3 ] DEBUG Engine               - profileName: StringProperty [value: DEFAULT]
12:03:08.877 [FXGL Background Thread 3 ] DEBUG Engine               - randomSeed: -1
12:03:08.877 [FXGL Background Thread 3 ] DEBUG Engine               - runtimeInfo: RuntimeInfo(platform=WINDOWS, version=17.2, build=20.08.2022 16.50)
12:03:08.877 [FXGL Background Thread 3 ] DEBUG Engine               - saveFileExt: sav
12:03:08.877 [FXGL Background Thread 3 ] DEBUG Engine               - scaledHeightProp$fxgl: DoubleProperty [bound, value: 864.0]
12:03:08.877 [FXGL Background Thread 3 ] DEBUG Engine               - scaledWidthProp$fxgl: DoubleProperty [bound, value: 1536.0]
12:03:08.877 [FXGL Background Thread 3 ] DEBUG Engine               - sceneFactory: com.example.cookingina.CookingInaMain$1@290de349
12:03:08.877 [FXGL Background Thread 3 ] DEBUG Engine               - secondsIn24h: 60
12:03:08.877 [FXGL Background Thread 3 ] DEBUG Engine               - soundMenuBack: menu/back.wav
12:03:08.877 [FXGL Background Thread 3 ] DEBUG Engine               - soundMenuPress: menu/press.wav
12:03:08.877 [FXGL Background Thread 3 ] DEBUG Engine               - soundMenuSelect: menu/select.wav
12:03:08.878 [FXGL Background Thread 3 ] DEBUG Engine               - soundNotification: core/notification.wav
12:03:08.878 [FXGL Background Thread 3 ] DEBUG Engine               - stageStyle: DECORATED
12:03:08.878 [FXGL Background Thread 3 ] DEBUG Engine               - supportedLanguages: [ENGLISH, FRENCH, GERMAN, HUNGARIAN, RUSSIAN]
12:03:08.878 [FXGL Background Thread 3 ] DEBUG Engine               - ticksPerSecond: -1
12:03:08.878 [FXGL Background Thread 3 ] DEBUG Engine               - title: CookingIna
12:03:08.878 [FXGL Background Thread 3 ] DEBUG Engine               - urlGithub: https://github.com/AlmasB/FXGL
12:03:08.878 [FXGL Background Thread 3 ] DEBUG Engine               - urlLeaderboard: http://fxgl-top.herokuapp.com/
12:03:08.878 [FXGL Background Thread 3 ] DEBUG Engine               - urlPOM: https://raw.githubusercontent.com/AlmasB/FXGL/release/README.md
12:03:08.878 [FXGL Background Thread 3 ] DEBUG Engine               - userAppClass: class com.example.cookingina.CookingInaMain
12:03:08.878 [FXGL Background Thread 3 ] DEBUG Engine               - version: 0.1
12:03:08.878 [FXGL Background Thread 3 ] DEBUG Engine               - versionCheckDays: 7
12:03:08.878 [FXGL Background Thread 3 ] DEBUG Engine               - width: 1920
12:03:08.878 [FXGL Background Thread 3 ] DEBUG Engine               - Logging services
12:03:08.878 [FXGL Background Thread 3 ] DEBUG Engine               - class com.almasb.fxgl.app.services.FXGLAssetLoaderService
12:03:08.879 [FXGL Background Thread 3 ] DEBUG Engine               - class com.almasb.fxgl.app.FXGLApplication$GameApplicationService
12:03:08.879 [FXGL Background Thread 3 ] DEBUG Engine               - class com.almasb.fxgl.app.services.FXGLDialogService
12:03:08.879 [FXGL Background Thread 3 ] DEBUG Engine               - class com.almasb.fxgl.app.services.IOTaskExecutorService
12:03:08.879 [FXGL Background Thread 3 ] DEBUG Engine               - class com.almasb.fxgl.io.FileSystemService
12:03:08.879 [FXGL Background Thread 3 ] DEBUG Engine               - class com.almasb.fxgl.localization.LocalizationService
12:03:08.879 [FXGL Background Thread 3 ] DEBUG Engine               - class com.almasb.fxgl.app.services.SystemBundleService
12:03:08.879 [FXGL Background Thread 3 ] DEBUG Engine               - class com.almasb.fxgl.profile.SaveLoadService
12:03:08.879 [FXGL Background Thread 3 ] DEBUG Engine               - class com.almasb.fxgl.ui.FXGLUIFactoryServiceProvider
12:03:08.879 [FXGL Background Thread 3 ] DEBUG Engine               - class com.almasb.fxgl.ui.FXGLDialogFactoryServiceProvider
12:03:08.879 [FXGL Background Thread 3 ] DEBUG Engine               - class com.almasb.fxgl.audio.AudioPlayer
12:03:08.879 [FXGL Background Thread 3 ] DEBUG Engine               - class com.almasb.fxgl.notification.impl.NotificationServiceProvider
12:03:08.879 [FXGL Background Thread 3 ] DEBUG Engine               - class com.almasb.fxgl.achievement.AchievementService
12:03:08.879 [FXGL Background Thread 3 ] DEBUG Engine               - class com.almasb.fxgl.cutscene.CutsceneService
12:03:08.879 [FXGL Background Thread 3 ] DEBUG Engine               - class com.almasb.fxgl.minigames.MiniGameService
12:03:08.879 [FXGL Background Thread 3 ] DEBUG Engine               - class com.almasb.fxgl.net.NetService
12:03:08.880 [FXGL Background Thread 3 ] DEBUG Engine               - class com.almasb.fxgl.app.services.UpdaterService
12:03:08.880 [FXGL Background Thread 3 ] DEBUG Engine               - class com.almasb.fxgl.dev.DevService
12:03:38.810 [JavaFX Application Thread] DEBUG Menu                 - fireExit()
12:03:38.812 [JavaFX Application Thread] DEBUG PrimaryStageWindow   - Push state: DialogSubScene
12:03:38.812 [JavaFX Application Thread] DEBUG Input                - Clearing active input actions
12:03:38.813 [JavaFX Application Thread] DEBUG GameApplicationServi - Removing overlay from MainMenu and adding to DialogSubScene
12:03:38.813 [JavaFX Application Thread] DEBUG PrimaryStageWindow   - MainMenu -> DialogSubScene
12:03:39.906 [JavaFX Application Thread] DEBUG PrimaryStageWindow   - Pop state: DialogSubScene
12:03:39.906 [JavaFX Application Thread] DEBUG Input                - Clearing active input actions
12:03:39.909 [JavaFX Application Thread] DEBUG GameApplicationServi - Removing overlay from DialogSubScene and adding to MainMenu
12:03:39.910 [JavaFX Application Thread] DEBUG PrimaryStageWindow   - MainMenu <- DialogSubScene
12:03:39.910 [JavaFX Application Thread] DEBUG FXGLApplication      - Exiting FXGL
12:03:39.910 [JavaFX Application Thread] DEBUG LoopRunner           - Stopping loop
12:03:39.910 [JavaFX Application Thread] DEBUG SystemBundleService  - Saving FXGL system data
12:03:39.917 [JavaFX Application Thread] DEBUG FileSystemAccess     - Writing to: C:\OOP\Cooking-Ina-Ang-Sarap-2\system\fxgl.bundle
12:03:39.924 [JavaFX Application Thread] DEBUG Async                - Shutting down background threads
12:03:39.924 [JavaFX Application Thread] DEBUG PrimaryStageWindow   - Closing main window
12:03:39.983 [JavaFX Application Thread] DEBUG Logger               - Closing Logger
