14:06:18.779 [main                     ] DEBUG Logger               - Configured Logger
14:06:18.833 [main                     ] DEBUG GameApplication      - Logging settings
Title: CookingIna
Version: 0.1
Width: 800
Height: 600
Fullscreen: false
Intro: false
Profiling: false
Single step:false
App Mode: DEVELOPER
Menu Key: ESCAPE
Stage Style: DECORATED
Scene Factory: class com.example.cookingina.CookingInaMain$1

14:06:20.044 [JavaFX Application Thread] DEBUG FXGLApplication      - Initializing FXGL
14:06:20.051 [JavaFX Application Thread] INFO  Engine               - FXGL-17.2 (20.08.2022 16.50) on WINDOWS (J:23.0.1 FX:19)
14:06:20.052 [JavaFX Application Thread] DEBUG Engine               - JRE Vendor Name: Oracle Corporation
14:06:20.052 [JavaFX Application Thread] DEBUG Engine               - Running on OS: Windows 11 version 10.0
14:06:20.052 [JavaFX Application Thread] DEBUG Engine               - Architecture: amd64
14:06:20.052 [JavaFX Application Thread] INFO  Engine               - Source code and latest versions at: https://github.com/AlmasB/FXGL
14:06:20.052 [JavaFX Application Thread] INFO  Engine               -       Ask questions and discuss at: https://github.com/AlmasB/FXGL/discussions
14:06:20.052 [JavaFX Application Thread] INFO  Engine               -              Join the FXGL chat at: https://gitter.im/AlmasB/FXGL
14:06:20.181 [JavaFX Application Thread] DEBUG PrimaryStageWindow   - Creating a JavaFX scene
14:06:20.245 [JavaFX Application Thread] DEBUG PrimaryStageWindow   - Target settings size: 800.0 x 600.0
14:06:20.245 [JavaFX Application Thread] DEBUG PrimaryStageWindow   - Scaled scene size:    800.0 x 600.0
14:06:20.245 [JavaFX Application Thread] DEBUG PrimaryStageWindow   - Scaled ratio: (1.0, 1.0)
14:06:20.247 [JavaFX Application Thread] DEBUG PrimaryStageWindow   - Set initial scene to FXGLStartupScene
14:06:20.253 [JavaFX Application Thread] DEBUG PrimaryStageWindow   - Opening main window
14:06:20.415 [JavaFX Application Thread] DEBUG PrimaryStageWindow   - Window border size: (16.0, 39.0)
14:06:20.415 [JavaFX Application Thread] DEBUG PrimaryStageWindow   - Scaled size: 800.0 x 600.0
14:06:20.415 [JavaFX Application Thread] DEBUG PrimaryStageWindow   - Scaled ratio: (1.0, 1.0)
14:06:20.417 [JavaFX Application Thread] DEBUG PrimaryStageWindow   - Scene size: 800.0 x 600.0
14:06:20.417 [JavaFX Application Thread] DEBUG PrimaryStageWindow   - Stage size: 816.0 x 639.0
14:06:20.433 [FXGL Background Thread 1 ] DEBUG Engine               - Initializing environment variables
14:06:20.503 [FXGL Background Thread 1 ] DEBUG FXGLAssetLoaderServi - User app class for loading assets: class com.example.cookingina.CookingInaMain
14:06:20.503 [FXGL Background Thread 1 ] DEBUG GameApplicationServi - Applying CSS: fxgl_dark.css
14:06:20.504 [FXGL Background Thread 1 ] DEBUG FXGLAssetLoaderServi - Loading from file system: jar:file:///C:/Users/austi/.m2/repository/com/github/almasb/fxgl/17.2/fxgl-17.2.jar!/fxglassets/ui/css/fxgl_dark.css
14:06:20.579 [FXGL Background Thread 1 ] DEBUG GameApplicationServi - Initializing application scenes
14:06:20.687 [FXGL Background Thread 1 ] DEBUG GameWorld            - Game world initialized
14:06:20.755 [FXGL Background Thread 1 ] DEBUG PhysicsWorld         - Physics world initialized: appHeight=600, physics.ppm=50.0
14:06:20.755 [FXGL Background Thread 1 ] DEBUG PhysicsWorld         - Using strategy: BRUTE_FORCE
14:06:20.763 [FXGL Background Thread 1 ] DEBUG GameScene            - Game scene initialized: 800x600
14:06:20.780 [FXGL Background Thread 1 ] DEBUG FXGL.DefaultMenu     - createMenuBodyGameMenu()
14:06:20.795 [FXGL Background Thread 1 ] DEBUG FXGL.DefaultMenu     - createOptionsMenu()
14:06:20.809 [FXGL Background Thread 1 ] DEBUG FXGLAssetLoaderServi - Loading from file system: jar:file:///C:/Users/austi/.m2/repository/com/github/almasb/fxgl/17.2/fxgl-17.2.jar!/fxglassets/textures/particles/smoke.png
14:06:20.984 [FXGL Background Thread 1 ] DEBUG FXGLAssetLoaderServi - Loading from file system: jar:file:///C:/Users/austi/.m2/repository/com/github/almasb/fxgl/17.2/fxgl-17.2.jar!/fxglassets/textures/particles/trace_horizontal.png
14:06:21.030 [FXGL Background Thread 1 ] DEBUG GameApplicationServi - Application scenes initialized
14:06:21.049 [FXGL Background Thread 1 ] DEBUG SystemBundleService  - Loading FXGL system data
14:06:21.051 [FXGL Background Thread 1 ] DEBUG FileSystemAccess     - Reading from: C:\Users\austi\IdeaProjects\Cooking-Ina-Ang-Sarap-\system\fxgl.bundle
14:06:21.054 [FXGL Background Thread 1 ] DEBUG SystemBundleService  - Bundle FXGL: {}
14:06:21.055 [FXGL Background Thread 1 ] DEBUG UpdaterService       - Checking for updates
14:06:21.062 [FXGL Background Thread 4 ] DEBUG FXGLApplication      - Loading fonts
14:06:21.062 [FXGL Background Thread 1 ] DEBUG FXGLApplication      - Loading default localization
14:06:21.062 [FXGL Background Thread 4 ] DEBUG FXGLAssetLoaderServi - Loading from file system: jar:file:///C:/Users/austi/.m2/repository/com/github/almasb/fxgl/17.2/fxgl-17.2.jar!/fxglassets/ui/fonts/VarelaRound-Regular.ttf
14:06:21.063 [FXGL Background Thread 1 ] DEBUG FXGLAssetLoaderServi - Loading from file system: jar:file:///C:/Users/austi/.m2/repository/com/github/almasb/fxgl/17.2/fxgl-17.2.jar!/fxglassets/languages/english.lang
14:06:21.092 [FXGL Background Thread 4 ] DEBUG FXGLAssetLoaderServi - Loading from file system: jar:file:///C:/Users/austi/.m2/repository/com/github/almasb/fxgl/17.2/fxgl-17.2.jar!/fxglassets/ui/fonts/Abel-Regular.ttf
14:06:21.095 [FXGL Background Thread 4 ] DEBUG FXGLAssetLoaderServi - Loading from file system: jar:file:///C:/Users/austi/.m2/repository/com/github/almasb/fxgl/17.2/fxgl-17.2.jar!/fxglassets/ui/fonts/TerminalLandMono-Regular.otf
14:06:21.117 [FXGL Background Thread 4 ] DEBUG FXGLAssetLoaderServi - Loading from file system: jar:file:///C:/Users/austi/.m2/repository/com/github/almasb/fxgl/17.2/fxgl-17.2.jar!/fxglassets/ui/fonts/Courier-Prime.ttf
14:06:21.121 [FXGL Background Thread 1 ] INFO  FXGLApplication      - FXGL initialization took: 0.687 sec
14:06:21.151 [JavaFX Application Thread] DEBUG Input                - Registered new binding: Toggle debug - F1
14:06:21.152 [JavaFX Application Thread] DEBUG FXGLAssetLoaderServi - Loading from file system: jar:file:///C:/Users/austi/.m2/repository/com/github/almasb/fxgl/17.2/fxgl-17.2.jar!/fxglassets/textures/fxgl_icon.png
14:06:21.177 [JavaFX Application Thread] DEBUG FXGLAssetLoaderServi - Loading from file system: jar:file:///C:/Users/austi/.m2/repository/com/github/almasb/fxgl/17.2/fxgl-17.2.jar!/fxglassets/textures/fxgl_default_cursor.png
14:06:21.180 [JavaFX Application Thread] DEBUG Input                - Registered new binding: Screenshot - CTRL+8
14:06:21.181 [JavaFX Application Thread] DEBUG Input                - Registered new binding: System info dump - CTRL+9
14:06:21.182 [JavaFX Application Thread] DEBUG Input                - Registered new binding: Restart - CTRL+R
14:06:21.182 [JavaFX Application Thread] DEBUG Input                - Registered new binding: Toggle Debug Camera - CTRL+7
14:06:21.184 [JavaFX Application Thread] DEBUG LoopRunner           - Starting loop
14:06:21.184 [JavaFX Application Thread] DEBUG LoopRunner           - Initializing JavaFX AnimationTimerLoop
14:06:21.187 [JavaFX Application Thread] DEBUG Input                - Clearing active input actions
14:06:21.197 [JavaFX Application Thread] DEBUG GameApplicationServi - Removing overlay from FXGLStartupScene and adding to FXGLMainMenuDummyScene
14:06:21.198 [JavaFX Application Thread] DEBUG PrimaryStageWindow   - FXGLStartupScene -> FXGLMainMenuDummyScene
14:06:21.198 [JavaFX Application Thread] DEBUG PrimaryStageWindow   - Push state: MainMenu
14:06:21.198 [JavaFX Application Thread] DEBUG Input                - Clearing active input actions
14:06:21.202 [JavaFX Application Thread] DEBUG GameApplicationServi - Removing overlay from FXGLMainMenuDummyScene and adding to MainMenu
14:06:21.205 [JavaFX Application Thread] DEBUG PrimaryStageWindow   - FXGLMainMenuDummyScene -> MainMenu
14:06:21.206 [JavaFX Application Thread] DEBUG FXGLApplication      - Registering font factories with UI factory
14:06:22.191 [FXGL Background Thread 2 ] INFO  UpdaterService       - Your current version:  17.2
14:06:22.192 [FXGL Background Thread 2 ] INFO  UpdaterService       - Latest stable version: 21.1
14:06:22.674 [JavaFX Application Thread] DEBUG Menu                 - fireNewGame()
14:06:22.674 [JavaFX Application Thread] DEBUG GameApplicationServi - Starting new game
14:06:22.674 [JavaFX Application Thread] DEBUG PrimaryStageWindow   - Pop state: MainMenu
14:06:22.674 [JavaFX Application Thread] DEBUG Input                - Clearing active input actions
14:06:22.675 [JavaFX Application Thread] DEBUG GameApplicationServi - Removing overlay from MainMenu and adding to FXGLMainMenuDummyScene
14:06:22.675 [JavaFX Application Thread] DEBUG PrimaryStageWindow   - FXGLMainMenuDummyScene <- MainMenu
14:06:22.675 [JavaFX Application Thread] DEBUG Input                - Clearing active input actions
14:06:22.689 [JavaFX Application Thread] DEBUG GameApplicationServi - Removing overlay from FXGLMainMenuDummyScene and adding to FXGLLoadingScene
14:06:22.689 [JavaFX Application Thread] DEBUG PrimaryStageWindow   - FXGLMainMenuDummyScene -> FXGLLoadingScene
14:06:22.689 [JavaFX Application Thread] DEBUG GameApplicationServi - Clearing previous game
14:06:22.691 [JavaFX Application Thread] DEBUG GameScene            - Clearing game scene
14:06:22.691 [JavaFX Application Thread] DEBUG GameWorld            - Clearing game world
14:06:22.691 [JavaFX Application Thread] DEBUG PhysicsWorld         - Clearing physics world
14:06:22.693 [FXGL Background Thread 2 ] DEBUG FXGLApplication      - Initializing game
14:06:22.694 [FXGL Background Thread 2 ] DEBUG FXGLAssetLoaderServi - Loading from file system: file:/C:/Users/austi/IdeaProjects/Cooking-Ina-Ang-Sarap-/CookingIna/target/classes/assets/textures/background.png
14:06:22.723 [FXGL Background Thread 2 ] DEBUG FXGLAssetLoaderServi - Loading from file system: file:/C:/Users/austi/IdeaProjects/Cooking-Ina-Ang-Sarap-/CookingIna/target/classes/assets/textures/emptyPan.png
14:06:22.752 [FXGL Background Thread 2 ] DEBUG FXGLAssetLoaderServi - Loading from file system: file:/C:/Users/austi/IdeaProjects/Cooking-Ina-Ang-Sarap-/CookingIna/target/classes/assets/textures/juice_dispenser_calamansi.png
14:06:22.770 [FXGL Background Thread 2 ] DEBUG FXGLAssetLoaderServi - Loading from file system: file:/C:/Users/austi/IdeaProjects/Cooking-Ina-Ang-Sarap-/CookingIna/target/classes/assets/textures/juice_dispenser_buko.png
14:06:22.788 [FXGL Background Thread 2 ] DEBUG FXGLAssetLoaderServi - Loading from file system: file:/C:/Users/austi/IdeaProjects/Cooking-Ina-Ang-Sarap-/CookingIna/target/classes/assets/textures/juice_dispenser_orange.png
14:06:22.807 [FXGL Background Thread 2 ] DEBUG FXGLAssetLoaderServi - Loading from file system: file:/C:/Users/austi/IdeaProjects/Cooking-Ina-Ang-Sarap-/CookingIna/target/classes/assets/textures/juice_tray.png
14:06:22.835 [FXGL Background Thread 2 ] DEBUG FXGLAssetLoaderServi - Loading from file system: file:/C:/Users/austi/IdeaProjects/Cooking-Ina-Ang-Sarap-/CookingIna/target/classes/assets/textures/quekquek.png
14:06:22.845 [FXGL Background Thread 2 ] INFO  FXGLApplication      - Game initialization took: 0.153 sec
14:06:22.847 [JavaFX Application Thread] DEBUG Input                - Clearing active input actions
14:06:22.854 [JavaFX Application Thread] DEBUG GameApplicationServi - Removing overlay from FXGLLoadingScene and adding to GameScene
14:06:22.854 [JavaFX Application Thread] DEBUG PrimaryStageWindow   - FXGLLoadingScene -> GameScene
14:06:24.059 [FXGL Background Thread 3 ] DEBUG Engine               - Logging environment variables
14:06:24.060 [FXGL Background Thread 3 ] DEBUG Engine               - achievements: []
14:06:24.060 [FXGL Background Thread 3 ] DEBUG Engine               - actualHeight: 600.0
14:06:24.060 [FXGL Background Thread 3 ] DEBUG Engine               - actualHeightProperty: ReadOnlyDoubleProperty [value: 600.0]
14:06:24.060 [FXGL Background Thread 3 ] DEBUG Engine               - actualWidth: 800.0
14:06:24.060 [FXGL Background Thread 3 ] DEBUG Engine               - actualWidthProperty: ReadOnlyDoubleProperty [value: 800.0]
14:06:24.060 [FXGL Background Thread 3 ] DEBUG Engine               - appIcon: fxgl_icon.png
14:06:24.060 [FXGL Background Thread 3 ] DEBUG Engine               - applicationMode: DEVELOPER
14:06:24.060 [FXGL Background Thread 3 ] DEBUG Engine               - cSSList: [fxgl_dark.css]
14:06:24.060 [FXGL Background Thread 3 ] DEBUG Engine               - collisionDetectionStrategy: BRUTE_FORCE
14:06:24.060 [FXGL Background Thread 3 ] DEBUG Engine               - configClass: Optional.empty
14:06:24.060 [FXGL Background Thread 3 ] DEBUG Engine               - credits: []
14:06:24.060 [FXGL Background Thread 3 ] DEBUG Engine               - defaultCursor: CursorInfo(imageName=fxgl_default_cursor.png, hotspotX=7.0, hotspotY=6.0)
14:06:24.060 [FXGL Background Thread 3 ] DEBUG Engine               - devBBoxColorProperty: ObjectProperty [value: 0xff0000ff]
14:06:24.060 [FXGL Background Thread 3 ] DEBUG Engine               - devEnableDebugCameraProperty: BooleanProperty [value: false]
14:06:24.060 [FXGL Background Thread 3 ] DEBUG Engine               - devSensorColorProperty: ObjectProperty [value: 0xffff00ff]
14:06:24.060 [FXGL Background Thread 3 ] DEBUG Engine               - devShowBBoxProperty: BooleanProperty [value: false]
14:06:24.060 [FXGL Background Thread 3 ] DEBUG Engine               - devShowPositionProperty: BooleanProperty [value: false]
14:06:24.060 [FXGL Background Thread 3 ] DEBUG Engine               - enabledMenuItems: []
14:06:24.060 [FXGL Background Thread 3 ] DEBUG Engine               - engineServices: [class com.almasb.fxgl.app.services.FXGLAssetLoaderService, class com.almasb.fxgl.app.FXGLApplication$GameApplicationService, class com.almasb.fxgl.app.services.FXGLDialogService, class com.almasb.fxgl.app.services.IOTaskExecutorService, class com.almasb.fxgl.io.FileSystemService, class com.almasb.fxgl.localization.LocalizationService, class com.almasb.fxgl.app.services.SystemBundleService, class com.almasb.fxgl.profile.SaveLoadService, class com.almasb.fxgl.ui.FXGLUIFactoryServiceProvider, class com.almasb.fxgl.ui.FXGLDialogFactoryServiceProvider, class com.almasb.fxgl.audio.AudioPlayer, class com.almasb.fxgl.notification.impl.NotificationServiceProvider, class com.almasb.fxgl.achievement.AchievementService, class com.almasb.fxgl.cutscene.CutsceneService, class com.almasb.fxgl.minigames.MiniGameService, class com.almasb.fxgl.net.NetService, class com.almasb.fxgl.app.services.UpdaterService, class com.almasb.fxgl.dev.DevService]
14:06:24.060 [FXGL Background Thread 3 ] DEBUG Engine               - fontGame: Abel-Regular.ttf
14:06:24.060 [FXGL Background Thread 3 ] DEBUG Engine               - fontMono: TerminalLandMono-Regular.otf
14:06:24.060 [FXGL Background Thread 3 ] DEBUG Engine               - fontText: Courier-Prime.ttf
14:06:24.060 [FXGL Background Thread 3 ] DEBUG Engine               - fontUI: VarelaRound-Regular.ttf
14:06:24.060 [FXGL Background Thread 3 ] DEBUG Engine               - fullScreen: BooleanProperty [value: false]
14:06:24.060 [FXGL Background Thread 3 ] DEBUG Engine               - gameDifficulty: MEDIUM
14:06:24.060 [FXGL Background Thread 3 ] DEBUG Engine               - gameDifficultyProperty: ObjectProperty [value: MEDIUM]
14:06:24.060 [FXGL Background Thread 3 ] DEBUG Engine               - globalMusicVolume: 0.5
14:06:24.060 [FXGL Background Thread 3 ] DEBUG Engine               - globalMusicVolumeProperty: DoubleProperty [value: 0.5]
14:06:24.060 [FXGL Background Thread 3 ] DEBUG Engine               - globalSoundVolume: 0.5
14:06:24.060 [FXGL Background Thread 3 ] DEBUG Engine               - globalSoundVolumeProperty: DoubleProperty [value: 0.5]
14:06:24.060 [FXGL Background Thread 3 ] DEBUG Engine               - height: 600
14:06:24.060 [FXGL Background Thread 3 ] DEBUG Engine               - is3D: false
14:06:24.060 [FXGL Background Thread 3 ] DEBUG Engine               - isAndroid: false
14:06:24.060 [FXGL Background Thread 3 ] DEBUG Engine               - isBrowser: false
14:06:24.060 [FXGL Background Thread 3 ] DEBUG Engine               - isClickFeedbackEnabled: false
14:06:24.062 [FXGL Background Thread 3 ] DEBUG Engine               - isCloseConfirmation: false
14:06:24.062 [FXGL Background Thread 3 ] DEBUG Engine               - isDesktop: true
14:06:24.062 [FXGL Background Thread 3 ] DEBUG Engine               - isDeveloperMenuEnabled: false
14:06:24.062 [FXGL Background Thread 3 ] DEBUG Engine               - isEmbedded: false
14:06:24.062 [FXGL Background Thread 3 ] DEBUG Engine               - isEntityPreloadEnabled: true
14:06:24.062 [FXGL Background Thread 3 ] DEBUG Engine               - isExperimentalTiledLargeMap: false
14:06:24.062 [FXGL Background Thread 3 ] DEBUG Engine               - isFileSystemWriteAllowed: true
14:06:24.062 [FXGL Background Thread 3 ] DEBUG Engine               - isFullScreenAllowed: false
14:06:24.062 [FXGL Background Thread 3 ] DEBUG Engine               - isFullScreenFromStart: false
14:06:24.062 [FXGL Background Thread 3 ] DEBUG Engine               - isGameMenuEnabled: true
14:06:24.062 [FXGL Background Thread 3 ] DEBUG Engine               - isIOS: false
14:06:24.062 [FXGL Background Thread 3 ] DEBUG Engine               - isIntroEnabled: false
14:06:24.062 [FXGL Background Thread 3 ] DEBUG Engine               - isLinux: false
14:06:24.062 [FXGL Background Thread 3 ] DEBUG Engine               - isMac: false
14:06:24.062 [FXGL Background Thread 3 ] DEBUG Engine               - isMainMenuEnabled: true
14:06:24.062 [FXGL Background Thread 3 ] DEBUG Engine               - isManualResizeEnabled: false
14:06:24.062 [FXGL Background Thread 3 ] DEBUG Engine               - isMobile: false
14:06:24.062 [FXGL Background Thread 3 ] DEBUG Engine               - isNative: false
14:06:24.062 [FXGL Background Thread 3 ] DEBUG Engine               - isPauseMusicWhenMinimized: true
14:06:24.062 [FXGL Background Thread 3 ] DEBUG Engine               - isPreserveResizeRatio: false
14:06:24.062 [FXGL Background Thread 3 ] DEBUG Engine               - isProfilingEnabled: false
14:06:24.062 [FXGL Background Thread 3 ] DEBUG Engine               - isScaleAffectedOnResize: true
14:06:24.062 [FXGL Background Thread 3 ] DEBUG Engine               - isSingleStep: false
14:06:24.062 [FXGL Background Thread 3 ] DEBUG Engine               - isUserProfileEnabled: false
14:06:24.062 [FXGL Background Thread 3 ] DEBUG Engine               - isWindows: true
14:06:24.062 [FXGL Background Thread 3 ] DEBUG Engine               - language: ObjectProperty [value: ENGLISH]
14:06:24.062 [FXGL Background Thread 3 ] DEBUG Engine               - menuKey: ESCAPE
14:06:24.062 [FXGL Background Thread 3 ] DEBUG Engine               - mouseSensitivity: 0.2
14:06:24.062 [FXGL Background Thread 3 ] DEBUG Engine               - notificationViewClass: class com.almasb.fxgl.notification.view.XboxNotificationView
14:06:24.062 [FXGL Background Thread 3 ] DEBUG Engine               - pixelsPerMeter: 50.0
14:06:24.062 [FXGL Background Thread 3 ] DEBUG Engine               - platform: WINDOWS
14:06:24.062 [FXGL Background Thread 3 ] DEBUG Engine               - prefHeightProperty: ReadOnlyDoubleProperty [value: 600.0]
14:06:24.062 [FXGL Background Thread 3 ] DEBUG Engine               - prefWidthProperty: ReadOnlyDoubleProperty [value: 800.0]
14:06:24.062 [FXGL Background Thread 3 ] DEBUG Engine               - profileDir: profiles/
14:06:24.062 [FXGL Background Thread 3 ] DEBUG Engine               - profileName: StringProperty [value: DEFAULT]
14:06:24.062 [FXGL Background Thread 3 ] DEBUG Engine               - randomSeed: -1
14:06:24.063 [FXGL Background Thread 3 ] DEBUG Engine               - runtimeInfo: RuntimeInfo(platform=WINDOWS, version=17.2, build=20.08.2022 16.50)
14:06:24.063 [FXGL Background Thread 3 ] DEBUG Engine               - saveFileExt: sav
14:06:24.063 [FXGL Background Thread 3 ] DEBUG Engine               - scaledHeightProp$fxgl: DoubleProperty [bound, value: 600.0]
14:06:24.063 [FXGL Background Thread 3 ] DEBUG Engine               - scaledWidthProp$fxgl: DoubleProperty [bound, value: 800.0]
14:06:24.063 [FXGL Background Thread 3 ] DEBUG Engine               - sceneFactory: com.example.cookingina.CookingInaMain$1@6431549e
14:06:24.063 [FXGL Background Thread 3 ] DEBUG Engine               - secondsIn24h: 60
14:06:24.063 [FXGL Background Thread 3 ] DEBUG Engine               - soundMenuBack: menu/back.wav
14:06:24.063 [FXGL Background Thread 3 ] DEBUG Engine               - soundMenuPress: menu/press.wav
14:06:24.063 [FXGL Background Thread 3 ] DEBUG Engine               - soundMenuSelect: menu/select.wav
14:06:24.063 [FXGL Background Thread 3 ] DEBUG Engine               - soundNotification: core/notification.wav
14:06:24.063 [FXGL Background Thread 3 ] DEBUG Engine               - stageStyle: DECORATED
14:06:24.063 [FXGL Background Thread 3 ] DEBUG Engine               - supportedLanguages: [ENGLISH, FRENCH, GERMAN, HUNGARIAN, RUSSIAN]
14:06:24.063 [FXGL Background Thread 3 ] DEBUG Engine               - ticksPerSecond: -1
14:06:24.063 [FXGL Background Thread 3 ] DEBUG Engine               - title: CookingIna
14:06:24.063 [FXGL Background Thread 3 ] DEBUG Engine               - urlGithub: https://github.com/AlmasB/FXGL
14:06:24.063 [FXGL Background Thread 3 ] DEBUG Engine               - urlLeaderboard: http://fxgl-top.herokuapp.com/
14:06:24.063 [FXGL Background Thread 3 ] DEBUG Engine               - urlPOM: https://raw.githubusercontent.com/AlmasB/FXGL/release/README.md
14:06:24.063 [FXGL Background Thread 3 ] DEBUG Engine               - userAppClass: class com.example.cookingina.CookingInaMain
14:06:24.063 [FXGL Background Thread 3 ] DEBUG Engine               - version: 0.1
14:06:24.063 [FXGL Background Thread 3 ] DEBUG Engine               - versionCheckDays: 7
14:06:24.063 [FXGL Background Thread 3 ] DEBUG Engine               - width: 800
14:06:24.063 [FXGL Background Thread 3 ] DEBUG Engine               - Logging services
14:06:24.063 [FXGL Background Thread 3 ] DEBUG Engine               - class com.almasb.fxgl.app.services.FXGLAssetLoaderService
14:06:24.063 [FXGL Background Thread 3 ] DEBUG Engine               - class com.almasb.fxgl.app.FXGLApplication$GameApplicationService
14:06:24.063 [FXGL Background Thread 3 ] DEBUG Engine               - class com.almasb.fxgl.app.services.FXGLDialogService
14:06:24.063 [FXGL Background Thread 3 ] DEBUG Engine               - class com.almasb.fxgl.app.services.IOTaskExecutorService
14:06:24.063 [FXGL Background Thread 3 ] DEBUG Engine               - class com.almasb.fxgl.io.FileSystemService
14:06:24.063 [FXGL Background Thread 3 ] DEBUG Engine               - class com.almasb.fxgl.localization.LocalizationService
14:06:24.063 [FXGL Background Thread 3 ] DEBUG Engine               - class com.almasb.fxgl.app.services.SystemBundleService
14:06:24.063 [FXGL Background Thread 3 ] DEBUG Engine               - class com.almasb.fxgl.profile.SaveLoadService
14:06:24.063 [FXGL Background Thread 3 ] DEBUG Engine               - class com.almasb.fxgl.ui.FXGLUIFactoryServiceProvider
14:06:24.063 [FXGL Background Thread 3 ] DEBUG Engine               - class com.almasb.fxgl.ui.FXGLDialogFactoryServiceProvider
14:06:24.063 [FXGL Background Thread 3 ] DEBUG Engine               - class com.almasb.fxgl.audio.AudioPlayer
14:06:24.063 [FXGL Background Thread 3 ] DEBUG Engine               - class com.almasb.fxgl.notification.impl.NotificationServiceProvider
14:06:24.063 [FXGL Background Thread 3 ] DEBUG Engine               - class com.almasb.fxgl.achievement.AchievementService
14:06:24.063 [FXGL Background Thread 3 ] DEBUG Engine               - class com.almasb.fxgl.cutscene.CutsceneService
14:06:24.063 [FXGL Background Thread 3 ] DEBUG Engine               - class com.almasb.fxgl.minigames.MiniGameService
14:06:24.064 [FXGL Background Thread 3 ] DEBUG Engine               - class com.almasb.fxgl.net.NetService
14:06:24.064 [FXGL Background Thread 3 ] DEBUG Engine               - class com.almasb.fxgl.app.services.UpdaterService
14:06:24.064 [FXGL Background Thread 3 ] DEBUG Engine               - class com.almasb.fxgl.dev.DevService
14:06:24.089 [JavaFX Application Thread] DEBUG FXGLApplication      - Exiting FXGL
14:06:24.090 [JavaFX Application Thread] DEBUG LoopRunner           - Stopping loop
14:06:24.090 [JavaFX Application Thread] DEBUG SystemBundleService  - Saving FXGL system data
14:06:24.091 [JavaFX Application Thread] DEBUG FileSystemAccess     - Writing to: C:\Users\austi\IdeaProjects\Cooking-Ina-Ang-Sarap-\system\fxgl.bundle
14:06:24.092 [JavaFX Application Thread] DEBUG Async                - Shutting down background threads
14:06:24.093 [JavaFX Application Thread] DEBUG PrimaryStageWindow   - Closing main window
14:06:24.121 [JavaFX Application Thread] DEBUG Logger               - Closing Logger
