12:03:07.412 [main                     ] DEBUG Logger               - Configured Logger
12:03:07.440 [main                     ] DEBUG GameApplication      - Logging settings
Title: CookingIna
Version: 0.1
Width: 1920
Height: 1080
Fullscreen: true
Intro: false
Profiling: false
Single step:false
App Mode: DEVELOPER
Menu Key: ESCAPE
Stage Style: DECORATED
Scene Factory: class com.example.cookingina.CookingInaMain$1

12:03:07.968 [JavaFX Application Thread] DEBUG FXGLApplication      - Initializing FXGL
12:03:07.973 [JavaFX Application Thread] INFO  Engine               - FXGL-17.2 (20.08.2022 16.50) on WINDOWS (J:23 FX:20)
12:03:07.973 [JavaFX Application Thread] DEBUG Engine               - JRE Vendor Name: Oracle Corporation
12:03:07.973 [JavaFX Application Thread] DEBUG Engine               - Running on OS: Windows 11 version 10.0
12:03:07.973 [JavaFX Application Thread] DEBUG Engine               - Architecture: amd64
12:03:07.973 [JavaFX Application Thread] INFO  Engine               - Source code and latest versions at: https://github.com/AlmasB/FXGL
12:03:07.974 [JavaFX Application Thread] INFO  Engine               -       Ask questions and discuss at: https://github.com/AlmasB/FXGL/discussions
12:03:07.974 [JavaFX Application Thread] INFO  Engine               -              Join the FXGL chat at: https://gitter.im/AlmasB/FXGL
12:03:08.088 [JavaFX Application Thread] DEBUG PrimaryStageWindow   - Creating a JavaFX scene
12:03:08.088 [JavaFX Application Thread] DEBUG PrimaryStageWindow   - Target size > screen size
12:03:08.160 [JavaFX Application Thread] DEBUG PrimaryStageWindow   - Target settings size: 1920.0 x 1080.0
12:03:08.161 [JavaFX Application Thread] DEBUG PrimaryStageWindow   - Scaled scene size:    1511.0 x 864.0
12:03:08.161 [JavaFX Application Thread] DEBUG PrimaryStageWindow   - Scaled ratio: (0.7869791666666667, 0.8)
12:03:08.162 [JavaFX Application Thread] DEBUG PrimaryStageWindow   - Set initial scene to FXGLStartupScene
12:03:08.168 [JavaFX Application Thread] DEBUG PrimaryStageWindow   - Opening main window
12:03:08.305 [JavaFX Application Thread] DEBUG PrimaryStageWindow   - Window border size: (14.5999755859375, 37.5999755859375)
12:03:08.305 [JavaFX Application Thread] DEBUG PrimaryStageWindow   - Scaled size: 1511.0 x 864.0
12:03:08.306 [JavaFX Application Thread] DEBUG PrimaryStageWindow   - Scaled ratio: (0.7869791666666667, 0.8)
12:03:08.306 [JavaFX Application Thread] DEBUG PrimaryStageWindow   - Scene size: 1511.0 x 864.0
12:03:08.306 [JavaFX Application Thread] DEBUG PrimaryStageWindow   - Stage size: 1525.5999755859375 x 901.5999755859375
12:03:08.465 [JavaFX Application Thread] DEBUG PrimaryStageWindow   - Going fullscreen
12:03:08.485 [FXGL Background Thread 1 ] DEBUG Engine               - Initializing environment variables
12:03:08.614 [FXGL Background Thread 1 ] DEBUG FXGLAssetLoaderServi - User app class for loading assets: class com.example.cookingina.CookingInaMain
12:03:08.615 [FXGL Background Thread 1 ] DEBUG GameApplicationServi - Applying CSS: fxgl_dark.css
12:03:08.615 [FXGL Background Thread 1 ] DEBUG FXGLAssetLoaderServi - Loading from file system: jar:file:///C:/Users/Luis/.m2/repository/com/github/almasb/fxgl/17.2/fxgl-17.2.jar!/fxglassets/ui/css/fxgl_dark.css
12:03:08.661 [FXGL Background Thread 1 ] DEBUG GameApplicationServi - Initializing application scenes
12:03:08.704 [FXGL Background Thread 1 ] DEBUG GameWorld            - Game world initialized
12:03:08.771 [FXGL Background Thread 1 ] DEBUG PhysicsWorld         - Physics world initialized: appHeight=1080, physics.ppm=50.0
12:03:08.771 [FXGL Background Thread 1 ] DEBUG PhysicsWorld         - Using strategy: BRUTE_FORCE
12:03:08.775 [FXGL Background Thread 1 ] DEBUG GameScene            - Game scene initialized: 1920x1080
12:03:08.790 [FXGL Background Thread 1 ] DEBUG FXGL.DefaultMenu     - createMenuBodyGameMenu()
12:03:08.802 [FXGL Background Thread 1 ] DEBUG FXGL.DefaultMenu     - createOptionsMenu()
12:03:08.811 [FXGL Background Thread 1 ] DEBUG FXGLAssetLoaderServi - Loading from file system: jar:file:///C:/Users/Luis/.m2/repository/com/github/almasb/fxgl/17.2/fxgl-17.2.jar!/fxglassets/textures/particles/smoke.png
12:03:08.924 [FXGL Background Thread 1 ] DEBUG FXGLAssetLoaderServi - Loading from file system: jar:file:///C:/Users/Luis/.m2/repository/com/github/almasb/fxgl/17.2/fxgl-17.2.jar!/fxglassets/textures/particles/trace_horizontal.png
12:03:08.950 [FXGL Background Thread 1 ] DEBUG GameApplicationServi - Application scenes initialized
12:03:08.966 [FXGL Background Thread 1 ] DEBUG SystemBundleService  - Loading FXGL system data
12:03:08.971 [FXGL Background Thread 1 ] DEBUG FileSystemAccess     - Reading from: C:\OOP\Cooking-Ina-Ang-Sarap-2\system\fxgl.bundle
12:03:08.977 [FXGL Background Thread 1 ] DEBUG SystemBundleService  - Bundle FXGL: {}
12:03:08.977 [FXGL Background Thread 1 ] DEBUG UpdaterService       - Checking for updates
12:03:08.981 [FXGL Background Thread 4 ] DEBUG FXGLApplication      - Loading fonts
12:03:08.982 [FXGL Background Thread 1 ] DEBUG FXGLApplication      - Loading default localization
12:03:08.982 [FXGL Background Thread 4 ] DEBUG FXGLAssetLoaderServi - Loading from file system: jar:file:///C:/Users/Luis/.m2/repository/com/github/almasb/fxgl/17.2/fxgl-17.2.jar!/fxglassets/ui/fonts/VarelaRound-Regular.ttf
12:03:08.983 [FXGL Background Thread 1 ] DEBUG FXGLAssetLoaderServi - Loading from file system: jar:file:///C:/Users/Luis/.m2/repository/com/github/almasb/fxgl/17.2/fxgl-17.2.jar!/fxglassets/languages/english.lang
12:03:09.009 [FXGL Background Thread 1 ] INFO  FXGLApplication      - FXGL initialization took: 0.525 sec
12:03:09.021 [JavaFX Application Thread] DEBUG Input                - Registered new binding: Toggle debug - F1
12:03:09.022 [JavaFX Application Thread] DEBUG FXGLAssetLoaderServi - Loading from file system: jar:file:///C:/Users/Luis/.m2/repository/com/github/almasb/fxgl/17.2/fxgl-17.2.jar!/fxglassets/textures/fxgl_icon.png
12:03:09.029 [FXGL Background Thread 4 ] DEBUG FXGLAssetLoaderServi - Loading from file system: jar:file:///C:/Users/Luis/.m2/repository/com/github/almasb/fxgl/17.2/fxgl-17.2.jar!/fxglassets/ui/fonts/Abel-Regular.ttf
12:03:09.034 [FXGL Background Thread 4 ] DEBUG FXGLAssetLoaderServi - Loading from file system: jar:file:///C:/Users/Luis/.m2/repository/com/github/almasb/fxgl/17.2/fxgl-17.2.jar!/fxglassets/ui/fonts/TerminalLandMono-Regular.otf
12:03:09.039 [FXGL Background Thread 4 ] DEBUG FXGLAssetLoaderServi - Loading from file system: jar:file:///C:/Users/Luis/.m2/repository/com/github/almasb/fxgl/17.2/fxgl-17.2.jar!/fxglassets/ui/fonts/Courier-Prime.ttf
12:03:09.042 [JavaFX Application Thread] DEBUG FXGLAssetLoaderServi - Loading from file system: jar:file:///C:/Users/Luis/.m2/repository/com/github/almasb/fxgl/17.2/fxgl-17.2.jar!/fxglassets/textures/fxgl_default_cursor.png
12:03:09.047 [JavaFX Application Thread] DEBUG Input                - Registered new binding: Screenshot - CTRL+8
12:03:09.047 [JavaFX Application Thread] DEBUG Input                - Registered new binding: System info dump - CTRL+9
12:03:09.048 [JavaFX Application Thread] DEBUG Input                - Registered new binding: Restart - CTRL+R
12:03:09.048 [JavaFX Application Thread] DEBUG Input                - Registered new binding: Toggle Debug Camera - CTRL+7
12:03:09.050 [JavaFX Application Thread] DEBUG LoopRunner           - Starting loop
12:03:09.050 [JavaFX Application Thread] DEBUG LoopRunner           - Initializing JavaFX AnimationTimerLoop
12:03:09.053 [JavaFX Application Thread] DEBUG Input                - Clearing active input actions
12:03:09.061 [JavaFX Application Thread] DEBUG GameApplicationServi - Removing overlay from FXGLStartupScene and adding to FXGLMainMenuDummyScene
12:03:09.062 [JavaFX Application Thread] DEBUG PrimaryStageWindow   - FXGLStartupScene -> FXGLMainMenuDummyScene
12:03:09.062 [JavaFX Application Thread] DEBUG PrimaryStageWindow   - Push state: MainMenu
12:03:09.062 [JavaFX Application Thread] DEBUG Input                - Clearing active input actions
12:03:09.068 [JavaFX Application Thread] DEBUG GameApplicationServi - Removing overlay from FXGLMainMenuDummyScene and adding to MainMenu
12:03:09.069 [JavaFX Application Thread] DEBUG PrimaryStageWindow   - FXGLMainMenuDummyScene -> MainMenu
12:03:09.125 [JavaFX Application Thread] DEBUG FXGLApplication      - Registering font factories with UI factory
12:03:09.535 [FXGL Background Thread 2 ] INFO  UpdaterService       - Your current version:  17.2
12:03:09.535 [FXGL Background Thread 2 ] INFO  UpdaterService       - Latest stable version: 21.1
12:03:10.019 [JavaFX Application Thread] DEBUG Menu                 - fireNewGame()
12:03:10.019 [JavaFX Application Thread] DEBUG GameApplicationServi - Starting new game
12:03:10.019 [JavaFX Application Thread] DEBUG PrimaryStageWindow   - Pop state: MainMenu
12:03:10.020 [JavaFX Application Thread] DEBUG Input                - Clearing active input actions
12:03:10.021 [JavaFX Application Thread] DEBUG GameApplicationServi - Removing overlay from MainMenu and adding to FXGLMainMenuDummyScene
12:03:10.021 [JavaFX Application Thread] DEBUG PrimaryStageWindow   - FXGLMainMenuDummyScene <- MainMenu
12:03:10.022 [JavaFX Application Thread] DEBUG Input                - Clearing active input actions
12:03:10.038 [JavaFX Application Thread] DEBUG GameApplicationServi - Removing overlay from FXGLMainMenuDummyScene and adding to FXGLLoadingScene
12:03:10.039 [JavaFX Application Thread] DEBUG PrimaryStageWindow   - FXGLMainMenuDummyScene -> FXGLLoadingScene
12:03:10.039 [JavaFX Application Thread] DEBUG GameApplicationServi - Clearing previous game
12:03:10.039 [JavaFX Application Thread] DEBUG GameScene            - Clearing game scene
12:03:10.039 [JavaFX Application Thread] DEBUG GameWorld            - Clearing game world
12:03:10.039 [JavaFX Application Thread] DEBUG PhysicsWorld         - Clearing physics world
12:03:10.042 [FXGL Background Thread 2 ] DEBUG FXGLApplication      - Initializing game
12:03:10.044 [FXGL Background Thread 2 ] DEBUG FXGLAssetLoaderServi - Loading from file system: file:/C:/OOP/Cooking-Ina-Ang-Sarap-2/CookingIna/target/classes/assets/textures/final_background.png
12:03:10.130 [FXGL Background Thread 2 ] DEBUG FXGLAssetLoaderServi - Loading from file system: file:/C:/OOP/Cooking-Ina-Ang-Sarap-2/CookingIna/target/classes/assets/textures/papertray.png
12:03:10.258 [FXGL Background Thread 2 ] DEBUG FXGLAssetLoaderServi - Loading from file system: file:/C:/OOP/Cooking-Ina-Ang-Sarap-2/CookingIna/target/classes/assets/textures/papertray.png
12:03:10.349 [FXGL Background Thread 2 ] DEBUG FXGLAssetLoaderServi - Loading from file system: file:/C:/OOP/Cooking-Ina-Ang-Sarap-2/CookingIna/target/classes/assets/textures/assets.png
12:03:10.417 [FXGL Background Thread 2 ] DEBUG FXGLAssetLoaderServi - Loading from file system: file:/C:/OOP/Cooking-Ina-Ang-Sarap-2/CookingIna/target/classes/assets/textures/frying_pan.png
12:03:10.548 [FXGL Background Thread 2 ] DEBUG FXGLAssetLoaderServi - Loading from file system: file:/C:/OOP/Cooking-Ina-Ang-Sarap-2/CookingIna/target/classes/assets/textures/rawQuekquek_container.png
12:03:10.610 [FXGL Background Thread 2 ] DEBUG FXGLAssetLoaderServi - Loading from file system: file:/C:/OOP/Cooking-Ina-Ang-Sarap-2/CookingIna/target/classes/assets/textures/rawHotdog_container.png
12:03:10.670 [FXGL Background Thread 2 ] DEBUG FXGLAssetLoaderServi - Loading from file system: file:/C:/OOP/Cooking-Ina-Ang-Sarap-2/CookingIna/target/classes/assets/textures/rawTempura_container.png
12:03:10.733 [FXGL Background Thread 2 ] DEBUG FXGLAssetLoaderServi - Loading from file system: file:/C:/OOP/Cooking-Ina-Ang-Sarap-2/CookingIna/target/classes/assets/textures/manga_basket.png
12:03:10.861 [FXGL Background Thread 2 ] DEBUG FXGLAssetLoaderServi - Loading from file system: file:/C:/OOP/Cooking-Ina-Ang-Sarap-2/CookingIna/target/classes/assets/textures/calamansiJuice_dispenser.png
12:03:10.906 [FXGL Background Thread 2 ] DEBUG FXGLAssetLoaderServi - Loading from file system: file:/C:/OOP/Cooking-Ina-Ang-Sarap-2/CookingIna/target/classes/assets/textures/bukoJuice_dispenser.png
12:03:10.950 [FXGL Background Thread 2 ] DEBUG FXGLAssetLoaderServi - Loading from file system: file:/C:/OOP/Cooking-Ina-Ang-Sarap-2/CookingIna/target/classes/assets/textures/orangeJuice_dispenser.png
12:03:11.003 [FXGL Background Thread 2 ] DEBUG FXGLAssetLoaderServi - Loading from file system: file:/C:/OOP/Cooking-Ina-Ang-Sarap-2/CookingIna/target/classes/assets/textures/trash_open.png
12:03:11.071 [FXGL Background Thread 2 ] DEBUG FXGLAssetLoaderServi - Loading from file system: file:/C:/OOP/Cooking-Ina-Ang-Sarap-2/CookingIna/target/classes/assets/textures/calamansiJuice_dispenser.png
12:03:11.114 [FXGL Background Thread 2 ] DEBUG FXGLAssetLoaderServi - Loading from file system: file:/C:/OOP/Cooking-Ina-Ang-Sarap-2/CookingIna/target/classes/assets/textures/bukoJuice_dispenser.png
12:03:11.145 [FXGL Background Thread 2 ] DEBUG FXGLAssetLoaderServi - Loading from file system: file:/C:/OOP/Cooking-Ina-Ang-Sarap-2/CookingIna/target/classes/assets/textures/orangeJuice_dispenser.png
12:03:11.182 [FXGL Background Thread 2 ] DEBUG FXGLAssetLoaderServi - Loading from file system: file:/C:/OOP/Cooking-Ina-Ang-Sarap-2/CookingIna/target/classes/assets/textures/cucumberGarnish_container.png
12:03:11.242 [FXGL Background Thread 2 ] DEBUG FXGLAssetLoaderServi - Loading from file system: file:/C:/OOP/Cooking-Ina-Ang-Sarap-2/CookingIna/target/classes/assets/textures/gusoGarnish_container.png
12:03:11.308 [FXGL Background Thread 2 ] DEBUG FXGLAssetLoaderServi - Loading from file system: file:/C:/OOP/Cooking-Ina-Ang-Sarap-2/CookingIna/target/classes/assets/textures/spicy_sauce.png
12:03:11.341 [FXGL Background Thread 2 ] DEBUG FXGLAssetLoaderServi - Loading from file system: file:/C:/OOP/Cooking-Ina-Ang-Sarap-2/CookingIna/target/classes/assets/textures/sweet_sauce.png
12:03:11.376 [FXGL Background Thread 2 ] DEBUG FXGLAssetLoaderServi - Loading from file system: file:/C:/OOP/Cooking-Ina-Ang-Sarap-2/CookingIna/target/classes/assets/textures/hipon_bottle.png
12:03:11.430 [FXGL Background Thread 2 ] DEBUG FXGLAssetLoaderServi - Loading from file system: file:/C:/OOP/Cooking-Ina-Ang-Sarap-2/CookingIna/target/classes/assets/textures/salt_bottle.png
12:03:11.544 [FXGL Background Thread 2 ] INFO  FXGLApplication      - Game initialization took: 1.502 sec
12:03:11.548 [JavaFX Application Thread] DEBUG Input                - Clearing active input actions
12:03:11.566 [JavaFX Application Thread] DEBUG GameApplicationServi - Removing overlay from FXGLLoadingScene and adding to GameScene
12:03:11.567 [JavaFX Application Thread] DEBUG PrimaryStageWindow   - FXGLLoadingScene -> GameScene
12:03:11.981 [FXGL Background Thread 3 ] DEBUG Engine               - Logging environment variables
12:03:11.983 [FXGL Background Thread 3 ] DEBUG Engine               - achievements: []
12:03:11.983 [FXGL Background Thread 3 ] DEBUG Engine               - actualHeight: 864.0
12:03:11.983 [FXGL Background Thread 3 ] DEBUG Engine               - actualHeightProperty: ReadOnlyDoubleProperty [value: 864.0]
12:03:11.984 [FXGL Background Thread 3 ] DEBUG Engine               - actualWidth: 1536.0
12:03:11.984 [FXGL Background Thread 3 ] DEBUG Engine               - actualWidthProperty: ReadOnlyDoubleProperty [value: 1536.0]
12:03:11.984 [FXGL Background Thread 3 ] DEBUG Engine               - appIcon: fxgl_icon.png
12:03:11.984 [FXGL Background Thread 3 ] DEBUG Engine               - applicationMode: DEVELOPER
12:03:11.984 [FXGL Background Thread 3 ] DEBUG Engine               - cSSList: [fxgl_dark.css]
12:03:11.985 [FXGL Background Thread 3 ] DEBUG Engine               - collisionDetectionStrategy: BRUTE_FORCE
12:03:11.985 [FXGL Background Thread 3 ] DEBUG Engine               - configClass: Optional.empty
12:03:11.985 [FXGL Background Thread 3 ] DEBUG Engine               - credits: []
12:03:11.986 [FXGL Background Thread 3 ] DEBUG Engine               - defaultCursor: CursorInfo(imageName=fxgl_default_cursor.png, hotspotX=7.0, hotspotY=6.0)
12:03:11.987 [FXGL Background Thread 3 ] DEBUG Engine               - devBBoxColorProperty: ObjectProperty [value: 0xff0000ff]
12:03:11.987 [FXGL Background Thread 3 ] DEBUG Engine               - devEnableDebugCameraProperty: BooleanProperty [value: false]
12:03:11.988 [FXGL Background Thread 3 ] DEBUG Engine               - devSensorColorProperty: ObjectProperty [value: 0xffff00ff]
12:03:11.988 [FXGL Background Thread 3 ] DEBUG Engine               - devShowBBoxProperty: BooleanProperty [value: false]
12:03:11.988 [FXGL Background Thread 3 ] DEBUG Engine               - devShowPositionProperty: BooleanProperty [value: false]
12:03:11.988 [FXGL Background Thread 3 ] DEBUG Engine               - enabledMenuItems: []
12:03:11.989 [FXGL Background Thread 3 ] DEBUG Engine               - engineServices: [class com.almasb.fxgl.app.services.FXGLAssetLoaderService, class com.almasb.fxgl.app.FXGLApplication$GameApplicationService, class com.almasb.fxgl.app.services.FXGLDialogService, class com.almasb.fxgl.app.services.IOTaskExecutorService, class com.almasb.fxgl.io.FileSystemService, class com.almasb.fxgl.localization.LocalizationService, class com.almasb.fxgl.app.services.SystemBundleService, class com.almasb.fxgl.profile.SaveLoadService, class com.almasb.fxgl.ui.FXGLUIFactoryServiceProvider, class com.almasb.fxgl.ui.FXGLDialogFactoryServiceProvider, class com.almasb.fxgl.audio.AudioPlayer, class com.almasb.fxgl.notification.impl.NotificationServiceProvider, class com.almasb.fxgl.achievement.AchievementService, class com.almasb.fxgl.cutscene.CutsceneService, class com.almasb.fxgl.minigames.MiniGameService, class com.almasb.fxgl.net.NetService, class com.almasb.fxgl.app.services.UpdaterService, class com.almasb.fxgl.dev.DevService]
12:03:11.989 [FXGL Background Thread 3 ] DEBUG Engine               - fontGame: Abel-Regular.ttf
12:03:11.989 [FXGL Background Thread 3 ] DEBUG Engine               - fontMono: TerminalLandMono-Regular.otf
12:03:11.989 [FXGL Background Thread 3 ] DEBUG Engine               - fontText: Courier-Prime.ttf
12:03:11.990 [FXGL Background Thread 3 ] DEBUG Engine               - fontUI: VarelaRound-Regular.ttf
12:03:11.990 [FXGL Background Thread 3 ] DEBUG Engine               - fullScreen: BooleanProperty [value: true]
12:03:11.990 [FXGL Background Thread 3 ] DEBUG Engine               - gameDifficulty: MEDIUM
12:03:11.990 [FXGL Background Thread 3 ] DEBUG Engine               - gameDifficultyProperty: ObjectProperty [value: MEDIUM]
12:03:11.990 [FXGL Background Thread 3 ] DEBUG Engine               - globalMusicVolume: 0.5
12:03:11.991 [FXGL Background Thread 3 ] DEBUG Engine               - globalMusicVolumeProperty: DoubleProperty [value: 0.5]
12:03:11.991 [FXGL Background Thread 3 ] DEBUG Engine               - globalSoundVolume: 0.5
12:03:11.991 [FXGL Background Thread 3 ] DEBUG Engine               - globalSoundVolumeProperty: DoubleProperty [value: 0.5]
12:03:11.991 [FXGL Background Thread 3 ] DEBUG Engine               - height: 1080
12:03:11.992 [FXGL Background Thread 3 ] DEBUG Engine               - is3D: false
12:03:11.992 [FXGL Background Thread 3 ] DEBUG Engine               - isAndroid: false
12:03:11.992 [FXGL Background Thread 3 ] DEBUG Engine               - isBrowser: false
12:03:11.992 [FXGL Background Thread 3 ] DEBUG Engine               - isClickFeedbackEnabled: false
12:03:11.992 [FXGL Background Thread 3 ] DEBUG Engine               - isCloseConfirmation: false
12:03:11.992 [FXGL Background Thread 3 ] DEBUG Engine               - isDesktop: true
12:03:11.992 [FXGL Background Thread 3 ] DEBUG Engine               - isDeveloperMenuEnabled: false
12:03:11.992 [FXGL Background Thread 3 ] DEBUG Engine               - isEmbedded: false
12:03:11.993 [FXGL Background Thread 3 ] DEBUG Engine               - isEntityPreloadEnabled: true
12:03:11.993 [FXGL Background Thread 3 ] DEBUG Engine               - isExperimentalTiledLargeMap: false
12:03:11.993 [FXGL Background Thread 3 ] DEBUG Engine               - isFileSystemWriteAllowed: true
12:03:11.993 [FXGL Background Thread 3 ] DEBUG Engine               - isFullScreenAllowed: true
12:03:11.993 [FXGL Background Thread 3 ] DEBUG Engine               - isFullScreenFromStart: true
12:03:11.993 [FXGL Background Thread 3 ] DEBUG Engine               - isGameMenuEnabled: true
12:03:11.993 [FXGL Background Thread 3 ] DEBUG Engine               - isIOS: false
12:03:11.994 [FXGL Background Thread 3 ] DEBUG Engine               - isIntroEnabled: false
12:03:11.994 [FXGL Background Thread 3 ] DEBUG Engine               - isLinux: false
12:03:11.994 [FXGL Background Thread 3 ] DEBUG Engine               - isMac: false
12:03:11.994 [FXGL Background Thread 3 ] DEBUG Engine               - isMainMenuEnabled: true
12:03:11.994 [FXGL Background Thread 3 ] DEBUG Engine               - isManualResizeEnabled: false
12:03:11.995 [FXGL Background Thread 3 ] DEBUG Engine               - isMobile: false
12:03:11.995 [FXGL Background Thread 3 ] DEBUG Engine               - isNative: false
12:03:11.995 [FXGL Background Thread 3 ] DEBUG Engine               - isPauseMusicWhenMinimized: true
12:03:11.995 [FXGL Background Thread 3 ] DEBUG Engine               - isPreserveResizeRatio: false
12:03:11.995 [FXGL Background Thread 3 ] DEBUG Engine               - isProfilingEnabled: false
12:03:11.995 [FXGL Background Thread 3 ] DEBUG Engine               - isScaleAffectedOnResize: true
12:03:11.996 [FXGL Background Thread 3 ] DEBUG Engine               - isSingleStep: false
12:03:11.996 [FXGL Background Thread 3 ] DEBUG Engine               - isUserProfileEnabled: false
12:03:11.996 [FXGL Background Thread 3 ] DEBUG Engine               - isWindows: true
12:03:11.997 [FXGL Background Thread 3 ] DEBUG Engine               - language: ObjectProperty [value: ENGLISH]
12:03:11.997 [FXGL Background Thread 3 ] DEBUG Engine               - menuKey: ESCAPE
12:03:11.997 [FXGL Background Thread 3 ] DEBUG Engine               - mouseSensitivity: 0.2
12:03:11.997 [FXGL Background Thread 3 ] DEBUG Engine               - notificationViewClass: class com.almasb.fxgl.notification.view.XboxNotificationView
12:03:11.997 [FXGL Background Thread 3 ] DEBUG Engine               - pixelsPerMeter: 50.0
12:03:11.998 [FXGL Background Thread 3 ] DEBUG Engine               - platform: WINDOWS
12:03:11.998 [FXGL Background Thread 3 ] DEBUG Engine               - prefHeightProperty: ReadOnlyDoubleProperty [value: 1080.0]
12:03:11.998 [FXGL Background Thread 3 ] DEBUG Engine               - prefWidthProperty: ReadOnlyDoubleProperty [value: 1920.0]
12:03:11.998 [FXGL Background Thread 3 ] DEBUG Engine               - profileDir: profiles/
12:03:11.999 [FXGL Background Thread 3 ] DEBUG Engine               - profileName: StringProperty [value: DEFAULT]
12:03:11.999 [FXGL Background Thread 3 ] DEBUG Engine               - randomSeed: -1
12:03:12.000 [FXGL Background Thread 3 ] DEBUG Engine               - runtimeInfo: RuntimeInfo(platform=WINDOWS, version=17.2, build=20.08.2022 16.50)
12:03:12.000 [FXGL Background Thread 3 ] DEBUG Engine               - saveFileExt: sav
12:03:12.000 [FXGL Background Thread 3 ] DEBUG Engine               - scaledHeightProp$fxgl: DoubleProperty [bound, value: 864.0]
12:03:12.000 [FXGL Background Thread 3 ] DEBUG Engine               - scaledWidthProp$fxgl: DoubleProperty [bound, value: 1536.0]
12:03:12.001 [FXGL Background Thread 3 ] DEBUG Engine               - sceneFactory: com.example.cookingina.CookingInaMain$1@26db0bfa
12:03:12.001 [FXGL Background Thread 3 ] DEBUG Engine               - secondsIn24h: 60
12:03:12.001 [FXGL Background Thread 3 ] DEBUG Engine               - soundMenuBack: menu/back.wav
12:03:12.001 [FXGL Background Thread 3 ] DEBUG Engine               - soundMenuPress: menu/press.wav
12:03:12.001 [FXGL Background Thread 3 ] DEBUG Engine               - soundMenuSelect: menu/select.wav
12:03:12.002 [FXGL Background Thread 3 ] DEBUG Engine               - soundNotification: core/notification.wav
12:03:12.002 [FXGL Background Thread 3 ] DEBUG Engine               - stageStyle: DECORATED
12:03:12.002 [FXGL Background Thread 3 ] DEBUG Engine               - supportedLanguages: [ENGLISH, FRENCH, GERMAN, HUNGARIAN, RUSSIAN]
12:03:12.002 [FXGL Background Thread 3 ] DEBUG Engine               - ticksPerSecond: -1
12:03:12.003 [FXGL Background Thread 3 ] DEBUG Engine               - title: CookingIna
12:03:12.003 [FXGL Background Thread 3 ] DEBUG Engine               - urlGithub: https://github.com/AlmasB/FXGL
12:03:12.003 [FXGL Background Thread 3 ] DEBUG Engine               - urlLeaderboard: http://fxgl-top.herokuapp.com/
12:03:12.003 [FXGL Background Thread 3 ] DEBUG Engine               - urlPOM: https://raw.githubusercontent.com/AlmasB/FXGL/release/README.md
12:03:12.003 [FXGL Background Thread 3 ] DEBUG Engine               - userAppClass: class com.example.cookingina.CookingInaMain
12:03:12.003 [FXGL Background Thread 3 ] DEBUG Engine               - version: 0.1
12:03:12.004 [FXGL Background Thread 3 ] DEBUG Engine               - versionCheckDays: 7
12:03:12.004 [FXGL Background Thread 3 ] DEBUG Engine               - width: 1920
12:03:12.004 [FXGL Background Thread 3 ] DEBUG Engine               - Logging services
12:03:12.004 [FXGL Background Thread 3 ] DEBUG Engine               - class com.almasb.fxgl.app.services.FXGLAssetLoaderService
12:03:12.004 [FXGL Background Thread 3 ] DEBUG Engine               - class com.almasb.fxgl.app.FXGLApplication$GameApplicationService
12:03:12.005 [FXGL Background Thread 3 ] DEBUG Engine               - class com.almasb.fxgl.app.services.FXGLDialogService
12:03:12.005 [FXGL Background Thread 3 ] DEBUG Engine               - class com.almasb.fxgl.app.services.IOTaskExecutorService
12:03:12.005 [FXGL Background Thread 3 ] DEBUG Engine               - class com.almasb.fxgl.io.FileSystemService
12:03:12.005 [FXGL Background Thread 3 ] DEBUG Engine               - class com.almasb.fxgl.localization.LocalizationService
12:03:12.005 [FXGL Background Thread 3 ] DEBUG Engine               - class com.almasb.fxgl.app.services.SystemBundleService
12:03:12.005 [FXGL Background Thread 3 ] DEBUG Engine               - class com.almasb.fxgl.profile.SaveLoadService
12:03:12.005 [FXGL Background Thread 3 ] DEBUG Engine               - class com.almasb.fxgl.ui.FXGLUIFactoryServiceProvider
12:03:12.005 [FXGL Background Thread 3 ] DEBUG Engine               - class com.almasb.fxgl.ui.FXGLDialogFactoryServiceProvider
12:03:12.005 [FXGL Background Thread 3 ] DEBUG Engine               - class com.almasb.fxgl.audio.AudioPlayer
12:03:12.006 [FXGL Background Thread 3 ] DEBUG Engine               - class com.almasb.fxgl.notification.impl.NotificationServiceProvider
12:03:12.006 [FXGL Background Thread 3 ] DEBUG Engine               - class com.almasb.fxgl.achievement.AchievementService
12:03:12.006 [FXGL Background Thread 3 ] DEBUG Engine               - class com.almasb.fxgl.cutscene.CutsceneService
12:03:12.006 [FXGL Background Thread 3 ] DEBUG Engine               - class com.almasb.fxgl.minigames.MiniGameService
12:03:12.006 [FXGL Background Thread 3 ] DEBUG Engine               - class com.almasb.fxgl.net.NetService
12:03:12.006 [FXGL Background Thread 3 ] DEBUG Engine               - class com.almasb.fxgl.app.services.UpdaterService
12:03:12.006 [FXGL Background Thread 3 ] DEBUG Engine               - class com.almasb.fxgl.dev.DevService
12:03:13.911 [JavaFX Application Thread] DEBUG FXGLAssetLoaderServi - Loading from file system: file:/C:/OOP/Cooking-Ina-Ang-Sarap-2/CookingIna/target/classes/assets/textures/customer_image.png
12:03:18.960 [JavaFX Application Thread] DEBUG FXGLAssetLoaderServi - Loading from file system: file:/C:/OOP/Cooking-Ina-Ang-Sarap-2/CookingIna/target/classes/assets/textures/calamansiJuice_finishedProduct.png
12:03:21.716 [JavaFX Application Thread] DEBUG FXGLAssetLoaderServi - Loading from file system: file:/C:/OOP/Cooking-Ina-Ang-Sarap-2/CookingIna/target/classes/assets/textures/bukoJuice_finishedProduct.png
12:03:23.047 [JavaFX Application Thread] DEBUG FXGLAssetLoaderServi - Loading from file system: file:/C:/OOP/Cooking-Ina-Ang-Sarap-2/CookingIna/target/classes/assets/textures/orangeJuice_finishedProduct.png
12:03:23.879 [JavaFX Application Thread] DEBUG FXGLAssetLoaderServi - Loading from file system: file:/C:/OOP/Cooking-Ina-Ang-Sarap-2/CookingIna/target/classes/assets/textures/cooked_hotdog.png
12:03:23.917 [JavaFX Application Thread] DEBUG FXGLAssetLoaderServi - Loading from file system: file:/C:/OOP/Cooking-Ina-Ang-Sarap-2/CookingIna/target/classes/assets/textures/cooked_tempura.png
12:03:29.184 [JavaFX Application Thread] DEBUG PrimaryStageWindow   - Push state: FXGLDefaultMenu
12:03:29.191 [JavaFX Application Thread] DEBUG Input                - Clearing active input actions
12:03:29.193 [JavaFX Application Thread] DEBUG GameApplicationServi - Removing overlay from GameScene and adding to FXGLDefaultMenu
12:03:29.193 [JavaFX Application Thread] DEBUG PrimaryStageWindow   - GameScene -> FXGLDefaultMenu
12:03:31.779 [JavaFX Application Thread] DEBUG Menu                 - fireExitToMainMenu()
12:03:31.784 [JavaFX Application Thread] DEBUG PrimaryStageWindow   - Push state: DialogSubScene
12:03:31.785 [JavaFX Application Thread] DEBUG Input                - Clearing active input actions
12:03:31.785 [JavaFX Application Thread] DEBUG GameApplicationServi - Removing overlay from FXGLDefaultMenu and adding to DialogSubScene
12:03:31.785 [JavaFX Application Thread] DEBUG PrimaryStageWindow   - FXGLDefaultMenu -> DialogSubScene
12:03:33.486 [JavaFX Application Thread] DEBUG PrimaryStageWindow   - Pop state: DialogSubScene
12:03:33.486 [JavaFX Application Thread] DEBUG Input                - Clearing active input actions
12:03:33.486 [JavaFX Application Thread] DEBUG GameApplicationServi - Removing overlay from DialogSubScene and adding to FXGLDefaultMenu
12:03:33.486 [JavaFX Application Thread] DEBUG PrimaryStageWindow   - FXGLDefaultMenu <- DialogSubScene
12:03:33.487 [JavaFX Application Thread] DEBUG PrimaryStageWindow   - Pop state: FXGLDefaultMenu
12:03:33.487 [JavaFX Application Thread] DEBUG Input                - Clearing active input actions
12:03:33.487 [JavaFX Application Thread] DEBUG GameApplicationServi - Removing overlay from FXGLDefaultMenu and adding to GameScene
12:03:33.487 [JavaFX Application Thread] DEBUG PrimaryStageWindow   - GameScene <- FXGLDefaultMenu
12:03:33.487 [JavaFX Application Thread] DEBUG Input                - Clearing active input actions
12:03:33.495 [JavaFX Application Thread] DEBUG GameApplicationServi - Removing overlay from GameScene and adding to FXGLMainMenuDummyScene
12:03:33.495 [JavaFX Application Thread] DEBUG PrimaryStageWindow   - GameScene -> FXGLMainMenuDummyScene
12:03:33.495 [JavaFX Application Thread] DEBUG PrimaryStageWindow   - Push state: MainMenu
12:03:33.495 [JavaFX Application Thread] DEBUG Input                - Clearing active input actions
12:03:33.496 [JavaFX Application Thread] DEBUG GameApplicationServi - Removing overlay from FXGLMainMenuDummyScene and adding to MainMenu
12:03:33.496 [JavaFX Application Thread] DEBUG PrimaryStageWindow   - FXGLMainMenuDummyScene -> MainMenu
12:03:36.157 [JavaFX Application Thread] DEBUG Menu                 - fireExit()
12:03:36.159 [JavaFX Application Thread] DEBUG PrimaryStageWindow   - Push state: DialogSubScene
12:03:36.159 [JavaFX Application Thread] DEBUG Input                - Clearing active input actions
12:03:36.162 [JavaFX Application Thread] DEBUG GameApplicationServi - Removing overlay from MainMenu and adding to DialogSubScene
12:03:36.162 [JavaFX Application Thread] DEBUG PrimaryStageWindow   - MainMenu -> DialogSubScene
12:03:37.232 [JavaFX Application Thread] DEBUG PrimaryStageWindow   - Pop state: DialogSubScene
12:03:37.232 [JavaFX Application Thread] DEBUG Input                - Clearing active input actions
12:03:37.233 [JavaFX Application Thread] DEBUG GameApplicationServi - Removing overlay from DialogSubScene and adding to MainMenu
12:03:37.234 [JavaFX Application Thread] DEBUG PrimaryStageWindow   - MainMenu <- DialogSubScene
12:03:37.234 [JavaFX Application Thread] DEBUG FXGLApplication      - Exiting FXGL
12:03:37.234 [JavaFX Application Thread] DEBUG LoopRunner           - Stopping loop
12:03:37.234 [JavaFX Application Thread] DEBUG SystemBundleService  - Saving FXGL system data
12:03:37.242 [JavaFX Application Thread] DEBUG FileSystemAccess     - Writing to: C:\OOP\Cooking-Ina-Ang-Sarap-2\system\fxgl.bundle
12:03:37.251 [JavaFX Application Thread] DEBUG Async                - Shutting down background threads
12:03:37.252 [JavaFX Application Thread] DEBUG PrimaryStageWindow   - Closing main window
12:03:37.330 [JavaFX Application Thread] DEBUG Logger               - Closing Logger
