00:14:36.625 [main                     ] DEBUG Logger               - Configured Logger
00:14:36.654 [main                     ] DEBUG GameApplication      - Logging settings
Title: CookingIna
Version: 0.1
Width: 1920
Height: 1080
Fullscreen: true
Intro: false
Profiling: false
Single step:false
App Mode: DEVELOPER
Menu Key: ESCAPE
Stage Style: DECORATED
Scene Factory: class com.example.cookingina.CookingInaMain$1

00:14:36.988 [JavaFX Application Thread] DEBUG FXGLApplication      - Initializing FXGL
00:14:36.993 [JavaFX Application Thread] INFO  Engine               - FXGL-17.2 (20.08.2022 16.50) on WINDOWS (J:23.0.1 FX:19)
00:14:36.994 [JavaFX Application Thread] DEBUG Engine               - JRE Vendor Name: Oracle Corporation
00:14:36.994 [JavaFX Application Thread] DEBUG Engine               - Running on OS: Windows 11 version 10.0
00:14:36.994 [JavaFX Application Thread] DEBUG Engine               - Architecture: amd64
00:14:36.994 [JavaFX Application Thread] INFO  Engine               - Source code and latest versions at: https://github.com/AlmasB/FXGL
00:14:36.994 [JavaFX Application Thread] INFO  Engine               -       Ask questions and discuss at: https://github.com/AlmasB/FXGL/discussions
00:14:36.994 [JavaFX Application Thread] INFO  Engine               -              Join the FXGL chat at: https://gitter.im/AlmasB/FXGL
00:14:37.083 [JavaFX Application Thread] DEBUG PrimaryStageWindow   - Creating a JavaFX scene
00:14:37.083 [JavaFX Application Thread] DEBUG PrimaryStageWindow   - Target size > screen size
00:14:37.134 [JavaFX Application Thread] DEBUG PrimaryStageWindow   - Target settings size: 1920.0 x 1080.0
00:14:37.134 [JavaFX Application Thread] DEBUG PrimaryStageWindow   - Scaled scene size:    1511.0 x 864.0
00:14:37.134 [JavaFX Application Thread] DEBUG PrimaryStageWindow   - Scaled ratio: (0.7869791666666667, 0.8)
00:14:37.135 [JavaFX Application Thread] DEBUG PrimaryStageWindow   - Set initial scene to FXGLStartupScene
00:14:37.139 [JavaFX Application Thread] DEBUG PrimaryStageWindow   - Opening main window
00:14:37.237 [JavaFX Application Thread] DEBUG PrimaryStageWindow   - Window border size: (14.5999755859375, 37.5999755859375)
00:14:37.237 [JavaFX Application Thread] DEBUG PrimaryStageWindow   - Scaled size: 1511.0 x 864.0
00:14:37.237 [JavaFX Application Thread] DEBUG PrimaryStageWindow   - Scaled ratio: (0.7869791666666667, 0.8)
00:14:37.237 [JavaFX Application Thread] DEBUG PrimaryStageWindow   - Scene size: 1511.0 x 864.0
00:14:37.238 [JavaFX Application Thread] DEBUG PrimaryStageWindow   - Stage size: 1525.5999755859375 x 901.5999755859375
00:14:37.329 [JavaFX Application Thread] DEBUG PrimaryStageWindow   - Going fullscreen
00:14:37.340 [FXGL Background Thread 1 ] DEBUG Engine               - Initializing environment variables
00:14:37.419 [FXGL Background Thread 1 ] DEBUG FXGLAssetLoaderServi - User app class for loading assets: class com.example.cookingina.CookingInaMain
00:14:37.419 [FXGL Background Thread 1 ] DEBUG GameApplicationServi - Applying CSS: fxgl_dark.css
00:14:37.420 [FXGL Background Thread 1 ] DEBUG FXGLAssetLoaderServi - Loading from file system: jar:file:///C:/Users/Sherielyn/.m2/repository/com/github/almasb/fxgl/17.2/fxgl-17.2.jar!/fxglassets/ui/css/fxgl_dark.css
00:14:37.472 [FXGL Background Thread 1 ] DEBUG GameApplicationServi - Initializing application scenes
00:14:37.516 [FXGL Background Thread 1 ] DEBUG GameWorld            - Game world initialized
00:14:37.596 [FXGL Background Thread 1 ] DEBUG PhysicsWorld         - Physics world initialized: appHeight=1080, physics.ppm=50.0
00:14:37.596 [FXGL Background Thread 1 ] DEBUG PhysicsWorld         - Using strategy: BRUTE_FORCE
00:14:37.600 [FXGL Background Thread 1 ] DEBUG GameScene            - Game scene initialized: 1920x1080
00:14:37.611 [FXGL Background Thread 1 ] DEBUG FXGL.DefaultMenu     - createMenuBodyGameMenu()
00:14:37.620 [FXGL Background Thread 1 ] DEBUG FXGL.DefaultMenu     - createOptionsMenu()
00:14:37.629 [FXGL Background Thread 1 ] DEBUG FXGLAssetLoaderServi - Loading from file system: jar:file:///C:/Users/Sherielyn/.m2/repository/com/github/almasb/fxgl/17.2/fxgl-17.2.jar!/fxglassets/textures/particles/smoke.png
00:14:37.722 [FXGL Background Thread 1 ] DEBUG FXGLAssetLoaderServi - Loading from file system: jar:file:///C:/Users/Sherielyn/.m2/repository/com/github/almasb/fxgl/17.2/fxgl-17.2.jar!/fxglassets/textures/particles/trace_horizontal.png
00:14:37.756 [FXGL Background Thread 1 ] DEBUG GameApplicationServi - Application scenes initialized
00:14:37.768 [FXGL Background Thread 1 ] DEBUG SystemBundleService  - Loading FXGL system data
00:14:37.772 [FXGL Background Thread 1 ] DEBUG FileSystemAccess     - Reading from: C:\Users\Sherielyn\IdeaProjects\Cooking-Ina-Ang-Sarap-\system\fxgl.bundle
00:14:37.779 [FXGL Background Thread 1 ] DEBUG SystemBundleService  - Bundle FXGL: {}
00:14:37.779 [FXGL Background Thread 1 ] DEBUG UpdaterService       - Checking for updates
00:14:37.785 [FXGL Background Thread 4 ] DEBUG FXGLApplication      - Loading fonts
00:14:37.785 [FXGL Background Thread 1 ] DEBUG FXGLApplication      - Loading default localization
00:14:37.785 [FXGL Background Thread 4 ] DEBUG FXGLAssetLoaderServi - Loading from file system: jar:file:///C:/Users/Sherielyn/.m2/repository/com/github/almasb/fxgl/17.2/fxgl-17.2.jar!/fxglassets/ui/fonts/VarelaRound-Regular.ttf
00:14:37.786 [FXGL Background Thread 1 ] DEBUG FXGLAssetLoaderServi - Loading from file system: jar:file:///C:/Users/Sherielyn/.m2/repository/com/github/almasb/fxgl/17.2/fxgl-17.2.jar!/fxglassets/languages/english.lang
00:14:37.817 [FXGL Background Thread 1 ] INFO  FXGLApplication      - FXGL initialization took: 0.477 sec
00:14:37.829 [FXGL Background Thread 4 ] DEBUG FXGLAssetLoaderServi - Loading from file system: jar:file:///C:/Users/Sherielyn/.m2/repository/com/github/almasb/fxgl/17.2/fxgl-17.2.jar!/fxglassets/ui/fonts/Abel-Regular.ttf
00:14:37.831 [JavaFX Application Thread] DEBUG Input                - Registered new binding: Toggle debug - F1
00:14:37.832 [JavaFX Application Thread] DEBUG FXGLAssetLoaderServi - Loading from file system: jar:file:///C:/Users/Sherielyn/.m2/repository/com/github/almasb/fxgl/17.2/fxgl-17.2.jar!/fxglassets/textures/fxgl_icon.png
00:14:37.833 [FXGL Background Thread 4 ] DEBUG FXGLAssetLoaderServi - Loading from file system: jar:file:///C:/Users/Sherielyn/.m2/repository/com/github/almasb/fxgl/17.2/fxgl-17.2.jar!/fxglassets/ui/fonts/TerminalLandMono-Regular.otf
00:14:37.837 [FXGL Background Thread 4 ] DEBUG FXGLAssetLoaderServi - Loading from file system: jar:file:///C:/Users/Sherielyn/.m2/repository/com/github/almasb/fxgl/17.2/fxgl-17.2.jar!/fxglassets/ui/fonts/Courier-Prime.ttf
00:14:37.849 [JavaFX Application Thread] DEBUG FXGLAssetLoaderServi - Loading from file system: jar:file:///C:/Users/Sherielyn/.m2/repository/com/github/almasb/fxgl/17.2/fxgl-17.2.jar!/fxglassets/textures/fxgl_default_cursor.png
00:14:37.851 [JavaFX Application Thread] DEBUG Input                - Registered new binding: Screenshot - CTRL+8
00:14:37.852 [JavaFX Application Thread] DEBUG Input                - Registered new binding: System info dump - CTRL+9
00:14:37.852 [JavaFX Application Thread] DEBUG Input                - Registered new binding: Restart - CTRL+R
00:14:37.852 [JavaFX Application Thread] DEBUG Input                - Registered new binding: Toggle Debug Camera - CTRL+7
00:14:37.855 [JavaFX Application Thread] DEBUG LoopRunner           - Starting loop
00:14:37.855 [JavaFX Application Thread] DEBUG LoopRunner           - Initializing JavaFX AnimationTimerLoop
00:14:37.858 [JavaFX Application Thread] DEBUG Input                - Clearing active input actions
00:14:37.866 [JavaFX Application Thread] DEBUG GameApplicationServi - Removing overlay from FXGLStartupScene and adding to FXGLMainMenuDummyScene
00:14:37.866 [JavaFX Application Thread] DEBUG PrimaryStageWindow   - FXGLStartupScene -> FXGLMainMenuDummyScene
00:14:37.866 [JavaFX Application Thread] DEBUG PrimaryStageWindow   - Push state: MainMenu
00:14:37.867 [JavaFX Application Thread] DEBUG Input                - Clearing active input actions
00:14:37.871 [JavaFX Application Thread] DEBUG GameApplicationServi - Removing overlay from FXGLMainMenuDummyScene and adding to MainMenu
00:14:37.872 [JavaFX Application Thread] DEBUG PrimaryStageWindow   - FXGLMainMenuDummyScene -> MainMenu
00:14:37.873 [JavaFX Application Thread] DEBUG FXGLApplication      - Registering font factories with UI factory
00:14:39.351 [JavaFX Application Thread] DEBUG Menu                 - fireNewGame()
00:14:39.351 [JavaFX Application Thread] DEBUG GameApplicationServi - Starting new game
00:14:39.352 [JavaFX Application Thread] DEBUG PrimaryStageWindow   - Pop state: MainMenu
00:14:39.352 [JavaFX Application Thread] DEBUG Input                - Clearing active input actions
00:14:39.353 [JavaFX Application Thread] DEBUG GameApplicationServi - Removing overlay from MainMenu and adding to FXGLMainMenuDummyScene
00:14:39.353 [JavaFX Application Thread] DEBUG PrimaryStageWindow   - FXGLMainMenuDummyScene <- MainMenu
00:14:39.354 [JavaFX Application Thread] DEBUG Input                - Clearing active input actions
00:14:39.367 [JavaFX Application Thread] DEBUG GameApplicationServi - Removing overlay from FXGLMainMenuDummyScene and adding to FXGLLoadingScene
00:14:39.367 [JavaFX Application Thread] DEBUG PrimaryStageWindow   - FXGLMainMenuDummyScene -> FXGLLoadingScene
00:14:39.368 [JavaFX Application Thread] DEBUG GameApplicationServi - Clearing previous game
00:14:39.368 [JavaFX Application Thread] DEBUG GameScene            - Clearing game scene
00:14:39.368 [JavaFX Application Thread] DEBUG GameWorld            - Clearing game world
00:14:39.368 [JavaFX Application Thread] DEBUG PhysicsWorld         - Clearing physics world
00:14:39.371 [FXGL Background Thread 4 ] DEBUG FXGLApplication      - Initializing game
00:14:39.373 [FXGL Background Thread 4 ] DEBUG FXGLAssetLoaderServi - Loading from file system: file:/C:/Users/Sherielyn/IdeaProjects/Cooking-Ina-Ang-Sarap-/CookingIna/target/classes/assets/textures/final_background.png
00:14:39.454 [FXGL Background Thread 4 ] DEBUG FXGLAssetLoaderServi - Loading from file system: file:/C:/Users/Sherielyn/IdeaProjects/Cooking-Ina-Ang-Sarap-/CookingIna/target/classes/assets/textures/frying_pan.png
00:14:39.515 [FXGL Background Thread 4 ] DEBUG FXGLAssetLoaderServi - Loading from file system: file:/C:/Users/Sherielyn/IdeaProjects/Cooking-Ina-Ang-Sarap-/CookingIna/target/classes/assets/textures/frying_pan.png
00:14:39.550 [FXGL Background Thread 4 ] DEBUG FXGLAssetLoaderServi - Loading from file system: file:/C:/Users/Sherielyn/IdeaProjects/Cooking-Ina-Ang-Sarap-/CookingIna/target/classes/assets/textures/calamansiJuice_dispenser.png
00:14:39.573 [FXGL Background Thread 4 ] DEBUG FXGLAssetLoaderServi - Loading from file system: file:/C:/Users/Sherielyn/IdeaProjects/Cooking-Ina-Ang-Sarap-/CookingIna/target/classes/assets/textures/bukoJuice_dispenser.png
00:14:39.598 [FXGL Background Thread 4 ] DEBUG FXGLAssetLoaderServi - Loading from file system: file:/C:/Users/Sherielyn/IdeaProjects/Cooking-Ina-Ang-Sarap-/CookingIna/target/classes/assets/textures/orangeJuice_dispenser.png
00:14:39.622 [FXGL Background Thread 4 ] DEBUG FXGLAssetLoaderServi - Loading from file system: file:/C:/Users/Sherielyn/IdeaProjects/Cooking-Ina-Ang-Sarap-/CookingIna/target/classes/assets/textures/calamansiJuice_dispenser.png
00:14:39.639 [FXGL Background Thread 4 ] DEBUG FXGLAssetLoaderServi - Loading from file system: file:/C:/Users/Sherielyn/IdeaProjects/Cooking-Ina-Ang-Sarap-/CookingIna/target/classes/assets/textures/bukoJuice_dispenser.png
00:14:39.652 [FXGL Background Thread 4 ] DEBUG FXGLAssetLoaderServi - Loading from file system: file:/C:/Users/Sherielyn/IdeaProjects/Cooking-Ina-Ang-Sarap-/CookingIna/target/classes/assets/textures/orangeJuice_dispenser.png
00:14:39.685 [FXGL Background Thread 4 ] DEBUG FXGLAssetLoaderServi - Loading from file system: file:/C:/Users/Sherielyn/IdeaProjects/Cooking-Ina-Ang-Sarap-/CookingIna/target/classes/assets/textures/mango_container.png
00:14:39.731 [FXGL Background Thread 4 ] DEBUG FXGLAssetLoaderServi - Loading from file system: file:/C:/Users/Sherielyn/IdeaProjects/Cooking-Ina-Ang-Sarap-/CookingIna/target/classes/assets/textures/cucumberGarnish_container.png
00:14:39.755 [FXGL Background Thread 4 ] DEBUG FXGLAssetLoaderServi - Loading from file system: file:/C:/Users/Sherielyn/IdeaProjects/Cooking-Ina-Ang-Sarap-/CookingIna/target/classes/assets/textures/gusoGarnish_container.png
00:14:39.779 [FXGL Background Thread 4 ] DEBUG FXGLAssetLoaderServi - Loading from file system: file:/C:/Users/Sherielyn/IdeaProjects/Cooking-Ina-Ang-Sarap-/CookingIna/target/classes/assets/textures/spicy_sauce.png
00:14:39.796 [FXGL Background Thread 4 ] DEBUG FXGLAssetLoaderServi - Loading from file system: file:/C:/Users/Sherielyn/IdeaProjects/Cooking-Ina-Ang-Sarap-/CookingIna/target/classes/assets/textures/sweet_sauce.png
00:14:39.808 [FXGL Background Thread 4 ] DEBUG FXGLAssetLoaderServi - Loading from file system: file:/C:/Users/Sherielyn/IdeaProjects/Cooking-Ina-Ang-Sarap-/CookingIna/target/classes/assets/textures/hipon_bottle.png
00:14:39.827 [FXGL Background Thread 4 ] DEBUG FXGLAssetLoaderServi - Loading from file system: file:/C:/Users/Sherielyn/IdeaProjects/Cooking-Ina-Ang-Sarap-/CookingIna/target/classes/assets/textures/salt_bottle.png
00:14:39.842 [FXGL Background Thread 4 ] DEBUG FXGLAssetLoaderServi - Loading from file system: file:/C:/Users/Sherielyn/IdeaProjects/Cooking-Ina-Ang-Sarap-/CookingIna/target/classes/assets/textures/rawQuekquek_container.png
00:14:39.857 [FXGL Background Thread 4 ] DEBUG FXGLAssetLoaderServi - Loading from file system: file:/C:/Users/Sherielyn/IdeaProjects/Cooking-Ina-Ang-Sarap-/CookingIna/target/classes/assets/textures/rawHotdog_container.png
00:14:39.875 [FXGL Background Thread 4 ] DEBUG FXGLAssetLoaderServi - Loading from file system: file:/C:/Users/Sherielyn/IdeaProjects/Cooking-Ina-Ang-Sarap-/CookingIna/target/classes/assets/textures/rawTempura_container.png
00:14:39.896 [FXGL Background Thread 4 ] DEBUG FXGLAssetLoaderServi - Loading from file system: file:/C:/Users/Sherielyn/IdeaProjects/Cooking-Ina-Ang-Sarap-/CookingIna/target/classes/assets/textures/paper_tray.png
00:14:39.928 [FXGL Background Thread 4 ] WARN  Entity               - Entity already has component: com.almasb.fxgl.dsl.components.DraggableComponent
00:14:39.930 [FXGL Background Thread 4 ] WARN  Entity               - Entity already has component: com.almasb.fxgl.dsl.components.DraggableComponent
00:14:39.933 [FXGL Background Thread 4 ] WARN  Entity               - Entity already has component: com.almasb.fxgl.dsl.components.DraggableComponent
00:14:39.934 [FXGL Background Thread 4 ] INFO  FXGLApplication      - Game initialization took: 0.563 sec
00:14:39.935 [JavaFX Application Thread] DEBUG Input                - Clearing active input actions
00:14:39.949 [JavaFX Application Thread] DEBUG GameApplicationServi - Removing overlay from FXGLLoadingScene and adding to GameScene
00:14:39.949 [JavaFX Application Thread] DEBUG PrimaryStageWindow   - FXGLLoadingScene -> GameScene
00:14:40.128 [FXGL Background Thread 2 ] INFO  UpdaterService       - Your current version:  17.2
00:14:40.128 [FXGL Background Thread 2 ] INFO  UpdaterService       - Latest stable version: 21.1
00:14:40.785 [FXGL Background Thread 3 ] DEBUG Engine               - Logging environment variables
00:14:40.786 [FXGL Background Thread 3 ] DEBUG Engine               - achievements: []
00:14:40.786 [FXGL Background Thread 3 ] DEBUG Engine               - actualHeight: 864.0
00:14:40.786 [FXGL Background Thread 3 ] DEBUG Engine               - actualHeightProperty: ReadOnlyDoubleProperty [value: 864.0]
00:14:40.786 [FXGL Background Thread 3 ] DEBUG Engine               - actualWidth: 1536.0
00:14:40.786 [FXGL Background Thread 3 ] DEBUG Engine               - actualWidthProperty: ReadOnlyDoubleProperty [value: 1536.0]
00:14:40.786 [FXGL Background Thread 3 ] DEBUG Engine               - appIcon: fxgl_icon.png
00:14:40.786 [FXGL Background Thread 3 ] DEBUG Engine               - applicationMode: DEVELOPER
00:14:40.786 [FXGL Background Thread 3 ] DEBUG Engine               - cSSList: [fxgl_dark.css]
00:14:40.786 [FXGL Background Thread 3 ] DEBUG Engine               - collisionDetectionStrategy: BRUTE_FORCE
00:14:40.786 [FXGL Background Thread 3 ] DEBUG Engine               - configClass: Optional.empty
00:14:40.786 [FXGL Background Thread 3 ] DEBUG Engine               - credits: []
00:14:40.787 [FXGL Background Thread 3 ] DEBUG Engine               - defaultCursor: CursorInfo(imageName=fxgl_default_cursor.png, hotspotX=7.0, hotspotY=6.0)
00:14:40.787 [FXGL Background Thread 3 ] DEBUG Engine               - devBBoxColorProperty: ObjectProperty [value: 0xff0000ff]
00:14:40.787 [FXGL Background Thread 3 ] DEBUG Engine               - devEnableDebugCameraProperty: BooleanProperty [value: false]
00:14:40.787 [FXGL Background Thread 3 ] DEBUG Engine               - devSensorColorProperty: ObjectProperty [value: 0xffff00ff]
00:14:40.787 [FXGL Background Thread 3 ] DEBUG Engine               - devShowBBoxProperty: BooleanProperty [value: false]
00:14:40.787 [FXGL Background Thread 3 ] DEBUG Engine               - devShowPositionProperty: BooleanProperty [value: false]
00:14:40.787 [FXGL Background Thread 3 ] DEBUG Engine               - enabledMenuItems: []
00:14:40.788 [FXGL Background Thread 3 ] DEBUG Engine               - engineServices: [class com.almasb.fxgl.app.services.FXGLAssetLoaderService, class com.almasb.fxgl.app.FXGLApplication$GameApplicationService, class com.almasb.fxgl.app.services.FXGLDialogService, class com.almasb.fxgl.app.services.IOTaskExecutorService, class com.almasb.fxgl.io.FileSystemService, class com.almasb.fxgl.localization.LocalizationService, class com.almasb.fxgl.app.services.SystemBundleService, class com.almasb.fxgl.profile.SaveLoadService, class com.almasb.fxgl.ui.FXGLUIFactoryServiceProvider, class com.almasb.fxgl.ui.FXGLDialogFactoryServiceProvider, class com.almasb.fxgl.audio.AudioPlayer, class com.almasb.fxgl.notification.impl.NotificationServiceProvider, class com.almasb.fxgl.achievement.AchievementService, class com.almasb.fxgl.cutscene.CutsceneService, class com.almasb.fxgl.minigames.MiniGameService, class com.almasb.fxgl.net.NetService, class com.almasb.fxgl.app.services.UpdaterService, class com.almasb.fxgl.dev.DevService]
00:14:40.788 [FXGL Background Thread 3 ] DEBUG Engine               - fontGame: Abel-Regular.ttf
00:14:40.788 [FXGL Background Thread 3 ] DEBUG Engine               - fontMono: TerminalLandMono-Regular.otf
00:14:40.788 [FXGL Background Thread 3 ] DEBUG Engine               - fontText: Courier-Prime.ttf
00:14:40.788 [FXGL Background Thread 3 ] DEBUG Engine               - fontUI: VarelaRound-Regular.ttf
00:14:40.788 [FXGL Background Thread 3 ] DEBUG Engine               - fullScreen: BooleanProperty [value: true]
00:14:40.788 [FXGL Background Thread 3 ] DEBUG Engine               - gameDifficulty: MEDIUM
00:14:40.788 [FXGL Background Thread 3 ] DEBUG Engine               - gameDifficultyProperty: ObjectProperty [value: MEDIUM]
00:14:40.788 [FXGL Background Thread 3 ] DEBUG Engine               - globalMusicVolume: 0.5
00:14:40.789 [FXGL Background Thread 3 ] DEBUG Engine               - globalMusicVolumeProperty: DoubleProperty [value: 0.5]
00:14:40.789 [FXGL Background Thread 3 ] DEBUG Engine               - globalSoundVolume: 0.5
00:14:40.789 [FXGL Background Thread 3 ] DEBUG Engine               - globalSoundVolumeProperty: DoubleProperty [value: 0.5]
00:14:40.789 [FXGL Background Thread 3 ] DEBUG Engine               - height: 1080
00:14:40.789 [FXGL Background Thread 3 ] DEBUG Engine               - is3D: false
00:14:40.789 [FXGL Background Thread 3 ] DEBUG Engine               - isAndroid: false
00:14:40.789 [FXGL Background Thread 3 ] DEBUG Engine               - isBrowser: false
00:14:40.789 [FXGL Background Thread 3 ] DEBUG Engine               - isClickFeedbackEnabled: false
00:14:40.789 [FXGL Background Thread 3 ] DEBUG Engine               - isCloseConfirmation: false
00:14:40.789 [FXGL Background Thread 3 ] DEBUG Engine               - isDesktop: true
00:14:40.789 [FXGL Background Thread 3 ] DEBUG Engine               - isDeveloperMenuEnabled: false
00:14:40.789 [FXGL Background Thread 3 ] DEBUG Engine               - isEmbedded: false
00:14:40.789 [FXGL Background Thread 3 ] DEBUG Engine               - isEntityPreloadEnabled: true
00:14:40.789 [FXGL Background Thread 3 ] DEBUG Engine               - isExperimentalTiledLargeMap: false
00:14:40.789 [FXGL Background Thread 3 ] DEBUG Engine               - isFileSystemWriteAllowed: true
00:14:40.790 [FXGL Background Thread 3 ] DEBUG Engine               - isFullScreenAllowed: true
00:14:40.790 [FXGL Background Thread 3 ] DEBUG Engine               - isFullScreenFromStart: true
00:14:40.790 [FXGL Background Thread 3 ] DEBUG Engine               - isGameMenuEnabled: true
00:14:40.790 [FXGL Background Thread 3 ] DEBUG Engine               - isIOS: false
00:14:40.790 [FXGL Background Thread 3 ] DEBUG Engine               - isIntroEnabled: false
00:14:40.790 [FXGL Background Thread 3 ] DEBUG Engine               - isLinux: false
00:14:40.790 [FXGL Background Thread 3 ] DEBUG Engine               - isMac: false
00:14:40.790 [FXGL Background Thread 3 ] DEBUG Engine               - isMainMenuEnabled: true
00:14:40.790 [FXGL Background Thread 3 ] DEBUG Engine               - isManualResizeEnabled: false
00:14:40.790 [FXGL Background Thread 3 ] DEBUG Engine               - isMobile: false
00:14:40.790 [FXGL Background Thread 3 ] DEBUG Engine               - isNative: false
00:14:40.790 [FXGL Background Thread 3 ] DEBUG Engine               - isPauseMusicWhenMinimized: true
00:14:40.790 [FXGL Background Thread 3 ] DEBUG Engine               - isPreserveResizeRatio: false
00:14:40.790 [FXGL Background Thread 3 ] DEBUG Engine               - isProfilingEnabled: false
00:14:40.790 [FXGL Background Thread 3 ] DEBUG Engine               - isScaleAffectedOnResize: true
00:14:40.790 [FXGL Background Thread 3 ] DEBUG Engine               - isSingleStep: false
00:14:40.790 [FXGL Background Thread 3 ] DEBUG Engine               - isUserProfileEnabled: false
00:14:40.790 [FXGL Background Thread 3 ] DEBUG Engine               - isWindows: true
00:14:40.790 [FXGL Background Thread 3 ] DEBUG Engine               - language: ObjectProperty [value: ENGLISH]
00:14:40.791 [FXGL Background Thread 3 ] DEBUG Engine               - menuKey: ESCAPE
00:14:40.791 [FXGL Background Thread 3 ] DEBUG Engine               - mouseSensitivity: 0.2
00:14:40.791 [FXGL Background Thread 3 ] DEBUG Engine               - notificationViewClass: class com.almasb.fxgl.notification.view.XboxNotificationView
00:14:40.791 [FXGL Background Thread 3 ] DEBUG Engine               - pixelsPerMeter: 50.0
00:14:40.791 [FXGL Background Thread 3 ] DEBUG Engine               - platform: WINDOWS
00:14:40.791 [FXGL Background Thread 3 ] DEBUG Engine               - prefHeightProperty: ReadOnlyDoubleProperty [value: 1080.0]
00:14:40.791 [FXGL Background Thread 3 ] DEBUG Engine               - prefWidthProperty: ReadOnlyDoubleProperty [value: 1920.0]
00:14:40.791 [FXGL Background Thread 3 ] DEBUG Engine               - profileDir: profiles/
00:14:40.791 [FXGL Background Thread 3 ] DEBUG Engine               - profileName: StringProperty [value: DEFAULT]
00:14:40.791 [FXGL Background Thread 3 ] DEBUG Engine               - randomSeed: -1
00:14:40.791 [FXGL Background Thread 3 ] DEBUG Engine               - runtimeInfo: RuntimeInfo(platform=WINDOWS, version=17.2, build=20.08.2022 16.50)
00:14:40.791 [FXGL Background Thread 3 ] DEBUG Engine               - saveFileExt: sav
00:14:40.792 [FXGL Background Thread 3 ] DEBUG Engine               - scaledHeightProp$fxgl: DoubleProperty [bound, value: 864.0]
00:14:40.792 [FXGL Background Thread 3 ] DEBUG Engine               - scaledWidthProp$fxgl: DoubleProperty [bound, value: 1536.0]
00:14:40.792 [FXGL Background Thread 3 ] DEBUG Engine               - sceneFactory: com.example.cookingina.CookingInaMain$1@325797a3
00:14:40.792 [FXGL Background Thread 3 ] DEBUG Engine               - secondsIn24h: 60
00:14:40.792 [FXGL Background Thread 3 ] DEBUG Engine               - soundMenuBack: menu/back.wav
00:14:40.792 [FXGL Background Thread 3 ] DEBUG Engine               - soundMenuPress: menu/press.wav
00:14:40.792 [FXGL Background Thread 3 ] DEBUG Engine               - soundMenuSelect: menu/select.wav
00:14:40.792 [FXGL Background Thread 3 ] DEBUG Engine               - soundNotification: core/notification.wav
00:14:40.792 [FXGL Background Thread 3 ] DEBUG Engine               - stageStyle: DECORATED
00:14:40.792 [FXGL Background Thread 3 ] DEBUG Engine               - supportedLanguages: [ENGLISH, FRENCH, GERMAN, HUNGARIAN, RUSSIAN]
00:14:40.792 [FXGL Background Thread 3 ] DEBUG Engine               - ticksPerSecond: -1
00:14:40.792 [FXGL Background Thread 3 ] DEBUG Engine               - title: CookingIna
00:14:40.792 [FXGL Background Thread 3 ] DEBUG Engine               - urlGithub: https://github.com/AlmasB/FXGL
00:14:40.792 [FXGL Background Thread 3 ] DEBUG Engine               - urlLeaderboard: http://fxgl-top.herokuapp.com/
00:14:40.792 [FXGL Background Thread 3 ] DEBUG Engine               - urlPOM: https://raw.githubusercontent.com/AlmasB/FXGL/release/README.md
00:14:40.792 [FXGL Background Thread 3 ] DEBUG Engine               - userAppClass: class com.example.cookingina.CookingInaMain
00:14:40.793 [FXGL Background Thread 3 ] DEBUG Engine               - version: 0.1
00:14:40.793 [FXGL Background Thread 3 ] DEBUG Engine               - versionCheckDays: 7
00:14:40.793 [FXGL Background Thread 3 ] DEBUG Engine               - width: 1920
00:14:40.793 [FXGL Background Thread 3 ] DEBUG Engine               - Logging services
00:14:40.793 [FXGL Background Thread 3 ] DEBUG Engine               - class com.almasb.fxgl.app.services.FXGLAssetLoaderService
00:14:40.793 [FXGL Background Thread 3 ] DEBUG Engine               - class com.almasb.fxgl.app.FXGLApplication$GameApplicationService
00:14:40.793 [FXGL Background Thread 3 ] DEBUG Engine               - class com.almasb.fxgl.app.services.FXGLDialogService
00:14:40.793 [FXGL Background Thread 3 ] DEBUG Engine               - class com.almasb.fxgl.app.services.IOTaskExecutorService
00:14:40.793 [FXGL Background Thread 3 ] DEBUG Engine               - class com.almasb.fxgl.io.FileSystemService
00:14:40.793 [FXGL Background Thread 3 ] DEBUG Engine               - class com.almasb.fxgl.localization.LocalizationService
00:14:40.793 [FXGL Background Thread 3 ] DEBUG Engine               - class com.almasb.fxgl.app.services.SystemBundleService
00:14:40.793 [FXGL Background Thread 3 ] DEBUG Engine               - class com.almasb.fxgl.profile.SaveLoadService
00:14:40.793 [FXGL Background Thread 3 ] DEBUG Engine               - class com.almasb.fxgl.ui.FXGLUIFactoryServiceProvider
00:14:40.793 [FXGL Background Thread 3 ] DEBUG Engine               - class com.almasb.fxgl.ui.FXGLDialogFactoryServiceProvider
00:14:40.793 [FXGL Background Thread 3 ] DEBUG Engine               - class com.almasb.fxgl.audio.AudioPlayer
00:14:40.793 [FXGL Background Thread 3 ] DEBUG Engine               - class com.almasb.fxgl.notification.impl.NotificationServiceProvider
00:14:40.793 [FXGL Background Thread 3 ] DEBUG Engine               - class com.almasb.fxgl.achievement.AchievementService
00:14:40.793 [FXGL Background Thread 3 ] DEBUG Engine               - class com.almasb.fxgl.cutscene.CutsceneService
00:14:40.794 [FXGL Background Thread 3 ] DEBUG Engine               - class com.almasb.fxgl.minigames.MiniGameService
00:14:40.794 [FXGL Background Thread 3 ] DEBUG Engine               - class com.almasb.fxgl.net.NetService
00:14:40.794 [FXGL Background Thread 3 ] DEBUG Engine               - class com.almasb.fxgl.app.services.UpdaterService
00:14:40.794 [FXGL Background Thread 3 ] DEBUG Engine               - class com.almasb.fxgl.dev.DevService
00:14:42.193 [JavaFX Application Thread] DEBUG FXGLAssetLoaderServi - Loading from file system: file:/C:/Users/Sherielyn/IdeaProjects/Cooking-Ina-Ang-Sarap-/CookingIna/target/classes/assets/textures/customer_image.png
00:14:42.216 [JavaFX Application Thread] DEBUG LoopRunner           - Stopping loop
00:14:42.218 [JavaFX Application Thread] FATAL FXGLApplication      - Uncaught Exception:
java.lang.NullPointerException: Cannot invoke "com.almasb.fxgl.entity.Entity.setY(double)" because "this.entity" is null
	at com.example.cookingina/customers.CustomerComponent.<init>(CustomerComponent.java:14)
	at com.example.cookingina/com.example.cookingina.control.UIController.spawnCustomer(UIController.java:378)
	at com.example.cookingina/com.example.cookingina.control.UIController.lambda$scheduleNextSpawn$7(UIController.java:402)
	at com.almasb.fxgl.core@17.2/com.almasb.fxgl.time.TimerAction.update(TimerAction.kt:69)
	at com.almasb.fxgl.core@17.2/com.almasb.fxgl.time.Timer.update(Timer.kt:38)
	at com.almasb.fxgl.scene@17.2/com.almasb.fxgl.scene.Scene.update(Scene.kt:104)
	at com.almasb.fxgl.all@17.2/com.almasb.fxgl.app.MainWindow$update$1.invoke(MainWindow.kt:115)
	at com.almasb.fxgl.all@17.2/com.almasb.fxgl.app.MainWindow$update$1.invoke(MainWindow.kt:115)
	at com.almasb.fxgl.core@17.2/com.almasb.fxgl.core.fsm.StateMachine.runOnActiveStates(StateMachine.kt:69)
	at com.almasb.fxgl.all@17.2/com.almasb.fxgl.app.MainWindow.update(MainWindow.kt:115)
	at com.almasb.fxgl.all@17.2/com.almasb.fxgl.app.FXGLApplication$GameApplicationService.onUpdate(FXGLApplication.kt:426)
	at com.almasb.fxgl.all@17.2/com.almasb.fxgl.app.Engine.loop(Engine.kt:134)
	at com.almasb.fxgl.all@17.2/com.almasb.fxgl.app.Engine.access$loop(Engine.kt:24)
	at com.almasb.fxgl.all@17.2/com.almasb.fxgl.app.Engine$loop$1.invoke(Engine.kt:28)
	at com.almasb.fxgl.all@17.2/com.almasb.fxgl.app.Engine$loop$1.invoke(Engine.kt:28)
	at com.almasb.fxgl.all@17.2/com.almasb.fxgl.app.LoopRunner.frame(LoopRunner.kt:103)
	at com.almasb.fxgl.all@17.2/com.almasb.fxgl.app.LoopRunner.access$frame(LoopRunner.kt:23)
	at com.almasb.fxgl.all@17.2/com.almasb.fxgl.app.LoopRunner$impl$2$1.onTick(LoopRunner.kt:57)
	at com.almasb.fxgl.all@17.2/com.almasb.fxgl.app.AnimationTimerLoop$timer$1.handle(LoopRunner.kt:137)
	at javafx.graphics@19/javafx.animation.AnimationTimer$AnimationTimerReceiver.lambda$handle$0(AnimationTimer.java:58)
	at java.base/java.security.AccessController.doPrivileged(AccessController.java:400)
	at javafx.graphics@19/javafx.animation.AnimationTimer$AnimationTimerReceiver.handle(AnimationTimer.java:57)
	at javafx.graphics@19/com.sun.scenario.animation.AbstractPrimaryTimer.timePulseImpl(AbstractPrimaryTimer.java:356)
	at javafx.graphics@19/com.sun.scenario.animation.AbstractPrimaryTimer$MainLoop.run(AbstractPrimaryTimer.java:266)
	at javafx.graphics@19/com.sun.javafx.tk.quantum.QuantumToolkit.pulse(QuantumToolkit.java:571)
	at javafx.graphics@19/com.sun.javafx.tk.quantum.QuantumToolkit.pulse(QuantumToolkit.java:555)
	at javafx.graphics@19/com.sun.javafx.tk.quantum.QuantumToolkit.pulseFromQueue(QuantumToolkit.java:548)
	at javafx.graphics@19/com.sun.javafx.tk.quantum.QuantumToolkit.lambda$runToolkit$11(QuantumToolkit.java:352)
	at javafx.graphics@19/com.sun.glass.ui.InvokeLaterDispatcher$Future.run(InvokeLaterDispatcher.java:96)
	at javafx.graphics@19/com.sun.glass.ui.win.WinApplication._runLoop(Native Method)
	at javafx.graphics@19/com.sun.glass.ui.win.WinApplication.lambda$runLoop$3(WinApplication.java:184)
	at java.base/java.lang.Thread.run(Thread.java:1575)

00:14:42.218 [JavaFX Application Thread] FATAL FXGLApplication      - Application will now exit
00:14:42.230 [JavaFX Application Thread] DEBUG PrimaryStageWindow   - Push state: ErrorSubScene
00:14:42.230 [JavaFX Application Thread] DEBUG Input                - Clearing active input actions
00:14:42.231 [JavaFX Application Thread] DEBUG GameApplicationServi - Removing overlay from GameScene and adding to ErrorSubScene
00:14:42.231 [JavaFX Application Thread] DEBUG PrimaryStageWindow   - GameScene -> ErrorSubScene
00:14:50.213 [JavaFX Application Thread] DEBUG FXGLApplication      - Exiting FXGL
00:14:50.214 [JavaFX Application Thread] DEBUG Async                - Shutting down background threads
00:14:50.214 [JavaFX Application Thread] DEBUG PrimaryStageWindow   - Closing main window
00:14:50.274 [JavaFX Application Thread] DEBUG Logger               - Closing Logger
