21:20:58.388 [main                     ] DEBUG Logger               - Configured Logger
21:20:58.417 [main                     ] DEBUG GameApplication      - Logging settings
Title: CookingIna
Version: 0.1
Width: 1920
Height: 1080
Fullscreen: true
Intro: false
Profiling: false
Single step:false
App Mode: DEVELOPER
Menu Key: ESCAPE
Stage Style: DECORATED
Scene Factory: class com.example.cookingina.CookingInaMain$1

21:20:58.774 [JavaFX Application Thread] DEBUG FXGLApplication      - Initializing FXGL
21:20:58.778 [JavaFX Application Thread] INFO  Engine               - FXGL-17.2 (20.08.2022 16.50) on WINDOWS (J:21.0.6 FX:20)
21:20:58.779 [JavaFX Application Thread] DEBUG Engine               - JRE Vendor Name: Amazon.com Inc.
21:20:58.779 [JavaFX Application Thread] DEBUG Engine               - Running on OS: Windows 11 version 10.0
21:20:58.779 [JavaFX Application Thread] DEBUG Engine               - Architecture: amd64
21:20:58.779 [JavaFX Application Thread] INFO  Engine               - Source code and latest versions at: https://github.com/AlmasB/FXGL
21:20:58.780 [JavaFX Application Thread] INFO  Engine               -       Ask questions and discuss at: https://github.com/AlmasB/FXGL/discussions
21:20:58.780 [JavaFX Application Thread] INFO  Engine               -              Join the FXGL chat at: https://gitter.im/AlmasB/FXGL
21:20:58.864 [JavaFX Application Thread] DEBUG PrimaryStageWindow   - Creating a JavaFX scene
21:20:58.866 [JavaFX Application Thread] DEBUG PrimaryStageWindow   - Target size > screen size
21:20:58.905 [JavaFX Application Thread] DEBUG PrimaryStageWindow   - Target settings size: 1920.0 x 1080.0
21:20:58.905 [JavaFX Application Thread] DEBUG PrimaryStageWindow   - Scaled scene size:    1511.0 x 864.0
21:20:58.905 [JavaFX Application Thread] DEBUG PrimaryStageWindow   - Scaled ratio: (0.7869791666666667, 0.8)
21:20:58.908 [JavaFX Application Thread] DEBUG PrimaryStageWindow   - Set initial scene to FXGLStartupScene
21:20:58.912 [JavaFX Application Thread] DEBUG PrimaryStageWindow   - Opening main window
21:20:59.000 [JavaFX Application Thread] DEBUG PrimaryStageWindow   - Window border size: (14.5999755859375, 37.5999755859375)
21:20:59.000 [JavaFX Application Thread] DEBUG PrimaryStageWindow   - Scaled size: 1511.0 x 864.0
21:20:59.000 [JavaFX Application Thread] DEBUG PrimaryStageWindow   - Scaled ratio: (0.7869791666666667, 0.8)
21:20:59.002 [JavaFX Application Thread] DEBUG PrimaryStageWindow   - Scene size: 1511.0 x 864.0
21:20:59.002 [JavaFX Application Thread] DEBUG PrimaryStageWindow   - Stage size: 1525.5999755859375 x 901.5999755859375
21:20:59.058 [JavaFX Application Thread] DEBUG PrimaryStageWindow   - Going fullscreen
21:20:59.067 [FXGL Background Thread 1 ] DEBUG Engine               - Initializing environment variables
21:20:59.128 [FXGL Background Thread 1 ] DEBUG FXGLAssetLoaderServi - User app class for loading assets: class com.example.cookingina.CookingInaMain
21:20:59.128 [FXGL Background Thread 1 ] DEBUG GameApplicationServi - Applying CSS: fxgl_dark.css
21:20:59.128 [FXGL Background Thread 1 ] DEBUG FXGLAssetLoaderServi - Loading from file system: jar:file:///C:/Users/LMO/.m2/repository/com/github/almasb/fxgl/17.2/fxgl-17.2.jar!/fxglassets/ui/css/fxgl_dark.css
21:20:59.179 [FXGL Background Thread 1 ] DEBUG GameApplicationServi - Initializing application scenes
21:20:59.236 [FXGL Background Thread 1 ] DEBUG GameWorld            - Game world initialized
21:20:59.300 [FXGL Background Thread 1 ] DEBUG PhysicsWorld         - Physics world initialized: appHeight=1080, physics.ppm=50.0
21:20:59.302 [FXGL Background Thread 1 ] DEBUG PhysicsWorld         - Using strategy: BRUTE_FORCE
21:20:59.306 [FXGL Background Thread 1 ] DEBUG GameScene            - Game scene initialized: 1920x1080
21:20:59.320 [FXGL Background Thread 1 ] DEBUG FXGL.DefaultMenu     - createMenuBodyGameMenu()
21:20:59.326 [FXGL Background Thread 1 ] DEBUG FXGL.DefaultMenu     - createOptionsMenu()
21:20:59.334 [FXGL Background Thread 1 ] DEBUG FXGLAssetLoaderServi - Loading from file system: jar:file:///C:/Users/LMO/.m2/repository/com/github/almasb/fxgl/17.2/fxgl-17.2.jar!/fxglassets/textures/particles/smoke.png
21:20:59.412 [FXGL Background Thread 1 ] DEBUG FXGLAssetLoaderServi - Loading from file system: jar:file:///C:/Users/LMO/.m2/repository/com/github/almasb/fxgl/17.2/fxgl-17.2.jar!/fxglassets/textures/particles/trace_horizontal.png
21:20:59.439 [FXGL Background Thread 1 ] DEBUG GameApplicationServi - Application scenes initialized
21:20:59.452 [FXGL Background Thread 1 ] DEBUG SystemBundleService  - Loading FXGL system data
21:20:59.457 [FXGL Background Thread 1 ] DEBUG FileSystemAccess     - Reading from: C:\Users\LMO\Downloads\Cooking-Ina-Ang-Sarap-1\system\fxgl.bundle
21:20:59.465 [FXGL Background Thread 1 ] DEBUG SystemBundleService  - Bundle FXGL: {}
21:20:59.465 [FXGL Background Thread 1 ] DEBUG UpdaterService       - Checking for updates
21:20:59.468 [FXGL Background Thread 4 ] DEBUG FXGLApplication      - Loading fonts
21:20:59.469 [FXGL Background Thread 4 ] DEBUG FXGLAssetLoaderServi - Loading from file system: jar:file:///C:/Users/LMO/.m2/repository/com/github/almasb/fxgl/17.2/fxgl-17.2.jar!/fxglassets/ui/fonts/VarelaRound-Regular.ttf
21:20:59.469 [FXGL Background Thread 1 ] DEBUG FXGLApplication      - Loading default localization
21:20:59.470 [FXGL Background Thread 1 ] DEBUG FXGLAssetLoaderServi - Loading from file system: jar:file:///C:/Users/LMO/.m2/repository/com/github/almasb/fxgl/17.2/fxgl-17.2.jar!/fxglassets/languages/english.lang
21:20:59.517 [FXGL Background Thread 1 ] INFO  FXGLApplication      - FXGL initialization took: 0.450 sec
21:20:59.528 [FXGL Background Thread 4 ] DEBUG FXGLAssetLoaderServi - Loading from file system: jar:file:///C:/Users/LMO/.m2/repository/com/github/almasb/fxgl/17.2/fxgl-17.2.jar!/fxglassets/ui/fonts/Abel-Regular.ttf
21:20:59.532 [JavaFX Application Thread] DEBUG Input                - Registered new binding: Toggle debug - F1
21:20:59.533 [JavaFX Application Thread] DEBUG FXGLAssetLoaderServi - Loading from file system: jar:file:///C:/Users/LMO/.m2/repository/com/github/almasb/fxgl/17.2/fxgl-17.2.jar!/fxglassets/textures/fxgl_icon.png
21:20:59.543 [FXGL Background Thread 4 ] DEBUG FXGLAssetLoaderServi - Loading from file system: jar:file:///C:/Users/LMO/.m2/repository/com/github/almasb/fxgl/17.2/fxgl-17.2.jar!/fxglassets/ui/fonts/TerminalLandMono-Regular.otf
21:20:59.559 [JavaFX Application Thread] DEBUG FXGLAssetLoaderServi - Loading from file system: jar:file:///C:/Users/LMO/.m2/repository/com/github/almasb/fxgl/17.2/fxgl-17.2.jar!/fxglassets/textures/fxgl_default_cursor.png
21:20:59.559 [FXGL Background Thread 4 ] DEBUG FXGLAssetLoaderServi - Loading from file system: jar:file:///C:/Users/LMO/.m2/repository/com/github/almasb/fxgl/17.2/fxgl-17.2.jar!/fxglassets/ui/fonts/Courier-Prime.ttf
21:20:59.561 [JavaFX Application Thread] DEBUG Input                - Registered new binding: Screenshot - CTRL+8
21:20:59.562 [JavaFX Application Thread] DEBUG Input                - Registered new binding: System info dump - CTRL+9
21:20:59.563 [JavaFX Application Thread] DEBUG Input                - Registered new binding: Restart - CTRL+R
21:20:59.563 [JavaFX Application Thread] DEBUG Input                - Registered new binding: Toggle Debug Camera - CTRL+7
21:20:59.567 [JavaFX Application Thread] DEBUG LoopRunner           - Starting loop
21:20:59.567 [JavaFX Application Thread] DEBUG LoopRunner           - Initializing JavaFX AnimationTimerLoop
21:20:59.571 [JavaFX Application Thread] DEBUG Input                - Clearing active input actions
21:20:59.580 [JavaFX Application Thread] DEBUG GameApplicationServi - Removing overlay from FXGLStartupScene and adding to FXGLMainMenuDummyScene
21:20:59.580 [JavaFX Application Thread] DEBUG PrimaryStageWindow   - FXGLStartupScene -> FXGLMainMenuDummyScene
21:20:59.581 [JavaFX Application Thread] DEBUG PrimaryStageWindow   - Push state: MainMenu
21:20:59.581 [JavaFX Application Thread] DEBUG Input                - Clearing active input actions
21:20:59.589 [JavaFX Application Thread] DEBUG GameApplicationServi - Removing overlay from FXGLMainMenuDummyScene and adding to MainMenu
21:20:59.590 [JavaFX Application Thread] DEBUG PrimaryStageWindow   - FXGLMainMenuDummyScene -> MainMenu
21:20:59.590 [JavaFX Application Thread] DEBUG FXGLApplication      - Registering font factories with UI factory
21:21:00.069 [FXGL Background Thread 2 ] INFO  UpdaterService       - Your current version:  17.2
21:21:00.071 [FXGL Background Thread 2 ] INFO  UpdaterService       - Latest stable version: 21.1
21:21:00.871 [JavaFX Application Thread] DEBUG GameApplicationServi - Starting new game
21:21:00.871 [JavaFX Application Thread] DEBUG PrimaryStageWindow   - Pop state: MainMenu
21:21:00.871 [JavaFX Application Thread] DEBUG Input                - Clearing active input actions
21:21:00.872 [JavaFX Application Thread] DEBUG GameApplicationServi - Removing overlay from MainMenu and adding to FXGLMainMenuDummyScene
21:21:00.873 [JavaFX Application Thread] DEBUG PrimaryStageWindow   - FXGLMainMenuDummyScene <- MainMenu
21:21:00.873 [JavaFX Application Thread] DEBUG Input                - Clearing active input actions
21:21:00.890 [JavaFX Application Thread] DEBUG GameApplicationServi - Removing overlay from FXGLMainMenuDummyScene and adding to FXGLLoadingScene
21:21:00.891 [JavaFX Application Thread] DEBUG PrimaryStageWindow   - FXGLMainMenuDummyScene -> FXGLLoadingScene
21:21:00.891 [JavaFX Application Thread] DEBUG GameApplicationServi - Clearing previous game
21:21:00.891 [JavaFX Application Thread] DEBUG GameScene            - Clearing game scene
21:21:00.891 [JavaFX Application Thread] DEBUG GameWorld            - Clearing game world
21:21:00.892 [JavaFX Application Thread] DEBUG PhysicsWorld         - Clearing physics world
21:21:00.898 [FXGL Background Thread 2 ] DEBUG FXGLApplication      - Initializing game
21:21:00.901 [FXGL Background Thread 2 ] DEBUG FXGLAssetLoaderServi - Loading from file system: file:/C:/Users/LMO/Downloads/Cooking-Ina-Ang-Sarap-1/CookingIna/target/classes/assets/textures/final_background.png
21:21:00.945 [JavaFX Application Thread] WARN  PrimaryStageWindow   - Cannot pop substate. Probably because substates are empty!
21:21:00.945 [JavaFX Application Thread] DEBUG LoopRunner           - Resuming loop
21:21:00.970 [FXGL Background Thread 2 ] DEBUG FXGLAssetLoaderServi - Loading from file system: file:/C:/Users/LMO/Downloads/Cooking-Ina-Ang-Sarap-1/CookingIna/target/classes/assets/textures/assets.png
21:21:01.009 [FXGL Background Thread 2 ] DEBUG FXGLAssetLoaderServi - Loading from file system: file:/C:/Users/LMO/Downloads/Cooking-Ina-Ang-Sarap-1/CookingIna/target/classes/assets/textures/frying_pan.png
21:21:01.067 [FXGL Background Thread 2 ] DEBUG FXGLAssetLoaderServi - Loading from file system: file:/C:/Users/LMO/Downloads/Cooking-Ina-Ang-Sarap-1/CookingIna/target/classes/assets/textures/papertray.png
21:21:01.106 [FXGL Background Thread 2 ] DEBUG FXGLAssetLoaderServi - Loading from file system: file:/C:/Users/LMO/Downloads/Cooking-Ina-Ang-Sarap-1/CookingIna/target/classes/assets/textures/papertray.png
21:21:01.139 [FXGL Background Thread 2 ] DEBUG FXGLAssetLoaderServi - Loading from file system: file:/C:/Users/LMO/Downloads/Cooking-Ina-Ang-Sarap-1/CookingIna/target/classes/assets/textures/rawQuekquek_container.png
21:21:01.157 [FXGL Background Thread 2 ] DEBUG FXGLAssetLoaderServi - Loading from file system: file:/C:/Users/LMO/Downloads/Cooking-Ina-Ang-Sarap-1/CookingIna/target/classes/assets/textures/rawHotdog_container.png
21:21:01.174 [FXGL Background Thread 2 ] DEBUG FXGLAssetLoaderServi - Loading from file system: file:/C:/Users/LMO/Downloads/Cooking-Ina-Ang-Sarap-1/CookingIna/target/classes/assets/textures/rawTempura_container.png
21:21:01.198 [FXGL Background Thread 2 ] DEBUG FXGLAssetLoaderServi - Loading from file system: file:/C:/Users/LMO/Downloads/Cooking-Ina-Ang-Sarap-1/CookingIna/target/classes/assets/textures/manga_basket.png
21:21:01.232 [FXGL Background Thread 2 ] DEBUG FXGLAssetLoaderServi - Loading from file system: file:/C:/Users/LMO/Downloads/Cooking-Ina-Ang-Sarap-1/CookingIna/target/classes/assets/textures/ice_crusher.png
21:21:01.264 [FXGL Background Thread 2 ] DEBUG FXGLAssetLoaderServi - Loading from file system: file:/C:/Users/LMO/Downloads/Cooking-Ina-Ang-Sarap-1/CookingIna/target/classes/assets/textures/calamansiJuice_dispenser.png
21:21:01.277 [FXGL Background Thread 2 ] DEBUG FXGLAssetLoaderServi - Loading from file system: file:/C:/Users/LMO/Downloads/Cooking-Ina-Ang-Sarap-1/CookingIna/target/classes/assets/textures/bukoJuice_dispenser.png
21:21:01.290 [FXGL Background Thread 2 ] DEBUG FXGLAssetLoaderServi - Loading from file system: file:/C:/Users/LMO/Downloads/Cooking-Ina-Ang-Sarap-1/CookingIna/target/classes/assets/textures/orangeJuice_dispenser.png
21:21:01.301 [FXGL Background Thread 2 ] DEBUG FXGLAssetLoaderServi - Loading from file system: file:/C:/Users/LMO/Downloads/Cooking-Ina-Ang-Sarap-1/CookingIna/target/classes/assets/textures/trash_open.png
21:21:01.320 [FXGL Background Thread 2 ] DEBUG FXGLAssetLoaderServi - Loading from file system: file:/C:/Users/LMO/Downloads/Cooking-Ina-Ang-Sarap-1/CookingIna/target/classes/assets/textures/calamansiJuice_dispenser.png
21:21:01.331 [FXGL Background Thread 2 ] DEBUG FXGLAssetLoaderServi - Loading from file system: file:/C:/Users/LMO/Downloads/Cooking-Ina-Ang-Sarap-1/CookingIna/target/classes/assets/textures/bukoJuice_dispenser.png
21:21:01.341 [FXGL Background Thread 2 ] DEBUG FXGLAssetLoaderServi - Loading from file system: file:/C:/Users/LMO/Downloads/Cooking-Ina-Ang-Sarap-1/CookingIna/target/classes/assets/textures/orangeJuice_dispenser.png
21:21:01.348 [FXGL Background Thread 2 ] DEBUG FXGLAssetLoaderServi - Loading from file system: file:/C:/Users/LMO/Downloads/Cooking-Ina-Ang-Sarap-1/CookingIna/target/classes/assets/textures/cucumberGarnish_container.png
21:21:01.367 [FXGL Background Thread 2 ] DEBUG FXGLAssetLoaderServi - Loading from file system: file:/C:/Users/LMO/Downloads/Cooking-Ina-Ang-Sarap-1/CookingIna/target/classes/assets/textures/gusoGarnish_container.png
21:21:01.389 [FXGL Background Thread 2 ] DEBUG FXGLAssetLoaderServi - Loading from file system: file:/C:/Users/LMO/Downloads/Cooking-Ina-Ang-Sarap-1/CookingIna/target/classes/assets/textures/spicy_sauce.png
21:21:01.397 [FXGL Background Thread 2 ] DEBUG FXGLAssetLoaderServi - Loading from file system: file:/C:/Users/LMO/Downloads/Cooking-Ina-Ang-Sarap-1/CookingIna/target/classes/assets/textures/sweet_sauce.png
21:21:01.408 [FXGL Background Thread 2 ] DEBUG FXGLAssetLoaderServi - Loading from file system: file:/C:/Users/LMO/Downloads/Cooking-Ina-Ang-Sarap-1/CookingIna/target/classes/assets/textures/hipon_bottle.png
21:21:01.431 [FXGL Background Thread 2 ] DEBUG FXGLAssetLoaderServi - Loading from file system: file:/C:/Users/LMO/Downloads/Cooking-Ina-Ang-Sarap-1/CookingIna/target/classes/assets/textures/salt_bottle.png
21:21:01.449 [FXGL Background Thread 2 ] INFO  FXGLApplication      - Game initialization took: 0.552 sec
21:21:01.454 [JavaFX Application Thread] DEBUG Input                - Clearing active input actions
21:21:01.460 [JavaFX Application Thread] DEBUG GameApplicationServi - Removing overlay from FXGLLoadingScene and adding to GameScene
21:21:01.460 [JavaFX Application Thread] DEBUG PrimaryStageWindow   - FXGLLoadingScene -> GameScene
21:21:02.467 [FXGL Background Thread 3 ] DEBUG Engine               - Logging environment variables
21:21:02.467 [FXGL Background Thread 3 ] DEBUG Engine               - achievements: []
21:21:02.467 [FXGL Background Thread 3 ] DEBUG Engine               - actualHeight: 864.0
21:21:02.467 [FXGL Background Thread 3 ] DEBUG Engine               - actualHeightProperty: ReadOnlyDoubleProperty [value: 864.0]
21:21:02.467 [FXGL Background Thread 3 ] DEBUG Engine               - actualWidth: 1536.0
21:21:02.467 [FXGL Background Thread 3 ] DEBUG Engine               - actualWidthProperty: ReadOnlyDoubleProperty [value: 1536.0]
21:21:02.467 [FXGL Background Thread 3 ] DEBUG Engine               - appIcon: fxgl_icon.png
21:21:02.467 [FXGL Background Thread 3 ] DEBUG Engine               - applicationMode: DEVELOPER
21:21:02.467 [FXGL Background Thread 3 ] DEBUG Engine               - cSSList: [fxgl_dark.css]
21:21:02.468 [FXGL Background Thread 3 ] DEBUG Engine               - collisionDetectionStrategy: BRUTE_FORCE
21:21:02.468 [FXGL Background Thread 3 ] DEBUG Engine               - configClass: Optional.empty
21:21:02.468 [FXGL Background Thread 3 ] DEBUG Engine               - credits: []
21:21:02.468 [FXGL Background Thread 3 ] DEBUG Engine               - defaultCursor: CursorInfo(imageName=fxgl_default_cursor.png, hotspotX=7.0, hotspotY=6.0)
21:21:02.468 [FXGL Background Thread 3 ] DEBUG Engine               - devBBoxColorProperty: ObjectProperty [value: 0xff0000ff]
21:21:02.469 [FXGL Background Thread 3 ] DEBUG Engine               - devEnableDebugCameraProperty: BooleanProperty [value: false]
21:21:02.469 [FXGL Background Thread 3 ] DEBUG Engine               - devSensorColorProperty: ObjectProperty [value: 0xffff00ff]
21:21:02.469 [FXGL Background Thread 3 ] DEBUG Engine               - devShowBBoxProperty: BooleanProperty [value: false]
21:21:02.469 [FXGL Background Thread 3 ] DEBUG Engine               - devShowPositionProperty: BooleanProperty [value: false]
21:21:02.470 [FXGL Background Thread 3 ] DEBUG Engine               - enabledMenuItems: []
21:21:02.470 [FXGL Background Thread 3 ] DEBUG Engine               - engineServices: [class com.almasb.fxgl.app.services.FXGLAssetLoaderService, class com.almasb.fxgl.app.FXGLApplication$GameApplicationService, class com.almasb.fxgl.app.services.FXGLDialogService, class com.almasb.fxgl.app.services.IOTaskExecutorService, class com.almasb.fxgl.io.FileSystemService, class com.almasb.fxgl.localization.LocalizationService, class com.almasb.fxgl.app.services.SystemBundleService, class com.almasb.fxgl.profile.SaveLoadService, class com.almasb.fxgl.ui.FXGLUIFactoryServiceProvider, class com.almasb.fxgl.ui.FXGLDialogFactoryServiceProvider, class com.almasb.fxgl.audio.AudioPlayer, class com.almasb.fxgl.notification.impl.NotificationServiceProvider, class com.almasb.fxgl.achievement.AchievementService, class com.almasb.fxgl.cutscene.CutsceneService, class com.almasb.fxgl.minigames.MiniGameService, class com.almasb.fxgl.net.NetService, class com.almasb.fxgl.app.services.UpdaterService, class com.almasb.fxgl.dev.DevService]
21:21:02.470 [FXGL Background Thread 3 ] DEBUG Engine               - fontGame: Abel-Regular.ttf
21:21:02.471 [FXGL Background Thread 3 ] DEBUG Engine               - fontMono: TerminalLandMono-Regular.otf
21:21:02.471 [FXGL Background Thread 3 ] DEBUG Engine               - fontText: Courier-Prime.ttf
21:21:02.471 [FXGL Background Thread 3 ] DEBUG Engine               - fontUI: VarelaRound-Regular.ttf
21:21:02.471 [FXGL Background Thread 3 ] DEBUG Engine               - fullScreen: BooleanProperty [value: true]
21:21:02.471 [FXGL Background Thread 3 ] DEBUG Engine               - gameDifficulty: MEDIUM
21:21:02.471 [FXGL Background Thread 3 ] DEBUG Engine               - gameDifficultyProperty: ObjectProperty [value: MEDIUM]
21:21:02.471 [FXGL Background Thread 3 ] DEBUG Engine               - globalMusicVolume: 0.5
21:21:02.472 [FXGL Background Thread 3 ] DEBUG Engine               - globalMusicVolumeProperty: DoubleProperty [value: 0.5]
21:21:02.472 [FXGL Background Thread 3 ] DEBUG Engine               - globalSoundVolume: 0.5
21:21:02.472 [FXGL Background Thread 3 ] DEBUG Engine               - globalSoundVolumeProperty: DoubleProperty [value: 0.5]
21:21:02.472 [FXGL Background Thread 3 ] DEBUG Engine               - height: 1080
21:21:02.472 [FXGL Background Thread 3 ] DEBUG Engine               - is3D: false
21:21:02.472 [FXGL Background Thread 3 ] DEBUG Engine               - isAndroid: false
21:21:02.473 [FXGL Background Thread 3 ] DEBUG Engine               - isBrowser: false
21:21:02.473 [FXGL Background Thread 3 ] DEBUG Engine               - isClickFeedbackEnabled: false
21:21:02.473 [FXGL Background Thread 3 ] DEBUG Engine               - isCloseConfirmation: false
21:21:02.473 [FXGL Background Thread 3 ] DEBUG Engine               - isDesktop: true
21:21:02.473 [FXGL Background Thread 3 ] DEBUG Engine               - isDeveloperMenuEnabled: false
21:21:02.473 [FXGL Background Thread 3 ] DEBUG Engine               - isEmbedded: false
21:21:02.473 [FXGL Background Thread 3 ] DEBUG Engine               - isEntityPreloadEnabled: true
21:21:02.474 [FXGL Background Thread 3 ] DEBUG Engine               - isExperimentalTiledLargeMap: false
21:21:02.474 [FXGL Background Thread 3 ] DEBUG Engine               - isFileSystemWriteAllowed: true
21:21:02.474 [FXGL Background Thread 3 ] DEBUG Engine               - isFullScreenAllowed: true
21:21:02.474 [FXGL Background Thread 3 ] DEBUG Engine               - isFullScreenFromStart: true
21:21:02.474 [FXGL Background Thread 3 ] DEBUG Engine               - isGameMenuEnabled: true
21:21:02.474 [FXGL Background Thread 3 ] DEBUG Engine               - isIOS: false
21:21:02.474 [FXGL Background Thread 3 ] DEBUG Engine               - isIntroEnabled: false
21:21:02.475 [FXGL Background Thread 3 ] DEBUG Engine               - isLinux: false
21:21:02.475 [FXGL Background Thread 3 ] DEBUG Engine               - isMac: false
21:21:02.475 [FXGL Background Thread 3 ] DEBUG Engine               - isMainMenuEnabled: true
21:21:02.475 [FXGL Background Thread 3 ] DEBUG Engine               - isManualResizeEnabled: false
21:21:02.475 [FXGL Background Thread 3 ] DEBUG Engine               - isMobile: false
21:21:02.475 [FXGL Background Thread 3 ] DEBUG Engine               - isNative: false
21:21:02.475 [FXGL Background Thread 3 ] DEBUG Engine               - isPauseMusicWhenMinimized: true
21:21:02.475 [FXGL Background Thread 3 ] DEBUG Engine               - isPreserveResizeRatio: false
21:21:02.475 [FXGL Background Thread 3 ] DEBUG Engine               - isProfilingEnabled: false
21:21:02.475 [FXGL Background Thread 3 ] DEBUG Engine               - isScaleAffectedOnResize: true
21:21:02.475 [FXGL Background Thread 3 ] DEBUG Engine               - isSingleStep: false
21:21:02.476 [FXGL Background Thread 3 ] DEBUG Engine               - isUserProfileEnabled: false
21:21:02.476 [FXGL Background Thread 3 ] DEBUG Engine               - isWindows: true
21:21:02.476 [FXGL Background Thread 3 ] DEBUG Engine               - language: ObjectProperty [value: ENGLISH]
21:21:02.476 [FXGL Background Thread 3 ] DEBUG Engine               - menuKey: ESCAPE
21:21:02.476 [FXGL Background Thread 3 ] DEBUG Engine               - mouseSensitivity: 0.2
21:21:02.476 [FXGL Background Thread 3 ] DEBUG Engine               - notificationViewClass: class com.almasb.fxgl.notification.view.XboxNotificationView
21:21:02.476 [FXGL Background Thread 3 ] DEBUG Engine               - pixelsPerMeter: 50.0
21:21:02.476 [FXGL Background Thread 3 ] DEBUG Engine               - platform: WINDOWS
21:21:02.476 [FXGL Background Thread 3 ] DEBUG Engine               - prefHeightProperty: ReadOnlyDoubleProperty [value: 1080.0]
21:21:02.476 [FXGL Background Thread 3 ] DEBUG Engine               - prefWidthProperty: ReadOnlyDoubleProperty [value: 1920.0]
21:21:02.476 [FXGL Background Thread 3 ] DEBUG Engine               - profileDir: profiles/
21:21:02.476 [FXGL Background Thread 3 ] DEBUG Engine               - profileName: StringProperty [value: DEFAULT]
21:21:02.476 [FXGL Background Thread 3 ] DEBUG Engine               - randomSeed: -1
21:21:02.477 [FXGL Background Thread 3 ] DEBUG Engine               - runtimeInfo: RuntimeInfo(platform=WINDOWS, version=17.2, build=20.08.2022 16.50)
21:21:02.477 [FXGL Background Thread 3 ] DEBUG Engine               - saveFileExt: sav
21:21:02.477 [FXGL Background Thread 3 ] DEBUG Engine               - scaledHeightProp$fxgl: DoubleProperty [bound, value: 864.0]
21:21:02.478 [FXGL Background Thread 3 ] DEBUG Engine               - scaledWidthProp$fxgl: DoubleProperty [bound, value: 1536.0]
21:21:02.478 [FXGL Background Thread 3 ] DEBUG Engine               - sceneFactory: com.example.cookingina.CookingInaMain$1@17c1fab7
21:21:02.478 [FXGL Background Thread 3 ] DEBUG Engine               - secondsIn24h: 60
21:21:02.478 [FXGL Background Thread 3 ] DEBUG Engine               - soundMenuBack: menu/back.wav
21:21:02.478 [FXGL Background Thread 3 ] DEBUG Engine               - soundMenuPress: menu/press.wav
21:21:02.478 [FXGL Background Thread 3 ] DEBUG Engine               - soundMenuSelect: menu/select.wav
21:21:02.478 [FXGL Background Thread 3 ] DEBUG Engine               - soundNotification: core/notification.wav
21:21:02.478 [FXGL Background Thread 3 ] DEBUG Engine               - stageStyle: DECORATED
21:21:02.479 [FXGL Background Thread 3 ] DEBUG Engine               - supportedLanguages: [ENGLISH, FRENCH, GERMAN, HUNGARIAN, RUSSIAN]
21:21:02.479 [FXGL Background Thread 3 ] DEBUG Engine               - ticksPerSecond: -1
21:21:02.479 [FXGL Background Thread 3 ] DEBUG Engine               - title: CookingIna
21:21:02.479 [FXGL Background Thread 3 ] DEBUG Engine               - urlGithub: https://github.com/AlmasB/FXGL
21:21:02.479 [FXGL Background Thread 3 ] DEBUG Engine               - urlLeaderboard: http://fxgl-top.herokuapp.com/
21:21:02.479 [FXGL Background Thread 3 ] DEBUG Engine               - urlPOM: https://raw.githubusercontent.com/AlmasB/FXGL/release/README.md
21:21:02.479 [FXGL Background Thread 3 ] DEBUG Engine               - userAppClass: class com.example.cookingina.CookingInaMain
21:21:02.479 [FXGL Background Thread 3 ] DEBUG Engine               - version: 0.1
21:21:02.480 [FXGL Background Thread 3 ] DEBUG Engine               - versionCheckDays: 7
21:21:02.480 [FXGL Background Thread 3 ] DEBUG Engine               - width: 1920
21:21:02.480 [FXGL Background Thread 3 ] DEBUG Engine               - Logging services
21:21:02.480 [FXGL Background Thread 3 ] DEBUG Engine               - class com.almasb.fxgl.app.services.FXGLAssetLoaderService
21:21:02.481 [FXGL Background Thread 3 ] DEBUG Engine               - class com.almasb.fxgl.app.FXGLApplication$GameApplicationService
21:21:02.481 [FXGL Background Thread 3 ] DEBUG Engine               - class com.almasb.fxgl.app.services.FXGLDialogService
21:21:02.481 [FXGL Background Thread 3 ] DEBUG Engine               - class com.almasb.fxgl.app.services.IOTaskExecutorService
21:21:02.481 [FXGL Background Thread 3 ] DEBUG Engine               - class com.almasb.fxgl.io.FileSystemService
21:21:02.481 [FXGL Background Thread 3 ] DEBUG Engine               - class com.almasb.fxgl.localization.LocalizationService
21:21:02.482 [FXGL Background Thread 3 ] DEBUG Engine               - class com.almasb.fxgl.app.services.SystemBundleService
21:21:02.482 [FXGL Background Thread 3 ] DEBUG Engine               - class com.almasb.fxgl.profile.SaveLoadService
21:21:02.482 [FXGL Background Thread 3 ] DEBUG Engine               - class com.almasb.fxgl.ui.FXGLUIFactoryServiceProvider
21:21:02.482 [FXGL Background Thread 3 ] DEBUG Engine               - class com.almasb.fxgl.ui.FXGLDialogFactoryServiceProvider
21:21:02.482 [FXGL Background Thread 3 ] DEBUG Engine               - class com.almasb.fxgl.audio.AudioPlayer
21:21:02.482 [FXGL Background Thread 3 ] DEBUG Engine               - class com.almasb.fxgl.notification.impl.NotificationServiceProvider
21:21:02.482 [FXGL Background Thread 3 ] DEBUG Engine               - class com.almasb.fxgl.achievement.AchievementService
21:21:02.482 [FXGL Background Thread 3 ] DEBUG Engine               - class com.almasb.fxgl.cutscene.CutsceneService
21:21:02.482 [FXGL Background Thread 3 ] DEBUG Engine               - class com.almasb.fxgl.minigames.MiniGameService
21:21:02.482 [FXGL Background Thread 3 ] DEBUG Engine               - class com.almasb.fxgl.net.NetService
21:21:02.482 [FXGL Background Thread 3 ] DEBUG Engine               - class com.almasb.fxgl.app.services.UpdaterService
21:21:02.482 [FXGL Background Thread 3 ] DEBUG Engine               - class com.almasb.fxgl.dev.DevService
21:21:02.786 [JavaFX Application Thread] DEBUG FXGLAssetLoaderServi - Loading from file system: file:/C:/Users/LMO/Downloads/Cooking-Ina-Ang-Sarap-1/CookingIna/target/classes/assets/textures/customer_image.png
21:21:06.435 [JavaFX Application Thread] DEBUG PrimaryStageWindow   - Push state: GameOverMenu
21:21:06.435 [JavaFX Application Thread] DEBUG Input                - Clearing active input actions
21:21:06.436 [JavaFX Application Thread] DEBUG GameApplicationServi - Removing overlay from GameScene and adding to GameOverMenu
21:21:06.436 [JavaFX Application Thread] DEBUG PrimaryStageWindow   - GameScene -> GameOverMenu
21:21:06.441 [JavaFX Application Thread] DEBUG LoopRunner           - Pausing loop
21:21:08.019 [JavaFX Application Thread] DEBUG GameApplicationServi - Starting new game
21:21:08.020 [JavaFX Application Thread] DEBUG PrimaryStageWindow   - Pop state: GameOverMenu
21:21:08.020 [JavaFX Application Thread] DEBUG Input                - Clearing active input actions
21:21:08.021 [JavaFX Application Thread] DEBUG GameApplicationServi - Removing overlay from GameOverMenu and adding to GameScene
21:21:08.021 [JavaFX Application Thread] DEBUG PrimaryStageWindow   - GameScene <- GameOverMenu
21:21:08.021 [JavaFX Application Thread] DEBUG Input                - Clearing active input actions
21:21:08.032 [JavaFX Application Thread] DEBUG GameApplicationServi - Removing overlay from GameScene and adding to FXGLLoadingScene
21:21:08.033 [JavaFX Application Thread] DEBUG PrimaryStageWindow   - GameScene -> FXGLLoadingScene
21:21:08.033 [JavaFX Application Thread] DEBUG GameApplicationServi - Clearing previous game
21:21:08.033 [JavaFX Application Thread] DEBUG GameScene            - Clearing game scene
21:21:08.033 [JavaFX Application Thread] DEBUG GameWorld            - Clearing game world
21:21:08.033 [JavaFX Application Thread] DEBUG PhysicsWorld         - Clearing physics world
21:21:08.034 [FXGL Background Thread 2 ] DEBUG FXGLApplication      - Initializing game
21:21:08.038 [JavaFX Application Thread] WARN  PrimaryStageWindow   - Cannot pop substate. Probably because substates are empty!
21:21:08.038 [JavaFX Application Thread] DEBUG LoopRunner           - Resuming loop
21:21:08.079 [FXGL Background Thread 2 ] INFO  FXGLApplication      - Game initialization took: 0.046 sec
21:21:08.082 [JavaFX Application Thread] DEBUG Input                - Clearing active input actions
21:21:08.086 [JavaFX Application Thread] DEBUG GameApplicationServi - Removing overlay from FXGLLoadingScene and adding to GameScene
21:21:08.086 [JavaFX Application Thread] DEBUG PrimaryStageWindow   - FXGLLoadingScene -> GameScene
21:21:09.346 [JavaFX Application Thread] DEBUG PrimaryStageWindow   - Push state: GameOverMenu
21:21:09.346 [JavaFX Application Thread] DEBUG Input                - Clearing active input actions
21:21:09.347 [JavaFX Application Thread] DEBUG GameApplicationServi - Removing overlay from GameScene and adding to GameOverMenu
21:21:09.347 [JavaFX Application Thread] DEBUG PrimaryStageWindow   - GameScene -> GameOverMenu
21:21:09.349 [JavaFX Application Thread] DEBUG LoopRunner           - Pausing loop
21:21:10.970 [JavaFX Application Thread] DEBUG GameApplicationServi - Starting new game
21:21:10.970 [JavaFX Application Thread] DEBUG PrimaryStageWindow   - Pop state: GameOverMenu
21:21:10.971 [JavaFX Application Thread] DEBUG Input                - Clearing active input actions
21:21:10.972 [JavaFX Application Thread] DEBUG GameApplicationServi - Removing overlay from GameOverMenu and adding to GameScene
21:21:10.972 [JavaFX Application Thread] DEBUG PrimaryStageWindow   - GameScene <- GameOverMenu
21:21:10.973 [JavaFX Application Thread] DEBUG Input                - Clearing active input actions
21:21:10.980 [JavaFX Application Thread] DEBUG GameApplicationServi - Removing overlay from GameScene and adding to FXGLLoadingScene
21:21:10.980 [JavaFX Application Thread] DEBUG PrimaryStageWindow   - GameScene -> FXGLLoadingScene
21:21:10.980 [JavaFX Application Thread] DEBUG GameApplicationServi - Clearing previous game
21:21:10.980 [JavaFX Application Thread] DEBUG GameScene            - Clearing game scene
21:21:10.980 [JavaFX Application Thread] DEBUG GameWorld            - Clearing game world
21:21:10.980 [JavaFX Application Thread] DEBUG PhysicsWorld         - Clearing physics world
21:21:10.981 [FXGL Background Thread 2 ] DEBUG FXGLApplication      - Initializing game
21:21:10.983 [JavaFX Application Thread] WARN  PrimaryStageWindow   - Cannot pop substate. Probably because substates are empty!
21:21:10.983 [JavaFX Application Thread] DEBUG LoopRunner           - Resuming loop
21:21:11.012 [FXGL Background Thread 2 ] INFO  FXGLApplication      - Game initialization took: 0.030 sec
21:21:11.012 [JavaFX Application Thread] DEBUG Input                - Clearing active input actions
21:21:11.016 [JavaFX Application Thread] DEBUG GameApplicationServi - Removing overlay from FXGLLoadingScene and adding to GameScene
21:21:11.016 [JavaFX Application Thread] DEBUG PrimaryStageWindow   - FXGLLoadingScene -> GameScene
21:21:12.209 [JavaFX Application Thread] DEBUG PrimaryStageWindow   - Push state: GameOverMenu
21:21:12.209 [JavaFX Application Thread] DEBUG Input                - Clearing active input actions
21:21:12.211 [JavaFX Application Thread] DEBUG GameApplicationServi - Removing overlay from GameScene and adding to GameOverMenu
21:21:12.211 [JavaFX Application Thread] DEBUG PrimaryStageWindow   - GameScene -> GameOverMenu
21:21:12.214 [JavaFX Application Thread] DEBUG LoopRunner           - Pausing loop
21:21:15.727 [JavaFX Application Thread] DEBUG GameApplicationServi - Starting new game
21:21:15.727 [JavaFX Application Thread] DEBUG PrimaryStageWindow   - Pop state: GameOverMenu
21:21:15.727 [JavaFX Application Thread] DEBUG Input                - Clearing active input actions
21:21:15.728 [JavaFX Application Thread] DEBUG GameApplicationServi - Removing overlay from GameOverMenu and adding to GameScene
21:21:15.728 [JavaFX Application Thread] DEBUG PrimaryStageWindow   - GameScene <- GameOverMenu
21:21:15.728 [JavaFX Application Thread] DEBUG Input                - Clearing active input actions
21:21:15.735 [JavaFX Application Thread] DEBUG GameApplicationServi - Removing overlay from GameScene and adding to FXGLLoadingScene
21:21:15.735 [JavaFX Application Thread] DEBUG PrimaryStageWindow   - GameScene -> FXGLLoadingScene
21:21:15.735 [JavaFX Application Thread] DEBUG GameApplicationServi - Clearing previous game
21:21:15.735 [JavaFX Application Thread] DEBUG GameScene            - Clearing game scene
21:21:15.735 [JavaFX Application Thread] DEBUG GameWorld            - Clearing game world
21:21:15.735 [JavaFX Application Thread] DEBUG PhysicsWorld         - Clearing physics world
21:21:15.736 [FXGL Background Thread 2 ] DEBUG FXGLApplication      - Initializing game
21:21:15.737 [JavaFX Application Thread] WARN  PrimaryStageWindow   - Cannot pop substate. Probably because substates are empty!
21:21:15.737 [JavaFX Application Thread] DEBUG LoopRunner           - Resuming loop
21:21:15.762 [FXGL Background Thread 2 ] INFO  FXGLApplication      - Game initialization took: 0.026 sec
21:21:15.762 [JavaFX Application Thread] DEBUG Input                - Clearing active input actions
21:21:15.765 [JavaFX Application Thread] DEBUG GameApplicationServi - Removing overlay from FXGLLoadingScene and adding to GameScene
21:21:15.765 [JavaFX Application Thread] DEBUG PrimaryStageWindow   - FXGLLoadingScene -> GameScene
21:21:18.041 [JavaFX Application Thread] DEBUG FXGLAssetLoaderServi - Loading from file system: file:/C:/Users/LMO/Downloads/Cooking-Ina-Ang-Sarap-1/CookingIna/target/classes/assets/textures/glass_with_ice.png
21:21:20.801 [JavaFX Application Thread] DEBUG PrimaryStageWindow   - Push state: GameOverMenu
21:21:20.801 [JavaFX Application Thread] DEBUG Input                - Clearing active input actions
21:21:20.801 [JavaFX Application Thread] DEBUG GameApplicationServi - Removing overlay from GameScene and adding to GameOverMenu
21:21:20.802 [JavaFX Application Thread] DEBUG PrimaryStageWindow   - GameScene -> GameOverMenu
21:21:20.804 [JavaFX Application Thread] DEBUG LoopRunner           - Pausing loop
21:21:23.446 [JavaFX Application Thread] DEBUG GameApplicationServi - Starting new game
21:21:23.446 [JavaFX Application Thread] DEBUG PrimaryStageWindow   - Pop state: GameOverMenu
21:21:23.446 [JavaFX Application Thread] DEBUG Input                - Clearing active input actions
21:21:23.447 [JavaFX Application Thread] DEBUG GameApplicationServi - Removing overlay from GameOverMenu and adding to GameScene
21:21:23.448 [JavaFX Application Thread] DEBUG PrimaryStageWindow   - GameScene <- GameOverMenu
21:21:23.448 [JavaFX Application Thread] DEBUG Input                - Clearing active input actions
21:21:23.454 [JavaFX Application Thread] DEBUG GameApplicationServi - Removing overlay from GameScene and adding to FXGLLoadingScene
21:21:23.454 [JavaFX Application Thread] DEBUG PrimaryStageWindow   - GameScene -> FXGLLoadingScene
21:21:23.455 [JavaFX Application Thread] DEBUG GameApplicationServi - Clearing previous game
21:21:23.455 [JavaFX Application Thread] DEBUG GameScene            - Clearing game scene
21:21:23.455 [JavaFX Application Thread] DEBUG GameWorld            - Clearing game world
21:21:23.455 [JavaFX Application Thread] DEBUG PhysicsWorld         - Clearing physics world
21:21:23.455 [FXGL Background Thread 2 ] DEBUG FXGLApplication      - Initializing game
21:21:23.455 [JavaFX Application Thread] WARN  PrimaryStageWindow   - Cannot pop substate. Probably because substates are empty!
21:21:23.455 [JavaFX Application Thread] DEBUG LoopRunner           - Resuming loop
21:21:23.483 [FXGL Background Thread 2 ] INFO  FXGLApplication      - Game initialization took: 0.029 sec
21:21:23.484 [JavaFX Application Thread] DEBUG Input                - Clearing active input actions
21:21:23.486 [JavaFX Application Thread] DEBUG GameApplicationServi - Removing overlay from FXGLLoadingScene and adding to GameScene
21:21:23.486 [JavaFX Application Thread] DEBUG PrimaryStageWindow   - FXGLLoadingScene -> GameScene
21:21:27.888 [JavaFX Application Thread] DEBUG FXGLAssetLoaderServi - Loading from file system: file:/C:/Users/LMO/Downloads/Cooking-Ina-Ang-Sarap-1/CookingIna/target/classes/assets/textures/halo_halo.png
21:21:27.917 [JavaFX Application Thread] DEBUG FXGLAssetLoaderServi - Loading from file system: file:/C:/Users/LMO/Downloads/Cooking-Ina-Ang-Sarap-1/CookingIna/target/classes/assets/textures/bukojuice_finishedproduct.png
21:21:28.576 [JavaFX Application Thread] DEBUG PrimaryStageWindow   - Push state: GameOverMenu
21:21:28.577 [JavaFX Application Thread] DEBUG Input                - Clearing active input actions
21:21:28.577 [JavaFX Application Thread] DEBUG GameApplicationServi - Removing overlay from GameScene and adding to GameOverMenu
21:21:28.578 [JavaFX Application Thread] DEBUG PrimaryStageWindow   - GameScene -> GameOverMenu
21:21:28.580 [JavaFX Application Thread] DEBUG LoopRunner           - Pausing loop
21:21:30.248 [JavaFX Application Thread] DEBUG GameApplicationServi - Starting new game
21:21:30.248 [JavaFX Application Thread] DEBUG PrimaryStageWindow   - Pop state: GameOverMenu
21:21:30.248 [JavaFX Application Thread] DEBUG Input                - Clearing active input actions
21:21:30.249 [JavaFX Application Thread] DEBUG GameApplicationServi - Removing overlay from GameOverMenu and adding to GameScene
21:21:30.249 [JavaFX Application Thread] DEBUG PrimaryStageWindow   - GameScene <- GameOverMenu
21:21:30.249 [JavaFX Application Thread] DEBUG Input                - Clearing active input actions
21:21:30.253 [JavaFX Application Thread] DEBUG GameApplicationServi - Removing overlay from GameScene and adding to FXGLLoadingScene
21:21:30.253 [JavaFX Application Thread] DEBUG PrimaryStageWindow   - GameScene -> FXGLLoadingScene
21:21:30.253 [JavaFX Application Thread] DEBUG GameApplicationServi - Clearing previous game
21:21:30.254 [JavaFX Application Thread] DEBUG GameScene            - Clearing game scene
21:21:30.254 [JavaFX Application Thread] DEBUG GameWorld            - Clearing game world
21:21:30.254 [JavaFX Application Thread] DEBUG PhysicsWorld         - Clearing physics world
21:21:30.254 [FXGL Background Thread 2 ] DEBUG FXGLApplication      - Initializing game
21:21:30.256 [JavaFX Application Thread] WARN  PrimaryStageWindow   - Cannot pop substate. Probably because substates are empty!
21:21:30.257 [JavaFX Application Thread] DEBUG LoopRunner           - Resuming loop
21:21:30.273 [FXGL Background Thread 2 ] INFO  FXGLApplication      - Game initialization took: 0.018 sec
21:21:30.278 [JavaFX Application Thread] DEBUG Input                - Clearing active input actions
21:21:30.282 [JavaFX Application Thread] DEBUG GameApplicationServi - Removing overlay from FXGLLoadingScene and adding to GameScene
21:21:30.282 [JavaFX Application Thread] DEBUG PrimaryStageWindow   - FXGLLoadingScene -> GameScene
21:21:31.488 [JavaFX Application Thread] DEBUG PrimaryStageWindow   - Push state: GameOverMenu
21:21:31.488 [JavaFX Application Thread] DEBUG Input                - Clearing active input actions
21:21:31.488 [JavaFX Application Thread] DEBUG GameApplicationServi - Removing overlay from GameScene and adding to GameOverMenu
21:21:31.488 [JavaFX Application Thread] DEBUG PrimaryStageWindow   - GameScene -> GameOverMenu
21:21:31.491 [JavaFX Application Thread] DEBUG LoopRunner           - Pausing loop
21:21:32.431 [JavaFX Application Thread] DEBUG GameApplicationServi - Starting new game
21:21:32.431 [JavaFX Application Thread] DEBUG PrimaryStageWindow   - Pop state: GameOverMenu
21:21:32.431 [JavaFX Application Thread] DEBUG Input                - Clearing active input actions
21:21:32.431 [JavaFX Application Thread] DEBUG GameApplicationServi - Removing overlay from GameOverMenu and adding to GameScene
21:21:32.432 [JavaFX Application Thread] DEBUG PrimaryStageWindow   - GameScene <- GameOverMenu
21:21:32.432 [JavaFX Application Thread] DEBUG Input                - Clearing active input actions
21:21:32.437 [JavaFX Application Thread] DEBUG GameApplicationServi - Removing overlay from GameScene and adding to FXGLLoadingScene
21:21:32.437 [JavaFX Application Thread] DEBUG PrimaryStageWindow   - GameScene -> FXGLLoadingScene
21:21:32.437 [JavaFX Application Thread] DEBUG GameApplicationServi - Clearing previous game
21:21:32.437 [JavaFX Application Thread] DEBUG GameScene            - Clearing game scene
21:21:32.437 [JavaFX Application Thread] DEBUG GameWorld            - Clearing game world
21:21:32.437 [JavaFX Application Thread] DEBUG PhysicsWorld         - Clearing physics world
21:21:32.439 [FXGL Background Thread 2 ] DEBUG FXGLApplication      - Initializing game
21:21:32.441 [JavaFX Application Thread] WARN  PrimaryStageWindow   - Cannot pop substate. Probably because substates are empty!
21:21:32.441 [JavaFX Application Thread] DEBUG LoopRunner           - Resuming loop
21:21:32.470 [FXGL Background Thread 2 ] INFO  FXGLApplication      - Game initialization took: 0.031 sec
21:21:32.475 [JavaFX Application Thread] DEBUG Input                - Clearing active input actions
21:21:32.478 [JavaFX Application Thread] DEBUG GameApplicationServi - Removing overlay from FXGLLoadingScene and adding to GameScene
21:21:32.478 [JavaFX Application Thread] DEBUG PrimaryStageWindow   - FXGLLoadingScene -> GameScene
21:21:35.088 [JavaFX Application Thread] DEBUG PrimaryStageWindow   - Push state: GameOverMenu
21:21:35.088 [JavaFX Application Thread] DEBUG Input                - Clearing active input actions
21:21:35.088 [JavaFX Application Thread] DEBUG GameApplicationServi - Removing overlay from GameScene and adding to GameOverMenu
21:21:35.088 [JavaFX Application Thread] DEBUG PrimaryStageWindow   - GameScene -> GameOverMenu
21:21:35.090 [JavaFX Application Thread] DEBUG LoopRunner           - Pausing loop
21:21:38.524 [JavaFX Application Thread] DEBUG GameApplicationServi - Starting new game
21:21:38.524 [JavaFX Application Thread] DEBUG PrimaryStageWindow   - Pop state: GameOverMenu
21:21:38.524 [JavaFX Application Thread] DEBUG Input                - Clearing active input actions
21:21:38.524 [JavaFX Application Thread] DEBUG GameApplicationServi - Removing overlay from GameOverMenu and adding to GameScene
21:21:38.526 [JavaFX Application Thread] DEBUG PrimaryStageWindow   - GameScene <- GameOverMenu
21:21:38.526 [JavaFX Application Thread] DEBUG Input                - Clearing active input actions
21:21:38.531 [JavaFX Application Thread] DEBUG GameApplicationServi - Removing overlay from GameScene and adding to FXGLLoadingScene
21:21:38.531 [JavaFX Application Thread] DEBUG PrimaryStageWindow   - GameScene -> FXGLLoadingScene
21:21:38.531 [JavaFX Application Thread] DEBUG GameApplicationServi - Clearing previous game
21:21:38.531 [JavaFX Application Thread] DEBUG GameScene            - Clearing game scene
21:21:38.531 [JavaFX Application Thread] DEBUG GameWorld            - Clearing game world
21:21:38.531 [JavaFX Application Thread] DEBUG PhysicsWorld         - Clearing physics world
21:21:38.532 [FXGL Background Thread 2 ] DEBUG FXGLApplication      - Initializing game
21:21:38.534 [JavaFX Application Thread] WARN  PrimaryStageWindow   - Cannot pop substate. Probably because substates are empty!
21:21:38.534 [JavaFX Application Thread] DEBUG LoopRunner           - Resuming loop
21:21:38.559 [FXGL Background Thread 2 ] INFO  FXGLApplication      - Game initialization took: 0.028 sec
21:21:38.569 [JavaFX Application Thread] DEBUG Input                - Clearing active input actions
21:21:38.573 [JavaFX Application Thread] DEBUG GameApplicationServi - Removing overlay from FXGLLoadingScene and adding to GameScene
21:21:38.573 [JavaFX Application Thread] DEBUG PrimaryStageWindow   - FXGLLoadingScene -> GameScene
21:21:43.631 [JavaFX Application Thread] DEBUG PrimaryStageWindow   - Push state: GameOverMenu
21:21:43.631 [JavaFX Application Thread] DEBUG Input                - Clearing active input actions
21:21:43.632 [JavaFX Application Thread] DEBUG GameApplicationServi - Removing overlay from GameScene and adding to GameOverMenu
21:21:43.632 [JavaFX Application Thread] DEBUG PrimaryStageWindow   - GameScene -> GameOverMenu
21:21:43.633 [JavaFX Application Thread] DEBUG LoopRunner           - Pausing loop
21:21:45.773 [JavaFX Application Thread] DEBUG FXGLApplication      - Exiting FXGL
21:21:45.773 [JavaFX Application Thread] DEBUG LoopRunner           - Stopping loop
21:21:45.773 [JavaFX Application Thread] DEBUG SystemBundleService  - Saving FXGL system data
21:21:45.776 [JavaFX Application Thread] DEBUG FileSystemAccess     - Writing to: C:\Users\LMO\Downloads\Cooking-Ina-Ang-Sarap-1\system\fxgl.bundle
21:21:45.781 [JavaFX Application Thread] DEBUG Async                - Shutting down background threads
21:21:45.782 [JavaFX Application Thread] DEBUG PrimaryStageWindow   - Closing main window
21:21:45.839 [JavaFX Application Thread] DEBUG Logger               - Closing Logger
