14:19:47.258 [main                     ] DEBUG Logger               - Configured Logger
14:19:47.307 [main                     ] DEBUG GameApplication      - Logging settings
Title: CookingIna
Version: 0.1
Width: 1000
Height: 700
Fullscreen: false
Intro: false
Profiling: false
Single step:false
App Mode: DEVELOPER
Menu Key: ESCAPE
Stage Style: DECORATED
Scene Factory: class com.example.cookingina.CookingInaMain$1

14:19:48.719 [JavaFX Application Thread] DEBUG FXGLApplication      - Initializing FXGL
14:19:48.725 [JavaFX Application Thread] INFO  Engine               - FXGL-17.2 (20.08.2022 16.50) on WINDOWS (J:23.0.1 FX:19)
14:19:48.726 [JavaFX Application Thread] DEBUG Engine               - JRE Vendor Name: Oracle Corporation
14:19:48.726 [JavaFX Application Thread] DEBUG Engine               - Running on OS: Windows 11 version 10.0
14:19:48.726 [JavaFX Application Thread] DEBUG Engine               - Architecture: amd64
14:19:48.726 [JavaFX Application Thread] INFO  Engine               - Source code and latest versions at: https://github.com/AlmasB/FXGL
14:19:48.726 [JavaFX Application Thread] INFO  Engine               -       Ask questions and discuss at: https://github.com/AlmasB/FXGL/discussions
14:19:48.726 [JavaFX Application Thread] INFO  Engine               -              Join the FXGL chat at: https://gitter.im/AlmasB/FXGL
14:19:48.865 [JavaFX Application Thread] DEBUG PrimaryStageWindow   - Creating a JavaFX scene
14:19:48.929 [JavaFX Application Thread] DEBUG PrimaryStageWindow   - Target settings size: 1000.0 x 700.0
14:19:48.930 [JavaFX Application Thread] DEBUG PrimaryStageWindow   - Scaled scene size:    1000.0 x 700.0
14:19:48.930 [JavaFX Application Thread] DEBUG PrimaryStageWindow   - Scaled ratio: (1.0, 1.0)
14:19:48.931 [JavaFX Application Thread] DEBUG PrimaryStageWindow   - Set initial scene to FXGLStartupScene
14:19:48.936 [JavaFX Application Thread] DEBUG PrimaryStageWindow   - Opening main window
14:19:49.063 [JavaFX Application Thread] DEBUG PrimaryStageWindow   - Window border size: (16.0, 39.0)
14:19:49.063 [JavaFX Application Thread] DEBUG PrimaryStageWindow   - Scaled size: 1000.0 x 700.0
14:19:49.063 [JavaFX Application Thread] DEBUG PrimaryStageWindow   - Scaled ratio: (1.0, 1.0)
14:19:49.065 [JavaFX Application Thread] DEBUG PrimaryStageWindow   - Scene size: 1000.0 x 700.0
14:19:49.065 [JavaFX Application Thread] DEBUG PrimaryStageWindow   - Stage size: 1016.0 x 739.0
14:19:49.077 [FXGL Background Thread 1 ] DEBUG Engine               - Initializing environment variables
14:19:49.152 [FXGL Background Thread 1 ] DEBUG FXGLAssetLoaderServi - User app class for loading assets: class com.example.cookingina.CookingInaMain
14:19:49.152 [FXGL Background Thread 1 ] DEBUG GameApplicationServi - Applying CSS: fxgl_dark.css
14:19:49.153 [FXGL Background Thread 1 ] DEBUG FXGLAssetLoaderServi - Loading from file system: jar:file:///C:/Users/austi/.m2/repository/com/github/almasb/fxgl/17.2/fxgl-17.2.jar!/fxglassets/ui/css/fxgl_dark.css
14:19:49.213 [FXGL Background Thread 1 ] DEBUG GameApplicationServi - Initializing application scenes
14:19:49.334 [FXGL Background Thread 1 ] DEBUG GameWorld            - Game world initialized
14:19:49.447 [FXGL Background Thread 1 ] DEBUG PhysicsWorld         - Physics world initialized: appHeight=700, physics.ppm=50.0
14:19:49.448 [FXGL Background Thread 1 ] DEBUG PhysicsWorld         - Using strategy: BRUTE_FORCE
14:19:49.454 [FXGL Background Thread 1 ] DEBUG GameScene            - Game scene initialized: 1000x700
14:19:49.484 [FXGL Background Thread 1 ] DEBUG FXGL.DefaultMenu     - createMenuBodyGameMenu()
14:19:49.515 [FXGL Background Thread 1 ] DEBUG FXGL.DefaultMenu     - createOptionsMenu()
14:19:49.549 [FXGL Background Thread 1 ] DEBUG FXGLAssetLoaderServi - Loading from file system: jar:file:///C:/Users/austi/.m2/repository/com/github/almasb/fxgl/17.2/fxgl-17.2.jar!/fxglassets/textures/particles/smoke.png
14:19:49.729 [FXGL Background Thread 1 ] DEBUG FXGLAssetLoaderServi - Loading from file system: jar:file:///C:/Users/austi/.m2/repository/com/github/almasb/fxgl/17.2/fxgl-17.2.jar!/fxglassets/textures/particles/trace_horizontal.png
14:19:49.761 [FXGL Background Thread 1 ] DEBUG GameApplicationServi - Application scenes initialized
14:19:49.807 [FXGL Background Thread 1 ] DEBUG SystemBundleService  - Loading default FXGL system data
14:19:49.808 [FXGL Background Thread 1 ] DEBUG UpdaterService       - Checking for updates
14:19:49.814 [FXGL Background Thread 1 ] DEBUG FXGLApplication      - Loading default localization
14:19:49.814 [FXGL Background Thread 4 ] DEBUG FXGLApplication      - Loading fonts
14:19:49.816 [FXGL Background Thread 1 ] DEBUG FXGLAssetLoaderServi - Loading from file system: jar:file:///C:/Users/austi/.m2/repository/com/github/almasb/fxgl/17.2/fxgl-17.2.jar!/fxglassets/languages/english.lang
14:19:49.816 [FXGL Background Thread 4 ] DEBUG FXGLAssetLoaderServi - Loading from file system: jar:file:///C:/Users/austi/.m2/repository/com/github/almasb/fxgl/17.2/fxgl-17.2.jar!/fxglassets/ui/fonts/VarelaRound-Regular.ttf
14:19:49.848 [FXGL Background Thread 4 ] DEBUG FXGLAssetLoaderServi - Loading from file system: jar:file:///C:/Users/austi/.m2/repository/com/github/almasb/fxgl/17.2/fxgl-17.2.jar!/fxglassets/ui/fonts/Abel-Regular.ttf
14:19:49.865 [FXGL Background Thread 4 ] DEBUG FXGLAssetLoaderServi - Loading from file system: jar:file:///C:/Users/austi/.m2/repository/com/github/almasb/fxgl/17.2/fxgl-17.2.jar!/fxglassets/ui/fonts/TerminalLandMono-Regular.otf
14:19:49.872 [FXGL Background Thread 4 ] DEBUG FXGLAssetLoaderServi - Loading from file system: jar:file:///C:/Users/austi/.m2/repository/com/github/almasb/fxgl/17.2/fxgl-17.2.jar!/fxglassets/ui/fonts/Courier-Prime.ttf
14:19:49.879 [FXGL Background Thread 1 ] INFO  FXGLApplication      - FXGL initialization took: 0.802 sec
14:19:49.891 [JavaFX Application Thread] DEBUG Input                - Registered new binding: Toggle debug - F1
14:19:49.891 [JavaFX Application Thread] DEBUG FXGLAssetLoaderServi - Loading from file system: jar:file:///C:/Users/austi/.m2/repository/com/github/almasb/fxgl/17.2/fxgl-17.2.jar!/fxglassets/textures/fxgl_icon.png
14:19:49.910 [JavaFX Application Thread] DEBUG FXGLAssetLoaderServi - Loading from file system: jar:file:///C:/Users/austi/.m2/repository/com/github/almasb/fxgl/17.2/fxgl-17.2.jar!/fxglassets/textures/fxgl_default_cursor.png
14:19:49.914 [JavaFX Application Thread] DEBUG Input                - Registered new binding: Screenshot - CTRL+8
14:19:49.916 [JavaFX Application Thread] DEBUG Input                - Registered new binding: System info dump - CTRL+9
14:19:49.918 [JavaFX Application Thread] DEBUG Input                - Registered new binding: Restart - CTRL+R
14:19:49.920 [JavaFX Application Thread] DEBUG Input                - Registered new binding: Toggle Debug Camera - CTRL+7
14:19:49.927 [JavaFX Application Thread] DEBUG LoopRunner           - Starting loop
14:19:49.927 [JavaFX Application Thread] DEBUG LoopRunner           - Initializing JavaFX AnimationTimerLoop
14:19:49.932 [JavaFX Application Thread] DEBUG Input                - Clearing active input actions
14:19:49.942 [JavaFX Application Thread] DEBUG GameApplicationServi - Removing overlay from FXGLStartupScene and adding to FXGLMainMenuDummyScene
14:19:49.944 [JavaFX Application Thread] DEBUG PrimaryStageWindow   - FXGLStartupScene -> FXGLMainMenuDummyScene
14:19:49.945 [JavaFX Application Thread] DEBUG PrimaryStageWindow   - Push state: MainMenu
14:19:49.945 [JavaFX Application Thread] DEBUG Input                - Clearing active input actions
14:19:49.949 [JavaFX Application Thread] DEBUG GameApplicationServi - Removing overlay from FXGLMainMenuDummyScene and adding to MainMenu
14:19:49.950 [JavaFX Application Thread] DEBUG PrimaryStageWindow   - FXGLMainMenuDummyScene -> MainMenu
14:19:49.952 [JavaFX Application Thread] DEBUG FXGLApplication      - Registering font factories with UI factory
14:19:50.414 [FXGL Background Thread 2 ] INFO  UpdaterService       - Your current version:  17.2
14:19:50.414 [FXGL Background Thread 2 ] INFO  UpdaterService       - Latest stable version: 21.1
14:19:50.921 [JavaFX Application Thread] DEBUG Menu                 - fireNewGame()
14:19:50.921 [JavaFX Application Thread] DEBUG GameApplicationServi - Starting new game
14:19:50.921 [JavaFX Application Thread] DEBUG PrimaryStageWindow   - Pop state: MainMenu
14:19:50.921 [JavaFX Application Thread] DEBUG Input                - Clearing active input actions
14:19:50.922 [JavaFX Application Thread] DEBUG GameApplicationServi - Removing overlay from MainMenu and adding to FXGLMainMenuDummyScene
14:19:50.922 [JavaFX Application Thread] DEBUG PrimaryStageWindow   - FXGLMainMenuDummyScene <- MainMenu
14:19:50.923 [JavaFX Application Thread] DEBUG Input                - Clearing active input actions
14:19:50.927 [JavaFX Application Thread] DEBUG GameApplicationServi - Removing overlay from FXGLMainMenuDummyScene and adding to FXGLLoadingScene
14:19:50.928 [JavaFX Application Thread] DEBUG PrimaryStageWindow   - FXGLMainMenuDummyScene -> FXGLLoadingScene
14:19:50.928 [JavaFX Application Thread] DEBUG GameApplicationServi - Clearing previous game
14:19:50.928 [JavaFX Application Thread] DEBUG GameScene            - Clearing game scene
14:19:50.928 [JavaFX Application Thread] DEBUG GameWorld            - Clearing game world
14:19:50.928 [JavaFX Application Thread] DEBUG PhysicsWorld         - Clearing physics world
14:19:50.930 [FXGL Background Thread 2 ] DEBUG FXGLApplication      - Initializing game
14:19:50.931 [FXGL Background Thread 2 ] DEBUG FXGLAssetLoaderServi - Loading from file system: file:/C:/Users/austi/IdeaProjects/Cooking-Ina-Ang-Sarap-4/CookingIna/target/classes/assets/textures/background.png
14:19:50.961 [FXGL Background Thread 2 ] DEBUG FXGLAssetLoaderServi - Loading from file system: file:/C:/Users/austi/IdeaProjects/Cooking-Ina-Ang-Sarap-4/CookingIna/target/classes/assets/textures/emptyPan.png
14:19:50.984 [FXGL Background Thread 2 ] DEBUG FXGLAssetLoaderServi - Loading from file system: file:/C:/Users/austi/IdeaProjects/Cooking-Ina-Ang-Sarap-4/CookingIna/target/classes/assets/textures/quekquek_container.png
14:19:50.991 [FXGL Background Thread 2 ] DEBUG FXGLAssetLoaderServi - Loading from file system: file:/C:/Users/austi/IdeaProjects/Cooking-Ina-Ang-Sarap-4/CookingIna/target/classes/assets/textures/trash_close.png
14:19:51.010 [FXGL Background Thread 2 ] DEBUG FXGLAssetLoaderServi - Loading from file system: file:/C:/Users/austi/IdeaProjects/Cooking-Ina-Ang-Sarap-4/CookingIna/target/classes/assets/textures/juice_dispenser_calamansi.png
14:19:51.022 [FXGL Background Thread 2 ] DEBUG FXGLAssetLoaderServi - Loading from file system: file:/C:/Users/austi/IdeaProjects/Cooking-Ina-Ang-Sarap-4/CookingIna/target/classes/assets/textures/juice_dispenser_calamansi.png
14:19:51.030 [FXGL Background Thread 2 ] DEBUG FXGLAssetLoaderServi - Loading from file system: file:/C:/Users/austi/IdeaProjects/Cooking-Ina-Ang-Sarap-4/CookingIna/target/classes/assets/textures/juice_dispenser_buko.png
14:19:51.040 [FXGL Background Thread 2 ] DEBUG FXGLAssetLoaderServi - Loading from file system: file:/C:/Users/austi/IdeaProjects/Cooking-Ina-Ang-Sarap-4/CookingIna/target/classes/assets/textures/juice_dispenser_orange.png
14:19:51.050 [FXGL Background Thread 2 ] INFO  FXGLApplication      - Game initialization took: 0.120 sec
14:19:51.051 [JavaFX Application Thread] DEBUG Input                - Clearing active input actions
14:19:51.059 [JavaFX Application Thread] DEBUG GameApplicationServi - Removing overlay from FXGLLoadingScene and adding to GameScene
14:19:51.059 [JavaFX Application Thread] DEBUG PrimaryStageWindow   - FXGLLoadingScene -> GameScene
14:19:52.512 [JavaFX Application Thread] DEBUG FXGLApplication      - Exiting FXGL
14:19:52.512 [JavaFX Application Thread] DEBUG LoopRunner           - Stopping loop
14:19:52.512 [JavaFX Application Thread] DEBUG SystemBundleService  - Saving FXGL system data
14:19:52.515 [JavaFX Application Thread] DEBUG FileSystemAccess     - Writing to: C:\Users\austi\IdeaProjects\Cooking-Ina-Ang-Sarap-4\system\fxgl.bundle
14:19:52.516 [JavaFX Application Thread] DEBUG Async                - Shutting down background threads
14:19:52.516 [JavaFX Application Thread] DEBUG PrimaryStageWindow   - Closing main window
14:19:52.534 [JavaFX Application Thread] DEBUG Logger               - Closing Logger
