17:33:22.298 [main                     ] DEBUG Logger               - Configured Logger
17:33:22.320 [main                     ] DEBUG GameApplication      - Logging settings
Title: CookingIna
Version: 0.1
Width: 1000
Height: 700
Fullscreen: false
Intro: false
Profiling: false
Single step:false
App Mode: DEVELOPER
Menu Key: ESCAPE
Stage Style: DECORATED
Scene Factory: class com.example.cookingina.CookingInaMain$1

17:33:22.983 [JavaFX Application Thread] DEBUG FXGLApplication      - Initializing FXGL
17:33:22.987 [JavaFX Application Thread] INFO  Engine               - FXGL-17.2 (20.08.2022 16.50) on WINDOWS (J:23.0.1 FX:19)
17:33:22.987 [JavaFX Application Thread] DEBUG Engine               - JRE Vendor Name: Oracle Corporation
17:33:22.988 [JavaFX Application Thread] DEBUG Engine               - Running on OS: Windows 11 version 10.0
17:33:22.988 [JavaFX Application Thread] DEBUG Engine               - Architecture: amd64
17:33:22.988 [JavaFX Application Thread] INFO  Engine               - Source code and latest versions at: https://github.com/AlmasB/FXGL
17:33:22.988 [JavaFX Application Thread] INFO  Engine               -       Ask questions and discuss at: https://github.com/AlmasB/FXGL/discussions
17:33:22.988 [JavaFX Application Thread] INFO  Engine               -              Join the FXGL chat at: https://gitter.im/AlmasB/FXGL
17:33:23.068 [JavaFX Application Thread] DEBUG PrimaryStageWindow   - Creating a JavaFX scene
17:33:23.104 [JavaFX Application Thread] DEBUG PrimaryStageWindow   - Target settings size: 1000.0 x 700.0
17:33:23.105 [JavaFX Application Thread] DEBUG PrimaryStageWindow   - Scaled scene size:    1000.0 x 700.0
17:33:23.105 [JavaFX Application Thread] DEBUG PrimaryStageWindow   - Scaled ratio: (1.0, 1.0)
17:33:23.106 [JavaFX Application Thread] DEBUG PrimaryStageWindow   - Set initial scene to FXGLStartupScene
17:33:23.112 [JavaFX Application Thread] DEBUG PrimaryStageWindow   - Opening main window
17:33:23.204 [JavaFX Application Thread] DEBUG PrimaryStageWindow   - Window border size: (14.4000244140625, 37.5999755859375)
17:33:23.204 [JavaFX Application Thread] DEBUG PrimaryStageWindow   - Scaled size: 1000.0 x 700.0
17:33:23.204 [JavaFX Application Thread] DEBUG PrimaryStageWindow   - Scaled ratio: (1.0, 1.0)
17:33:23.206 [JavaFX Application Thread] DEBUG PrimaryStageWindow   - Scene size: 1000.0 x 700.0
17:33:23.207 [JavaFX Application Thread] DEBUG PrimaryStageWindow   - Stage size: 1014.4000244140625 x 737.5999755859375
17:33:23.216 [FXGL Background Thread 1 ] DEBUG Engine               - Initializing environment variables
17:33:23.270 [FXGL Background Thread 1 ] DEBUG FXGLAssetLoaderServi - User app class for loading assets: class com.example.cookingina.CookingInaMain
17:33:23.271 [FXGL Background Thread 1 ] DEBUG GameApplicationServi - Applying CSS: fxgl_dark.css
17:33:23.273 [FXGL Background Thread 1 ] DEBUG FXGLAssetLoaderServi - Loading from file system: jar:file:///C:/Users/austi/.m2/repository/com/github/almasb/fxgl/17.2/fxgl-17.2.jar!/fxglassets/ui/css/fxgl_dark.css
17:33:23.315 [FXGL Background Thread 1 ] DEBUG GameApplicationServi - Initializing application scenes
17:33:23.352 [FXGL Background Thread 1 ] DEBUG GameWorld            - Game world initialized
17:33:23.414 [FXGL Background Thread 1 ] DEBUG PhysicsWorld         - Physics world initialized: appHeight=700, physics.ppm=50.0
17:33:23.414 [FXGL Background Thread 1 ] DEBUG PhysicsWorld         - Using strategy: BRUTE_FORCE
17:33:23.419 [FXGL Background Thread 1 ] DEBUG GameScene            - Game scene initialized: 1000x700
17:33:23.433 [FXGL Background Thread 1 ] DEBUG FXGL.DefaultMenu     - createMenuBodyGameMenu()
17:33:23.446 [FXGL Background Thread 1 ] DEBUG FXGL.DefaultMenu     - createOptionsMenu()
17:33:23.455 [FXGL Background Thread 1 ] DEBUG FXGLAssetLoaderServi - Loading from file system: jar:file:///C:/Users/austi/.m2/repository/com/github/almasb/fxgl/17.2/fxgl-17.2.jar!/fxglassets/textures/particles/smoke.png
17:33:23.544 [FXGL Background Thread 1 ] DEBUG FXGLAssetLoaderServi - Loading from file system: jar:file:///C:/Users/austi/.m2/repository/com/github/almasb/fxgl/17.2/fxgl-17.2.jar!/fxglassets/textures/particles/trace_horizontal.png
17:33:23.564 [FXGL Background Thread 1 ] DEBUG GameApplicationServi - Application scenes initialized
17:33:23.577 [FXGL Background Thread 1 ] DEBUG SystemBundleService  - Loading FXGL system data
17:33:23.578 [FXGL Background Thread 1 ] DEBUG FileSystemAccess     - Reading from: C:\Users\austi\IdeaProjects\Cooking-Ina-Ang-Sarap-\system\fxgl.bundle
17:33:23.580 [FXGL Background Thread 1 ] DEBUG SystemBundleService  - Bundle FXGL: {}
17:33:23.580 [FXGL Background Thread 1 ] DEBUG UpdaterService       - Checking for updates
17:33:23.584 [FXGL Background Thread 4 ] DEBUG FXGLApplication      - Loading fonts
17:33:23.585 [FXGL Background Thread 1 ] DEBUG FXGLApplication      - Loading default localization
17:33:23.585 [FXGL Background Thread 4 ] DEBUG FXGLAssetLoaderServi - Loading from file system: jar:file:///C:/Users/austi/.m2/repository/com/github/almasb/fxgl/17.2/fxgl-17.2.jar!/fxglassets/ui/fonts/VarelaRound-Regular.ttf
17:33:23.585 [FXGL Background Thread 1 ] DEBUG FXGLAssetLoaderServi - Loading from file system: jar:file:///C:/Users/austi/.m2/repository/com/github/almasb/fxgl/17.2/fxgl-17.2.jar!/fxglassets/languages/english.lang
17:33:23.595 [FXGL Background Thread 4 ] DEBUG FXGLAssetLoaderServi - Loading from file system: jar:file:///C:/Users/austi/.m2/repository/com/github/almasb/fxgl/17.2/fxgl-17.2.jar!/fxglassets/ui/fonts/Abel-Regular.ttf
17:33:23.599 [FXGL Background Thread 4 ] DEBUG FXGLAssetLoaderServi - Loading from file system: jar:file:///C:/Users/austi/.m2/repository/com/github/almasb/fxgl/17.2/fxgl-17.2.jar!/fxglassets/ui/fonts/TerminalLandMono-Regular.otf
17:33:23.611 [FXGL Background Thread 4 ] DEBUG FXGLAssetLoaderServi - Loading from file system: jar:file:///C:/Users/austi/.m2/repository/com/github/almasb/fxgl/17.2/fxgl-17.2.jar!/fxglassets/ui/fonts/Courier-Prime.ttf
17:33:23.620 [FXGL Background Thread 1 ] INFO  FXGLApplication      - FXGL initialization took: 0.405 sec
17:33:23.629 [JavaFX Application Thread] DEBUG Input                - Registered new binding: Toggle debug - F1
17:33:23.630 [JavaFX Application Thread] DEBUG FXGLAssetLoaderServi - Loading from file system: jar:file:///C:/Users/austi/.m2/repository/com/github/almasb/fxgl/17.2/fxgl-17.2.jar!/fxglassets/textures/fxgl_icon.png
17:33:23.646 [JavaFX Application Thread] DEBUG FXGLAssetLoaderServi - Loading from file system: jar:file:///C:/Users/austi/.m2/repository/com/github/almasb/fxgl/17.2/fxgl-17.2.jar!/fxglassets/textures/fxgl_default_cursor.png
17:33:23.648 [JavaFX Application Thread] DEBUG Input                - Registered new binding: Screenshot - CTRL+8
17:33:23.649 [JavaFX Application Thread] DEBUG Input                - Registered new binding: System info dump - CTRL+9
17:33:23.649 [JavaFX Application Thread] DEBUG Input                - Registered new binding: Restart - CTRL+R
17:33:23.649 [JavaFX Application Thread] DEBUG Input                - Registered new binding: Toggle Debug Camera - CTRL+7
17:33:23.653 [JavaFX Application Thread] DEBUG LoopRunner           - Starting loop
17:33:23.653 [JavaFX Application Thread] DEBUG LoopRunner           - Initializing JavaFX AnimationTimerLoop
17:33:23.655 [JavaFX Application Thread] DEBUG Input                - Clearing active input actions
17:33:23.662 [JavaFX Application Thread] DEBUG GameApplicationServi - Removing overlay from FXGLStartupScene and adding to FXGLMainMenuDummyScene
17:33:23.662 [JavaFX Application Thread] DEBUG PrimaryStageWindow   - FXGLStartupScene -> FXGLMainMenuDummyScene
17:33:23.663 [JavaFX Application Thread] DEBUG PrimaryStageWindow   - Push state: MainMenu
17:33:23.663 [JavaFX Application Thread] DEBUG Input                - Clearing active input actions
17:33:23.667 [JavaFX Application Thread] DEBUG GameApplicationServi - Removing overlay from FXGLMainMenuDummyScene and adding to MainMenu
17:33:23.668 [JavaFX Application Thread] DEBUG PrimaryStageWindow   - FXGLMainMenuDummyScene -> MainMenu
17:33:23.669 [JavaFX Application Thread] DEBUG FXGLApplication      - Registering font factories with UI factory
17:33:24.286 [FXGL Background Thread 2 ] INFO  UpdaterService       - Your current version:  17.2
17:33:24.287 [FXGL Background Thread 2 ] INFO  UpdaterService       - Latest stable version: 21.1
17:33:26.199 [JavaFX Application Thread] DEBUG Menu                 - fireNewGame()
17:33:26.199 [JavaFX Application Thread] DEBUG GameApplicationServi - Starting new game
17:33:26.200 [JavaFX Application Thread] DEBUG PrimaryStageWindow   - Pop state: MainMenu
17:33:26.200 [JavaFX Application Thread] DEBUG Input                - Clearing active input actions
17:33:26.200 [JavaFX Application Thread] DEBUG GameApplicationServi - Removing overlay from MainMenu and adding to FXGLMainMenuDummyScene
17:33:26.200 [JavaFX Application Thread] DEBUG PrimaryStageWindow   - FXGLMainMenuDummyScene <- MainMenu
17:33:26.201 [JavaFX Application Thread] DEBUG Input                - Clearing active input actions
17:33:26.209 [JavaFX Application Thread] DEBUG GameApplicationServi - Removing overlay from FXGLMainMenuDummyScene and adding to FXGLLoadingScene
17:33:26.209 [JavaFX Application Thread] DEBUG PrimaryStageWindow   - FXGLMainMenuDummyScene -> FXGLLoadingScene
17:33:26.209 [JavaFX Application Thread] DEBUG GameApplicationServi - Clearing previous game
17:33:26.209 [JavaFX Application Thread] DEBUG GameScene            - Clearing game scene
17:33:26.209 [JavaFX Application Thread] DEBUG GameWorld            - Clearing game world
17:33:26.209 [JavaFX Application Thread] DEBUG PhysicsWorld         - Clearing physics world
17:33:26.213 [FXGL Background Thread 2 ] DEBUG FXGLApplication      - Initializing game
17:33:26.215 [FXGL Background Thread 2 ] DEBUG FXGLAssetLoaderServi - Loading from file system: file:/C:/Users/austi/IdeaProjects/Cooking-Ina-Ang-Sarap-/CookingIna/target/classes/assets/textures/background.png
17:33:26.238 [FXGL Background Thread 2 ] DEBUG FXGLAssetLoaderServi - Loading from file system: file:/C:/Users/austi/IdeaProjects/Cooking-Ina-Ang-Sarap-/CookingIna/target/classes/assets/textures/emptyPan.png
17:33:26.256 [FXGL Background Thread 2 ] DEBUG FXGLAssetLoaderServi - Loading from file system: file:/C:/Users/austi/IdeaProjects/Cooking-Ina-Ang-Sarap-/CookingIna/target/classes/assets/textures/quekquek_container.png
17:33:26.260 [FXGL Background Thread 2 ] DEBUG FXGLAssetLoaderServi - Loading from file system: file:/C:/Users/austi/IdeaProjects/Cooking-Ina-Ang-Sarap-/CookingIna/target/classes/assets/textures/trash_close.png
17:33:26.276 [FXGL Background Thread 2 ] DEBUG FXGLAssetLoaderServi - Loading from file system: file:/C:/Users/austi/IdeaProjects/Cooking-Ina-Ang-Sarap-/CookingIna/target/classes/assets/textures/juice_dispenser_calamansi.png
17:33:26.283 [FXGL Background Thread 2 ] DEBUG FXGLAssetLoaderServi - Loading from file system: file:/C:/Users/austi/IdeaProjects/Cooking-Ina-Ang-Sarap-/CookingIna/target/classes/assets/textures/juice_dispenser_buko.png
17:33:26.297 [FXGL Background Thread 2 ] DEBUG FXGLAssetLoaderServi - Loading from file system: file:/C:/Users/austi/IdeaProjects/Cooking-Ina-Ang-Sarap-/CookingIna/target/classes/assets/textures/juice_dispenser_orange.png
17:33:26.305 [FXGL Background Thread 2 ] INFO  FXGLApplication      - Game initialization took: 0.092 sec
17:33:26.306 [JavaFX Application Thread] DEBUG Input                - Clearing active input actions
17:33:26.315 [JavaFX Application Thread] DEBUG GameApplicationServi - Removing overlay from FXGLLoadingScene and adding to GameScene
17:33:26.315 [JavaFX Application Thread] DEBUG PrimaryStageWindow   - FXGLLoadingScene -> GameScene
17:33:26.584 [FXGL Background Thread 3 ] DEBUG Engine               - Logging environment variables
17:33:26.584 [FXGL Background Thread 3 ] DEBUG Engine               - achievements: []
17:33:26.584 [FXGL Background Thread 3 ] DEBUG Engine               - actualHeight: 700.0
17:33:26.585 [FXGL Background Thread 3 ] DEBUG Engine               - actualHeightProperty: ReadOnlyDoubleProperty [value: 700.0]
17:33:26.585 [FXGL Background Thread 3 ] DEBUG Engine               - actualWidth: 1000.0
17:33:26.585 [FXGL Background Thread 3 ] DEBUG Engine               - actualWidthProperty: ReadOnlyDoubleProperty [value: 1000.0]
17:33:26.585 [FXGL Background Thread 3 ] DEBUG Engine               - appIcon: fxgl_icon.png
17:33:26.585 [FXGL Background Thread 3 ] DEBUG Engine               - applicationMode: DEVELOPER
17:33:26.585 [FXGL Background Thread 3 ] DEBUG Engine               - cSSList: [fxgl_dark.css]
17:33:26.585 [FXGL Background Thread 3 ] DEBUG Engine               - collisionDetectionStrategy: BRUTE_FORCE
17:33:26.585 [FXGL Background Thread 3 ] DEBUG Engine               - configClass: Optional.empty
17:33:26.585 [FXGL Background Thread 3 ] DEBUG Engine               - credits: []
17:33:26.586 [FXGL Background Thread 3 ] DEBUG Engine               - defaultCursor: CursorInfo(imageName=fxgl_default_cursor.png, hotspotX=7.0, hotspotY=6.0)
17:33:26.586 [FXGL Background Thread 3 ] DEBUG Engine               - devBBoxColorProperty: ObjectProperty [value: 0xff0000ff]
17:33:26.586 [FXGL Background Thread 3 ] DEBUG Engine               - devEnableDebugCameraProperty: BooleanProperty [value: false]
17:33:26.586 [FXGL Background Thread 3 ] DEBUG Engine               - devSensorColorProperty: ObjectProperty [value: 0xffff00ff]
17:33:26.586 [FXGL Background Thread 3 ] DEBUG Engine               - devShowBBoxProperty: BooleanProperty [value: false]
17:33:26.586 [FXGL Background Thread 3 ] DEBUG Engine               - devShowPositionProperty: BooleanProperty [value: false]
17:33:26.586 [FXGL Background Thread 3 ] DEBUG Engine               - enabledMenuItems: []
17:33:26.586 [FXGL Background Thread 3 ] DEBUG Engine               - engineServices: [class com.almasb.fxgl.app.services.FXGLAssetLoaderService, class com.almasb.fxgl.app.FXGLApplication$GameApplicationService, class com.almasb.fxgl.app.services.FXGLDialogService, class com.almasb.fxgl.app.services.IOTaskExecutorService, class com.almasb.fxgl.io.FileSystemService, class com.almasb.fxgl.localization.LocalizationService, class com.almasb.fxgl.app.services.SystemBundleService, class com.almasb.fxgl.profile.SaveLoadService, class com.almasb.fxgl.ui.FXGLUIFactoryServiceProvider, class com.almasb.fxgl.ui.FXGLDialogFactoryServiceProvider, class com.almasb.fxgl.audio.AudioPlayer, class com.almasb.fxgl.notification.impl.NotificationServiceProvider, class com.almasb.fxgl.achievement.AchievementService, class com.almasb.fxgl.cutscene.CutsceneService, class com.almasb.fxgl.minigames.MiniGameService, class com.almasb.fxgl.net.NetService, class com.almasb.fxgl.app.services.UpdaterService, class com.almasb.fxgl.dev.DevService]
17:33:26.586 [FXGL Background Thread 3 ] DEBUG Engine               - fontGame: Abel-Regular.ttf
17:33:26.586 [FXGL Background Thread 3 ] DEBUG Engine               - fontMono: TerminalLandMono-Regular.otf
17:33:26.586 [FXGL Background Thread 3 ] DEBUG Engine               - fontText: Courier-Prime.ttf
17:33:26.586 [FXGL Background Thread 3 ] DEBUG Engine               - fontUI: VarelaRound-Regular.ttf
17:33:26.586 [FXGL Background Thread 3 ] DEBUG Engine               - fullScreen: BooleanProperty [value: false]
17:33:26.586 [FXGL Background Thread 3 ] DEBUG Engine               - gameDifficulty: MEDIUM
17:33:26.586 [FXGL Background Thread 3 ] DEBUG Engine               - gameDifficultyProperty: ObjectProperty [value: MEDIUM]
17:33:26.586 [FXGL Background Thread 3 ] DEBUG Engine               - globalMusicVolume: 0.5
17:33:26.586 [FXGL Background Thread 3 ] DEBUG Engine               - globalMusicVolumeProperty: DoubleProperty [value: 0.5]
17:33:26.586 [FXGL Background Thread 3 ] DEBUG Engine               - globalSoundVolume: 0.5
17:33:26.586 [FXGL Background Thread 3 ] DEBUG Engine               - globalSoundVolumeProperty: DoubleProperty [value: 0.5]
17:33:26.586 [FXGL Background Thread 3 ] DEBUG Engine               - height: 700
17:33:26.586 [FXGL Background Thread 3 ] DEBUG Engine               - is3D: false
17:33:26.587 [FXGL Background Thread 3 ] DEBUG Engine               - isAndroid: false
17:33:26.587 [FXGL Background Thread 3 ] DEBUG Engine               - isBrowser: false
17:33:26.587 [FXGL Background Thread 3 ] DEBUG Engine               - isClickFeedbackEnabled: false
17:33:26.587 [FXGL Background Thread 3 ] DEBUG Engine               - isCloseConfirmation: false
17:33:26.587 [FXGL Background Thread 3 ] DEBUG Engine               - isDesktop: true
17:33:26.587 [FXGL Background Thread 3 ] DEBUG Engine               - isDeveloperMenuEnabled: false
17:33:26.587 [FXGL Background Thread 3 ] DEBUG Engine               - isEmbedded: false
17:33:26.587 [FXGL Background Thread 3 ] DEBUG Engine               - isEntityPreloadEnabled: true
17:33:26.587 [FXGL Background Thread 3 ] DEBUG Engine               - isExperimentalTiledLargeMap: false
17:33:26.587 [FXGL Background Thread 3 ] DEBUG Engine               - isFileSystemWriteAllowed: true
17:33:26.587 [FXGL Background Thread 3 ] DEBUG Engine               - isFullScreenAllowed: false
17:33:26.587 [FXGL Background Thread 3 ] DEBUG Engine               - isFullScreenFromStart: false
17:33:26.587 [FXGL Background Thread 3 ] DEBUG Engine               - isGameMenuEnabled: true
17:33:26.587 [FXGL Background Thread 3 ] DEBUG Engine               - isIOS: false
17:33:26.587 [FXGL Background Thread 3 ] DEBUG Engine               - isIntroEnabled: false
17:33:26.587 [FXGL Background Thread 3 ] DEBUG Engine               - isLinux: false
17:33:26.587 [FXGL Background Thread 3 ] DEBUG Engine               - isMac: false
17:33:26.587 [FXGL Background Thread 3 ] DEBUG Engine               - isMainMenuEnabled: true
17:33:26.587 [FXGL Background Thread 3 ] DEBUG Engine               - isManualResizeEnabled: false
17:33:26.587 [FXGL Background Thread 3 ] DEBUG Engine               - isMobile: false
17:33:26.587 [FXGL Background Thread 3 ] DEBUG Engine               - isNative: false
17:33:26.587 [FXGL Background Thread 3 ] DEBUG Engine               - isPauseMusicWhenMinimized: true
17:33:26.587 [FXGL Background Thread 3 ] DEBUG Engine               - isPreserveResizeRatio: false
17:33:26.587 [FXGL Background Thread 3 ] DEBUG Engine               - isProfilingEnabled: false
17:33:26.587 [FXGL Background Thread 3 ] DEBUG Engine               - isScaleAffectedOnResize: true
17:33:26.587 [FXGL Background Thread 3 ] DEBUG Engine               - isSingleStep: false
17:33:26.587 [FXGL Background Thread 3 ] DEBUG Engine               - isUserProfileEnabled: false
17:33:26.587 [FXGL Background Thread 3 ] DEBUG Engine               - isWindows: true
17:33:26.588 [FXGL Background Thread 3 ] DEBUG Engine               - language: ObjectProperty [value: ENGLISH]
17:33:26.588 [FXGL Background Thread 3 ] DEBUG Engine               - menuKey: ESCAPE
17:33:26.588 [FXGL Background Thread 3 ] DEBUG Engine               - mouseSensitivity: 0.2
17:33:26.588 [FXGL Background Thread 3 ] DEBUG Engine               - notificationViewClass: class com.almasb.fxgl.notification.view.XboxNotificationView
17:33:26.588 [FXGL Background Thread 3 ] DEBUG Engine               - pixelsPerMeter: 50.0
17:33:26.588 [FXGL Background Thread 3 ] DEBUG Engine               - platform: WINDOWS
17:33:26.588 [FXGL Background Thread 3 ] DEBUG Engine               - prefHeightProperty: ReadOnlyDoubleProperty [value: 700.0]
17:33:26.588 [FXGL Background Thread 3 ] DEBUG Engine               - prefWidthProperty: ReadOnlyDoubleProperty [value: 1000.0]
17:33:26.588 [FXGL Background Thread 3 ] DEBUG Engine               - profileDir: profiles/
17:33:26.588 [FXGL Background Thread 3 ] DEBUG Engine               - profileName: StringProperty [value: DEFAULT]
17:33:26.588 [FXGL Background Thread 3 ] DEBUG Engine               - randomSeed: -1
17:33:26.588 [FXGL Background Thread 3 ] DEBUG Engine               - runtimeInfo: RuntimeInfo(platform=WINDOWS, version=17.2, build=20.08.2022 16.50)
17:33:26.588 [FXGL Background Thread 3 ] DEBUG Engine               - saveFileExt: sav
17:33:26.588 [FXGL Background Thread 3 ] DEBUG Engine               - scaledHeightProp$fxgl: DoubleProperty [bound, value: 700.0]
17:33:26.588 [FXGL Background Thread 3 ] DEBUG Engine               - scaledWidthProp$fxgl: DoubleProperty [bound, value: 1000.0]
17:33:26.588 [FXGL Background Thread 3 ] DEBUG Engine               - sceneFactory: com.example.cookingina.CookingInaMain$1@605dc2d4
17:33:26.588 [FXGL Background Thread 3 ] DEBUG Engine               - secondsIn24h: 60
17:33:26.588 [FXGL Background Thread 3 ] DEBUG Engine               - soundMenuBack: menu/back.wav
17:33:26.588 [FXGL Background Thread 3 ] DEBUG Engine               - soundMenuPress: menu/press.wav
17:33:26.588 [FXGL Background Thread 3 ] DEBUG Engine               - soundMenuSelect: menu/select.wav
17:33:26.588 [FXGL Background Thread 3 ] DEBUG Engine               - soundNotification: core/notification.wav
17:33:26.588 [FXGL Background Thread 3 ] DEBUG Engine               - stageStyle: DECORATED
17:33:26.589 [FXGL Background Thread 3 ] DEBUG Engine               - supportedLanguages: [ENGLISH, FRENCH, GERMAN, HUNGARIAN, RUSSIAN]
17:33:26.589 [FXGL Background Thread 3 ] DEBUG Engine               - ticksPerSecond: -1
17:33:26.589 [FXGL Background Thread 3 ] DEBUG Engine               - title: CookingIna
17:33:26.589 [FXGL Background Thread 3 ] DEBUG Engine               - urlGithub: https://github.com/AlmasB/FXGL
17:33:26.589 [FXGL Background Thread 3 ] DEBUG Engine               - urlLeaderboard: http://fxgl-top.herokuapp.com/
17:33:26.589 [FXGL Background Thread 3 ] DEBUG Engine               - urlPOM: https://raw.githubusercontent.com/AlmasB/FXGL/release/README.md
17:33:26.589 [FXGL Background Thread 3 ] DEBUG Engine               - userAppClass: class com.example.cookingina.CookingInaMain
17:33:26.589 [FXGL Background Thread 3 ] DEBUG Engine               - version: 0.1
17:33:26.589 [FXGL Background Thread 3 ] DEBUG Engine               - versionCheckDays: 7
17:33:26.589 [FXGL Background Thread 3 ] DEBUG Engine               - width: 1000
17:33:26.589 [FXGL Background Thread 3 ] DEBUG Engine               - Logging services
17:33:26.589 [FXGL Background Thread 3 ] DEBUG Engine               - class com.almasb.fxgl.app.services.FXGLAssetLoaderService
17:33:26.589 [FXGL Background Thread 3 ] DEBUG Engine               - class com.almasb.fxgl.app.FXGLApplication$GameApplicationService
17:33:26.589 [FXGL Background Thread 3 ] DEBUG Engine               - class com.almasb.fxgl.app.services.FXGLDialogService
17:33:26.589 [FXGL Background Thread 3 ] DEBUG Engine               - class com.almasb.fxgl.app.services.IOTaskExecutorService
17:33:26.589 [FXGL Background Thread 3 ] DEBUG Engine               - class com.almasb.fxgl.io.FileSystemService
17:33:26.589 [FXGL Background Thread 3 ] DEBUG Engine               - class com.almasb.fxgl.localization.LocalizationService
17:33:26.589 [FXGL Background Thread 3 ] DEBUG Engine               - class com.almasb.fxgl.app.services.SystemBundleService
17:33:26.589 [FXGL Background Thread 3 ] DEBUG Engine               - class com.almasb.fxgl.profile.SaveLoadService
17:33:26.589 [FXGL Background Thread 3 ] DEBUG Engine               - class com.almasb.fxgl.ui.FXGLUIFactoryServiceProvider
17:33:26.589 [FXGL Background Thread 3 ] DEBUG Engine               - class com.almasb.fxgl.ui.FXGLDialogFactoryServiceProvider
17:33:26.589 [FXGL Background Thread 3 ] DEBUG Engine               - class com.almasb.fxgl.audio.AudioPlayer
17:33:26.589 [FXGL Background Thread 3 ] DEBUG Engine               - class com.almasb.fxgl.notification.impl.NotificationServiceProvider
17:33:26.589 [FXGL Background Thread 3 ] DEBUG Engine               - class com.almasb.fxgl.achievement.AchievementService
17:33:26.589 [FXGL Background Thread 3 ] DEBUG Engine               - class com.almasb.fxgl.cutscene.CutsceneService
17:33:26.589 [FXGL Background Thread 3 ] DEBUG Engine               - class com.almasb.fxgl.minigames.MiniGameService
17:33:26.589 [FXGL Background Thread 3 ] DEBUG Engine               - class com.almasb.fxgl.net.NetService
17:33:26.589 [FXGL Background Thread 3 ] DEBUG Engine               - class com.almasb.fxgl.app.services.UpdaterService
17:33:26.589 [FXGL Background Thread 3 ] DEBUG Engine               - class com.almasb.fxgl.dev.DevService
17:33:28.344 [JavaFX Application Thread] DEBUG FXGLAssetLoaderServi - Loading from file system: file:/C:/Users/austi/IdeaProjects/Cooking-Ina-Ang-Sarap-/CookingIna/target/classes/assets/textures/quekquek.png
17:33:43.420 [JavaFX Application Thread] DEBUG FXGLAssetLoaderServi - Loading from file system: file:/C:/Users/austi/IdeaProjects/Cooking-Ina-Ang-Sarap-/CookingIna/target/classes/assets/textures/cooked_quekquek.png
17:33:46.137 [JavaFX Application Thread] WARN  GameWorld            - Attempted to remove entity which is not active
17:33:47.785 [JavaFX Application Thread] WARN  GameWorld            - Attempted to remove entity which is not active
17:33:51.332 [JavaFX Application Thread] WARN  GameWorld            - Attempted to remove entity which is not active
17:33:53.746 [JavaFX Application Thread] WARN  GameWorld            - Attempted to remove entity which is not active
17:33:57.272 [JavaFX Application Thread] DEBUG FXGLApplication      - Exiting FXGL
17:33:57.272 [JavaFX Application Thread] DEBUG LoopRunner           - Stopping loop
17:33:57.272 [JavaFX Application Thread] DEBUG SystemBundleService  - Saving FXGL system data
17:33:57.274 [JavaFX Application Thread] DEBUG FileSystemAccess     - Writing to: C:\Users\austi\IdeaProjects\Cooking-Ina-Ang-Sarap-\system\fxgl.bundle
17:33:57.275 [JavaFX Application Thread] DEBUG Async                - Shutting down background threads
17:33:57.275 [JavaFX Application Thread] DEBUG PrimaryStageWindow   - Closing main window
17:33:57.289 [JavaFX Application Thread] DEBUG Logger               - Closing Logger
