07:52:34.295 [main                     ] DEBUG Logger               - Configured Logger
07:52:34.303 [main                     ] DEBUG GameApplication      - Logging settings
Title: CookingIna
Version: 0.1
Width: 1920
Height: 1080
Fullscreen: true
Intro: false
Profiling: false
Single step:false
App Mode: DEVELOPER
Menu Key: ESCAPE
Stage Style: DECORATED
Scene Factory: class com.example.cookingina.CookingInaMain$1

07:52:35.066 [JavaFX Application Thread] DEBUG FXGLApplication      - Initializing FXGL
07:52:35.077 [JavaFX Application Thread] INFO  Engine               - FXGL-17.2 (20.08.2022 16.50) on WINDOWS (J:24.0.1 FX:20)
07:52:35.078 [JavaFX Application Thread] DEBUG Engine               - JRE Vendor Name: Oracle Corporation
07:52:35.078 [JavaFX Application Thread] DEBUG Engine               - Running on OS: Windows 11 version 10.0
07:52:35.078 [JavaFX Application Thread] DEBUG Engine               - Architecture: amd64
07:52:35.078 [JavaFX Application Thread] INFO  Engine               - Source code and latest versions at: https://github.com/AlmasB/FXGL
07:52:35.078 [JavaFX Application Thread] INFO  Engine               -       Ask questions and discuss at: https://github.com/AlmasB/FXGL/discussions
07:52:35.078 [JavaFX Application Thread] INFO  Engine               -              Join the FXGL chat at: https://gitter.im/AlmasB/FXGL
07:52:35.167 [JavaFX Application Thread] DEBUG PrimaryStageWindow   - Creating a JavaFX scene
07:52:35.205 [JavaFX Application Thread] DEBUG PrimaryStageWindow   - Target settings size: 1920.0 x 1080.0
07:52:35.206 [JavaFX Application Thread] DEBUG PrimaryStageWindow   - Scaled scene size:    1920.0 x 1080.0
07:52:35.206 [JavaFX Application Thread] DEBUG PrimaryStageWindow   - Scaled ratio: (1.0, 1.0)
07:52:35.207 [JavaFX Application Thread] DEBUG PrimaryStageWindow   - Set initial scene to FXGLStartupScene
07:52:35.213 [JavaFX Application Thread] DEBUG PrimaryStageWindow   - Opening main window
07:52:35.329 [JavaFX Application Thread] DEBUG PrimaryStageWindow   - Window border size: (16.0, 39.0)
07:52:35.329 [JavaFX Application Thread] DEBUG PrimaryStageWindow   - Scaled size: 1920.0 x 1080.0
07:52:35.329 [JavaFX Application Thread] DEBUG PrimaryStageWindow   - Scaled ratio: (1.0, 1.0)
07:52:35.330 [JavaFX Application Thread] DEBUG PrimaryStageWindow   - Scene size: 1920.0 x 1080.0
07:52:35.330 [JavaFX Application Thread] DEBUG PrimaryStageWindow   - Stage size: 1936.0 x 1119.0
07:52:35.414 [JavaFX Application Thread] DEBUG PrimaryStageWindow   - Going fullscreen
07:52:35.423 [FXGL Background Thread 1 ] DEBUG Engine               - Initializing environment variables
07:52:35.473 [FXGL Background Thread 1 ] DEBUG FXGLAssetLoaderServi - User app class for loading assets: class com.example.cookingina.CookingInaMain
07:52:35.474 [FXGL Background Thread 1 ] DEBUG GameApplicationServi - Applying CSS: fxgl_dark.css
07:52:35.476 [FXGL Background Thread 1 ] DEBUG FXGLAssetLoaderServi - Loading from file system: jar:file:///C:/Users/austi/.m2/repository/com/github/almasb/fxgl/17.2/fxgl-17.2.jar!/fxglassets/ui/css/fxgl_dark.css
07:52:35.527 [FXGL Background Thread 1 ] DEBUG GameApplicationServi - Initializing application scenes
07:52:35.569 [FXGL Background Thread 1 ] DEBUG GameWorld            - Game world initialized
07:52:35.624 [FXGL Background Thread 1 ] DEBUG PhysicsWorld         - Physics world initialized: appHeight=1080, physics.ppm=50.0
07:52:35.624 [FXGL Background Thread 1 ] DEBUG PhysicsWorld         - Using strategy: BRUTE_FORCE
07:52:35.628 [FXGL Background Thread 1 ] DEBUG GameScene            - Game scene initialized: 1920x1080
07:52:35.641 [FXGL Background Thread 1 ] DEBUG FXGL.DefaultMenu     - createMenuBodyGameMenu()
07:52:35.651 [FXGL Background Thread 1 ] DEBUG FXGL.DefaultMenu     - createOptionsMenu()
07:52:35.666 [FXGL Background Thread 1 ] DEBUG FXGLAssetLoaderServi - Loading from file system: jar:file:///C:/Users/austi/.m2/repository/com/github/almasb/fxgl/17.2/fxgl-17.2.jar!/fxglassets/textures/particles/smoke.png
07:52:35.763 [FXGL Background Thread 1 ] DEBUG FXGLAssetLoaderServi - Loading from file system: jar:file:///C:/Users/austi/.m2/repository/com/github/almasb/fxgl/17.2/fxgl-17.2.jar!/fxglassets/textures/particles/trace_horizontal.png
07:52:35.794 [FXGL Background Thread 1 ] DEBUG GameApplicationServi - Application scenes initialized
07:52:35.814 [FXGL Background Thread 1 ] DEBUG SystemBundleService  - Loading FXGL system data
07:52:35.815 [FXGL Background Thread 1 ] DEBUG FileSystemAccess     - Reading from: C:\Users\austi\IdeaProjects\Cooking-Ina-Ang-Sarap-4\system\fxgl.bundle
07:52:35.818 [FXGL Background Thread 1 ] DEBUG SystemBundleService  - Bundle FXGL: {}
07:52:35.818 [FXGL Background Thread 1 ] DEBUG UpdaterService       - Checking for updates
07:52:35.821 [FXGL Background Thread 4 ] DEBUG FXGLApplication      - Loading fonts
07:52:35.822 [FXGL Background Thread 1 ] DEBUG FXGLApplication      - Loading default localization
07:52:35.822 [FXGL Background Thread 4 ] DEBUG FXGLAssetLoaderServi - Loading from file system: jar:file:///C:/Users/austi/.m2/repository/com/github/almasb/fxgl/17.2/fxgl-17.2.jar!/fxglassets/ui/fonts/VarelaRound-Regular.ttf
07:52:35.822 [FXGL Background Thread 1 ] DEBUG FXGLAssetLoaderServi - Loading from file system: jar:file:///C:/Users/austi/.m2/repository/com/github/almasb/fxgl/17.2/fxgl-17.2.jar!/fxglassets/languages/english.lang
07:52:35.833 [FXGL Background Thread 4 ] DEBUG FXGLAssetLoaderServi - Loading from file system: jar:file:///C:/Users/austi/.m2/repository/com/github/almasb/fxgl/17.2/fxgl-17.2.jar!/fxglassets/ui/fonts/Abel-Regular.ttf
07:52:35.838 [FXGL Background Thread 4 ] DEBUG FXGLAssetLoaderServi - Loading from file system: jar:file:///C:/Users/austi/.m2/repository/com/github/almasb/fxgl/17.2/fxgl-17.2.jar!/fxglassets/ui/fonts/TerminalLandMono-Regular.otf
07:52:35.842 [FXGL Background Thread 4 ] DEBUG FXGLAssetLoaderServi - Loading from file system: jar:file:///C:/Users/austi/.m2/repository/com/github/almasb/fxgl/17.2/fxgl-17.2.jar!/fxglassets/ui/fonts/Courier-Prime.ttf
07:52:35.842 [FXGL Background Thread 1 ] INFO  FXGLApplication      - FXGL initialization took: 0.419 sec
07:52:35.854 [JavaFX Application Thread] DEBUG Input                - Registered new binding: Toggle debug - F1
07:52:35.854 [JavaFX Application Thread] DEBUG FXGLAssetLoaderServi - Loading from file system: jar:file:///C:/Users/austi/.m2/repository/com/github/almasb/fxgl/17.2/fxgl-17.2.jar!/fxglassets/textures/fxgl_icon.png
07:52:35.879 [JavaFX Application Thread] DEBUG FXGLAssetLoaderServi - Loading from file system: jar:file:///C:/Users/austi/.m2/repository/com/github/almasb/fxgl/17.2/fxgl-17.2.jar!/fxglassets/textures/fxgl_default_cursor.png
07:52:35.883 [JavaFX Application Thread] DEBUG Input                - Registered new binding: Screenshot - CTRL+8
07:52:35.884 [JavaFX Application Thread] DEBUG Input                - Registered new binding: System info dump - CTRL+9
07:52:35.884 [JavaFX Application Thread] DEBUG Input                - Registered new binding: Restart - CTRL+R
07:52:35.884 [JavaFX Application Thread] DEBUG Input                - Registered new binding: Toggle Debug Camera - CTRL+7
07:52:35.887 [JavaFX Application Thread] DEBUG LoopRunner           - Starting loop
07:52:35.889 [JavaFX Application Thread] DEBUG LoopRunner           - Initializing JavaFX AnimationTimerLoop
07:52:35.892 [JavaFX Application Thread] DEBUG Input                - Clearing active input actions
07:52:35.900 [JavaFX Application Thread] DEBUG GameApplicationServi - Removing overlay from FXGLStartupScene and adding to FXGLMainMenuDummyScene
07:52:35.902 [JavaFX Application Thread] DEBUG PrimaryStageWindow   - FXGLStartupScene -> FXGLMainMenuDummyScene
07:52:35.902 [JavaFX Application Thread] DEBUG PrimaryStageWindow   - Push state: MainMenu
07:52:35.903 [JavaFX Application Thread] DEBUG Input                - Clearing active input actions
07:52:35.907 [JavaFX Application Thread] DEBUG GameApplicationServi - Removing overlay from FXGLMainMenuDummyScene and adding to MainMenu
07:52:35.908 [JavaFX Application Thread] DEBUG PrimaryStageWindow   - FXGLMainMenuDummyScene -> MainMenu
07:52:35.911 [JavaFX Application Thread] DEBUG FXGLApplication      - Registering font factories with UI factory
07:52:36.364 [FXGL Background Thread 2 ] INFO  UpdaterService       - Your current version:  17.2
07:52:36.365 [FXGL Background Thread 2 ] INFO  UpdaterService       - Latest stable version: 21.1
07:52:36.721 [JavaFX Application Thread] DEBUG Menu                 - fireNewGame()
07:52:36.721 [JavaFX Application Thread] DEBUG GameApplicationServi - Starting new game
07:52:36.722 [JavaFX Application Thread] DEBUG PrimaryStageWindow   - Pop state: MainMenu
07:52:36.722 [JavaFX Application Thread] DEBUG Input                - Clearing active input actions
07:52:36.722 [JavaFX Application Thread] DEBUG GameApplicationServi - Removing overlay from MainMenu and adding to FXGLMainMenuDummyScene
07:52:36.723 [JavaFX Application Thread] DEBUG PrimaryStageWindow   - FXGLMainMenuDummyScene <- MainMenu
07:52:36.723 [JavaFX Application Thread] DEBUG Input                - Clearing active input actions
07:52:36.729 [JavaFX Application Thread] DEBUG GameApplicationServi - Removing overlay from FXGLMainMenuDummyScene and adding to FXGLLoadingScene
07:52:36.730 [JavaFX Application Thread] DEBUG PrimaryStageWindow   - FXGLMainMenuDummyScene -> FXGLLoadingScene
07:52:36.730 [JavaFX Application Thread] DEBUG GameApplicationServi - Clearing previous game
07:52:36.730 [JavaFX Application Thread] DEBUG GameScene            - Clearing game scene
07:52:36.730 [JavaFX Application Thread] DEBUG GameWorld            - Clearing game world
07:52:36.731 [JavaFX Application Thread] DEBUG PhysicsWorld         - Clearing physics world
07:52:36.733 [FXGL Background Thread 2 ] DEBUG FXGLApplication      - Initializing game
07:52:36.735 [FXGL Background Thread 2 ] DEBUG FXGLAssetLoaderServi - Loading from file system: file:/C:/Users/austi/IdeaProjects/Cooking-Ina-Ang-Sarap-4/CookingIna/target/classes/assets/textures/final_background.png
07:52:36.783 [FXGL Background Thread 2 ] DEBUG FXGLAssetLoaderServi - Loading from file system: file:/C:/Users/austi/IdeaProjects/Cooking-Ina-Ang-Sarap-4/CookingIna/target/classes/assets/textures/frying_pan.png
07:52:36.838 [FXGL Background Thread 2 ] DEBUG FXGLAssetLoaderServi - Loading from file system: file:/C:/Users/austi/IdeaProjects/Cooking-Ina-Ang-Sarap-4/CookingIna/target/classes/assets/textures/frying_pan.png
07:52:36.869 [FXGL Background Thread 2 ] DEBUG FXGLAssetLoaderServi - Loading from file system: file:/C:/Users/austi/IdeaProjects/Cooking-Ina-Ang-Sarap-4/CookingIna/target/classes/assets/textures/papertray.png
07:52:36.895 [FXGL Background Thread 2 ] DEBUG FXGLAssetLoaderServi - Loading from file system: file:/C:/Users/austi/IdeaProjects/Cooking-Ina-Ang-Sarap-4/CookingIna/target/classes/assets/textures/papertray.png
07:52:36.910 [FXGL Background Thread 2 ] DEBUG FXGLAssetLoaderServi - Loading from file system: file:/C:/Users/austi/IdeaProjects/Cooking-Ina-Ang-Sarap-4/CookingIna/target/classes/assets/textures/rawQuekquek_container.png
07:52:36.928 [FXGL Background Thread 2 ] DEBUG FXGLAssetLoaderServi - Loading from file system: file:/C:/Users/austi/IdeaProjects/Cooking-Ina-Ang-Sarap-4/CookingIna/target/classes/assets/textures/rawHotdog_container.png
07:52:36.945 [FXGL Background Thread 2 ] DEBUG FXGLAssetLoaderServi - Loading from file system: file:/C:/Users/austi/IdeaProjects/Cooking-Ina-Ang-Sarap-4/CookingIna/target/classes/assets/textures/calamansiJuice_dispenser.png
07:52:36.960 [FXGL Background Thread 2 ] DEBUG FXGLAssetLoaderServi - Loading from file system: file:/C:/Users/austi/IdeaProjects/Cooking-Ina-Ang-Sarap-4/CookingIna/target/classes/assets/textures/bukoJuice_dispenser.png
07:52:36.975 [FXGL Background Thread 2 ] DEBUG FXGLAssetLoaderServi - Loading from file system: file:/C:/Users/austi/IdeaProjects/Cooking-Ina-Ang-Sarap-4/CookingIna/target/classes/assets/textures/orangeJuice_dispenser.png
07:52:36.991 [FXGL Background Thread 2 ] DEBUG FXGLAssetLoaderServi - Loading from file system: file:/C:/Users/austi/IdeaProjects/Cooking-Ina-Ang-Sarap-4/CookingIna/target/classes/assets/textures/trash_open.png
07:52:37.013 [FXGL Background Thread 2 ] DEBUG FXGLAssetLoaderServi - Loading from file system: file:/C:/Users/austi/IdeaProjects/Cooking-Ina-Ang-Sarap-4/CookingIna/target/classes/assets/textures/calamansiJuice_dispenser.png
07:52:37.026 [FXGL Background Thread 2 ] DEBUG FXGLAssetLoaderServi - Loading from file system: file:/C:/Users/austi/IdeaProjects/Cooking-Ina-Ang-Sarap-4/CookingIna/target/classes/assets/textures/bukoJuice_dispenser.png
07:52:37.035 [FXGL Background Thread 2 ] DEBUG FXGLAssetLoaderServi - Loading from file system: file:/C:/Users/austi/IdeaProjects/Cooking-Ina-Ang-Sarap-4/CookingIna/target/classes/assets/textures/orangeJuice_dispenser.png
07:52:37.044 [FXGL Background Thread 2 ] DEBUG FXGLAssetLoaderServi - Loading from file system: file:/C:/Users/austi/IdeaProjects/Cooking-Ina-Ang-Sarap-4/CookingIna/target/classes/assets/textures/mango_container.png
07:52:37.075 [FXGL Background Thread 2 ] DEBUG FXGLAssetLoaderServi - Loading from file system: file:/C:/Users/austi/IdeaProjects/Cooking-Ina-Ang-Sarap-4/CookingIna/target/classes/assets/textures/rawTempura_container.png
07:52:37.091 [FXGL Background Thread 2 ] DEBUG FXGLAssetLoaderServi - Loading from file system: file:/C:/Users/austi/IdeaProjects/Cooking-Ina-Ang-Sarap-4/CookingIna/target/classes/assets/textures/cucumberGarnish_container.png
07:52:37.112 [FXGL Background Thread 2 ] DEBUG FXGLAssetLoaderServi - Loading from file system: file:/C:/Users/austi/IdeaProjects/Cooking-Ina-Ang-Sarap-4/CookingIna/target/classes/assets/textures/gusoGarnish_container.png
07:52:37.134 [FXGL Background Thread 2 ] DEBUG FXGLAssetLoaderServi - Loading from file system: file:/C:/Users/austi/IdeaProjects/Cooking-Ina-Ang-Sarap-4/CookingIna/target/classes/assets/textures/spicy_sauce.png
07:52:37.144 [FXGL Background Thread 2 ] DEBUG FXGLAssetLoaderServi - Loading from file system: file:/C:/Users/austi/IdeaProjects/Cooking-Ina-Ang-Sarap-4/CookingIna/target/classes/assets/textures/sweet_sauce.png
07:52:37.157 [FXGL Background Thread 2 ] DEBUG FXGLAssetLoaderServi - Loading from file system: file:/C:/Users/austi/IdeaProjects/Cooking-Ina-Ang-Sarap-4/CookingIna/target/classes/assets/textures/hipon_bottle.png
07:52:37.174 [FXGL Background Thread 2 ] DEBUG FXGLAssetLoaderServi - Loading from file system: file:/C:/Users/austi/IdeaProjects/Cooking-Ina-Ang-Sarap-4/CookingIna/target/classes/assets/textures/salt_bottle.png
07:52:37.191 [FXGL Background Thread 2 ] INFO  FXGLApplication      - Game initialization took: 0.457 sec
07:52:37.192 [JavaFX Application Thread] DEBUG Input                - Clearing active input actions
07:52:37.201 [JavaFX Application Thread] DEBUG GameApplicationServi - Removing overlay from FXGLLoadingScene and adding to GameScene
07:52:37.201 [JavaFX Application Thread] DEBUG PrimaryStageWindow   - FXGLLoadingScene -> GameScene
07:52:38.323 [JavaFX Application Thread] DEBUG FXGLAssetLoaderServi - Loading from file system: file:/C:/Users/austi/IdeaProjects/Cooking-Ina-Ang-Sarap-4/CookingIna/target/classes/assets/textures/rawHotdog.png
07:52:38.822 [FXGL Background Thread 3 ] DEBUG Engine               - Logging environment variables
07:52:38.822 [FXGL Background Thread 3 ] DEBUG Engine               - achievements: []
07:52:38.822 [FXGL Background Thread 3 ] DEBUG Engine               - actualHeight: 1080.0
07:52:38.822 [FXGL Background Thread 3 ] DEBUG Engine               - actualHeightProperty: ReadOnlyDoubleProperty [value: 1080.0]
07:52:38.822 [FXGL Background Thread 3 ] DEBUG Engine               - actualWidth: 1920.0
07:52:38.822 [FXGL Background Thread 3 ] DEBUG Engine               - actualWidthProperty: ReadOnlyDoubleProperty [value: 1920.0]
07:52:38.822 [FXGL Background Thread 3 ] DEBUG Engine               - appIcon: fxgl_icon.png
07:52:38.822 [FXGL Background Thread 3 ] DEBUG Engine               - applicationMode: DEVELOPER
07:52:38.822 [FXGL Background Thread 3 ] DEBUG Engine               - cSSList: [fxgl_dark.css]
07:52:38.822 [FXGL Background Thread 3 ] DEBUG Engine               - collisionDetectionStrategy: BRUTE_FORCE
07:52:38.822 [FXGL Background Thread 3 ] DEBUG Engine               - configClass: Optional.empty
07:52:38.822 [FXGL Background Thread 3 ] DEBUG Engine               - credits: []
07:52:38.823 [FXGL Background Thread 3 ] DEBUG Engine               - defaultCursor: CursorInfo(imageName=fxgl_default_cursor.png, hotspotX=7.0, hotspotY=6.0)
07:52:38.823 [FXGL Background Thread 3 ] DEBUG Engine               - devBBoxColorProperty: ObjectProperty [value: 0xff0000ff]
07:52:38.823 [FXGL Background Thread 3 ] DEBUG Engine               - devEnableDebugCameraProperty: BooleanProperty [value: false]
07:52:38.823 [FXGL Background Thread 3 ] DEBUG Engine               - devSensorColorProperty: ObjectProperty [value: 0xffff00ff]
07:52:38.823 [FXGL Background Thread 3 ] DEBUG Engine               - devShowBBoxProperty: BooleanProperty [value: false]
07:52:38.823 [FXGL Background Thread 3 ] DEBUG Engine               - devShowPositionProperty: BooleanProperty [value: false]
07:52:38.823 [FXGL Background Thread 3 ] DEBUG Engine               - enabledMenuItems: []
07:52:38.823 [FXGL Background Thread 3 ] DEBUG Engine               - engineServices: [class com.almasb.fxgl.app.services.FXGLAssetLoaderService, class com.almasb.fxgl.app.FXGLApplication$GameApplicationService, class com.almasb.fxgl.app.services.FXGLDialogService, class com.almasb.fxgl.app.services.IOTaskExecutorService, class com.almasb.fxgl.io.FileSystemService, class com.almasb.fxgl.localization.LocalizationService, class com.almasb.fxgl.app.services.SystemBundleService, class com.almasb.fxgl.profile.SaveLoadService, class com.almasb.fxgl.ui.FXGLUIFactoryServiceProvider, class com.almasb.fxgl.ui.FXGLDialogFactoryServiceProvider, class com.almasb.fxgl.audio.AudioPlayer, class com.almasb.fxgl.notification.impl.NotificationServiceProvider, class com.almasb.fxgl.achievement.AchievementService, class com.almasb.fxgl.cutscene.CutsceneService, class com.almasb.fxgl.minigames.MiniGameService, class com.almasb.fxgl.net.NetService, class com.almasb.fxgl.app.services.UpdaterService, class com.almasb.fxgl.dev.DevService]
07:52:38.823 [FXGL Background Thread 3 ] DEBUG Engine               - fontGame: Abel-Regular.ttf
07:52:38.823 [FXGL Background Thread 3 ] DEBUG Engine               - fontMono: TerminalLandMono-Regular.otf
07:52:38.823 [FXGL Background Thread 3 ] DEBUG Engine               - fontText: Courier-Prime.ttf
07:52:38.823 [FXGL Background Thread 3 ] DEBUG Engine               - fontUI: VarelaRound-Regular.ttf
07:52:38.823 [FXGL Background Thread 3 ] DEBUG Engine               - fullScreen: BooleanProperty [value: true]
07:52:38.823 [FXGL Background Thread 3 ] DEBUG Engine               - gameDifficulty: MEDIUM
07:52:38.823 [FXGL Background Thread 3 ] DEBUG Engine               - gameDifficultyProperty: ObjectProperty [value: MEDIUM]
07:52:38.823 [FXGL Background Thread 3 ] DEBUG Engine               - globalMusicVolume: 0.5
07:52:38.823 [FXGL Background Thread 3 ] DEBUG Engine               - globalMusicVolumeProperty: DoubleProperty [value: 0.5]
07:52:38.823 [FXGL Background Thread 3 ] DEBUG Engine               - globalSoundVolume: 0.5
07:52:38.823 [FXGL Background Thread 3 ] DEBUG Engine               - globalSoundVolumeProperty: DoubleProperty [value: 0.5]
07:52:38.824 [FXGL Background Thread 3 ] DEBUG Engine               - height: 1080
07:52:38.824 [FXGL Background Thread 3 ] DEBUG Engine               - is3D: false
07:52:38.824 [FXGL Background Thread 3 ] DEBUG Engine               - isAndroid: false
07:52:38.824 [FXGL Background Thread 3 ] DEBUG Engine               - isBrowser: false
07:52:38.824 [FXGL Background Thread 3 ] DEBUG Engine               - isClickFeedbackEnabled: false
07:52:38.824 [FXGL Background Thread 3 ] DEBUG Engine               - isCloseConfirmation: false
07:52:38.824 [FXGL Background Thread 3 ] DEBUG Engine               - isDesktop: true
07:52:38.824 [FXGL Background Thread 3 ] DEBUG Engine               - isDeveloperMenuEnabled: false
07:52:38.824 [FXGL Background Thread 3 ] DEBUG Engine               - isEmbedded: false
07:52:38.824 [FXGL Background Thread 3 ] DEBUG Engine               - isEntityPreloadEnabled: true
07:52:38.824 [FXGL Background Thread 3 ] DEBUG Engine               - isExperimentalTiledLargeMap: false
07:52:38.824 [FXGL Background Thread 3 ] DEBUG Engine               - isFileSystemWriteAllowed: true
07:52:38.824 [FXGL Background Thread 3 ] DEBUG Engine               - isFullScreenAllowed: true
07:52:38.824 [FXGL Background Thread 3 ] DEBUG Engine               - isFullScreenFromStart: true
07:52:38.824 [FXGL Background Thread 3 ] DEBUG Engine               - isGameMenuEnabled: true
07:52:38.824 [FXGL Background Thread 3 ] DEBUG Engine               - isIOS: false
07:52:38.824 [FXGL Background Thread 3 ] DEBUG Engine               - isIntroEnabled: false
07:52:38.824 [FXGL Background Thread 3 ] DEBUG Engine               - isLinux: false
07:52:38.824 [FXGL Background Thread 3 ] DEBUG Engine               - isMac: false
07:52:38.824 [FXGL Background Thread 3 ] DEBUG Engine               - isMainMenuEnabled: true
07:52:38.824 [FXGL Background Thread 3 ] DEBUG Engine               - isManualResizeEnabled: false
07:52:38.824 [FXGL Background Thread 3 ] DEBUG Engine               - isMobile: false
07:52:38.824 [FXGL Background Thread 3 ] DEBUG Engine               - isNative: false
07:52:38.824 [FXGL Background Thread 3 ] DEBUG Engine               - isPauseMusicWhenMinimized: true
07:52:38.824 [FXGL Background Thread 3 ] DEBUG Engine               - isPreserveResizeRatio: false
07:52:38.824 [FXGL Background Thread 3 ] DEBUG Engine               - isProfilingEnabled: false
07:52:38.824 [FXGL Background Thread 3 ] DEBUG Engine               - isScaleAffectedOnResize: true
07:52:38.824 [FXGL Background Thread 3 ] DEBUG Engine               - isSingleStep: false
07:52:38.824 [FXGL Background Thread 3 ] DEBUG Engine               - isUserProfileEnabled: false
07:52:38.824 [FXGL Background Thread 3 ] DEBUG Engine               - isWindows: true
07:52:38.824 [FXGL Background Thread 3 ] DEBUG Engine               - language: ObjectProperty [value: ENGLISH]
07:52:38.824 [FXGL Background Thread 3 ] DEBUG Engine               - menuKey: ESCAPE
07:52:38.824 [FXGL Background Thread 3 ] DEBUG Engine               - mouseSensitivity: 0.2
07:52:38.824 [FXGL Background Thread 3 ] DEBUG Engine               - notificationViewClass: class com.almasb.fxgl.notification.view.XboxNotificationView
07:52:38.824 [FXGL Background Thread 3 ] DEBUG Engine               - pixelsPerMeter: 50.0
07:52:38.824 [FXGL Background Thread 3 ] DEBUG Engine               - platform: WINDOWS
07:52:38.824 [FXGL Background Thread 3 ] DEBUG Engine               - prefHeightProperty: ReadOnlyDoubleProperty [value: 1080.0]
07:52:38.824 [FXGL Background Thread 3 ] DEBUG Engine               - prefWidthProperty: ReadOnlyDoubleProperty [value: 1920.0]
07:52:38.824 [FXGL Background Thread 3 ] DEBUG Engine               - profileDir: profiles/
07:52:38.824 [FXGL Background Thread 3 ] DEBUG Engine               - profileName: StringProperty [value: DEFAULT]
07:52:38.824 [FXGL Background Thread 3 ] DEBUG Engine               - randomSeed: -1
07:52:38.825 [FXGL Background Thread 3 ] DEBUG Engine               - runtimeInfo: RuntimeInfo(platform=WINDOWS, version=17.2, build=20.08.2022 16.50)
07:52:38.825 [FXGL Background Thread 3 ] DEBUG Engine               - saveFileExt: sav
07:52:38.825 [FXGL Background Thread 3 ] DEBUG Engine               - scaledHeightProp$fxgl: DoubleProperty [bound, value: 1080.0]
07:52:38.825 [FXGL Background Thread 3 ] DEBUG Engine               - scaledWidthProp$fxgl: DoubleProperty [bound, value: 1920.0]
07:52:38.825 [FXGL Background Thread 3 ] DEBUG Engine               - sceneFactory: com.example.cookingina.CookingInaMain$1@3c3d6b1a
07:52:38.825 [FXGL Background Thread 3 ] DEBUG Engine               - secondsIn24h: 60
07:52:38.825 [FXGL Background Thread 3 ] DEBUG Engine               - soundMenuBack: menu/back.wav
07:52:38.825 [FXGL Background Thread 3 ] DEBUG Engine               - soundMenuPress: menu/press.wav
07:52:38.825 [FXGL Background Thread 3 ] DEBUG Engine               - soundMenuSelect: menu/select.wav
07:52:38.825 [FXGL Background Thread 3 ] DEBUG Engine               - soundNotification: core/notification.wav
07:52:38.825 [FXGL Background Thread 3 ] DEBUG Engine               - stageStyle: DECORATED
07:52:38.825 [FXGL Background Thread 3 ] DEBUG Engine               - supportedLanguages: [ENGLISH, FRENCH, GERMAN, HUNGARIAN, RUSSIAN]
07:52:38.825 [FXGL Background Thread 3 ] DEBUG Engine               - ticksPerSecond: -1
07:52:38.825 [FXGL Background Thread 3 ] DEBUG Engine               - title: CookingIna
07:52:38.825 [FXGL Background Thread 3 ] DEBUG Engine               - urlGithub: https://github.com/AlmasB/FXGL
07:52:38.825 [FXGL Background Thread 3 ] DEBUG Engine               - urlLeaderboard: http://fxgl-top.herokuapp.com/
07:52:38.825 [FXGL Background Thread 3 ] DEBUG Engine               - urlPOM: https://raw.githubusercontent.com/AlmasB/FXGL/release/README.md
07:52:38.825 [FXGL Background Thread 3 ] DEBUG Engine               - userAppClass: class com.example.cookingina.CookingInaMain
07:52:38.825 [FXGL Background Thread 3 ] DEBUG Engine               - version: 0.1
07:52:38.825 [FXGL Background Thread 3 ] DEBUG Engine               - versionCheckDays: 7
07:52:38.825 [FXGL Background Thread 3 ] DEBUG Engine               - width: 1920
07:52:38.825 [FXGL Background Thread 3 ] DEBUG Engine               - Logging services
07:52:38.825 [FXGL Background Thread 3 ] DEBUG Engine               - class com.almasb.fxgl.app.services.FXGLAssetLoaderService
07:52:38.825 [FXGL Background Thread 3 ] DEBUG Engine               - class com.almasb.fxgl.app.FXGLApplication$GameApplicationService
07:52:38.825 [FXGL Background Thread 3 ] DEBUG Engine               - class com.almasb.fxgl.app.services.FXGLDialogService
07:52:38.825 [FXGL Background Thread 3 ] DEBUG Engine               - class com.almasb.fxgl.app.services.IOTaskExecutorService
07:52:38.825 [FXGL Background Thread 3 ] DEBUG Engine               - class com.almasb.fxgl.io.FileSystemService
07:52:38.825 [FXGL Background Thread 3 ] DEBUG Engine               - class com.almasb.fxgl.localization.LocalizationService
07:52:38.827 [FXGL Background Thread 3 ] DEBUG Engine               - class com.almasb.fxgl.app.services.SystemBundleService
07:52:38.827 [FXGL Background Thread 3 ] DEBUG Engine               - class com.almasb.fxgl.profile.SaveLoadService
07:52:38.827 [FXGL Background Thread 3 ] DEBUG Engine               - class com.almasb.fxgl.ui.FXGLUIFactoryServiceProvider
07:52:38.827 [FXGL Background Thread 3 ] DEBUG Engine               - class com.almasb.fxgl.ui.FXGLDialogFactoryServiceProvider
07:52:38.827 [FXGL Background Thread 3 ] DEBUG Engine               - class com.almasb.fxgl.audio.AudioPlayer
07:52:38.827 [FXGL Background Thread 3 ] DEBUG Engine               - class com.almasb.fxgl.notification.impl.NotificationServiceProvider
07:52:38.827 [FXGL Background Thread 3 ] DEBUG Engine               - class com.almasb.fxgl.achievement.AchievementService
07:52:38.827 [FXGL Background Thread 3 ] DEBUG Engine               - class com.almasb.fxgl.cutscene.CutsceneService
07:52:38.827 [FXGL Background Thread 3 ] DEBUG Engine               - class com.almasb.fxgl.minigames.MiniGameService
07:52:38.827 [FXGL Background Thread 3 ] DEBUG Engine               - class com.almasb.fxgl.net.NetService
07:52:38.827 [FXGL Background Thread 3 ] DEBUG Engine               - class com.almasb.fxgl.app.services.UpdaterService
07:52:38.827 [FXGL Background Thread 3 ] DEBUG Engine               - class com.almasb.fxgl.dev.DevService
07:52:53.984 [JavaFX Application Thread] WARN  FXGL.ProgressBar     - Current value > max value. Setting max value as current
07:52:53.988 [JavaFX Application Thread] WARN  Entity               - Entity already has component: com.almasb.fxgl.dsl.components.DraggableComponent
07:52:54.078 [JavaFX Application Thread] WARN  FXGL.ProgressBar     - Current value > max value. Setting max value as current
07:52:54.084 [JavaFX Application Thread] WARN  Entity               - Entity already has component: com.almasb.fxgl.dsl.components.DraggableComponent
07:52:54.206 [JavaFX Application Thread] WARN  FXGL.ProgressBar     - Current value > max value. Setting max value as current
07:52:54.209 [JavaFX Application Thread] WARN  Entity               - Entity already has component: com.almasb.fxgl.dsl.components.DraggableComponent
07:52:54.302 [JavaFX Application Thread] WARN  FXGL.ProgressBar     - Current value > max value. Setting max value as current
07:52:54.304 [JavaFX Application Thread] WARN  Entity               - Entity already has component: com.almasb.fxgl.dsl.components.DraggableComponent
07:52:54.398 [JavaFX Application Thread] WARN  FXGL.ProgressBar     - Current value > max value. Setting max value as current
07:52:54.402 [JavaFX Application Thread] WARN  Entity               - Entity already has component: com.almasb.fxgl.dsl.components.DraggableComponent
07:52:54.478 [JavaFX Application Thread] WARN  FXGL.ProgressBar     - Current value > max value. Setting max value as current
07:52:54.484 [JavaFX Application Thread] WARN  Entity               - Entity already has component: com.almasb.fxgl.dsl.components.DraggableComponent
07:52:55.438 [JavaFX Application Thread] WARN  Entity               - Cannot add / remove components during updating
07:52:55.439 [JavaFX Application Thread] WARN  Entity               - Entity already has component: com.almasb.fxgl.dsl.components.DraggableComponent
07:52:57.183 [JavaFX Application Thread] WARN  Entity               - Cannot add / remove components during updating
07:52:57.183 [JavaFX Application Thread] WARN  Entity               - Entity already has component: com.almasb.fxgl.dsl.components.DraggableComponent
07:52:57.183 [JavaFX Application Thread] WARN  Entity               - Cannot add / remove components during updating
07:52:57.183 [JavaFX Application Thread] WARN  Entity               - Entity already has component: com.almasb.fxgl.dsl.components.DraggableComponent
07:52:58.542 [JavaFX Application Thread] WARN  Entity               - Cannot add / remove components during updating
07:52:58.542 [JavaFX Application Thread] WARN  Entity               - Entity already has component: com.almasb.fxgl.dsl.components.DraggableComponent
07:53:00.801 [JavaFX Application Thread] WARN  Entity               - Cannot add / remove components during updating
07:53:00.802 [JavaFX Application Thread] WARN  Entity               - Entity already has component: com.almasb.fxgl.dsl.components.DraggableComponent
07:53:01.503 [JavaFX Application Thread] WARN  Entity               - Cannot add / remove components during updating
07:53:01.503 [JavaFX Application Thread] WARN  Entity               - Entity already has component: com.almasb.fxgl.dsl.components.DraggableComponent
07:53:03.114 [JavaFX Application Thread] DEBUG FXGLApplication      - Exiting FXGL
07:53:03.114 [JavaFX Application Thread] DEBUG LoopRunner           - Stopping loop
07:53:03.114 [JavaFX Application Thread] DEBUG SystemBundleService  - Saving FXGL system data
07:53:03.116 [JavaFX Application Thread] DEBUG FileSystemAccess     - Writing to: C:\Users\austi\IdeaProjects\Cooking-Ina-Ang-Sarap-4\system\fxgl.bundle
07:53:03.116 [JavaFX Application Thread] DEBUG Async                - Shutting down background threads
07:53:03.117 [JavaFX Application Thread] DEBUG PrimaryStageWindow   - Closing main window
07:53:03.150 [JavaFX Application Thread] DEBUG Logger               - Closing Logger
