20:54:01.422 [main                     ] DEBUG Logger               - Configured Logger
20:54:01.446 [main                     ] DEBUG GameApplication      - Logging settings
Title: CookingIna
Version: 0.1
Width: 1920
Height: 1080
Fullscreen: true
Intro: false
Profiling: false
Single step:false
App Mode: DEVELOPER
Menu Key: ESCAPE
Stage Style: DECORATED
Scene Factory: class com.example.cookingina.CookingInaMain$1

20:54:01.833 [JavaFX Application Thread] DEBUG FXGLApplication      - Initializing FXGL
20:54:01.836 [JavaFX Application Thread] INFO  Engine               - FXGL-17.2 (20.08.2022 16.50) on WINDOWS (J:21.0.6 FX:20)
20:54:01.836 [JavaFX Application Thread] DEBUG Engine               - JRE Vendor Name: Amazon.com Inc.
20:54:01.837 [JavaFX Application Thread] DEBUG Engine               - Running on OS: Windows 11 version 10.0
20:54:01.837 [JavaFX Application Thread] DEBUG Engine               - Architecture: amd64
20:54:01.837 [JavaFX Application Thread] INFO  Engine               - Source code and latest versions at: https://github.com/AlmasB/FXGL
20:54:01.837 [JavaFX Application Thread] INFO  Engine               -       Ask questions and discuss at: https://github.com/AlmasB/FXGL/discussions
20:54:01.837 [JavaFX Application Thread] INFO  Engine               -              Join the FXGL chat at: https://gitter.im/AlmasB/FXGL
20:54:01.908 [JavaFX Application Thread] DEBUG PrimaryStageWindow   - Creating a JavaFX scene
20:54:01.908 [JavaFX Application Thread] DEBUG PrimaryStageWindow   - Target size > screen size
20:54:01.953 [JavaFX Application Thread] DEBUG PrimaryStageWindow   - Target settings size: 1920.0 x 1080.0
20:54:01.953 [JavaFX Application Thread] DEBUG PrimaryStageWindow   - Scaled scene size:    1511.0 x 864.0
20:54:01.953 [JavaFX Application Thread] DEBUG PrimaryStageWindow   - Scaled ratio: (0.7869791666666667, 0.8)
20:54:01.954 [JavaFX Application Thread] DEBUG PrimaryStageWindow   - Set initial scene to FXGLStartupScene
20:54:01.957 [JavaFX Application Thread] DEBUG PrimaryStageWindow   - Opening main window
20:54:02.059 [JavaFX Application Thread] DEBUG PrimaryStageWindow   - Window border size: (14.5999755859375, 37.5999755859375)
20:54:02.060 [JavaFX Application Thread] DEBUG PrimaryStageWindow   - Scaled size: 1511.0 x 864.0
20:54:02.060 [JavaFX Application Thread] DEBUG PrimaryStageWindow   - Scaled ratio: (0.7869791666666667, 0.8)
20:54:02.061 [JavaFX Application Thread] DEBUG PrimaryStageWindow   - Scene size: 1511.0 x 864.0
20:54:02.061 [JavaFX Application Thread] DEBUG PrimaryStageWindow   - Stage size: 1525.5999755859375 x 901.5999755859375
20:54:02.121 [JavaFX Application Thread] DEBUG PrimaryStageWindow   - Going fullscreen
20:54:02.130 [FXGL Background Thread 1 ] DEBUG Engine               - Initializing environment variables
20:54:02.194 [FXGL Background Thread 1 ] DEBUG FXGLAssetLoaderServi - User app class for loading assets: class com.example.cookingina.CookingInaMain
20:54:02.194 [FXGL Background Thread 1 ] DEBUG GameApplicationServi - Applying CSS: fxgl_dark.css
20:54:02.194 [FXGL Background Thread 1 ] DEBUG FXGLAssetLoaderServi - Loading from file system: jar:file:///C:/Users/LMO/.m2/repository/com/github/almasb/fxgl/17.2/fxgl-17.2.jar!/fxglassets/ui/css/fxgl_dark.css
20:54:02.260 [FXGL Background Thread 1 ] DEBUG GameApplicationServi - Initializing application scenes
20:54:02.311 [FXGL Background Thread 1 ] DEBUG GameWorld            - Game world initialized
20:54:02.388 [FXGL Background Thread 1 ] DEBUG PhysicsWorld         - Physics world initialized: appHeight=1080, physics.ppm=50.0
20:54:02.389 [FXGL Background Thread 1 ] DEBUG PhysicsWorld         - Using strategy: BRUTE_FORCE
20:54:02.394 [FXGL Background Thread 1 ] DEBUG GameScene            - Game scene initialized: 1920x1080
20:54:02.406 [FXGL Background Thread 1 ] DEBUG FXGL.DefaultMenu     - createMenuBodyGameMenu()
20:54:02.413 [FXGL Background Thread 1 ] DEBUG FXGL.DefaultMenu     - createOptionsMenu()
20:54:02.420 [FXGL Background Thread 1 ] DEBUG FXGLAssetLoaderServi - Loading from file system: jar:file:///C:/Users/LMO/.m2/repository/com/github/almasb/fxgl/17.2/fxgl-17.2.jar!/fxglassets/textures/particles/smoke.png
20:54:02.512 [FXGL Background Thread 1 ] DEBUG FXGLAssetLoaderServi - Loading from file system: jar:file:///C:/Users/LMO/.m2/repository/com/github/almasb/fxgl/17.2/fxgl-17.2.jar!/fxglassets/textures/particles/trace_horizontal.png
20:54:02.538 [FXGL Background Thread 1 ] DEBUG GameApplicationServi - Application scenes initialized
20:54:02.550 [FXGL Background Thread 1 ] DEBUG SystemBundleService  - Loading FXGL system data
20:54:02.555 [FXGL Background Thread 1 ] DEBUG FileSystemAccess     - Reading from: C:\Users\LMO\Downloads\Cooking-Ina-Ang-Sarap-1\system\fxgl.bundle
20:54:02.565 [FXGL Background Thread 1 ] DEBUG SystemBundleService  - Bundle FXGL: {}
20:54:02.565 [FXGL Background Thread 1 ] DEBUG UpdaterService       - Checking for updates
20:54:02.570 [FXGL Background Thread 4 ] DEBUG FXGLApplication      - Loading fonts
20:54:02.570 [FXGL Background Thread 1 ] DEBUG FXGLApplication      - Loading default localization
20:54:02.570 [FXGL Background Thread 4 ] DEBUG FXGLAssetLoaderServi - Loading from file system: jar:file:///C:/Users/LMO/.m2/repository/com/github/almasb/fxgl/17.2/fxgl-17.2.jar!/fxglassets/ui/fonts/VarelaRound-Regular.ttf
20:54:02.571 [FXGL Background Thread 1 ] DEBUG FXGLAssetLoaderServi - Loading from file system: jar:file:///C:/Users/LMO/.m2/repository/com/github/almasb/fxgl/17.2/fxgl-17.2.jar!/fxglassets/languages/english.lang
20:54:02.602 [FXGL Background Thread 1 ] INFO  FXGLApplication      - FXGL initialization took: 0.471 sec
20:54:02.612 [JavaFX Application Thread] DEBUG Input                - Registered new binding: Toggle debug - F1
20:54:02.612 [JavaFX Application Thread] DEBUG FXGLAssetLoaderServi - Loading from file system: jar:file:///C:/Users/LMO/.m2/repository/com/github/almasb/fxgl/17.2/fxgl-17.2.jar!/fxglassets/textures/fxgl_icon.png
20:54:02.624 [FXGL Background Thread 4 ] DEBUG FXGLAssetLoaderServi - Loading from file system: jar:file:///C:/Users/LMO/.m2/repository/com/github/almasb/fxgl/17.2/fxgl-17.2.jar!/fxglassets/ui/fonts/Abel-Regular.ttf
20:54:02.638 [FXGL Background Thread 4 ] DEBUG FXGLAssetLoaderServi - Loading from file system: jar:file:///C:/Users/LMO/.m2/repository/com/github/almasb/fxgl/17.2/fxgl-17.2.jar!/fxglassets/ui/fonts/TerminalLandMono-Regular.otf
20:54:02.642 [JavaFX Application Thread] DEBUG FXGLAssetLoaderServi - Loading from file system: jar:file:///C:/Users/LMO/.m2/repository/com/github/almasb/fxgl/17.2/fxgl-17.2.jar!/fxglassets/textures/fxgl_default_cursor.png
20:54:02.644 [JavaFX Application Thread] DEBUG Input                - Registered new binding: Screenshot - CTRL+8
20:54:02.646 [JavaFX Application Thread] DEBUG Input                - Registered new binding: System info dump - CTRL+9
20:54:02.647 [JavaFX Application Thread] DEBUG Input                - Registered new binding: Restart - CTRL+R
20:54:02.648 [JavaFX Application Thread] DEBUG Input                - Registered new binding: Toggle Debug Camera - CTRL+7
20:54:02.653 [JavaFX Application Thread] DEBUG LoopRunner           - Starting loop
20:54:02.653 [JavaFX Application Thread] DEBUG LoopRunner           - Initializing JavaFX AnimationTimerLoop
20:54:02.654 [FXGL Background Thread 4 ] DEBUG FXGLAssetLoaderServi - Loading from file system: jar:file:///C:/Users/LMO/.m2/repository/com/github/almasb/fxgl/17.2/fxgl-17.2.jar!/fxglassets/ui/fonts/Courier-Prime.ttf
20:54:02.656 [JavaFX Application Thread] DEBUG Input                - Clearing active input actions
20:54:02.664 [JavaFX Application Thread] DEBUG GameApplicationServi - Removing overlay from FXGLStartupScene and adding to FXGLMainMenuDummyScene
20:54:02.666 [JavaFX Application Thread] DEBUG PrimaryStageWindow   - FXGLStartupScene -> FXGLMainMenuDummyScene
20:54:02.666 [JavaFX Application Thread] DEBUG PrimaryStageWindow   - Push state: MainMenu
20:54:02.666 [JavaFX Application Thread] DEBUG Input                - Clearing active input actions
20:54:02.672 [JavaFX Application Thread] DEBUG GameApplicationServi - Removing overlay from FXGLMainMenuDummyScene and adding to MainMenu
20:54:02.672 [JavaFX Application Thread] DEBUG PrimaryStageWindow   - FXGLMainMenuDummyScene -> MainMenu
20:54:02.759 [JavaFX Application Thread] DEBUG FXGLApplication      - Registering font factories with UI factory
20:54:03.475 [FXGL Background Thread 2 ] INFO  UpdaterService       - Your current version:  17.2
20:54:03.476 [FXGL Background Thread 2 ] INFO  UpdaterService       - Latest stable version: 21.1
20:54:03.901 [JavaFX Application Thread] DEBUG GameApplicationServi - Starting new game
20:54:03.902 [JavaFX Application Thread] DEBUG PrimaryStageWindow   - Pop state: MainMenu
20:54:03.902 [JavaFX Application Thread] DEBUG Input                - Clearing active input actions
20:54:03.903 [JavaFX Application Thread] DEBUG GameApplicationServi - Removing overlay from MainMenu and adding to FXGLMainMenuDummyScene
20:54:03.905 [JavaFX Application Thread] DEBUG PrimaryStageWindow   - FXGLMainMenuDummyScene <- MainMenu
20:54:03.905 [JavaFX Application Thread] DEBUG Input                - Clearing active input actions
20:54:03.925 [JavaFX Application Thread] DEBUG GameApplicationServi - Removing overlay from FXGLMainMenuDummyScene and adding to FXGLLoadingScene
20:54:03.926 [JavaFX Application Thread] DEBUG PrimaryStageWindow   - FXGLMainMenuDummyScene -> FXGLLoadingScene
20:54:03.926 [JavaFX Application Thread] DEBUG GameApplicationServi - Clearing previous game
20:54:03.927 [JavaFX Application Thread] DEBUG GameScene            - Clearing game scene
20:54:03.927 [JavaFX Application Thread] DEBUG GameWorld            - Clearing game world
20:54:03.927 [JavaFX Application Thread] DEBUG PhysicsWorld         - Clearing physics world
20:54:03.931 [FXGL Background Thread 2 ] DEBUG FXGLApplication      - Initializing game
20:54:03.935 [FXGL Background Thread 2 ] DEBUG FXGLAssetLoaderServi - Loading from file system: file:/C:/Users/LMO/Downloads/Cooking-Ina-Ang-Sarap-1/CookingIna/target/classes/assets/textures/final_background.png
20:54:03.950 [JavaFX Application Thread] WARN  PrimaryStageWindow   - Cannot pop substate. Probably because substates are empty!
20:54:03.950 [JavaFX Application Thread] DEBUG LoopRunner           - Resuming loop
20:54:04.020 [FXGL Background Thread 2 ] DEBUG FXGLAssetLoaderServi - Loading from file system: file:/C:/Users/LMO/Downloads/Cooking-Ina-Ang-Sarap-1/CookingIna/target/classes/assets/textures/assets.png
20:54:04.060 [FXGL Background Thread 2 ] DEBUG FXGLAssetLoaderServi - Loading from file system: file:/C:/Users/LMO/Downloads/Cooking-Ina-Ang-Sarap-1/CookingIna/target/classes/assets/textures/frying_pan.png
20:54:04.121 [FXGL Background Thread 2 ] DEBUG FXGLAssetLoaderServi - Loading from file system: file:/C:/Users/LMO/Downloads/Cooking-Ina-Ang-Sarap-1/CookingIna/target/classes/assets/textures/papertray.png
20:54:04.175 [FXGL Background Thread 2 ] DEBUG FXGLAssetLoaderServi - Loading from file system: file:/C:/Users/LMO/Downloads/Cooking-Ina-Ang-Sarap-1/CookingIna/target/classes/assets/textures/papertray.png
20:54:04.205 [FXGL Background Thread 2 ] DEBUG FXGLAssetLoaderServi - Loading from file system: file:/C:/Users/LMO/Downloads/Cooking-Ina-Ang-Sarap-1/CookingIna/target/classes/assets/textures/rawQuekquek_container.png
20:54:04.224 [FXGL Background Thread 2 ] DEBUG FXGLAssetLoaderServi - Loading from file system: file:/C:/Users/LMO/Downloads/Cooking-Ina-Ang-Sarap-1/CookingIna/target/classes/assets/textures/rawHotdog_container.png
20:54:04.241 [FXGL Background Thread 2 ] DEBUG FXGLAssetLoaderServi - Loading from file system: file:/C:/Users/LMO/Downloads/Cooking-Ina-Ang-Sarap-1/CookingIna/target/classes/assets/textures/rawTempura_container.png
20:54:04.270 [FXGL Background Thread 2 ] DEBUG FXGLAssetLoaderServi - Loading from file system: file:/C:/Users/LMO/Downloads/Cooking-Ina-Ang-Sarap-1/CookingIna/target/classes/assets/textures/manga_basket.png
20:54:04.304 [FXGL Background Thread 2 ] DEBUG FXGLAssetLoaderServi - Loading from file system: file:/C:/Users/LMO/Downloads/Cooking-Ina-Ang-Sarap-1/CookingIna/target/classes/assets/textures/ice_crusher.png
20:54:04.337 [FXGL Background Thread 2 ] DEBUG FXGLAssetLoaderServi - Loading from file system: file:/C:/Users/LMO/Downloads/Cooking-Ina-Ang-Sarap-1/CookingIna/target/classes/assets/textures/calamansiJuice_dispenser.png
20:54:04.351 [FXGL Background Thread 2 ] DEBUG FXGLAssetLoaderServi - Loading from file system: file:/C:/Users/LMO/Downloads/Cooking-Ina-Ang-Sarap-1/CookingIna/target/classes/assets/textures/bukoJuice_dispenser.png
20:54:04.362 [FXGL Background Thread 2 ] DEBUG FXGLAssetLoaderServi - Loading from file system: file:/C:/Users/LMO/Downloads/Cooking-Ina-Ang-Sarap-1/CookingIna/target/classes/assets/textures/orangeJuice_dispenser.png
20:54:04.376 [FXGL Background Thread 2 ] DEBUG FXGLAssetLoaderServi - Loading from file system: file:/C:/Users/LMO/Downloads/Cooking-Ina-Ang-Sarap-1/CookingIna/target/classes/assets/textures/trash_open.png
20:54:04.396 [FXGL Background Thread 2 ] DEBUG FXGLAssetLoaderServi - Loading from file system: file:/C:/Users/LMO/Downloads/Cooking-Ina-Ang-Sarap-1/CookingIna/target/classes/assets/textures/calamansiJuice_dispenser.png
20:54:04.408 [FXGL Background Thread 2 ] DEBUG FXGLAssetLoaderServi - Loading from file system: file:/C:/Users/LMO/Downloads/Cooking-Ina-Ang-Sarap-1/CookingIna/target/classes/assets/textures/bukoJuice_dispenser.png
20:54:04.417 [FXGL Background Thread 2 ] DEBUG FXGLAssetLoaderServi - Loading from file system: file:/C:/Users/LMO/Downloads/Cooking-Ina-Ang-Sarap-1/CookingIna/target/classes/assets/textures/orangeJuice_dispenser.png
20:54:04.424 [FXGL Background Thread 2 ] DEBUG FXGLAssetLoaderServi - Loading from file system: file:/C:/Users/LMO/Downloads/Cooking-Ina-Ang-Sarap-1/CookingIna/target/classes/assets/textures/cucumberGarnish_container.png
20:54:04.443 [FXGL Background Thread 2 ] DEBUG FXGLAssetLoaderServi - Loading from file system: file:/C:/Users/LMO/Downloads/Cooking-Ina-Ang-Sarap-1/CookingIna/target/classes/assets/textures/gusoGarnish_container.png
20:54:04.462 [FXGL Background Thread 2 ] DEBUG FXGLAssetLoaderServi - Loading from file system: file:/C:/Users/LMO/Downloads/Cooking-Ina-Ang-Sarap-1/CookingIna/target/classes/assets/textures/spicy_sauce.png
20:54:04.472 [FXGL Background Thread 2 ] DEBUG FXGLAssetLoaderServi - Loading from file system: file:/C:/Users/LMO/Downloads/Cooking-Ina-Ang-Sarap-1/CookingIna/target/classes/assets/textures/sweet_sauce.png
20:54:04.481 [FXGL Background Thread 2 ] DEBUG FXGLAssetLoaderServi - Loading from file system: file:/C:/Users/LMO/Downloads/Cooking-Ina-Ang-Sarap-1/CookingIna/target/classes/assets/textures/hipon_bottle.png
20:54:04.508 [FXGL Background Thread 2 ] DEBUG FXGLAssetLoaderServi - Loading from file system: file:/C:/Users/LMO/Downloads/Cooking-Ina-Ang-Sarap-1/CookingIna/target/classes/assets/textures/salt_bottle.png
20:54:04.526 [FXGL Background Thread 2 ] INFO  FXGLApplication      - Game initialization took: 0.595 sec
20:54:04.526 [JavaFX Application Thread] DEBUG Input                - Clearing active input actions
20:54:04.536 [JavaFX Application Thread] DEBUG GameApplicationServi - Removing overlay from FXGLLoadingScene and adding to GameScene
20:54:04.536 [JavaFX Application Thread] DEBUG PrimaryStageWindow   - FXGLLoadingScene -> GameScene
20:54:05.500 [JavaFX Application Thread] DEBUG FXGLAssetLoaderServi - Loading from file system: file:/C:/Users/LMO/Downloads/Cooking-Ina-Ang-Sarap-1/CookingIna/target/classes/assets/textures/glass_with_ice.png
20:54:05.569 [FXGL Background Thread 3 ] DEBUG Engine               - Logging environment variables
20:54:05.569 [FXGL Background Thread 3 ] DEBUG Engine               - achievements: []
20:54:05.569 [FXGL Background Thread 3 ] DEBUG Engine               - actualHeight: 864.0
20:54:05.569 [FXGL Background Thread 3 ] DEBUG Engine               - actualHeightProperty: ReadOnlyDoubleProperty [value: 864.0]
20:54:05.570 [FXGL Background Thread 3 ] DEBUG Engine               - actualWidth: 1536.0
20:54:05.570 [FXGL Background Thread 3 ] DEBUG Engine               - actualWidthProperty: ReadOnlyDoubleProperty [value: 1536.0]
20:54:05.570 [FXGL Background Thread 3 ] DEBUG Engine               - appIcon: fxgl_icon.png
20:54:05.570 [FXGL Background Thread 3 ] DEBUG Engine               - applicationMode: DEVELOPER
20:54:05.570 [FXGL Background Thread 3 ] DEBUG Engine               - cSSList: [fxgl_dark.css]
20:54:05.570 [FXGL Background Thread 3 ] DEBUG Engine               - collisionDetectionStrategy: BRUTE_FORCE
20:54:05.570 [FXGL Background Thread 3 ] DEBUG Engine               - configClass: Optional.empty
20:54:05.570 [FXGL Background Thread 3 ] DEBUG Engine               - credits: []
20:54:05.570 [FXGL Background Thread 3 ] DEBUG Engine               - defaultCursor: CursorInfo(imageName=fxgl_default_cursor.png, hotspotX=7.0, hotspotY=6.0)
20:54:05.570 [FXGL Background Thread 3 ] DEBUG Engine               - devBBoxColorProperty: ObjectProperty [value: 0xff0000ff]
20:54:05.570 [FXGL Background Thread 3 ] DEBUG Engine               - devEnableDebugCameraProperty: BooleanProperty [value: false]
20:54:05.570 [FXGL Background Thread 3 ] DEBUG Engine               - devSensorColorProperty: ObjectProperty [value: 0xffff00ff]
20:54:05.571 [FXGL Background Thread 3 ] DEBUG Engine               - devShowBBoxProperty: BooleanProperty [value: false]
20:54:05.571 [FXGL Background Thread 3 ] DEBUG Engine               - devShowPositionProperty: BooleanProperty [value: false]
20:54:05.571 [FXGL Background Thread 3 ] DEBUG Engine               - enabledMenuItems: []
20:54:05.571 [FXGL Background Thread 3 ] DEBUG Engine               - engineServices: [class com.almasb.fxgl.app.services.FXGLAssetLoaderService, class com.almasb.fxgl.app.FXGLApplication$GameApplicationService, class com.almasb.fxgl.app.services.FXGLDialogService, class com.almasb.fxgl.app.services.IOTaskExecutorService, class com.almasb.fxgl.io.FileSystemService, class com.almasb.fxgl.localization.LocalizationService, class com.almasb.fxgl.app.services.SystemBundleService, class com.almasb.fxgl.profile.SaveLoadService, class com.almasb.fxgl.ui.FXGLUIFactoryServiceProvider, class com.almasb.fxgl.ui.FXGLDialogFactoryServiceProvider, class com.almasb.fxgl.audio.AudioPlayer, class com.almasb.fxgl.notification.impl.NotificationServiceProvider, class com.almasb.fxgl.achievement.AchievementService, class com.almasb.fxgl.cutscene.CutsceneService, class com.almasb.fxgl.minigames.MiniGameService, class com.almasb.fxgl.net.NetService, class com.almasb.fxgl.app.services.UpdaterService, class com.almasb.fxgl.dev.DevService]
20:54:05.571 [FXGL Background Thread 3 ] DEBUG Engine               - fontGame: Abel-Regular.ttf
20:54:05.571 [FXGL Background Thread 3 ] DEBUG Engine               - fontMono: TerminalLandMono-Regular.otf
20:54:05.571 [FXGL Background Thread 3 ] DEBUG Engine               - fontText: Courier-Prime.ttf
20:54:05.571 [FXGL Background Thread 3 ] DEBUG Engine               - fontUI: VarelaRound-Regular.ttf
20:54:05.571 [FXGL Background Thread 3 ] DEBUG Engine               - fullScreen: BooleanProperty [value: true]
20:54:05.571 [FXGL Background Thread 3 ] DEBUG Engine               - gameDifficulty: MEDIUM
20:54:05.571 [FXGL Background Thread 3 ] DEBUG Engine               - gameDifficultyProperty: ObjectProperty [value: MEDIUM]
20:54:05.571 [FXGL Background Thread 3 ] DEBUG Engine               - globalMusicVolume: 0.5
20:54:05.571 [FXGL Background Thread 3 ] DEBUG Engine               - globalMusicVolumeProperty: DoubleProperty [value: 0.5]
20:54:05.571 [FXGL Background Thread 3 ] DEBUG Engine               - globalSoundVolume: 0.5
20:54:05.571 [FXGL Background Thread 3 ] DEBUG Engine               - globalSoundVolumeProperty: DoubleProperty [value: 0.5]
20:54:05.571 [FXGL Background Thread 3 ] DEBUG Engine               - height: 1080
20:54:05.571 [FXGL Background Thread 3 ] DEBUG Engine               - is3D: false
20:54:05.571 [FXGL Background Thread 3 ] DEBUG Engine               - isAndroid: false
20:54:05.571 [FXGL Background Thread 3 ] DEBUG Engine               - isBrowser: false
20:54:05.571 [FXGL Background Thread 3 ] DEBUG Engine               - isClickFeedbackEnabled: false
20:54:05.571 [FXGL Background Thread 3 ] DEBUG Engine               - isCloseConfirmation: false
20:54:05.571 [FXGL Background Thread 3 ] DEBUG Engine               - isDesktop: true
20:54:05.571 [FXGL Background Thread 3 ] DEBUG Engine               - isDeveloperMenuEnabled: false
20:54:05.571 [FXGL Background Thread 3 ] DEBUG Engine               - isEmbedded: false
20:54:05.572 [FXGL Background Thread 3 ] DEBUG Engine               - isEntityPreloadEnabled: true
20:54:05.572 [FXGL Background Thread 3 ] DEBUG Engine               - isExperimentalTiledLargeMap: false
20:54:05.572 [FXGL Background Thread 3 ] DEBUG Engine               - isFileSystemWriteAllowed: true
20:54:05.572 [FXGL Background Thread 3 ] DEBUG Engine               - isFullScreenAllowed: true
20:54:05.572 [FXGL Background Thread 3 ] DEBUG Engine               - isFullScreenFromStart: true
20:54:05.572 [FXGL Background Thread 3 ] DEBUG Engine               - isGameMenuEnabled: true
20:54:05.572 [FXGL Background Thread 3 ] DEBUG Engine               - isIOS: false
20:54:05.572 [FXGL Background Thread 3 ] DEBUG Engine               - isIntroEnabled: false
20:54:05.572 [FXGL Background Thread 3 ] DEBUG Engine               - isLinux: false
20:54:05.572 [FXGL Background Thread 3 ] DEBUG Engine               - isMac: false
20:54:05.572 [FXGL Background Thread 3 ] DEBUG Engine               - isMainMenuEnabled: true
20:54:05.572 [FXGL Background Thread 3 ] DEBUG Engine               - isManualResizeEnabled: false
20:54:05.572 [FXGL Background Thread 3 ] DEBUG Engine               - isMobile: false
20:54:05.572 [FXGL Background Thread 3 ] DEBUG Engine               - isNative: false
20:54:05.572 [FXGL Background Thread 3 ] DEBUG Engine               - isPauseMusicWhenMinimized: true
20:54:05.572 [FXGL Background Thread 3 ] DEBUG Engine               - isPreserveResizeRatio: false
20:54:05.572 [FXGL Background Thread 3 ] DEBUG Engine               - isProfilingEnabled: false
20:54:05.572 [FXGL Background Thread 3 ] DEBUG Engine               - isScaleAffectedOnResize: true
20:54:05.572 [FXGL Background Thread 3 ] DEBUG Engine               - isSingleStep: false
20:54:05.572 [FXGL Background Thread 3 ] DEBUG Engine               - isUserProfileEnabled: false
20:54:05.572 [FXGL Background Thread 3 ] DEBUG Engine               - isWindows: true
20:54:05.572 [FXGL Background Thread 3 ] DEBUG Engine               - language: ObjectProperty [value: ENGLISH]
20:54:05.572 [FXGL Background Thread 3 ] DEBUG Engine               - menuKey: ESCAPE
20:54:05.573 [FXGL Background Thread 3 ] DEBUG Engine               - mouseSensitivity: 0.2
20:54:05.573 [FXGL Background Thread 3 ] DEBUG Engine               - notificationViewClass: class com.almasb.fxgl.notification.view.XboxNotificationView
20:54:05.573 [FXGL Background Thread 3 ] DEBUG Engine               - pixelsPerMeter: 50.0
20:54:05.573 [FXGL Background Thread 3 ] DEBUG Engine               - platform: WINDOWS
20:54:05.573 [FXGL Background Thread 3 ] DEBUG Engine               - prefHeightProperty: ReadOnlyDoubleProperty [value: 1080.0]
20:54:05.573 [FXGL Background Thread 3 ] DEBUG Engine               - prefWidthProperty: ReadOnlyDoubleProperty [value: 1920.0]
20:54:05.573 [FXGL Background Thread 3 ] DEBUG Engine               - profileDir: profiles/
20:54:05.573 [FXGL Background Thread 3 ] DEBUG Engine               - profileName: StringProperty [value: DEFAULT]
20:54:05.573 [FXGL Background Thread 3 ] DEBUG Engine               - randomSeed: -1
20:54:05.573 [FXGL Background Thread 3 ] DEBUG Engine               - runtimeInfo: RuntimeInfo(platform=WINDOWS, version=17.2, build=20.08.2022 16.50)
20:54:05.573 [FXGL Background Thread 3 ] DEBUG Engine               - saveFileExt: sav
20:54:05.573 [FXGL Background Thread 3 ] DEBUG Engine               - scaledHeightProp$fxgl: DoubleProperty [bound, value: 864.0]
20:54:05.573 [FXGL Background Thread 3 ] DEBUG Engine               - scaledWidthProp$fxgl: DoubleProperty [bound, value: 1536.0]
20:54:05.573 [FXGL Background Thread 3 ] DEBUG Engine               - sceneFactory: com.example.cookingina.CookingInaMain$1@5612bc30
20:54:05.573 [FXGL Background Thread 3 ] DEBUG Engine               - secondsIn24h: 60
20:54:05.573 [FXGL Background Thread 3 ] DEBUG Engine               - soundMenuBack: menu/back.wav
20:54:05.573 [FXGL Background Thread 3 ] DEBUG Engine               - soundMenuPress: menu/press.wav
20:54:05.573 [FXGL Background Thread 3 ] DEBUG Engine               - soundMenuSelect: menu/select.wav
20:54:05.573 [FXGL Background Thread 3 ] DEBUG Engine               - soundNotification: core/notification.wav
20:54:05.573 [FXGL Background Thread 3 ] DEBUG Engine               - stageStyle: DECORATED
20:54:05.574 [FXGL Background Thread 3 ] DEBUG Engine               - supportedLanguages: [ENGLISH, FRENCH, GERMAN, HUNGARIAN, RUSSIAN]
20:54:05.574 [FXGL Background Thread 3 ] DEBUG Engine               - ticksPerSecond: -1
20:54:05.574 [FXGL Background Thread 3 ] DEBUG Engine               - title: CookingIna
20:54:05.574 [FXGL Background Thread 3 ] DEBUG Engine               - urlGithub: https://github.com/AlmasB/FXGL
20:54:05.574 [FXGL Background Thread 3 ] DEBUG Engine               - urlLeaderboard: http://fxgl-top.herokuapp.com/
20:54:05.574 [FXGL Background Thread 3 ] DEBUG Engine               - urlPOM: https://raw.githubusercontent.com/AlmasB/FXGL/release/README.md
20:54:05.574 [FXGL Background Thread 3 ] DEBUG Engine               - userAppClass: class com.example.cookingina.CookingInaMain
20:54:05.574 [FXGL Background Thread 3 ] DEBUG Engine               - version: 0.1
20:54:05.574 [FXGL Background Thread 3 ] DEBUG Engine               - versionCheckDays: 7
20:54:05.574 [FXGL Background Thread 3 ] DEBUG Engine               - width: 1920
20:54:05.574 [FXGL Background Thread 3 ] DEBUG Engine               - Logging services
20:54:05.574 [FXGL Background Thread 3 ] DEBUG Engine               - class com.almasb.fxgl.app.services.FXGLAssetLoaderService
20:54:05.574 [FXGL Background Thread 3 ] DEBUG Engine               - class com.almasb.fxgl.app.FXGLApplication$GameApplicationService
20:54:05.574 [FXGL Background Thread 3 ] DEBUG Engine               - class com.almasb.fxgl.app.services.FXGLDialogService
20:54:05.574 [FXGL Background Thread 3 ] DEBUG Engine               - class com.almasb.fxgl.app.services.IOTaskExecutorService
20:54:05.574 [FXGL Background Thread 3 ] DEBUG Engine               - class com.almasb.fxgl.io.FileSystemService
20:54:05.574 [FXGL Background Thread 3 ] DEBUG Engine               - class com.almasb.fxgl.localization.LocalizationService
20:54:05.574 [FXGL Background Thread 3 ] DEBUG Engine               - class com.almasb.fxgl.app.services.SystemBundleService
20:54:05.574 [FXGL Background Thread 3 ] DEBUG Engine               - class com.almasb.fxgl.profile.SaveLoadService
20:54:05.574 [FXGL Background Thread 3 ] DEBUG Engine               - class com.almasb.fxgl.ui.FXGLUIFactoryServiceProvider
20:54:05.574 [FXGL Background Thread 3 ] DEBUG Engine               - class com.almasb.fxgl.ui.FXGLDialogFactoryServiceProvider
20:54:05.574 [FXGL Background Thread 3 ] DEBUG Engine               - class com.almasb.fxgl.audio.AudioPlayer
20:54:05.574 [FXGL Background Thread 3 ] DEBUG Engine               - class com.almasb.fxgl.notification.impl.NotificationServiceProvider
20:54:05.574 [FXGL Background Thread 3 ] DEBUG Engine               - class com.almasb.fxgl.achievement.AchievementService
20:54:05.574 [FXGL Background Thread 3 ] DEBUG Engine               - class com.almasb.fxgl.cutscene.CutsceneService
20:54:05.574 [FXGL Background Thread 3 ] DEBUG Engine               - class com.almasb.fxgl.minigames.MiniGameService
20:54:05.574 [FXGL Background Thread 3 ] DEBUG Engine               - class com.almasb.fxgl.net.NetService
20:54:05.574 [FXGL Background Thread 3 ] DEBUG Engine               - class com.almasb.fxgl.app.services.UpdaterService
20:54:05.574 [FXGL Background Thread 3 ] DEBUG Engine               - class com.almasb.fxgl.dev.DevService
20:54:05.591 [JavaFX Application Thread] DEBUG FXGLAssetLoaderServi - Loading from file system: file:/C:/Users/LMO/Downloads/Cooking-Ina-Ang-Sarap-1/CookingIna/target/classes/assets/textures/customer_image.png
20:54:10.179 [JavaFX Application Thread] DEBUG FXGLAssetLoaderServi - Loading from file system: file:/C:/Users/LMO/Downloads/Cooking-Ina-Ang-Sarap-1/CookingIna/target/classes/assets/textures/orangejuice_finishedproduct.png
20:54:10.200 [JavaFX Application Thread] DEBUG FXGLAssetLoaderServi - Loading from file system: file:/C:/Users/LMO/Downloads/Cooking-Ina-Ang-Sarap-1/CookingIna/target/classes/assets/textures/bukojuice_finishedproduct.png
20:54:10.463 [JavaFX Application Thread] WARN  FXGL.ProgressBar     - Current value > max value. Setting max value as current
20:54:10.467 [JavaFX Application Thread] DEBUG FXGLAssetLoaderServi - Loading from file system: file:/C:/Users/LMO/Downloads/Cooking-Ina-Ang-Sarap-1/CookingIna/target/classes/assets/textures/halo_halo.png
20:54:10.506 [JavaFX Application Thread] WARN  Entity               - Entity already has component: com.almasb.fxgl.dsl.components.DraggableComponent
20:54:10.576 [JavaFX Application Thread] WARN  FXGL.ProgressBar     - Current value > max value. Setting max value as current
20:54:10.580 [JavaFX Application Thread] WARN  Entity               - Entity already has component: com.almasb.fxgl.dsl.components.DraggableComponent
20:54:10.703 [JavaFX Application Thread] WARN  FXGL.ProgressBar     - Current value > max value. Setting max value as current
20:54:10.706 [JavaFX Application Thread] WARN  Entity               - Entity already has component: com.almasb.fxgl.dsl.components.DraggableComponent
20:54:13.568 [JavaFX Application Thread] DEBUG FXGLAssetLoaderServi - Loading from file system: file:/C:/Users/LMO/Downloads/Cooking-Ina-Ang-Sarap-1/CookingIna/target/classes/assets/textures/cooked_quekquek.png
20:54:13.597 [JavaFX Application Thread] DEBUG FXGLAssetLoaderServi - Loading from file system: file:/C:/Users/LMO/Downloads/Cooking-Ina-Ang-Sarap-1/CookingIna/target/classes/assets/textures/halo_halo.png
20:54:13.636 [JavaFX Application Thread] WARN  FXGLAssetLoaderServi - Asset "/assets/textures/calamnsijuice_finishedproduct.png" was not found!
20:54:13.637 [JavaFX Application Thread] WARN  FXGLAssetLoaderServi - Failed to load IMAGE
20:54:15.026 [JavaFX Application Thread] DEBUG FXGLAssetLoaderServi - Loading from file system: file:/C:/Users/LMO/Downloads/Cooking-Ina-Ang-Sarap-1/CookingIna/target/classes/assets/textures/mango_ready.png
20:54:18.720 [JavaFX Application Thread] DEBUG FXGLAssetLoaderServi - Loading from file system: file:/C:/Users/LMO/Downloads/Cooking-Ina-Ang-Sarap-1/CookingIna/target/classes/assets/textures/cooked_hotdog.png
20:55:05.204 [JavaFX Application Thread] DEBUG PrimaryStageWindow   - Push state: GameOverMenu
20:55:05.205 [JavaFX Application Thread] DEBUG Input                - Clearing active input actions
20:55:05.207 [JavaFX Application Thread] DEBUG GameApplicationServi - Removing overlay from GameScene and adding to GameOverMenu
20:55:05.207 [JavaFX Application Thread] DEBUG PrimaryStageWindow   - GameScene -> GameOverMenu
20:55:05.213 [JavaFX Application Thread] DEBUG LoopRunner           - Pausing loop
20:57:24.327 [JavaFX Application Thread] DEBUG GameApplicationServi - Starting new game
20:57:24.327 [JavaFX Application Thread] DEBUG PrimaryStageWindow   - Pop state: GameOverMenu
20:57:24.327 [JavaFX Application Thread] DEBUG Input                - Clearing active input actions
20:57:24.327 [JavaFX Application Thread] DEBUG GameApplicationServi - Removing overlay from GameOverMenu and adding to GameScene
20:57:24.327 [JavaFX Application Thread] DEBUG PrimaryStageWindow   - GameScene <- GameOverMenu
20:57:24.327 [JavaFX Application Thread] DEBUG Input                - Clearing active input actions
20:57:24.340 [JavaFX Application Thread] DEBUG GameApplicationServi - Removing overlay from GameScene and adding to FXGLLoadingScene
20:57:24.340 [JavaFX Application Thread] DEBUG PrimaryStageWindow   - GameScene -> FXGLLoadingScene
20:57:24.340 [JavaFX Application Thread] DEBUG GameApplicationServi - Clearing previous game
20:57:24.340 [JavaFX Application Thread] DEBUG GameScene            - Clearing game scene
20:57:24.340 [JavaFX Application Thread] DEBUG GameWorld            - Clearing game world
20:57:24.340 [JavaFX Application Thread] DEBUG PhysicsWorld         - Clearing physics world
20:57:24.344 [FXGL Background Thread 5 ] DEBUG FXGLApplication      - Initializing game
20:57:24.346 [JavaFX Application Thread] WARN  PrimaryStageWindow   - Cannot pop substate. Probably because substates are empty!
20:57:24.346 [JavaFX Application Thread] DEBUG LoopRunner           - Resuming loop
20:57:24.356 [JavaFX Application Thread] DEBUG LoopRunner           - Stopping loop
20:57:24.359 [JavaFX Application Thread] FATAL FXGLApplication      - Uncaught Exception:
java.lang.RuntimeException: Initialization failed
	at com.almasb.fxgl.all@17.2/com.almasb.fxgl.app.FXGLApplication$InitAppTask.failed(FXGLApplication.kt:343)
	at javafx.graphics@20/javafx.concurrent.Task.setState(Task.java:710)
	at javafx.graphics@20/javafx.concurrent.Task$TaskCallable.lambda$call$2(Task.java:1456)
	at javafx.graphics@20/com.sun.javafx.application.PlatformImpl.lambda$runLater$10(PlatformImpl.java:456)
	at java.base/java.security.AccessController.doPrivileged(AccessController.java:400)
	at javafx.graphics@20/com.sun.javafx.application.PlatformImpl.lambda$runLater$11(PlatformImpl.java:455)
	at javafx.graphics@20/com.sun.glass.ui.InvokeLaterDispatcher$Future.run(InvokeLaterDispatcher.java:95)
	at javafx.graphics@20/com.sun.glass.ui.win.WinApplication._runLoop(Native Method)
	at javafx.graphics@20/com.sun.glass.ui.win.WinApplication.lambda$runLoop$3(WinApplication.java:185)
	at java.base/java.lang.Thread.run(Thread.java:1583)
Caused by: java.lang.ArrayIndexOutOfBoundsException: Index 3 out of bounds for length 3
	at com.example.cookingina/com.example.cookingina.CookingInaMain.spawnAssets(CookingInaMain.java:270)
	at com.example.cookingina/com.example.cookingina.CookingInaMain.initGame(CookingInaMain.java:112)
	at com.almasb.fxgl.all@17.2/com.almasb.fxgl.app.FXGLApplication$InitAppTask.initGame(FXGLApplication.kt:339)
	at com.almasb.fxgl.all@17.2/com.almasb.fxgl.app.FXGLApplication$InitAppTask.call(FXGLApplication.kt:319)
	at com.almasb.fxgl.all@17.2/com.almasb.fxgl.app.FXGLApplication$InitAppTask.call(FXGLApplication.kt:311)
	at javafx.graphics@20/javafx.concurrent.Task$TaskCallable.call(Task.java:1426)
	at java.base/java.util.concurrent.FutureTask.run(FutureTask.java:317)
	at java.base/java.util.concurrent.Executors$RunnableAdapter.call(Executors.java:572)
	at java.base/java.util.concurrent.FutureTask.run(FutureTask.java:317)
	at java.base/java.util.concurrent.ThreadPoolExecutor.runWorker(ThreadPoolExecutor.java:1144)
	at java.base/java.util.concurrent.ThreadPoolExecutor$Worker.run(ThreadPoolExecutor.java:642)
	... 1 more

20:57:24.362 [JavaFX Application Thread] FATAL FXGLApplication      - Application will now exit
20:57:24.396 [JavaFX Application Thread] DEBUG PrimaryStageWindow   - Push state: ErrorSubScene
20:57:24.396 [JavaFX Application Thread] DEBUG Input                - Clearing active input actions
20:57:24.400 [JavaFX Application Thread] DEBUG GameApplicationServi - Removing overlay from FXGLLoadingScene and adding to ErrorSubScene
20:57:24.400 [JavaFX Application Thread] DEBUG PrimaryStageWindow   - FXGLLoadingScene -> ErrorSubScene
20:57:26.676 [JavaFX Application Thread] DEBUG FXGLApplication      - Exiting FXGL
20:57:26.676 [JavaFX Application Thread] DEBUG Async                - Shutting down background threads
20:57:26.676 [JavaFX Application Thread] DEBUG PrimaryStageWindow   - Closing main window
20:57:26.798 [JavaFX Application Thread] DEBUG Logger               - Closing Logger
