23:24:47.579 [main                     ] DEBUG Logger               - Configured Logger
23:24:47.593 [main                     ] DEBUG GameApplication      - Logging settings
Title: CookingIna
Version: 0.1
Width: 1920
Height: 1080
Fullscreen: true
Intro: false
Profiling: false
Single step:false
App Mode: DEVELOPER
Menu Key: ESCAPE
Stage Style: DECORATED
Scene Factory: class com.example.cookingina.CookingInaMain$1

23:24:48.360 [JavaFX Application Thread] DEBUG FXGLApplication      - Initializing FXGL
23:24:48.366 [JavaFX Application Thread] INFO  Engine               - FXGL-17.2 (20.08.2022 16.50) on WINDOWS (J:21.0.5 FX:20)
23:24:48.366 [JavaFX Application Thread] DEBUG Engine               - JRE Vendor Name: Amazon.com Inc.
23:24:48.366 [JavaFX Application Thread] DEBUG Engine               - Running on OS: Windows 11 version 10.0
23:24:48.367 [JavaFX Application Thread] DEBUG Engine               - Architecture: amd64
23:24:48.367 [JavaFX Application Thread] INFO  Engine               - Source code and latest versions at: https://github.com/AlmasB/FXGL
23:24:48.367 [JavaFX Application Thread] INFO  Engine               -       Ask questions and discuss at: https://github.com/AlmasB/FXGL/discussions
23:24:48.367 [JavaFX Application Thread] INFO  Engine               -              Join the FXGL chat at: https://gitter.im/AlmasB/FXGL
23:24:48.480 [JavaFX Application Thread] DEBUG PrimaryStageWindow   - Creating a JavaFX scene
23:24:48.480 [JavaFX Application Thread] DEBUG PrimaryStageWindow   - Target size > screen size
23:24:48.533 [JavaFX Application Thread] DEBUG PrimaryStageWindow   - Target settings size: 1920.0 x 1080.0
23:24:48.533 [JavaFX Application Thread] DEBUG PrimaryStageWindow   - Scaled scene size:    1511.0 x 864.0
23:24:48.534 [JavaFX Application Thread] DEBUG PrimaryStageWindow   - Scaled ratio: (0.7869791666666667, 0.8)
23:24:48.534 [JavaFX Application Thread] DEBUG PrimaryStageWindow   - Set initial scene to FXGLStartupScene
23:24:48.540 [JavaFX Application Thread] DEBUG PrimaryStageWindow   - Opening main window
23:24:48.651 [JavaFX Application Thread] DEBUG PrimaryStageWindow   - Window border size: (14.5999755859375, 37.5999755859375)
23:24:48.652 [JavaFX Application Thread] DEBUG PrimaryStageWindow   - Scaled size: 1511.0 x 864.0
23:24:48.652 [JavaFX Application Thread] DEBUG PrimaryStageWindow   - Scaled ratio: (0.7869791666666667, 0.8)
23:24:48.652 [JavaFX Application Thread] DEBUG PrimaryStageWindow   - Scene size: 1511.0 x 864.0
23:24:48.652 [JavaFX Application Thread] DEBUG PrimaryStageWindow   - Stage size: 1525.5999755859375 x 901.5999755859375
23:24:48.734 [JavaFX Application Thread] DEBUG PrimaryStageWindow   - Going fullscreen
23:24:48.743 [FXGL Background Thread 1 ] DEBUG Engine               - Initializing environment variables
23:24:48.787 [FXGL Background Thread 1 ] DEBUG FXGLAssetLoaderServi - User app class for loading assets: class com.example.cookingina.CookingInaMain
23:24:48.788 [FXGL Background Thread 1 ] DEBUG GameApplicationServi - Applying CSS: fxgl_dark.css
23:24:48.788 [FXGL Background Thread 1 ] DEBUG FXGLAssetLoaderServi - Loading from file system: jar:file:///C:/Users/austi/.m2/repository/com/github/almasb/fxgl/17.2/fxgl-17.2.jar!/fxglassets/ui/css/fxgl_dark.css
23:24:48.829 [FXGL Background Thread 1 ] DEBUG GameApplicationServi - Initializing application scenes
23:24:48.874 [FXGL Background Thread 1 ] DEBUG GameWorld            - Game world initialized
23:24:48.943 [FXGL Background Thread 1 ] DEBUG PhysicsWorld         - Physics world initialized: appHeight=1080, physics.ppm=50.0
23:24:48.944 [FXGL Background Thread 1 ] DEBUG PhysicsWorld         - Using strategy: BRUTE_FORCE
23:24:48.949 [FXGL Background Thread 1 ] DEBUG GameScene            - Game scene initialized: 1920x1080
23:24:48.970 [FXGL Background Thread 1 ] DEBUG FXGL.DefaultMenu     - createMenuBodyGameMenu()
23:24:48.982 [FXGL Background Thread 1 ] DEBUG FXGL.DefaultMenu     - createOptionsMenu()
23:24:48.992 [FXGL Background Thread 1 ] DEBUG FXGLAssetLoaderServi - Loading from file system: jar:file:///C:/Users/austi/.m2/repository/com/github/almasb/fxgl/17.2/fxgl-17.2.jar!/fxglassets/textures/particles/smoke.png
23:24:49.102 [FXGL Background Thread 1 ] DEBUG FXGLAssetLoaderServi - Loading from file system: jar:file:///C:/Users/austi/.m2/repository/com/github/almasb/fxgl/17.2/fxgl-17.2.jar!/fxglassets/textures/particles/trace_horizontal.png
23:24:49.119 [FXGL Background Thread 1 ] DEBUG GameApplicationServi - Application scenes initialized
23:24:49.133 [FXGL Background Thread 1 ] DEBUG SystemBundleService  - Loading FXGL system data
23:24:49.134 [FXGL Background Thread 1 ] DEBUG FileSystemAccess     - Reading from: C:\Users\austi\IdeaProjects\Cooking-Ina-Ang-Sarap-1\system\fxgl.bundle
23:24:49.137 [FXGL Background Thread 1 ] DEBUG SystemBundleService  - Bundle FXGL: {}
23:24:49.138 [FXGL Background Thread 1 ] DEBUG UpdaterService       - Checking for updates
23:24:49.141 [FXGL Background Thread 4 ] DEBUG FXGLApplication      - Loading fonts
23:24:49.141 [FXGL Background Thread 4 ] DEBUG FXGLAssetLoaderServi - Loading from file system: jar:file:///C:/Users/austi/.m2/repository/com/github/almasb/fxgl/17.2/fxgl-17.2.jar!/fxglassets/ui/fonts/VarelaRound-Regular.ttf
23:24:49.143 [FXGL Background Thread 1 ] DEBUG FXGLApplication      - Loading default localization
23:24:49.145 [FXGL Background Thread 1 ] DEBUG FXGLAssetLoaderServi - Loading from file system: jar:file:///C:/Users/austi/.m2/repository/com/github/almasb/fxgl/17.2/fxgl-17.2.jar!/fxglassets/languages/english.lang
23:24:49.163 [FXGL Background Thread 4 ] DEBUG FXGLAssetLoaderServi - Loading from file system: jar:file:///C:/Users/austi/.m2/repository/com/github/almasb/fxgl/17.2/fxgl-17.2.jar!/fxglassets/ui/fonts/Abel-Regular.ttf
23:24:49.168 [FXGL Background Thread 4 ] DEBUG FXGLAssetLoaderServi - Loading from file system: jar:file:///C:/Users/austi/.m2/repository/com/github/almasb/fxgl/17.2/fxgl-17.2.jar!/fxglassets/ui/fonts/TerminalLandMono-Regular.otf
23:24:49.172 [FXGL Background Thread 4 ] DEBUG FXGLAssetLoaderServi - Loading from file system: jar:file:///C:/Users/austi/.m2/repository/com/github/almasb/fxgl/17.2/fxgl-17.2.jar!/fxglassets/ui/fonts/Courier-Prime.ttf
23:24:49.180 [JavaFX Application Thread] DEBUG FXGLApplication      - Registering font factories with UI factory
23:24:49.191 [FXGL Background Thread 1 ] INFO  FXGLApplication      - FXGL initialization took: 0.448 sec
23:24:49.203 [JavaFX Application Thread] DEBUG Input                - Registered new binding: Toggle debug - F1
23:24:49.204 [JavaFX Application Thread] DEBUG FXGLAssetLoaderServi - Loading from file system: jar:file:///C:/Users/austi/.m2/repository/com/github/almasb/fxgl/17.2/fxgl-17.2.jar!/fxglassets/textures/fxgl_icon.png
23:24:49.229 [JavaFX Application Thread] DEBUG FXGLAssetLoaderServi - Loading from file system: jar:file:///C:/Users/austi/.m2/repository/com/github/almasb/fxgl/17.2/fxgl-17.2.jar!/fxglassets/textures/fxgl_default_cursor.png
23:24:49.232 [JavaFX Application Thread] DEBUG Input                - Registered new binding: Screenshot - CTRL+8
23:24:49.232 [JavaFX Application Thread] DEBUG Input                - Registered new binding: System info dump - CTRL+9
23:24:49.232 [JavaFX Application Thread] DEBUG Input                - Registered new binding: Restart - CTRL+R
23:24:49.233 [JavaFX Application Thread] DEBUG Input                - Registered new binding: Toggle Debug Camera - CTRL+7
23:24:49.234 [JavaFX Application Thread] DEBUG LoopRunner           - Starting loop
23:24:49.234 [JavaFX Application Thread] DEBUG LoopRunner           - Initializing JavaFX AnimationTimerLoop
23:24:49.237 [JavaFX Application Thread] DEBUG Input                - Clearing active input actions
23:24:49.244 [JavaFX Application Thread] DEBUG GameApplicationServi - Removing overlay from FXGLStartupScene and adding to FXGLMainMenuDummyScene
23:24:49.244 [JavaFX Application Thread] DEBUG PrimaryStageWindow   - FXGLStartupScene -> FXGLMainMenuDummyScene
23:24:49.245 [JavaFX Application Thread] DEBUG PrimaryStageWindow   - Push state: LoginMenu
23:24:49.245 [JavaFX Application Thread] DEBUG Input                - Clearing active input actions
23:24:49.249 [JavaFX Application Thread] DEBUG GameApplicationServi - Removing overlay from FXGLMainMenuDummyScene and adding to LoginMenu
23:24:49.251 [JavaFX Application Thread] DEBUG PrimaryStageWindow   - FXGLMainMenuDummyScene -> LoginMenu
23:24:49.665 [FXGL Background Thread 2 ] INFO  UpdaterService       - Your current version:  17.2
23:24:49.665 [FXGL Background Thread 2 ] INFO  UpdaterService       - Latest stable version: 21.1
23:24:52.141 [FXGL Background Thread 3 ] DEBUG Engine               - Logging environment variables
23:24:52.141 [FXGL Background Thread 3 ] DEBUG Engine               - achievements: []
23:24:52.141 [FXGL Background Thread 3 ] DEBUG Engine               - actualHeight: 864.0
23:24:52.141 [FXGL Background Thread 3 ] DEBUG Engine               - actualHeightProperty: ReadOnlyDoubleProperty [value: 864.0]
23:24:52.141 [FXGL Background Thread 3 ] DEBUG Engine               - actualWidth: 1536.0
23:24:52.141 [FXGL Background Thread 3 ] DEBUG Engine               - actualWidthProperty: ReadOnlyDoubleProperty [value: 1536.0]
23:24:52.142 [FXGL Background Thread 3 ] DEBUG Engine               - appIcon: fxgl_icon.png
23:24:52.142 [FXGL Background Thread 3 ] DEBUG Engine               - applicationMode: DEVELOPER
23:24:52.142 [FXGL Background Thread 3 ] DEBUG Engine               - cSSList: [fxgl_dark.css]
23:24:52.142 [FXGL Background Thread 3 ] DEBUG Engine               - collisionDetectionStrategy: BRUTE_FORCE
23:24:52.142 [FXGL Background Thread 3 ] DEBUG Engine               - configClass: Optional.empty
23:24:52.142 [FXGL Background Thread 3 ] DEBUG Engine               - credits: []
23:24:52.142 [FXGL Background Thread 3 ] DEBUG Engine               - defaultCursor: CursorInfo(imageName=fxgl_default_cursor.png, hotspotX=7.0, hotspotY=6.0)
23:24:52.142 [FXGL Background Thread 3 ] DEBUG Engine               - devBBoxColorProperty: ObjectProperty [value: 0xff0000ff]
23:24:52.142 [FXGL Background Thread 3 ] DEBUG Engine               - devEnableDebugCameraProperty: BooleanProperty [value: false]
23:24:52.142 [FXGL Background Thread 3 ] DEBUG Engine               - devSensorColorProperty: ObjectProperty [value: 0xffff00ff]
23:24:52.143 [FXGL Background Thread 3 ] DEBUG Engine               - devShowBBoxProperty: BooleanProperty [value: false]
23:24:52.143 [FXGL Background Thread 3 ] DEBUG Engine               - devShowPositionProperty: BooleanProperty [value: false]
23:24:52.143 [FXGL Background Thread 3 ] DEBUG Engine               - enabledMenuItems: []
23:24:52.143 [FXGL Background Thread 3 ] DEBUG Engine               - engineServices: [class com.almasb.fxgl.app.services.FXGLAssetLoaderService, class com.almasb.fxgl.app.FXGLApplication$GameApplicationService, class com.almasb.fxgl.app.services.FXGLDialogService, class com.almasb.fxgl.app.services.IOTaskExecutorService, class com.almasb.fxgl.io.FileSystemService, class com.almasb.fxgl.localization.LocalizationService, class com.almasb.fxgl.app.services.SystemBundleService, class com.almasb.fxgl.profile.SaveLoadService, class com.almasb.fxgl.ui.FXGLUIFactoryServiceProvider, class com.almasb.fxgl.ui.FXGLDialogFactoryServiceProvider, class com.almasb.fxgl.audio.AudioPlayer, class com.almasb.fxgl.notification.impl.NotificationServiceProvider, class com.almasb.fxgl.achievement.AchievementService, class com.almasb.fxgl.cutscene.CutsceneService, class com.almasb.fxgl.minigames.MiniGameService, class com.almasb.fxgl.net.NetService, class com.almasb.fxgl.app.services.UpdaterService, class com.almasb.fxgl.dev.DevService]
23:24:52.143 [FXGL Background Thread 3 ] DEBUG Engine               - fontGame: Abel-Regular.ttf
23:24:52.143 [FXGL Background Thread 3 ] DEBUG Engine               - fontMono: TerminalLandMono-Regular.otf
23:24:52.143 [FXGL Background Thread 3 ] DEBUG Engine               - fontText: Courier-Prime.ttf
23:24:52.143 [FXGL Background Thread 3 ] DEBUG Engine               - fontUI: VarelaRound-Regular.ttf
23:24:52.143 [FXGL Background Thread 3 ] DEBUG Engine               - fullScreen: BooleanProperty [value: true]
23:24:52.143 [FXGL Background Thread 3 ] DEBUG Engine               - gameDifficulty: MEDIUM
23:24:52.143 [FXGL Background Thread 3 ] DEBUG Engine               - gameDifficultyProperty: ObjectProperty [value: MEDIUM]
23:24:52.143 [FXGL Background Thread 3 ] DEBUG Engine               - globalMusicVolume: 0.5
23:24:52.143 [FXGL Background Thread 3 ] DEBUG Engine               - globalMusicVolumeProperty: DoubleProperty [value: 0.5]
23:24:52.143 [FXGL Background Thread 3 ] DEBUG Engine               - globalSoundVolume: 0.5
23:24:52.143 [FXGL Background Thread 3 ] DEBUG Engine               - globalSoundVolumeProperty: DoubleProperty [value: 0.5]
23:24:52.143 [FXGL Background Thread 3 ] DEBUG Engine               - height: 1080
23:24:52.143 [FXGL Background Thread 3 ] DEBUG Engine               - is3D: false
23:24:52.143 [FXGL Background Thread 3 ] DEBUG Engine               - isAndroid: false
23:24:52.144 [FXGL Background Thread 3 ] DEBUG Engine               - isBrowser: false
23:24:52.144 [FXGL Background Thread 3 ] DEBUG Engine               - isClickFeedbackEnabled: false
23:24:52.144 [FXGL Background Thread 3 ] DEBUG Engine               - isCloseConfirmation: false
23:24:52.144 [FXGL Background Thread 3 ] DEBUG Engine               - isDesktop: true
23:24:52.144 [FXGL Background Thread 3 ] DEBUG Engine               - isDeveloperMenuEnabled: false
23:24:52.144 [FXGL Background Thread 3 ] DEBUG Engine               - isEmbedded: false
23:24:52.144 [FXGL Background Thread 3 ] DEBUG Engine               - isEntityPreloadEnabled: true
23:24:52.144 [FXGL Background Thread 3 ] DEBUG Engine               - isExperimentalTiledLargeMap: false
23:24:52.144 [FXGL Background Thread 3 ] DEBUG Engine               - isFileSystemWriteAllowed: true
23:24:52.144 [FXGL Background Thread 3 ] DEBUG Engine               - isFullScreenAllowed: true
23:24:52.144 [FXGL Background Thread 3 ] DEBUG Engine               - isFullScreenFromStart: true
23:24:52.144 [FXGL Background Thread 3 ] DEBUG Engine               - isGameMenuEnabled: true
23:24:52.144 [FXGL Background Thread 3 ] DEBUG Engine               - isIOS: false
23:24:52.144 [FXGL Background Thread 3 ] DEBUG Engine               - isIntroEnabled: false
23:24:52.144 [FXGL Background Thread 3 ] DEBUG Engine               - isLinux: false
23:24:52.144 [FXGL Background Thread 3 ] DEBUG Engine               - isMac: false
23:24:52.144 [FXGL Background Thread 3 ] DEBUG Engine               - isMainMenuEnabled: true
23:24:52.144 [FXGL Background Thread 3 ] DEBUG Engine               - isManualResizeEnabled: false
23:24:52.144 [FXGL Background Thread 3 ] DEBUG Engine               - isMobile: false
23:24:52.144 [FXGL Background Thread 3 ] DEBUG Engine               - isNative: false
23:24:52.145 [FXGL Background Thread 3 ] DEBUG Engine               - isPauseMusicWhenMinimized: true
23:24:52.145 [FXGL Background Thread 3 ] DEBUG Engine               - isPreserveResizeRatio: false
23:24:52.145 [FXGL Background Thread 3 ] DEBUG Engine               - isProfilingEnabled: false
23:24:52.145 [FXGL Background Thread 3 ] DEBUG Engine               - isScaleAffectedOnResize: true
23:24:52.145 [FXGL Background Thread 3 ] DEBUG Engine               - isSingleStep: false
23:24:52.145 [FXGL Background Thread 3 ] DEBUG Engine               - isUserProfileEnabled: false
23:24:52.145 [FXGL Background Thread 3 ] DEBUG Engine               - isWindows: true
23:24:52.145 [FXGL Background Thread 3 ] DEBUG Engine               - language: ObjectProperty [value: ENGLISH]
23:24:52.145 [FXGL Background Thread 3 ] DEBUG Engine               - menuKey: ESCAPE
23:24:52.145 [FXGL Background Thread 3 ] DEBUG Engine               - mouseSensitivity: 0.2
23:24:52.145 [FXGL Background Thread 3 ] DEBUG Engine               - notificationViewClass: class com.almasb.fxgl.notification.view.XboxNotificationView
23:24:52.145 [FXGL Background Thread 3 ] DEBUG Engine               - pixelsPerMeter: 50.0
23:24:52.145 [FXGL Background Thread 3 ] DEBUG Engine               - platform: WINDOWS
23:24:52.145 [FXGL Background Thread 3 ] DEBUG Engine               - prefHeightProperty: ReadOnlyDoubleProperty [value: 1080.0]
23:24:52.145 [FXGL Background Thread 3 ] DEBUG Engine               - prefWidthProperty: ReadOnlyDoubleProperty [value: 1920.0]
23:24:52.145 [FXGL Background Thread 3 ] DEBUG Engine               - profileDir: profiles/
23:24:52.145 [FXGL Background Thread 3 ] DEBUG Engine               - profileName: StringProperty [value: DEFAULT]
23:24:52.145 [FXGL Background Thread 3 ] DEBUG Engine               - randomSeed: -1
23:24:52.146 [FXGL Background Thread 3 ] DEBUG Engine               - runtimeInfo: RuntimeInfo(platform=WINDOWS, version=17.2, build=20.08.2022 16.50)
23:24:52.146 [FXGL Background Thread 3 ] DEBUG Engine               - saveFileExt: sav
23:24:52.146 [FXGL Background Thread 3 ] DEBUG Engine               - scaledHeightProp$fxgl: DoubleProperty [bound, value: 864.0]
23:24:52.146 [FXGL Background Thread 3 ] DEBUG Engine               - scaledWidthProp$fxgl: DoubleProperty [bound, value: 1536.0]
23:24:52.146 [FXGL Background Thread 3 ] DEBUG Engine               - sceneFactory: com.example.cookingina.CookingInaMain$1@2182ead6
23:24:52.146 [FXGL Background Thread 3 ] DEBUG Engine               - secondsIn24h: 60
23:24:52.146 [FXGL Background Thread 3 ] DEBUG Engine               - soundMenuBack: menu/back.wav
23:24:52.146 [FXGL Background Thread 3 ] DEBUG Engine               - soundMenuPress: menu/press.wav
23:24:52.146 [FXGL Background Thread 3 ] DEBUG Engine               - soundMenuSelect: menu/select.wav
23:24:52.146 [FXGL Background Thread 3 ] DEBUG Engine               - soundNotification: core/notification.wav
23:24:52.146 [FXGL Background Thread 3 ] DEBUG Engine               - stageStyle: DECORATED
23:24:52.146 [FXGL Background Thread 3 ] DEBUG Engine               - supportedLanguages: [ENGLISH, FRENCH, GERMAN, HUNGARIAN, RUSSIAN]
23:24:52.147 [FXGL Background Thread 3 ] DEBUG Engine               - ticksPerSecond: -1
23:24:52.147 [FXGL Background Thread 3 ] DEBUG Engine               - title: CookingIna
23:24:52.147 [FXGL Background Thread 3 ] DEBUG Engine               - urlGithub: https://github.com/AlmasB/FXGL
23:24:52.147 [FXGL Background Thread 3 ] DEBUG Engine               - urlLeaderboard: http://fxgl-top.herokuapp.com/
23:24:52.147 [FXGL Background Thread 3 ] DEBUG Engine               - urlPOM: https://raw.githubusercontent.com/AlmasB/FXGL/release/README.md
23:24:52.147 [FXGL Background Thread 3 ] DEBUG Engine               - userAppClass: class com.example.cookingina.CookingInaMain
23:24:52.147 [FXGL Background Thread 3 ] DEBUG Engine               - version: 0.1
23:24:52.147 [FXGL Background Thread 3 ] DEBUG Engine               - versionCheckDays: 7
23:24:52.147 [FXGL Background Thread 3 ] DEBUG Engine               - width: 1920
23:24:52.147 [FXGL Background Thread 3 ] DEBUG Engine               - Logging services
23:24:52.147 [FXGL Background Thread 3 ] DEBUG Engine               - class com.almasb.fxgl.app.services.FXGLAssetLoaderService
23:24:52.147 [FXGL Background Thread 3 ] DEBUG Engine               - class com.almasb.fxgl.app.FXGLApplication$GameApplicationService
23:24:52.147 [FXGL Background Thread 3 ] DEBUG Engine               - class com.almasb.fxgl.app.services.FXGLDialogService
23:24:52.147 [FXGL Background Thread 3 ] DEBUG Engine               - class com.almasb.fxgl.app.services.IOTaskExecutorService
23:24:52.147 [FXGL Background Thread 3 ] DEBUG Engine               - class com.almasb.fxgl.io.FileSystemService
23:24:52.147 [FXGL Background Thread 3 ] DEBUG Engine               - class com.almasb.fxgl.localization.LocalizationService
23:24:52.147 [FXGL Background Thread 3 ] DEBUG Engine               - class com.almasb.fxgl.app.services.SystemBundleService
23:24:52.147 [FXGL Background Thread 3 ] DEBUG Engine               - class com.almasb.fxgl.profile.SaveLoadService
23:24:52.147 [FXGL Background Thread 3 ] DEBUG Engine               - class com.almasb.fxgl.ui.FXGLUIFactoryServiceProvider
23:24:52.147 [FXGL Background Thread 3 ] DEBUG Engine               - class com.almasb.fxgl.ui.FXGLDialogFactoryServiceProvider
23:24:52.147 [FXGL Background Thread 3 ] DEBUG Engine               - class com.almasb.fxgl.audio.AudioPlayer
23:24:52.147 [FXGL Background Thread 3 ] DEBUG Engine               - class com.almasb.fxgl.notification.impl.NotificationServiceProvider
23:24:52.147 [FXGL Background Thread 3 ] DEBUG Engine               - class com.almasb.fxgl.achievement.AchievementService
23:24:52.147 [FXGL Background Thread 3 ] DEBUG Engine               - class com.almasb.fxgl.cutscene.CutsceneService
23:24:52.147 [FXGL Background Thread 3 ] DEBUG Engine               - class com.almasb.fxgl.minigames.MiniGameService
23:24:52.147 [FXGL Background Thread 3 ] DEBUG Engine               - class com.almasb.fxgl.net.NetService
23:24:52.148 [FXGL Background Thread 3 ] DEBUG Engine               - class com.almasb.fxgl.app.services.UpdaterService
23:24:52.148 [FXGL Background Thread 3 ] DEBUG Engine               - class com.almasb.fxgl.dev.DevService
23:24:55.130 [JavaFX Application Thread] DEBUG GameApplicationServi - Starting new game
23:24:55.130 [JavaFX Application Thread] DEBUG PrimaryStageWindow   - Pop state: LoginMenu
23:24:55.130 [JavaFX Application Thread] DEBUG Input                - Clearing active input actions
23:24:55.131 [JavaFX Application Thread] DEBUG GameApplicationServi - Removing overlay from LoginMenu and adding to FXGLMainMenuDummyScene
23:24:55.131 [JavaFX Application Thread] DEBUG PrimaryStageWindow   - FXGLMainMenuDummyScene <- LoginMenu
23:24:55.131 [JavaFX Application Thread] DEBUG Input                - Clearing active input actions
23:24:55.136 [JavaFX Application Thread] DEBUG GameApplicationServi - Removing overlay from FXGLMainMenuDummyScene and adding to FXGLLoadingScene
23:24:55.136 [JavaFX Application Thread] DEBUG PrimaryStageWindow   - FXGLMainMenuDummyScene -> FXGLLoadingScene
23:24:55.136 [JavaFX Application Thread] DEBUG GameApplicationServi - Clearing previous game
23:24:55.136 [JavaFX Application Thread] DEBUG GameScene            - Clearing game scene
23:24:55.136 [JavaFX Application Thread] DEBUG GameWorld            - Clearing game world
23:24:55.136 [JavaFX Application Thread] DEBUG PhysicsWorld         - Clearing physics world
23:24:55.138 [JavaFX Application Thread] WARN  PrimaryStageWindow   - Cannot pop substate. Probably because substates are empty!
23:24:55.138 [FXGL Background Thread 2 ] DEBUG FXGLApplication      - Initializing game
23:24:55.138 [JavaFX Application Thread] DEBUG LoopRunner           - Resuming loop
23:24:55.139 [FXGL Background Thread 2 ] DEBUG FXGLAssetLoaderServi - Loading from file system: file:/C:/Users/austi/IdeaProjects/Cooking-Ina-Ang-Sarap-1/CookingIna/target/classes/assets/textures/final_background.png
23:24:55.182 [FXGL Background Thread 2 ] DEBUG FXGLAssetLoaderServi - Loading from file system: file:/C:/Users/austi/IdeaProjects/Cooking-Ina-Ang-Sarap-1/CookingIna/target/classes/assets/textures/assets.png
23:24:55.230 [FXGL Background Thread 2 ] DEBUG FXGLAssetLoaderServi - Loading from file system: file:/C:/Users/austi/IdeaProjects/Cooking-Ina-Ang-Sarap-1/CookingIna/target/classes/assets/textures/frying_pan.png
23:24:55.275 [FXGL Background Thread 2 ] DEBUG FXGLAssetLoaderServi - Loading from file system: file:/C:/Users/austi/IdeaProjects/Cooking-Ina-Ang-Sarap-1/CookingIna/target/classes/assets/textures/papertray.png
23:24:55.328 [FXGL Background Thread 2 ] DEBUG FXGLAssetLoaderServi - Loading from file system: file:/C:/Users/austi/IdeaProjects/Cooking-Ina-Ang-Sarap-1/CookingIna/target/classes/assets/textures/papertray.png
23:24:55.372 [FXGL Background Thread 2 ] DEBUG FXGLAssetLoaderServi - Loading from file system: file:/C:/Users/austi/IdeaProjects/Cooking-Ina-Ang-Sarap-1/CookingIna/target/classes/assets/textures/ice_crusher.png
23:24:55.434 [FXGL Background Thread 2 ] DEBUG FXGLAssetLoaderServi - Loading from file system: file:/C:/Users/austi/IdeaProjects/Cooking-Ina-Ang-Sarap-1/CookingIna/target/classes/assets/textures/trash_open.png
23:24:55.459 [FXGL Background Thread 2 ] DEBUG FXGLAssetLoaderServi - Loading from file system: file:/C:/Users/austi/IdeaProjects/Cooking-Ina-Ang-Sarap-1/CookingIna/target/classes/assets/textures/cucumberGarnish_container.png
23:24:55.492 [FXGL Background Thread 2 ] DEBUG FXGLAssetLoaderServi - Loading from file system: file:/C:/Users/austi/IdeaProjects/Cooking-Ina-Ang-Sarap-1/CookingIna/target/classes/assets/textures/gusoGarnish_container.png
23:24:55.525 [FXGL Background Thread 2 ] DEBUG FXGLAssetLoaderServi - Loading from file system: file:/C:/Users/austi/IdeaProjects/Cooking-Ina-Ang-Sarap-1/CookingIna/target/classes/assets/textures/spicy_sauce.png
23:24:55.539 [FXGL Background Thread 2 ] DEBUG FXGLAssetLoaderServi - Loading from file system: file:/C:/Users/austi/IdeaProjects/Cooking-Ina-Ang-Sarap-1/CookingIna/target/classes/assets/textures/sweet_sauce.png
23:24:55.561 [FXGL Background Thread 2 ] INFO  FXGLApplication      - Game initialization took: 0.423 sec
23:24:55.562 [JavaFX Application Thread] DEBUG Input                - Clearing active input actions
23:24:55.567 [JavaFX Application Thread] DEBUG GameApplicationServi - Removing overlay from FXGLLoadingScene and adding to GameScene
23:24:55.567 [JavaFX Application Thread] DEBUG PrimaryStageWindow   - FXGLLoadingScene -> GameScene
23:24:56.792 [JavaFX Application Thread] DEBUG FXGLAssetLoaderServi - Loading from file system: file:/C:/Users/austi/IdeaProjects/Cooking-Ina-Ang-Sarap-1/CookingIna/target/classes/assets/textures/customer_image.png
23:25:10.101 [JavaFX Application Thread] DEBUG FXGLAssetLoaderServi - Loading from file system: file:/C:/Users/austi/IdeaProjects/Cooking-Ina-Ang-Sarap-1/CookingIna/target/classes/assets/textures/cooked_quekquek.png
23:25:10.119 [JavaFX Application Thread] DEBUG FXGLAssetLoaderServi - Loading from file system: file:/C:/Users/austi/IdeaProjects/Cooking-Ina-Ang-Sarap-1/CookingIna/target/classes/assets/textures/mango_ready.png
23:25:17.604 [JavaFX Application Thread] DEBUG FXGLAssetLoaderServi - Loading from file system: file:/C:/Users/austi/IdeaProjects/Cooking-Ina-Ang-Sarap-1/CookingIna/target/classes/assets/textures/calamansijuice_finishedproduct.png
23:25:17.619 [JavaFX Application Thread] DEBUG FXGLAssetLoaderServi - Loading from file system: file:/C:/Users/austi/IdeaProjects/Cooking-Ina-Ang-Sarap-1/CookingIna/target/classes/assets/textures/bukojuice_finishedproduct.png
23:25:27.732 [JavaFX Application Thread] DEBUG FXGLAssetLoaderServi - Loading from file system: file:/C:/Users/austi/IdeaProjects/Cooking-Ina-Ang-Sarap-1/CookingIna/target/classes/assets/textures/cooked_tempura.png
23:25:31.564 [JavaFX Application Thread] DEBUG FXGLApplication      - Exiting FXGL
23:25:31.564 [JavaFX Application Thread] DEBUG LoopRunner           - Stopping loop
23:25:31.564 [JavaFX Application Thread] DEBUG SystemBundleService  - Saving FXGL system data
23:25:31.566 [JavaFX Application Thread] DEBUG FileSystemAccess     - Writing to: C:\Users\austi\IdeaProjects\Cooking-Ina-Ang-Sarap-1\system\fxgl.bundle
23:25:31.568 [JavaFX Application Thread] DEBUG Async                - Shutting down background threads
23:25:31.568 [JavaFX Application Thread] DEBUG PrimaryStageWindow   - Closing main window
23:25:31.612 [JavaFX Application Thread] DEBUG Logger               - Closing Logger
