08:13:02.251 [main                     ] DEBUG Logger               - Configured Logger
08:13:02.258 [main                     ] DEBUG GameApplication      - Logging settings
Title: CookingIna
Version: 0.1
Width: 1920
Height: 1080
Fullscreen: true
Intro: false
Profiling: false
Single step:false
App Mode: DEVELOPER
Menu Key: ESCAPE
Stage Style: DECORATED
Scene Factory: class com.example.cookingina.CookingInaMain$1

08:13:03.182 [JavaFX Application Thread] DEBUG FXGLApplication      - Initializing FXGL
08:13:03.185 [JavaFX Application Thread] INFO  Engine               - FXGL-17.2 (20.08.2022 16.50) on WINDOWS (J:24.0.1 FX:20)
08:13:03.185 [JavaFX Application Thread] DEBUG Engine               - JRE Vendor Name: Oracle Corporation
08:13:03.185 [JavaFX Application Thread] DEBUG Engine               - Running on OS: Windows 11 version 10.0
08:13:03.186 [JavaFX Application Thread] DEBUG Engine               - Architecture: amd64
08:13:03.186 [JavaFX Application Thread] INFO  Engine               - Source code and latest versions at: https://github.com/AlmasB/FXGL
08:13:03.186 [JavaFX Application Thread] INFO  Engine               -       Ask questions and discuss at: https://github.com/AlmasB/FXGL/discussions
08:13:03.186 [JavaFX Application Thread] INFO  Engine               -              Join the FXGL chat at: https://gitter.im/AlmasB/FXGL
08:13:03.302 [JavaFX Application Thread] DEBUG PrimaryStageWindow   - Creating a JavaFX scene
08:13:03.357 [JavaFX Application Thread] DEBUG PrimaryStageWindow   - Target settings size: 1920.0 x 1080.0
08:13:03.357 [JavaFX Application Thread] DEBUG PrimaryStageWindow   - Scaled scene size:    1920.0 x 1080.0
08:13:03.357 [JavaFX Application Thread] DEBUG PrimaryStageWindow   - Scaled ratio: (1.0, 1.0)
08:13:03.358 [JavaFX Application Thread] DEBUG PrimaryStageWindow   - Set initial scene to FXGLStartupScene
08:13:03.365 [JavaFX Application Thread] DEBUG PrimaryStageWindow   - Opening main window
08:13:03.470 [JavaFX Application Thread] DEBUG PrimaryStageWindow   - Window border size: (16.0, 39.0)
08:13:03.470 [JavaFX Application Thread] DEBUG PrimaryStageWindow   - Scaled size: 1920.0 x 1080.0
08:13:03.470 [JavaFX Application Thread] DEBUG PrimaryStageWindow   - Scaled ratio: (1.0, 1.0)
08:13:03.470 [JavaFX Application Thread] DEBUG PrimaryStageWindow   - Scene size: 1920.0 x 1080.0
08:13:03.470 [JavaFX Application Thread] DEBUG PrimaryStageWindow   - Stage size: 1936.0 x 1119.0
08:13:03.570 [JavaFX Application Thread] DEBUG PrimaryStageWindow   - Going fullscreen
08:13:03.579 [FXGL Background Thread 1 ] DEBUG Engine               - Initializing environment variables
08:13:03.617 [FXGL Background Thread 1 ] DEBUG FXGLAssetLoaderServi - User app class for loading assets: class com.example.cookingina.CookingInaMain
08:13:03.618 [FXGL Background Thread 1 ] DEBUG GameApplicationServi - Applying CSS: fxgl_dark.css
08:13:03.618 [FXGL Background Thread 1 ] DEBUG FXGLAssetLoaderServi - Loading from file system: jar:file:///C:/Users/austi/.m2/repository/com/github/almasb/fxgl/17.2/fxgl-17.2.jar!/fxglassets/ui/css/fxgl_dark.css
08:13:03.666 [FXGL Background Thread 1 ] DEBUG GameApplicationServi - Initializing application scenes
08:13:03.711 [FXGL Background Thread 1 ] DEBUG GameWorld            - Game world initialized
08:13:03.766 [FXGL Background Thread 1 ] DEBUG PhysicsWorld         - Physics world initialized: appHeight=1080, physics.ppm=50.0
08:13:03.766 [FXGL Background Thread 1 ] DEBUG PhysicsWorld         - Using strategy: BRUTE_FORCE
08:13:03.769 [FXGL Background Thread 1 ] DEBUG GameScene            - Game scene initialized: 1920x1080
08:13:03.784 [FXGL Background Thread 1 ] DEBUG FXGL.DefaultMenu     - createMenuBodyGameMenu()
08:13:03.794 [FXGL Background Thread 1 ] DEBUG FXGL.DefaultMenu     - createOptionsMenu()
08:13:03.805 [FXGL Background Thread 1 ] DEBUG FXGLAssetLoaderServi - Loading from file system: jar:file:///C:/Users/austi/.m2/repository/com/github/almasb/fxgl/17.2/fxgl-17.2.jar!/fxglassets/textures/particles/smoke.png
08:13:03.903 [FXGL Background Thread 1 ] DEBUG FXGLAssetLoaderServi - Loading from file system: jar:file:///C:/Users/austi/.m2/repository/com/github/almasb/fxgl/17.2/fxgl-17.2.jar!/fxglassets/textures/particles/trace_horizontal.png
08:13:03.926 [FXGL Background Thread 1 ] DEBUG GameApplicationServi - Application scenes initialized
08:13:03.938 [FXGL Background Thread 1 ] DEBUG SystemBundleService  - Loading FXGL system data
08:13:03.940 [FXGL Background Thread 1 ] DEBUG FileSystemAccess     - Reading from: C:\Users\austi\IdeaProjects\Cooking-Ina-Ang-Sarap-4\system\fxgl.bundle
08:13:03.942 [FXGL Background Thread 1 ] DEBUG SystemBundleService  - Bundle FXGL: {}
08:13:03.942 [FXGL Background Thread 1 ] DEBUG UpdaterService       - Checking for updates
08:13:03.948 [FXGL Background Thread 1 ] DEBUG FXGLApplication      - Loading default localization
08:13:03.948 [FXGL Background Thread 4 ] DEBUG FXGLApplication      - Loading fonts
08:13:03.948 [FXGL Background Thread 4 ] DEBUG FXGLAssetLoaderServi - Loading from file system: jar:file:///C:/Users/austi/.m2/repository/com/github/almasb/fxgl/17.2/fxgl-17.2.jar!/fxglassets/ui/fonts/VarelaRound-Regular.ttf
08:13:03.948 [FXGL Background Thread 1 ] DEBUG FXGLAssetLoaderServi - Loading from file system: jar:file:///C:/Users/austi/.m2/repository/com/github/almasb/fxgl/17.2/fxgl-17.2.jar!/fxglassets/languages/english.lang
08:13:03.959 [FXGL Background Thread 4 ] DEBUG FXGLAssetLoaderServi - Loading from file system: jar:file:///C:/Users/austi/.m2/repository/com/github/almasb/fxgl/17.2/fxgl-17.2.jar!/fxglassets/ui/fonts/Abel-Regular.ttf
08:13:03.964 [FXGL Background Thread 4 ] DEBUG FXGLAssetLoaderServi - Loading from file system: jar:file:///C:/Users/austi/.m2/repository/com/github/almasb/fxgl/17.2/fxgl-17.2.jar!/fxglassets/ui/fonts/TerminalLandMono-Regular.otf
08:13:03.969 [FXGL Background Thread 4 ] DEBUG FXGLAssetLoaderServi - Loading from file system: jar:file:///C:/Users/austi/.m2/repository/com/github/almasb/fxgl/17.2/fxgl-17.2.jar!/fxglassets/ui/fonts/Courier-Prime.ttf
08:13:03.970 [FXGL Background Thread 1 ] INFO  FXGLApplication      - FXGL initialization took: 0.392 sec
08:13:03.980 [JavaFX Application Thread] DEBUG Input                - Registered new binding: Toggle debug - F1
08:13:03.980 [JavaFX Application Thread] DEBUG FXGLAssetLoaderServi - Loading from file system: jar:file:///C:/Users/austi/.m2/repository/com/github/almasb/fxgl/17.2/fxgl-17.2.jar!/fxglassets/textures/fxgl_icon.png
08:13:03.996 [JavaFX Application Thread] DEBUG FXGLAssetLoaderServi - Loading from file system: jar:file:///C:/Users/austi/.m2/repository/com/github/almasb/fxgl/17.2/fxgl-17.2.jar!/fxglassets/textures/fxgl_default_cursor.png
08:13:04.004 [JavaFX Application Thread] DEBUG Input                - Registered new binding: Screenshot - CTRL+8
08:13:04.005 [JavaFX Application Thread] DEBUG Input                - Registered new binding: System info dump - CTRL+9
08:13:04.005 [JavaFX Application Thread] DEBUG Input                - Registered new binding: Restart - CTRL+R
08:13:04.007 [JavaFX Application Thread] DEBUG Input                - Registered new binding: Toggle Debug Camera - CTRL+7
08:13:04.013 [JavaFX Application Thread] DEBUG LoopRunner           - Starting loop
08:13:04.013 [JavaFX Application Thread] DEBUG LoopRunner           - Initializing JavaFX AnimationTimerLoop
08:13:04.016 [JavaFX Application Thread] DEBUG Input                - Clearing active input actions
08:13:04.025 [JavaFX Application Thread] DEBUG GameApplicationServi - Removing overlay from FXGLStartupScene and adding to FXGLMainMenuDummyScene
08:13:04.028 [JavaFX Application Thread] DEBUG PrimaryStageWindow   - FXGLStartupScene -> FXGLMainMenuDummyScene
08:13:04.028 [JavaFX Application Thread] DEBUG PrimaryStageWindow   - Push state: MainMenu
08:13:04.028 [JavaFX Application Thread] DEBUG Input                - Clearing active input actions
08:13:04.032 [JavaFX Application Thread] DEBUG GameApplicationServi - Removing overlay from FXGLMainMenuDummyScene and adding to MainMenu
08:13:04.033 [JavaFX Application Thread] DEBUG PrimaryStageWindow   - FXGLMainMenuDummyScene -> MainMenu
08:13:04.034 [JavaFX Application Thread] DEBUG FXGLApplication      - Registering font factories with UI factory
08:13:04.559 [FXGL Background Thread 2 ] INFO  UpdaterService       - Your current version:  17.2
08:13:04.560 [FXGL Background Thread 2 ] INFO  UpdaterService       - Latest stable version: 21.1
08:13:06.947 [FXGL Background Thread 3 ] DEBUG Engine               - Logging environment variables
08:13:06.947 [FXGL Background Thread 3 ] DEBUG Engine               - achievements: []
08:13:06.947 [FXGL Background Thread 3 ] DEBUG Engine               - actualHeight: 1080.0
08:13:06.948 [FXGL Background Thread 3 ] DEBUG Engine               - actualHeightProperty: ReadOnlyDoubleProperty [value: 1080.0]
08:13:06.948 [FXGL Background Thread 3 ] DEBUG Engine               - actualWidth: 1920.0
08:13:06.948 [FXGL Background Thread 3 ] DEBUG Engine               - actualWidthProperty: ReadOnlyDoubleProperty [value: 1920.0]
08:13:06.948 [FXGL Background Thread 3 ] DEBUG Engine               - appIcon: fxgl_icon.png
08:13:06.948 [FXGL Background Thread 3 ] DEBUG Engine               - applicationMode: DEVELOPER
08:13:06.948 [FXGL Background Thread 3 ] DEBUG Engine               - cSSList: [fxgl_dark.css]
08:13:06.948 [FXGL Background Thread 3 ] DEBUG Engine               - collisionDetectionStrategy: BRUTE_FORCE
08:13:06.948 [FXGL Background Thread 3 ] DEBUG Engine               - configClass: Optional.empty
08:13:06.948 [FXGL Background Thread 3 ] DEBUG Engine               - credits: []
08:13:06.948 [FXGL Background Thread 3 ] DEBUG Engine               - defaultCursor: CursorInfo(imageName=fxgl_default_cursor.png, hotspotX=7.0, hotspotY=6.0)
08:13:06.948 [FXGL Background Thread 3 ] DEBUG Engine               - devBBoxColorProperty: ObjectProperty [value: 0xff0000ff]
08:13:06.949 [FXGL Background Thread 3 ] DEBUG Engine               - devEnableDebugCameraProperty: BooleanProperty [value: false]
08:13:06.949 [FXGL Background Thread 3 ] DEBUG Engine               - devSensorColorProperty: ObjectProperty [value: 0xffff00ff]
08:13:06.949 [FXGL Background Thread 3 ] DEBUG Engine               - devShowBBoxProperty: BooleanProperty [value: false]
08:13:06.949 [FXGL Background Thread 3 ] DEBUG Engine               - devShowPositionProperty: BooleanProperty [value: false]
08:13:06.949 [FXGL Background Thread 3 ] DEBUG Engine               - enabledMenuItems: []
08:13:06.949 [FXGL Background Thread 3 ] DEBUG Engine               - engineServices: [class com.almasb.fxgl.app.services.FXGLAssetLoaderService, class com.almasb.fxgl.app.FXGLApplication$GameApplicationService, class com.almasb.fxgl.app.services.FXGLDialogService, class com.almasb.fxgl.app.services.IOTaskExecutorService, class com.almasb.fxgl.io.FileSystemService, class com.almasb.fxgl.localization.LocalizationService, class com.almasb.fxgl.app.services.SystemBundleService, class com.almasb.fxgl.profile.SaveLoadService, class com.almasb.fxgl.ui.FXGLUIFactoryServiceProvider, class com.almasb.fxgl.ui.FXGLDialogFactoryServiceProvider, class com.almasb.fxgl.audio.AudioPlayer, class com.almasb.fxgl.notification.impl.NotificationServiceProvider, class com.almasb.fxgl.achievement.AchievementService, class com.almasb.fxgl.cutscene.CutsceneService, class com.almasb.fxgl.minigames.MiniGameService, class com.almasb.fxgl.net.NetService, class com.almasb.fxgl.app.services.UpdaterService, class com.almasb.fxgl.dev.DevService]
08:13:06.949 [FXGL Background Thread 3 ] DEBUG Engine               - fontGame: Abel-Regular.ttf
08:13:06.949 [FXGL Background Thread 3 ] DEBUG Engine               - fontMono: TerminalLandMono-Regular.otf
08:13:06.949 [FXGL Background Thread 3 ] DEBUG Engine               - fontText: Courier-Prime.ttf
08:13:06.949 [FXGL Background Thread 3 ] DEBUG Engine               - fontUI: VarelaRound-Regular.ttf
08:13:06.949 [FXGL Background Thread 3 ] DEBUG Engine               - fullScreen: BooleanProperty [value: true]
08:13:06.949 [FXGL Background Thread 3 ] DEBUG Engine               - gameDifficulty: MEDIUM
08:13:06.949 [FXGL Background Thread 3 ] DEBUG Engine               - gameDifficultyProperty: ObjectProperty [value: MEDIUM]
08:13:06.949 [FXGL Background Thread 3 ] DEBUG Engine               - globalMusicVolume: 0.5
08:13:06.950 [FXGL Background Thread 3 ] DEBUG Engine               - globalMusicVolumeProperty: DoubleProperty [value: 0.5]
08:13:06.950 [FXGL Background Thread 3 ] DEBUG Engine               - globalSoundVolume: 0.5
08:13:06.950 [FXGL Background Thread 3 ] DEBUG Engine               - globalSoundVolumeProperty: DoubleProperty [value: 0.5]
08:13:06.950 [FXGL Background Thread 3 ] DEBUG Engine               - height: 1080
08:13:06.950 [FXGL Background Thread 3 ] DEBUG Engine               - is3D: false
08:13:06.950 [FXGL Background Thread 3 ] DEBUG Engine               - isAndroid: false
08:13:06.950 [FXGL Background Thread 3 ] DEBUG Engine               - isBrowser: false
08:13:06.950 [FXGL Background Thread 3 ] DEBUG Engine               - isClickFeedbackEnabled: false
08:13:06.950 [FXGL Background Thread 3 ] DEBUG Engine               - isCloseConfirmation: false
08:13:06.950 [FXGL Background Thread 3 ] DEBUG Engine               - isDesktop: true
08:13:06.950 [FXGL Background Thread 3 ] DEBUG Engine               - isDeveloperMenuEnabled: false
08:13:06.950 [FXGL Background Thread 3 ] DEBUG Engine               - isEmbedded: false
08:13:06.950 [FXGL Background Thread 3 ] DEBUG Engine               - isEntityPreloadEnabled: true
08:13:06.950 [FXGL Background Thread 3 ] DEBUG Engine               - isExperimentalTiledLargeMap: false
08:13:06.950 [FXGL Background Thread 3 ] DEBUG Engine               - isFileSystemWriteAllowed: true
08:13:06.950 [FXGL Background Thread 3 ] DEBUG Engine               - isFullScreenAllowed: true
08:13:06.950 [FXGL Background Thread 3 ] DEBUG Engine               - isFullScreenFromStart: true
08:13:06.950 [FXGL Background Thread 3 ] DEBUG Engine               - isGameMenuEnabled: true
08:13:06.950 [FXGL Background Thread 3 ] DEBUG Engine               - isIOS: false
08:13:06.951 [FXGL Background Thread 3 ] DEBUG Engine               - isIntroEnabled: false
08:13:06.951 [FXGL Background Thread 3 ] DEBUG Engine               - isLinux: false
08:13:06.951 [FXGL Background Thread 3 ] DEBUG Engine               - isMac: false
08:13:06.951 [FXGL Background Thread 3 ] DEBUG Engine               - isMainMenuEnabled: true
08:13:06.951 [FXGL Background Thread 3 ] DEBUG Engine               - isManualResizeEnabled: false
08:13:06.951 [FXGL Background Thread 3 ] DEBUG Engine               - isMobile: false
08:13:06.951 [FXGL Background Thread 3 ] DEBUG Engine               - isNative: false
08:13:06.951 [FXGL Background Thread 3 ] DEBUG Engine               - isPauseMusicWhenMinimized: true
08:13:06.951 [FXGL Background Thread 3 ] DEBUG Engine               - isPreserveResizeRatio: false
08:13:06.951 [FXGL Background Thread 3 ] DEBUG Engine               - isProfilingEnabled: false
08:13:06.951 [FXGL Background Thread 3 ] DEBUG Engine               - isScaleAffectedOnResize: true
08:13:06.951 [FXGL Background Thread 3 ] DEBUG Engine               - isSingleStep: false
08:13:06.951 [FXGL Background Thread 3 ] DEBUG Engine               - isUserProfileEnabled: false
08:13:06.951 [FXGL Background Thread 3 ] DEBUG Engine               - isWindows: true
08:13:06.951 [FXGL Background Thread 3 ] DEBUG Engine               - language: ObjectProperty [value: ENGLISH]
08:13:06.951 [FXGL Background Thread 3 ] DEBUG Engine               - menuKey: ESCAPE
08:13:06.952 [FXGL Background Thread 3 ] DEBUG Engine               - mouseSensitivity: 0.2
08:13:06.952 [FXGL Background Thread 3 ] DEBUG Engine               - notificationViewClass: class com.almasb.fxgl.notification.view.XboxNotificationView
08:13:06.952 [FXGL Background Thread 3 ] DEBUG Engine               - pixelsPerMeter: 50.0
08:13:06.952 [FXGL Background Thread 3 ] DEBUG Engine               - platform: WINDOWS
08:13:06.952 [FXGL Background Thread 3 ] DEBUG Engine               - prefHeightProperty: ReadOnlyDoubleProperty [value: 1080.0]
08:13:06.952 [FXGL Background Thread 3 ] DEBUG Engine               - prefWidthProperty: ReadOnlyDoubleProperty [value: 1920.0]
08:13:06.952 [FXGL Background Thread 3 ] DEBUG Engine               - profileDir: profiles/
08:13:06.952 [FXGL Background Thread 3 ] DEBUG Engine               - profileName: StringProperty [value: DEFAULT]
08:13:06.952 [FXGL Background Thread 3 ] DEBUG Engine               - randomSeed: -1
08:13:06.952 [FXGL Background Thread 3 ] DEBUG Engine               - runtimeInfo: RuntimeInfo(platform=WINDOWS, version=17.2, build=20.08.2022 16.50)
08:13:06.952 [FXGL Background Thread 3 ] DEBUG Engine               - saveFileExt: sav
08:13:06.952 [FXGL Background Thread 3 ] DEBUG Engine               - scaledHeightProp$fxgl: DoubleProperty [bound, value: 1080.0]
08:13:06.952 [FXGL Background Thread 3 ] DEBUG Engine               - scaledWidthProp$fxgl: DoubleProperty [bound, value: 1920.0]
08:13:06.952 [FXGL Background Thread 3 ] DEBUG Engine               - sceneFactory: com.example.cookingina.CookingInaMain$1@24f99207
08:13:06.952 [FXGL Background Thread 3 ] DEBUG Engine               - secondsIn24h: 60
08:13:06.953 [FXGL Background Thread 3 ] DEBUG Engine               - soundMenuBack: menu/back.wav
08:13:06.953 [FXGL Background Thread 3 ] DEBUG Engine               - soundMenuPress: menu/press.wav
08:13:06.953 [FXGL Background Thread 3 ] DEBUG Engine               - soundMenuSelect: menu/select.wav
08:13:06.953 [FXGL Background Thread 3 ] DEBUG Engine               - soundNotification: core/notification.wav
08:13:06.953 [FXGL Background Thread 3 ] DEBUG Engine               - stageStyle: DECORATED
08:13:06.953 [FXGL Background Thread 3 ] DEBUG Engine               - supportedLanguages: [ENGLISH, FRENCH, GERMAN, HUNGARIAN, RUSSIAN]
08:13:06.953 [FXGL Background Thread 3 ] DEBUG Engine               - ticksPerSecond: -1
08:13:06.953 [FXGL Background Thread 3 ] DEBUG Engine               - title: CookingIna
08:13:06.953 [FXGL Background Thread 3 ] DEBUG Engine               - urlGithub: https://github.com/AlmasB/FXGL
08:13:06.953 [FXGL Background Thread 3 ] DEBUG Engine               - urlLeaderboard: http://fxgl-top.herokuapp.com/
08:13:06.953 [FXGL Background Thread 3 ] DEBUG Engine               - urlPOM: https://raw.githubusercontent.com/AlmasB/FXGL/release/README.md
08:13:06.953 [FXGL Background Thread 3 ] DEBUG Engine               - userAppClass: class com.example.cookingina.CookingInaMain
08:13:06.953 [FXGL Background Thread 3 ] DEBUG Engine               - version: 0.1
08:13:06.953 [FXGL Background Thread 3 ] DEBUG Engine               - versionCheckDays: 7
08:13:06.953 [FXGL Background Thread 3 ] DEBUG Engine               - width: 1920
08:13:06.953 [FXGL Background Thread 3 ] DEBUG Engine               - Logging services
08:13:06.954 [FXGL Background Thread 3 ] DEBUG Engine               - class com.almasb.fxgl.app.services.FXGLAssetLoaderService
08:13:06.954 [FXGL Background Thread 3 ] DEBUG Engine               - class com.almasb.fxgl.app.FXGLApplication$GameApplicationService
08:13:06.954 [FXGL Background Thread 3 ] DEBUG Engine               - class com.almasb.fxgl.app.services.FXGLDialogService
08:13:06.954 [FXGL Background Thread 3 ] DEBUG Engine               - class com.almasb.fxgl.app.services.IOTaskExecutorService
08:13:06.954 [FXGL Background Thread 3 ] DEBUG Engine               - class com.almasb.fxgl.io.FileSystemService
08:13:06.954 [FXGL Background Thread 3 ] DEBUG Engine               - class com.almasb.fxgl.localization.LocalizationService
08:13:06.954 [FXGL Background Thread 3 ] DEBUG Engine               - class com.almasb.fxgl.app.services.SystemBundleService
08:13:06.954 [FXGL Background Thread 3 ] DEBUG Engine               - class com.almasb.fxgl.profile.SaveLoadService
08:13:06.954 [FXGL Background Thread 3 ] DEBUG Engine               - class com.almasb.fxgl.ui.FXGLUIFactoryServiceProvider
08:13:06.954 [FXGL Background Thread 3 ] DEBUG Engine               - class com.almasb.fxgl.ui.FXGLDialogFactoryServiceProvider
08:13:06.954 [FXGL Background Thread 3 ] DEBUG Engine               - class com.almasb.fxgl.audio.AudioPlayer
08:13:06.954 [FXGL Background Thread 3 ] DEBUG Engine               - class com.almasb.fxgl.notification.impl.NotificationServiceProvider
08:13:06.954 [FXGL Background Thread 3 ] DEBUG Engine               - class com.almasb.fxgl.achievement.AchievementService
08:13:06.954 [FXGL Background Thread 3 ] DEBUG Engine               - class com.almasb.fxgl.cutscene.CutsceneService
08:13:06.954 [FXGL Background Thread 3 ] DEBUG Engine               - class com.almasb.fxgl.minigames.MiniGameService
08:13:06.954 [FXGL Background Thread 3 ] DEBUG Engine               - class com.almasb.fxgl.net.NetService
08:13:06.955 [FXGL Background Thread 3 ] DEBUG Engine               - class com.almasb.fxgl.app.services.UpdaterService
08:13:06.955 [FXGL Background Thread 3 ] DEBUG Engine               - class com.almasb.fxgl.dev.DevService
08:13:09.178 [JavaFX Application Thread] DEBUG Menu                 - fireNewGame()
08:13:09.178 [JavaFX Application Thread] DEBUG GameApplicationServi - Starting new game
08:13:09.179 [JavaFX Application Thread] DEBUG PrimaryStageWindow   - Pop state: MainMenu
08:13:09.179 [JavaFX Application Thread] DEBUG Input                - Clearing active input actions
08:13:09.179 [JavaFX Application Thread] DEBUG GameApplicationServi - Removing overlay from MainMenu and adding to FXGLMainMenuDummyScene
08:13:09.180 [JavaFX Application Thread] DEBUG PrimaryStageWindow   - FXGLMainMenuDummyScene <- MainMenu
08:13:09.180 [JavaFX Application Thread] DEBUG Input                - Clearing active input actions
08:13:09.186 [JavaFX Application Thread] DEBUG GameApplicationServi - Removing overlay from FXGLMainMenuDummyScene and adding to FXGLLoadingScene
08:13:09.186 [JavaFX Application Thread] DEBUG PrimaryStageWindow   - FXGLMainMenuDummyScene -> FXGLLoadingScene
08:13:09.186 [JavaFX Application Thread] DEBUG GameApplicationServi - Clearing previous game
08:13:09.186 [JavaFX Application Thread] DEBUG GameScene            - Clearing game scene
08:13:09.186 [JavaFX Application Thread] DEBUG GameWorld            - Clearing game world
08:13:09.186 [JavaFX Application Thread] DEBUG PhysicsWorld         - Clearing physics world
08:13:09.188 [FXGL Background Thread 2 ] DEBUG FXGLApplication      - Initializing game
08:13:09.191 [FXGL Background Thread 2 ] DEBUG FXGLAssetLoaderServi - Loading from file system: file:/C:/Users/austi/IdeaProjects/Cooking-Ina-Ang-Sarap-4/CookingIna/target/classes/assets/textures/final_background.png
08:13:09.253 [FXGL Background Thread 2 ] DEBUG FXGLAssetLoaderServi - Loading from file system: file:/C:/Users/austi/IdeaProjects/Cooking-Ina-Ang-Sarap-4/CookingIna/target/classes/assets/textures/frying_pan.png
08:13:09.310 [FXGL Background Thread 2 ] DEBUG FXGLAssetLoaderServi - Loading from file system: file:/C:/Users/austi/IdeaProjects/Cooking-Ina-Ang-Sarap-4/CookingIna/target/classes/assets/textures/frying_pan.png
08:13:09.351 [FXGL Background Thread 2 ] DEBUG FXGLAssetLoaderServi - Loading from file system: file:/C:/Users/austi/IdeaProjects/Cooking-Ina-Ang-Sarap-4/CookingIna/target/classes/assets/textures/papertray.png
08:13:09.377 [FXGL Background Thread 2 ] DEBUG FXGLAssetLoaderServi - Loading from file system: file:/C:/Users/austi/IdeaProjects/Cooking-Ina-Ang-Sarap-4/CookingIna/target/classes/assets/textures/papertray.png
08:13:09.403 [FXGL Background Thread 2 ] DEBUG FXGLAssetLoaderServi - Loading from file system: file:/C:/Users/austi/IdeaProjects/Cooking-Ina-Ang-Sarap-4/CookingIna/target/classes/assets/textures/rawQuekquek_container.png
08:13:09.426 [FXGL Background Thread 2 ] DEBUG FXGLAssetLoaderServi - Loading from file system: file:/C:/Users/austi/IdeaProjects/Cooking-Ina-Ang-Sarap-4/CookingIna/target/classes/assets/textures/rawHotdog_container.png
08:13:09.447 [FXGL Background Thread 2 ] DEBUG FXGLAssetLoaderServi - Loading from file system: file:/C:/Users/austi/IdeaProjects/Cooking-Ina-Ang-Sarap-4/CookingIna/target/classes/assets/textures/calamansiJuice_dispenser.png
08:13:09.468 [FXGL Background Thread 2 ] DEBUG FXGLAssetLoaderServi - Loading from file system: file:/C:/Users/austi/IdeaProjects/Cooking-Ina-Ang-Sarap-4/CookingIna/target/classes/assets/textures/bukoJuice_dispenser.png
08:13:09.482 [FXGL Background Thread 2 ] DEBUG FXGLAssetLoaderServi - Loading from file system: file:/C:/Users/austi/IdeaProjects/Cooking-Ina-Ang-Sarap-4/CookingIna/target/classes/assets/textures/orangeJuice_dispenser.png
08:13:09.497 [FXGL Background Thread 2 ] DEBUG FXGLAssetLoaderServi - Loading from file system: file:/C:/Users/austi/IdeaProjects/Cooking-Ina-Ang-Sarap-4/CookingIna/target/classes/assets/textures/trash_open.png
08:13:09.518 [FXGL Background Thread 2 ] DEBUG FXGLAssetLoaderServi - Loading from file system: file:/C:/Users/austi/IdeaProjects/Cooking-Ina-Ang-Sarap-4/CookingIna/target/classes/assets/textures/calamansiJuice_dispenser.png
08:13:09.528 [FXGL Background Thread 2 ] DEBUG FXGLAssetLoaderServi - Loading from file system: file:/C:/Users/austi/IdeaProjects/Cooking-Ina-Ang-Sarap-4/CookingIna/target/classes/assets/textures/bukoJuice_dispenser.png
08:13:09.537 [FXGL Background Thread 2 ] DEBUG FXGLAssetLoaderServi - Loading from file system: file:/C:/Users/austi/IdeaProjects/Cooking-Ina-Ang-Sarap-4/CookingIna/target/classes/assets/textures/orangeJuice_dispenser.png
08:13:09.547 [FXGL Background Thread 2 ] DEBUG FXGLAssetLoaderServi - Loading from file system: file:/C:/Users/austi/IdeaProjects/Cooking-Ina-Ang-Sarap-4/CookingIna/target/classes/assets/textures/mango_container.png
08:13:09.583 [FXGL Background Thread 2 ] DEBUG FXGLAssetLoaderServi - Loading from file system: file:/C:/Users/austi/IdeaProjects/Cooking-Ina-Ang-Sarap-4/CookingIna/target/classes/assets/textures/rawTempura_container.png
08:13:09.602 [FXGL Background Thread 2 ] DEBUG FXGLAssetLoaderServi - Loading from file system: file:/C:/Users/austi/IdeaProjects/Cooking-Ina-Ang-Sarap-4/CookingIna/target/classes/assets/textures/cucumberGarnish_container.png
08:13:09.621 [FXGL Background Thread 2 ] DEBUG FXGLAssetLoaderServi - Loading from file system: file:/C:/Users/austi/IdeaProjects/Cooking-Ina-Ang-Sarap-4/CookingIna/target/classes/assets/textures/gusoGarnish_container.png
08:13:09.641 [FXGL Background Thread 2 ] DEBUG FXGLAssetLoaderServi - Loading from file system: file:/C:/Users/austi/IdeaProjects/Cooking-Ina-Ang-Sarap-4/CookingIna/target/classes/assets/textures/spicy_sauce.png
08:13:09.652 [FXGL Background Thread 2 ] DEBUG FXGLAssetLoaderServi - Loading from file system: file:/C:/Users/austi/IdeaProjects/Cooking-Ina-Ang-Sarap-4/CookingIna/target/classes/assets/textures/sweet_sauce.png
08:13:09.663 [FXGL Background Thread 2 ] DEBUG FXGLAssetLoaderServi - Loading from file system: file:/C:/Users/austi/IdeaProjects/Cooking-Ina-Ang-Sarap-4/CookingIna/target/classes/assets/textures/hipon_bottle.png
08:13:09.683 [FXGL Background Thread 2 ] DEBUG FXGLAssetLoaderServi - Loading from file system: file:/C:/Users/austi/IdeaProjects/Cooking-Ina-Ang-Sarap-4/CookingIna/target/classes/assets/textures/salt_bottle.png
08:13:09.699 [FXGL Background Thread 2 ] INFO  FXGLApplication      - Game initialization took: 0.510 sec
08:13:09.702 [JavaFX Application Thread] DEBUG Input                - Clearing active input actions
08:13:09.709 [JavaFX Application Thread] DEBUG GameApplicationServi - Removing overlay from FXGLLoadingScene and adding to GameScene
08:13:09.709 [JavaFX Application Thread] DEBUG PrimaryStageWindow   - FXGLLoadingScene -> GameScene
08:13:12.675 [JavaFX Application Thread] DEBUG FXGLAssetLoaderServi - Loading from file system: file:/C:/Users/austi/IdeaProjects/Cooking-Ina-Ang-Sarap-4/CookingIna/target/classes/assets/textures/rawHotdog.png
08:13:28.515 [JavaFX Application Thread] WARN  FXGL.ProgressBar     - Current value > max value. Setting max value as current
08:13:28.519 [JavaFX Application Thread] WARN  Entity               - Entity already has component: com.almasb.fxgl.dsl.components.DraggableComponent
08:13:31.891 [JavaFX Application Thread] WARN  Entity               - Cannot add / remove components during updating
08:13:31.892 [JavaFX Application Thread] WARN  Entity               - Entity already has component: com.almasb.fxgl.dsl.components.DraggableComponent
08:13:32.037 [JavaFX Application Thread] WARN  Entity               - Cannot add / remove components during updating
08:13:32.037 [JavaFX Application Thread] WARN  Entity               - Entity already has component: com.almasb.fxgl.dsl.components.DraggableComponent
08:13:32.579 [JavaFX Application Thread] WARN  FXGL.ProgressBar     - Current value > max value. Setting max value as current
08:13:32.584 [JavaFX Application Thread] WARN  Entity               - Entity already has component: com.almasb.fxgl.dsl.components.DraggableComponent
08:13:32.723 [JavaFX Application Thread] WARN  FXGL.ProgressBar     - Current value > max value. Setting max value as current
08:13:32.725 [JavaFX Application Thread] WARN  Entity               - Entity already has component: com.almasb.fxgl.dsl.components.DraggableComponent
08:13:32.853 [JavaFX Application Thread] WARN  FXGL.ProgressBar     - Current value > max value. Setting max value as current
08:13:32.855 [JavaFX Application Thread] WARN  Entity               - Entity already has component: com.almasb.fxgl.dsl.components.DraggableComponent
08:13:33.011 [JavaFX Application Thread] WARN  FXGL.ProgressBar     - Current value > max value. Setting max value as current
08:13:33.016 [JavaFX Application Thread] WARN  Entity               - Entity already has component: com.almasb.fxgl.dsl.components.DraggableComponent
08:13:33.123 [JavaFX Application Thread] WARN  FXGL.ProgressBar     - Current value > max value. Setting max value as current
08:13:33.125 [JavaFX Application Thread] WARN  Entity               - Entity already has component: com.almasb.fxgl.dsl.components.DraggableComponent
08:13:36.932 [JavaFX Application Thread] WARN  Entity               - Cannot add / remove components during updating
08:13:36.932 [JavaFX Application Thread] WARN  Entity               - Entity already has component: com.almasb.fxgl.dsl.components.DraggableComponent
08:13:41.951 [JavaFX Application Thread] DEBUG LoopRunner           - Stopping loop
08:13:41.954 [JavaFX Application Thread] FATAL FXGLApplication      - Uncaught Exception:
java.lang.NullPointerException: Cannot invoke "com.almasb.fxgl.entity.Entity.setPosition(double, double)" because "this.boundItem" is null
	at com.example.cookingina/com.example.cookingina.control.PaperTrayComponent.lambda$bindItem$0(PaperTrayComponent.java:75)
	at javafx.base@20/com.sun.javafx.event.CompositeEventHandler$NormalEventHandlerRecord.handleBubblingEvent(CompositeEventHandler.java:247)
	at javafx.base@20/com.sun.javafx.event.CompositeEventHandler.dispatchBubblingEvent(CompositeEventHandler.java:80)
	at javafx.base@20/com.sun.javafx.event.EventHandlerManager.dispatchBubblingEvent(EventHandlerManager.java:232)
	at javafx.base@20/com.sun.javafx.event.EventHandlerManager.dispatchBubblingEvent(EventHandlerManager.java:189)
	at javafx.base@20/com.sun.javafx.event.CompositeEventDispatcher.dispatchBubblingEvent(CompositeEventDispatcher.java:59)
	at javafx.base@20/com.sun.javafx.event.BasicEventDispatcher.dispatchEvent(BasicEventDispatcher.java:58)
	at javafx.base@20/com.sun.javafx.event.EventDispatchChainImpl.dispatchEvent(EventDispatchChainImpl.java:114)
	at javafx.base@20/com.sun.javafx.event.BasicEventDispatcher.dispatchEvent(BasicEventDispatcher.java:56)
	at javafx.base@20/com.sun.javafx.event.EventDispatchChainImpl.dispatchEvent(EventDispatchChainImpl.java:114)
	at javafx.base@20/com.sun.javafx.event.BasicEventDispatcher.dispatchEvent(BasicEventDispatcher.java:56)
	at javafx.base@20/com.sun.javafx.event.EventDispatchChainImpl.dispatchEvent(EventDispatchChainImpl.java:114)
	at javafx.base@20/com.sun.javafx.event.EventUtil.fireEventImpl(EventUtil.java:74)
	at javafx.base@20/com.sun.javafx.event.EventUtil.fireEvent(EventUtil.java:54)
	at javafx.base@20/javafx.event.Event.fireEvent(Event.java:198)
	at javafx.graphics@20/javafx.scene.Scene$MouseHandler.process(Scene.java:3980)
	at javafx.graphics@20/javafx.scene.Scene.processMouseEvent(Scene.java:1890)
	at javafx.graphics@20/javafx.scene.Scene$ScenePeerListener.mouseEvent(Scene.java:2704)
	at javafx.graphics@20/com.sun.javafx.tk.quantum.GlassViewEventHandler$MouseEventNotification.run(GlassViewEventHandler.java:411)
	at javafx.graphics@20/com.sun.javafx.tk.quantum.GlassViewEventHandler$MouseEventNotification.run(GlassViewEventHandler.java:301)
	at java.base/java.security.AccessController.doPrivileged(AccessController.java:138)
	at javafx.graphics@20/com.sun.javafx.tk.quantum.GlassViewEventHandler.lambda$handleMouseEvent$2(GlassViewEventHandler.java:450)
	at javafx.graphics@20/com.sun.javafx.tk.quantum.QuantumToolkit.runWithoutRenderLock(QuantumToolkit.java:424)
	at javafx.graphics@20/com.sun.javafx.tk.quantum.GlassViewEventHandler.handleMouseEvent(GlassViewEventHandler.java:449)
	at javafx.graphics@20/com.sun.glass.ui.View.handleMouseEvent(View.java:551)
	at javafx.graphics@20/com.sun.glass.ui.View.notifyMouse(View.java:937)
	at javafx.graphics@20/com.sun.glass.ui.win.WinApplication._runLoop(Native Method)
	at javafx.graphics@20/com.sun.glass.ui.win.WinApplication.lambda$runLoop$3(WinApplication.java:185)
	at java.base/java.lang.Thread.run(Thread.java:1447)

08:13:41.954 [JavaFX Application Thread] FATAL FXGLApplication      - Application will now exit
08:13:41.981 [JavaFX Application Thread] DEBUG PrimaryStageWindow   - Push state: ErrorSubScene
08:13:41.981 [JavaFX Application Thread] DEBUG Input                - Clearing active input actions
08:13:41.983 [JavaFX Application Thread] DEBUG GameApplicationServi - Removing overlay from GameScene and adding to ErrorSubScene
08:13:41.984 [JavaFX Application Thread] DEBUG PrimaryStageWindow   - GameScene -> ErrorSubScene
08:13:46.221 [JavaFX Application Thread] DEBUG FXGLApplication      - Exiting FXGL
08:13:46.221 [JavaFX Application Thread] DEBUG Async                - Shutting down background threads
08:13:46.221 [JavaFX Application Thread] DEBUG PrimaryStageWindow   - Closing main window
08:13:46.266 [JavaFX Application Thread] DEBUG Logger               - Closing Logger
