06:27:29.757 [main                     ] DEBUG Logger               - Configured Logger
06:27:29.780 [main                     ] DEBUG GameApplication      - Logging settings
Title: CookingIna
Version: 0.1
Width: 1920
Height: 1080
Fullscreen: true
Intro: false
Profiling: false
Single step:false
App Mode: DEVELOPER
Menu Key: ESCAPE
Stage Style: DECORATED
Scene Factory: class com.example.cookingina.CookingInaMain$1

06:27:30.198 [JavaFX Application Thread] DEBUG FXGLApplication      - Initializing FXGL
06:27:30.202 [JavaFX Application Thread] INFO  Engine               - FXGL-17.2 (20.08.2022 16.50) on WINDOWS (J:23 FX:20)
06:27:30.203 [JavaFX Application Thread] DEBUG Engine               - JRE Vendor Name: Oracle Corporation
06:27:30.203 [JavaFX Application Thread] DEBUG Engine               - Running on OS: Windows 11 version 10.0
06:27:30.203 [JavaFX Application Thread] DEBUG Engine               - Architecture: amd64
06:27:30.203 [JavaFX Application Thread] INFO  Engine               - Source code and latest versions at: https://github.com/AlmasB/FXGL
06:27:30.203 [JavaFX Application Thread] INFO  Engine               -       Ask questions and discuss at: https://github.com/AlmasB/FXGL/discussions
06:27:30.203 [JavaFX Application Thread] INFO  Engine               -              Join the FXGL chat at: https://gitter.im/AlmasB/FXGL
06:27:30.294 [JavaFX Application Thread] DEBUG PrimaryStageWindow   - Creating a JavaFX scene
06:27:30.294 [JavaFX Application Thread] DEBUG PrimaryStageWindow   - Target size > screen size
06:27:30.347 [JavaFX Application Thread] DEBUG PrimaryStageWindow   - Target settings size: 1920.0 x 1080.0
06:27:30.347 [JavaFX Application Thread] DEBUG PrimaryStageWindow   - Scaled scene size:    1511.0 x 864.0
06:27:30.348 [JavaFX Application Thread] DEBUG PrimaryStageWindow   - Scaled ratio: (0.7869791666666667, 0.8)
06:27:30.349 [JavaFX Application Thread] DEBUG PrimaryStageWindow   - Set initial scene to FXGLStartupScene
06:27:30.355 [JavaFX Application Thread] DEBUG PrimaryStageWindow   - Opening main window
06:27:30.465 [JavaFX Application Thread] DEBUG PrimaryStageWindow   - Window border size: (14.5999755859375, 37.5999755859375)
06:27:30.466 [JavaFX Application Thread] DEBUG PrimaryStageWindow   - Scaled size: 1511.0 x 864.0
06:27:30.466 [JavaFX Application Thread] DEBUG PrimaryStageWindow   - Scaled ratio: (0.7869791666666667, 0.8)
06:27:30.467 [JavaFX Application Thread] DEBUG PrimaryStageWindow   - Scene size: 1511.0 x 864.0
06:27:30.469 [JavaFX Application Thread] DEBUG PrimaryStageWindow   - Stage size: 1525.5999755859375 x 901.5999755859375
06:27:30.590 [JavaFX Application Thread] DEBUG PrimaryStageWindow   - Going fullscreen
06:27:30.609 [FXGL Background Thread 1 ] DEBUG Engine               - Initializing environment variables
06:27:30.726 [FXGL Background Thread 1 ] DEBUG FXGLAssetLoaderServi - User app class for loading assets: class com.example.cookingina.CookingInaMain
06:27:30.726 [FXGL Background Thread 1 ] DEBUG GameApplicationServi - Applying CSS: fxgl_dark.css
06:27:30.727 [FXGL Background Thread 1 ] DEBUG FXGLAssetLoaderServi - Loading from file system: jar:file:///C:/Users/Luis/.m2/repository/com/github/almasb/fxgl/17.2/fxgl-17.2.jar!/fxglassets/ui/css/fxgl_dark.css
06:27:30.770 [FXGL Background Thread 1 ] DEBUG GameApplicationServi - Initializing application scenes
06:27:30.813 [FXGL Background Thread 1 ] DEBUG GameWorld            - Game world initialized
06:27:30.880 [FXGL Background Thread 1 ] DEBUG PhysicsWorld         - Physics world initialized: appHeight=1080, physics.ppm=50.0
06:27:30.880 [FXGL Background Thread 1 ] DEBUG PhysicsWorld         - Using strategy: BRUTE_FORCE
06:27:30.883 [FXGL Background Thread 1 ] DEBUG GameScene            - Game scene initialized: 1920x1080
06:27:30.896 [FXGL Background Thread 1 ] DEBUG FXGL.DefaultMenu     - createMenuBodyGameMenu()
06:27:30.907 [FXGL Background Thread 1 ] DEBUG FXGL.DefaultMenu     - createOptionsMenu()
06:27:30.915 [FXGL Background Thread 1 ] DEBUG FXGLAssetLoaderServi - Loading from file system: jar:file:///C:/Users/Luis/.m2/repository/com/github/almasb/fxgl/17.2/fxgl-17.2.jar!/fxglassets/textures/particles/smoke.png
06:27:31.017 [FXGL Background Thread 1 ] DEBUG FXGLAssetLoaderServi - Loading from file system: jar:file:///C:/Users/Luis/.m2/repository/com/github/almasb/fxgl/17.2/fxgl-17.2.jar!/fxglassets/textures/particles/trace_horizontal.png
06:27:31.041 [FXGL Background Thread 1 ] DEBUG GameApplicationServi - Application scenes initialized
06:27:31.058 [FXGL Background Thread 1 ] DEBUG SystemBundleService  - Loading FXGL system data
06:27:31.064 [FXGL Background Thread 1 ] DEBUG FileSystemAccess     - Reading from: C:\OOP\Cooking-Ina-Ang-Sarap-2\system\fxgl.bundle
06:27:31.073 [FXGL Background Thread 1 ] DEBUG SystemBundleService  - Bundle FXGL: {}
06:27:31.073 [FXGL Background Thread 1 ] DEBUG UpdaterService       - Checking for updates
06:27:31.082 [FXGL Background Thread 4 ] DEBUG FXGLApplication      - Loading fonts
06:27:31.082 [FXGL Background Thread 4 ] DEBUG FXGLAssetLoaderServi - Loading from file system: jar:file:///C:/Users/Luis/.m2/repository/com/github/almasb/fxgl/17.2/fxgl-17.2.jar!/fxglassets/ui/fonts/VarelaRound-Regular.ttf
06:27:31.082 [FXGL Background Thread 1 ] DEBUG FXGLApplication      - Loading default localization
06:27:31.083 [FXGL Background Thread 1 ] DEBUG FXGLAssetLoaderServi - Loading from file system: jar:file:///C:/Users/Luis/.m2/repository/com/github/almasb/fxgl/17.2/fxgl-17.2.jar!/fxglassets/languages/english.lang
06:27:31.129 [FXGL Background Thread 1 ] INFO  FXGLApplication      - FXGL initialization took: 0.520 sec
06:27:31.138 [FXGL Background Thread 4 ] DEBUG FXGLAssetLoaderServi - Loading from file system: jar:file:///C:/Users/Luis/.m2/repository/com/github/almasb/fxgl/17.2/fxgl-17.2.jar!/fxglassets/ui/fonts/Abel-Regular.ttf
06:27:31.142 [JavaFX Application Thread] DEBUG Input                - Registered new binding: Toggle debug - F1
06:27:31.143 [JavaFX Application Thread] DEBUG FXGLAssetLoaderServi - Loading from file system: jar:file:///C:/Users/Luis/.m2/repository/com/github/almasb/fxgl/17.2/fxgl-17.2.jar!/fxglassets/textures/fxgl_icon.png
06:27:31.143 [FXGL Background Thread 4 ] DEBUG FXGLAssetLoaderServi - Loading from file system: jar:file:///C:/Users/Luis/.m2/repository/com/github/almasb/fxgl/17.2/fxgl-17.2.jar!/fxglassets/ui/fonts/TerminalLandMono-Regular.otf
06:27:31.148 [FXGL Background Thread 4 ] DEBUG FXGLAssetLoaderServi - Loading from file system: jar:file:///C:/Users/Luis/.m2/repository/com/github/almasb/fxgl/17.2/fxgl-17.2.jar!/fxglassets/ui/fonts/Courier-Prime.ttf
06:27:31.164 [JavaFX Application Thread] DEBUG FXGLAssetLoaderServi - Loading from file system: jar:file:///C:/Users/Luis/.m2/repository/com/github/almasb/fxgl/17.2/fxgl-17.2.jar!/fxglassets/textures/fxgl_default_cursor.png
06:27:31.167 [JavaFX Application Thread] DEBUG Input                - Registered new binding: Screenshot - CTRL+8
06:27:31.168 [JavaFX Application Thread] DEBUG Input                - Registered new binding: System info dump - CTRL+9
06:27:31.168 [JavaFX Application Thread] DEBUG Input                - Registered new binding: Restart - CTRL+R
06:27:31.168 [JavaFX Application Thread] DEBUG Input                - Registered new binding: Toggle Debug Camera - CTRL+7
06:27:31.171 [JavaFX Application Thread] DEBUG LoopRunner           - Starting loop
06:27:31.171 [JavaFX Application Thread] DEBUG LoopRunner           - Initializing JavaFX AnimationTimerLoop
06:27:31.177 [JavaFX Application Thread] DEBUG Input                - Clearing active input actions
06:27:31.185 [JavaFX Application Thread] DEBUG GameApplicationServi - Removing overlay from FXGLStartupScene and adding to FXGLMainMenuDummyScene
06:27:31.186 [JavaFX Application Thread] DEBUG PrimaryStageWindow   - FXGLStartupScene -> FXGLMainMenuDummyScene
06:27:31.186 [JavaFX Application Thread] DEBUG PrimaryStageWindow   - Push state: MainMenu
06:27:31.186 [JavaFX Application Thread] DEBUG Input                - Clearing active input actions
06:27:31.195 [JavaFX Application Thread] DEBUG GameApplicationServi - Removing overlay from FXGLMainMenuDummyScene and adding to MainMenu
06:27:31.196 [JavaFX Application Thread] DEBUG PrimaryStageWindow   - FXGLMainMenuDummyScene -> MainMenu
06:27:31.198 [JavaFX Application Thread] DEBUG FXGLApplication      - Registering font factories with UI factory
06:27:31.737 [FXGL Background Thread 2 ] INFO  UpdaterService       - Your current version:  17.2
06:27:31.738 [FXGL Background Thread 2 ] INFO  UpdaterService       - Latest stable version: 21.1
06:27:32.362 [JavaFX Application Thread] DEBUG Menu                 - fireNewGame()
06:27:32.362 [JavaFX Application Thread] DEBUG GameApplicationServi - Starting new game
06:27:32.362 [JavaFX Application Thread] DEBUG PrimaryStageWindow   - Pop state: MainMenu
06:27:32.362 [JavaFX Application Thread] DEBUG Input                - Clearing active input actions
06:27:32.363 [JavaFX Application Thread] DEBUG GameApplicationServi - Removing overlay from MainMenu and adding to FXGLMainMenuDummyScene
06:27:32.363 [JavaFX Application Thread] DEBUG PrimaryStageWindow   - FXGLMainMenuDummyScene <- MainMenu
06:27:32.363 [JavaFX Application Thread] DEBUG Input                - Clearing active input actions
06:27:32.371 [JavaFX Application Thread] DEBUG GameApplicationServi - Removing overlay from FXGLMainMenuDummyScene and adding to FXGLLoadingScene
06:27:32.372 [JavaFX Application Thread] DEBUG PrimaryStageWindow   - FXGLMainMenuDummyScene -> FXGLLoadingScene
06:27:32.372 [JavaFX Application Thread] DEBUG GameApplicationServi - Clearing previous game
06:27:32.372 [JavaFX Application Thread] DEBUG GameScene            - Clearing game scene
06:27:32.372 [JavaFX Application Thread] DEBUG GameWorld            - Clearing game world
06:27:32.372 [JavaFX Application Thread] DEBUG PhysicsWorld         - Clearing physics world
06:27:32.374 [FXGL Background Thread 2 ] DEBUG FXGLApplication      - Initializing game
06:27:32.375 [FXGL Background Thread 2 ] DEBUG FXGLAssetLoaderServi - Loading from file system: file:/C:/OOP/Cooking-Ina-Ang-Sarap-2/CookingIna/target/classes/assets/textures/final_background.png
06:27:32.432 [FXGL Background Thread 2 ] DEBUG FXGLAssetLoaderServi - Loading from file system: file:/C:/OOP/Cooking-Ina-Ang-Sarap-2/CookingIna/target/classes/assets/textures/frying_pan.png
06:27:32.485 [FXGL Background Thread 2 ] DEBUG FXGLAssetLoaderServi - Loading from file system: file:/C:/OOP/Cooking-Ina-Ang-Sarap-2/CookingIna/target/classes/assets/textures/frying_pan.png
06:27:32.533 [FXGL Background Thread 2 ] DEBUG FXGLAssetLoaderServi - Loading from file system: file:/C:/OOP/Cooking-Ina-Ang-Sarap-2/CookingIna/target/classes/assets/textures/papertray.png
06:27:32.673 [FXGL Background Thread 2 ] DEBUG FXGLAssetLoaderServi - Loading from file system: file:/C:/OOP/Cooking-Ina-Ang-Sarap-2/CookingIna/target/classes/assets/textures/papertray.png
06:27:32.757 [FXGL Background Thread 2 ] DEBUG FXGLAssetLoaderServi - Loading from file system: file:/C:/OOP/Cooking-Ina-Ang-Sarap-2/CookingIna/target/classes/assets/textures/rawQuekquek_container.png
06:27:32.805 [FXGL Background Thread 2 ] DEBUG FXGLAssetLoaderServi - Loading from file system: file:/C:/OOP/Cooking-Ina-Ang-Sarap-2/CookingIna/target/classes/assets/textures/rawHotdog_container.png
06:27:32.851 [FXGL Background Thread 2 ] DEBUG FXGLAssetLoaderServi - Loading from file system: file:/C:/OOP/Cooking-Ina-Ang-Sarap-2/CookingIna/target/classes/assets/textures/calamansiJuice_dispenser.png
06:27:32.891 [FXGL Background Thread 2 ] DEBUG FXGLAssetLoaderServi - Loading from file system: file:/C:/OOP/Cooking-Ina-Ang-Sarap-2/CookingIna/target/classes/assets/textures/bukoJuice_dispenser.png
06:27:32.925 [FXGL Background Thread 2 ] DEBUG FXGLAssetLoaderServi - Loading from file system: file:/C:/OOP/Cooking-Ina-Ang-Sarap-2/CookingIna/target/classes/assets/textures/orangeJuice_dispenser.png
06:27:32.967 [FXGL Background Thread 2 ] DEBUG FXGLAssetLoaderServi - Loading from file system: file:/C:/OOP/Cooking-Ina-Ang-Sarap-2/CookingIna/target/classes/assets/textures/trash_open.png
06:27:33.024 [FXGL Background Thread 2 ] DEBUG FXGLAssetLoaderServi - Loading from file system: file:/C:/OOP/Cooking-Ina-Ang-Sarap-2/CookingIna/target/classes/assets/textures/calamansiJuice_dispenser.png
06:27:33.061 [FXGL Background Thread 2 ] DEBUG FXGLAssetLoaderServi - Loading from file system: file:/C:/OOP/Cooking-Ina-Ang-Sarap-2/CookingIna/target/classes/assets/textures/bukoJuice_dispenser.png
06:27:33.086 [FXGL Background Thread 2 ] DEBUG FXGLAssetLoaderServi - Loading from file system: file:/C:/OOP/Cooking-Ina-Ang-Sarap-2/CookingIna/target/classes/assets/textures/orangeJuice_dispenser.png
06:27:33.113 [FXGL Background Thread 2 ] DEBUG FXGLAssetLoaderServi - Loading from file system: file:/C:/OOP/Cooking-Ina-Ang-Sarap-2/CookingIna/target/classes/assets/textures/mango_container.png
06:27:33.170 [FXGL Background Thread 2 ] DEBUG FXGLAssetLoaderServi - Loading from file system: file:/C:/OOP/Cooking-Ina-Ang-Sarap-2/CookingIna/target/classes/assets/textures/rawTempura_container.png
06:27:33.216 [FXGL Background Thread 2 ] DEBUG FXGLAssetLoaderServi - Loading from file system: file:/C:/OOP/Cooking-Ina-Ang-Sarap-2/CookingIna/target/classes/assets/textures/cucumberGarnish_container.png
06:27:33.252 [FXGL Background Thread 2 ] DEBUG FXGLAssetLoaderServi - Loading from file system: file:/C:/OOP/Cooking-Ina-Ang-Sarap-2/CookingIna/target/classes/assets/textures/gusoGarnish_container.png
06:27:33.294 [FXGL Background Thread 2 ] DEBUG FXGLAssetLoaderServi - Loading from file system: file:/C:/OOP/Cooking-Ina-Ang-Sarap-2/CookingIna/target/classes/assets/textures/spicy_sauce.png
06:27:33.315 [FXGL Background Thread 2 ] DEBUG FXGLAssetLoaderServi - Loading from file system: file:/C:/OOP/Cooking-Ina-Ang-Sarap-2/CookingIna/target/classes/assets/textures/sweet_sauce.png
06:27:33.345 [FXGL Background Thread 2 ] DEBUG FXGLAssetLoaderServi - Loading from file system: file:/C:/OOP/Cooking-Ina-Ang-Sarap-2/CookingIna/target/classes/assets/textures/hipon_bottle.png
06:27:33.385 [FXGL Background Thread 2 ] DEBUG FXGLAssetLoaderServi - Loading from file system: file:/C:/OOP/Cooking-Ina-Ang-Sarap-2/CookingIna/target/classes/assets/textures/salt_bottle.png
06:27:33.469 [FXGL Background Thread 2 ] INFO  FXGLApplication      - Game initialization took: 1.094 sec
06:27:33.471 [JavaFX Application Thread] DEBUG Input                - Clearing active input actions
06:27:33.481 [JavaFX Application Thread] DEBUG GameApplicationServi - Removing overlay from FXGLLoadingScene and adding to GameScene
06:27:33.482 [JavaFX Application Thread] DEBUG PrimaryStageWindow   - FXGLLoadingScene -> GameScene
06:27:34.080 [FXGL Background Thread 3 ] DEBUG Engine               - Logging environment variables
06:27:34.080 [FXGL Background Thread 3 ] DEBUG Engine               - achievements: []
06:27:34.080 [FXGL Background Thread 3 ] DEBUG Engine               - actualHeight: 864.0
06:27:34.081 [FXGL Background Thread 3 ] DEBUG Engine               - actualHeightProperty: ReadOnlyDoubleProperty [value: 864.0]
06:27:34.081 [FXGL Background Thread 3 ] DEBUG Engine               - actualWidth: 1536.0
06:27:34.081 [FXGL Background Thread 3 ] DEBUG Engine               - actualWidthProperty: ReadOnlyDoubleProperty [value: 1536.0]
06:27:34.081 [FXGL Background Thread 3 ] DEBUG Engine               - appIcon: fxgl_icon.png
06:27:34.081 [FXGL Background Thread 3 ] DEBUG Engine               - applicationMode: DEVELOPER
06:27:34.081 [FXGL Background Thread 3 ] DEBUG Engine               - cSSList: [fxgl_dark.css]
06:27:34.081 [FXGL Background Thread 3 ] DEBUG Engine               - collisionDetectionStrategy: BRUTE_FORCE
06:27:34.081 [FXGL Background Thread 3 ] DEBUG Engine               - configClass: Optional.empty
06:27:34.081 [FXGL Background Thread 3 ] DEBUG Engine               - credits: []
06:27:34.081 [FXGL Background Thread 3 ] DEBUG Engine               - defaultCursor: CursorInfo(imageName=fxgl_default_cursor.png, hotspotX=7.0, hotspotY=6.0)
06:27:34.082 [FXGL Background Thread 3 ] DEBUG Engine               - devBBoxColorProperty: ObjectProperty [value: 0xff0000ff]
06:27:34.082 [FXGL Background Thread 3 ] DEBUG Engine               - devEnableDebugCameraProperty: BooleanProperty [value: false]
06:27:34.082 [FXGL Background Thread 3 ] DEBUG Engine               - devSensorColorProperty: ObjectProperty [value: 0xffff00ff]
06:27:34.082 [FXGL Background Thread 3 ] DEBUG Engine               - devShowBBoxProperty: BooleanProperty [value: false]
06:27:34.082 [FXGL Background Thread 3 ] DEBUG Engine               - devShowPositionProperty: BooleanProperty [value: false]
06:27:34.082 [FXGL Background Thread 3 ] DEBUG Engine               - enabledMenuItems: []
06:27:34.082 [FXGL Background Thread 3 ] DEBUG Engine               - engineServices: [class com.almasb.fxgl.app.services.FXGLAssetLoaderService, class com.almasb.fxgl.app.FXGLApplication$GameApplicationService, class com.almasb.fxgl.app.services.FXGLDialogService, class com.almasb.fxgl.app.services.IOTaskExecutorService, class com.almasb.fxgl.io.FileSystemService, class com.almasb.fxgl.localization.LocalizationService, class com.almasb.fxgl.app.services.SystemBundleService, class com.almasb.fxgl.profile.SaveLoadService, class com.almasb.fxgl.ui.FXGLUIFactoryServiceProvider, class com.almasb.fxgl.ui.FXGLDialogFactoryServiceProvider, class com.almasb.fxgl.audio.AudioPlayer, class com.almasb.fxgl.notification.impl.NotificationServiceProvider, class com.almasb.fxgl.achievement.AchievementService, class com.almasb.fxgl.cutscene.CutsceneService, class com.almasb.fxgl.minigames.MiniGameService, class com.almasb.fxgl.net.NetService, class com.almasb.fxgl.app.services.UpdaterService, class com.almasb.fxgl.dev.DevService]
06:27:34.082 [FXGL Background Thread 3 ] DEBUG Engine               - fontGame: Abel-Regular.ttf
06:27:34.082 [FXGL Background Thread 3 ] DEBUG Engine               - fontMono: TerminalLandMono-Regular.otf
06:27:34.082 [FXGL Background Thread 3 ] DEBUG Engine               - fontText: Courier-Prime.ttf
06:27:34.082 [FXGL Background Thread 3 ] DEBUG Engine               - fontUI: VarelaRound-Regular.ttf
06:27:34.082 [FXGL Background Thread 3 ] DEBUG Engine               - fullScreen: BooleanProperty [value: true]
06:27:34.082 [FXGL Background Thread 3 ] DEBUG Engine               - gameDifficulty: MEDIUM
06:27:34.082 [FXGL Background Thread 3 ] DEBUG Engine               - gameDifficultyProperty: ObjectProperty [value: MEDIUM]
06:27:34.082 [FXGL Background Thread 3 ] DEBUG Engine               - globalMusicVolume: 0.5
06:27:34.082 [FXGL Background Thread 3 ] DEBUG Engine               - globalMusicVolumeProperty: DoubleProperty [value: 0.5]
06:27:34.082 [FXGL Background Thread 3 ] DEBUG Engine               - globalSoundVolume: 0.5
06:27:34.083 [FXGL Background Thread 3 ] DEBUG Engine               - globalSoundVolumeProperty: DoubleProperty [value: 0.5]
06:27:34.083 [FXGL Background Thread 3 ] DEBUG Engine               - height: 1080
06:27:34.083 [FXGL Background Thread 3 ] DEBUG Engine               - is3D: false
06:27:34.083 [FXGL Background Thread 3 ] DEBUG Engine               - isAndroid: false
06:27:34.083 [FXGL Background Thread 3 ] DEBUG Engine               - isBrowser: false
06:27:34.083 [FXGL Background Thread 3 ] DEBUG Engine               - isClickFeedbackEnabled: false
06:27:34.083 [FXGL Background Thread 3 ] DEBUG Engine               - isCloseConfirmation: false
06:27:34.083 [FXGL Background Thread 3 ] DEBUG Engine               - isDesktop: true
06:27:34.083 [FXGL Background Thread 3 ] DEBUG Engine               - isDeveloperMenuEnabled: false
06:27:34.083 [FXGL Background Thread 3 ] DEBUG Engine               - isEmbedded: false
06:27:34.083 [FXGL Background Thread 3 ] DEBUG Engine               - isEntityPreloadEnabled: true
06:27:34.083 [FXGL Background Thread 3 ] DEBUG Engine               - isExperimentalTiledLargeMap: false
06:27:34.083 [FXGL Background Thread 3 ] DEBUG Engine               - isFileSystemWriteAllowed: true
06:27:34.083 [FXGL Background Thread 3 ] DEBUG Engine               - isFullScreenAllowed: true
06:27:34.083 [FXGL Background Thread 3 ] DEBUG Engine               - isFullScreenFromStart: true
06:27:34.083 [FXGL Background Thread 3 ] DEBUG Engine               - isGameMenuEnabled: true
06:27:34.083 [FXGL Background Thread 3 ] DEBUG Engine               - isIOS: false
06:27:34.083 [FXGL Background Thread 3 ] DEBUG Engine               - isIntroEnabled: false
06:27:34.083 [FXGL Background Thread 3 ] DEBUG Engine               - isLinux: false
06:27:34.083 [FXGL Background Thread 3 ] DEBUG Engine               - isMac: false
06:27:34.083 [FXGL Background Thread 3 ] DEBUG Engine               - isMainMenuEnabled: true
06:27:34.083 [FXGL Background Thread 3 ] DEBUG Engine               - isManualResizeEnabled: false
06:27:34.083 [FXGL Background Thread 3 ] DEBUG Engine               - isMobile: false
06:27:34.084 [FXGL Background Thread 3 ] DEBUG Engine               - isNative: false
06:27:34.084 [FXGL Background Thread 3 ] DEBUG Engine               - isPauseMusicWhenMinimized: true
06:27:34.084 [FXGL Background Thread 3 ] DEBUG Engine               - isPreserveResizeRatio: false
06:27:34.084 [FXGL Background Thread 3 ] DEBUG Engine               - isProfilingEnabled: false
06:27:34.084 [FXGL Background Thread 3 ] DEBUG Engine               - isScaleAffectedOnResize: true
06:27:34.084 [FXGL Background Thread 3 ] DEBUG Engine               - isSingleStep: false
06:27:34.084 [FXGL Background Thread 3 ] DEBUG Engine               - isUserProfileEnabled: false
06:27:34.084 [FXGL Background Thread 3 ] DEBUG Engine               - isWindows: true
06:27:34.084 [FXGL Background Thread 3 ] DEBUG Engine               - language: ObjectProperty [value: ENGLISH]
06:27:34.084 [FXGL Background Thread 3 ] DEBUG Engine               - menuKey: ESCAPE
06:27:34.084 [FXGL Background Thread 3 ] DEBUG Engine               - mouseSensitivity: 0.2
06:27:34.084 [FXGL Background Thread 3 ] DEBUG Engine               - notificationViewClass: class com.almasb.fxgl.notification.view.XboxNotificationView
06:27:34.084 [FXGL Background Thread 3 ] DEBUG Engine               - pixelsPerMeter: 50.0
06:27:34.084 [FXGL Background Thread 3 ] DEBUG Engine               - platform: WINDOWS
06:27:34.084 [FXGL Background Thread 3 ] DEBUG Engine               - prefHeightProperty: ReadOnlyDoubleProperty [value: 1080.0]
06:27:34.084 [FXGL Background Thread 3 ] DEBUG Engine               - prefWidthProperty: ReadOnlyDoubleProperty [value: 1920.0]
06:27:34.084 [FXGL Background Thread 3 ] DEBUG Engine               - profileDir: profiles/
06:27:34.084 [FXGL Background Thread 3 ] DEBUG Engine               - profileName: StringProperty [value: DEFAULT]
06:27:34.084 [FXGL Background Thread 3 ] DEBUG Engine               - randomSeed: -1
06:27:34.085 [FXGL Background Thread 3 ] DEBUG Engine               - runtimeInfo: RuntimeInfo(platform=WINDOWS, version=17.2, build=20.08.2022 16.50)
06:27:34.085 [FXGL Background Thread 3 ] DEBUG Engine               - saveFileExt: sav
06:27:34.085 [FXGL Background Thread 3 ] DEBUG Engine               - scaledHeightProp$fxgl: DoubleProperty [bound, value: 864.0]
06:27:34.085 [FXGL Background Thread 3 ] DEBUG Engine               - scaledWidthProp$fxgl: DoubleProperty [bound, value: 1536.0]
06:27:34.085 [FXGL Background Thread 3 ] DEBUG Engine               - sceneFactory: com.example.cookingina.CookingInaMain$1@7fcbbb4
06:27:34.085 [FXGL Background Thread 3 ] DEBUG Engine               - secondsIn24h: 60
06:27:34.085 [FXGL Background Thread 3 ] DEBUG Engine               - soundMenuBack: menu/back.wav
06:27:34.085 [FXGL Background Thread 3 ] DEBUG Engine               - soundMenuPress: menu/press.wav
06:27:34.085 [FXGL Background Thread 3 ] DEBUG Engine               - soundMenuSelect: menu/select.wav
06:27:34.085 [FXGL Background Thread 3 ] DEBUG Engine               - soundNotification: core/notification.wav
06:27:34.085 [FXGL Background Thread 3 ] DEBUG Engine               - stageStyle: DECORATED
06:27:34.085 [FXGL Background Thread 3 ] DEBUG Engine               - supportedLanguages: [ENGLISH, FRENCH, GERMAN, HUNGARIAN, RUSSIAN]
06:27:34.085 [FXGL Background Thread 3 ] DEBUG Engine               - ticksPerSecond: -1
06:27:34.085 [FXGL Background Thread 3 ] DEBUG Engine               - title: CookingIna
06:27:34.085 [FXGL Background Thread 3 ] DEBUG Engine               - urlGithub: https://github.com/AlmasB/FXGL
06:27:34.085 [FXGL Background Thread 3 ] DEBUG Engine               - urlLeaderboard: http://fxgl-top.herokuapp.com/
06:27:34.086 [FXGL Background Thread 3 ] DEBUG Engine               - urlPOM: https://raw.githubusercontent.com/AlmasB/FXGL/release/README.md
06:27:34.086 [FXGL Background Thread 3 ] DEBUG Engine               - userAppClass: class com.example.cookingina.CookingInaMain
06:27:34.086 [FXGL Background Thread 3 ] DEBUG Engine               - version: 0.1
06:27:34.086 [FXGL Background Thread 3 ] DEBUG Engine               - versionCheckDays: 7
06:27:34.086 [FXGL Background Thread 3 ] DEBUG Engine               - width: 1920
06:27:34.086 [FXGL Background Thread 3 ] DEBUG Engine               - Logging services
06:27:34.086 [FXGL Background Thread 3 ] DEBUG Engine               - class com.almasb.fxgl.app.services.FXGLAssetLoaderService
06:27:34.086 [FXGL Background Thread 3 ] DEBUG Engine               - class com.almasb.fxgl.app.FXGLApplication$GameApplicationService
06:27:34.086 [FXGL Background Thread 3 ] DEBUG Engine               - class com.almasb.fxgl.app.services.FXGLDialogService
06:27:34.086 [FXGL Background Thread 3 ] DEBUG Engine               - class com.almasb.fxgl.app.services.IOTaskExecutorService
06:27:34.086 [FXGL Background Thread 3 ] DEBUG Engine               - class com.almasb.fxgl.io.FileSystemService
06:27:34.086 [FXGL Background Thread 3 ] DEBUG Engine               - class com.almasb.fxgl.localization.LocalizationService
06:27:34.086 [FXGL Background Thread 3 ] DEBUG Engine               - class com.almasb.fxgl.app.services.SystemBundleService
06:27:34.086 [FXGL Background Thread 3 ] DEBUG Engine               - class com.almasb.fxgl.profile.SaveLoadService
06:27:34.086 [FXGL Background Thread 3 ] DEBUG Engine               - class com.almasb.fxgl.ui.FXGLUIFactoryServiceProvider
06:27:34.086 [FXGL Background Thread 3 ] DEBUG Engine               - class com.almasb.fxgl.ui.FXGLDialogFactoryServiceProvider
06:27:34.086 [FXGL Background Thread 3 ] DEBUG Engine               - class com.almasb.fxgl.audio.AudioPlayer
06:27:34.086 [FXGL Background Thread 3 ] DEBUG Engine               - class com.almasb.fxgl.notification.impl.NotificationServiceProvider
06:27:34.086 [FXGL Background Thread 3 ] DEBUG Engine               - class com.almasb.fxgl.achievement.AchievementService
06:27:34.086 [FXGL Background Thread 3 ] DEBUG Engine               - class com.almasb.fxgl.cutscene.CutsceneService
06:27:34.086 [FXGL Background Thread 3 ] DEBUG Engine               - class com.almasb.fxgl.minigames.MiniGameService
06:27:34.086 [FXGL Background Thread 3 ] DEBUG Engine               - class com.almasb.fxgl.net.NetService
06:27:34.086 [FXGL Background Thread 3 ] DEBUG Engine               - class com.almasb.fxgl.app.services.UpdaterService
06:27:34.086 [FXGL Background Thread 3 ] DEBUG Engine               - class com.almasb.fxgl.dev.DevService
06:27:34.636 [JavaFX Application Thread] DEBUG FXGLAssetLoaderServi - Loading from file system: file:/C:/OOP/Cooking-Ina-Ang-Sarap-2/CookingIna/target/classes/assets/textures/calamansiJuice_finishedProduct.png
06:27:34.833 [JavaFX Application Thread] DEBUG FXGLAssetLoaderServi - Loading from file system: file:/C:/OOP/Cooking-Ina-Ang-Sarap-2/CookingIna/target/classes/assets/textures/customer_image.png
06:27:38.411 [JavaFX Application Thread] DEBUG FXGLAssetLoaderServi - Loading from file system: file:/C:/OOP/Cooking-Ina-Ang-Sarap-2/CookingIna/target/classes/assets/textures/bukoJuice_finishedProduct.png
06:27:39.878 [JavaFX Application Thread] DEBUG FXGLAssetLoaderServi - Loading from file system: file:/C:/OOP/Cooking-Ina-Ang-Sarap-2/CookingIna/target/classes/assets/textures/orangeJuice_finishedProduct.png
06:27:45.784 [JavaFX Application Thread] DEBUG FXGLAssetLoaderServi - Loading from file system: file:/C:/OOP/Cooking-Ina-Ang-Sarap-2/CookingIna/target/classes/assets/textures/rawQuekquek.png
06:27:46.872 [JavaFX Application Thread] DEBUG FXGLAssetLoaderServi - Loading from file system: file:/C:/OOP/Cooking-Ina-Ang-Sarap-2/CookingIna/target/classes/assets/textures/rawHotdog.png
06:27:49.137 [JavaFX Application Thread] DEBUG FXGLAssetLoaderServi - Loading from file system: file:/C:/OOP/Cooking-Ina-Ang-Sarap-2/CookingIna/target/classes/assets/textures/cooked_hotdog.png
06:27:49.273 [JavaFX Application Thread] DEBUG FXGLAssetLoaderServi - Loading from file system: file:/C:/OOP/Cooking-Ina-Ang-Sarap-2/CookingIna/target/classes/assets/textures/cooked_tempura.png
06:27:49.829 [JavaFX Application Thread] WARN  FXGL.ProgressBar     - Current value > max value. Setting max value as current
06:27:53.004 [JavaFX Application Thread] WARN  FXGL.ProgressBar     - Current value > max value. Setting max value as current
06:27:54.590 [JavaFX Application Thread] WARN  FXGL.ProgressBar     - Current value > max value. Setting max value as current
06:28:00.535 [JavaFX Application Thread] WARN  FXGL.ProgressBar     - Current value > max value. Setting max value as current
06:28:00.536 [JavaFX Application Thread] DEBUG FXGLAssetLoaderServi - Loading from file system: file:/C:/OOP/Cooking-Ina-Ang-Sarap-2/CookingIna/target/classes/assets/textures/cooked_quek-quek.png
06:28:00.601 [JavaFX Application Thread] WARN  Entity               - Entity already has component: com.almasb.fxgl.dsl.components.DraggableComponent
06:28:01.725 [JavaFX Application Thread] WARN  FXGL.ProgressBar     - Current value > max value. Setting max value as current
06:28:01.727 [JavaFX Application Thread] WARN  Entity               - Entity already has component: com.almasb.fxgl.dsl.components.DraggableComponent
06:28:01.981 [JavaFX Application Thread] WARN  FXGL.ProgressBar     - Current value > max value. Setting max value as current
06:28:01.986 [JavaFX Application Thread] WARN  Entity               - Entity already has component: com.almasb.fxgl.dsl.components.DraggableComponent
06:28:03.301 [JavaFX Application Thread] DEBUG LoopRunner           - Stopping loop
06:28:03.305 [JavaFX Application Thread] FATAL FXGLApplication      - Uncaught Exception:
java.lang.IllegalArgumentException: Invalid URL: Invalid URL or resource not found
	at javafx.graphics@20/javafx.scene.image.Image.validateUrl(Image.java:1138)
	at javafx.graphics@20/javafx.scene.image.Image.<init>(Image.java:628)
	at com.example.cookingina/com.example.cookingina.control.PaperTrayComponent.changeTrayTexture(PaperTrayComponent.java:111)
	at com.example.cookingina/com.example.cookingina.control.PaperTrayComponent.bindItem(PaperTrayComponent.java:86)
	at java.base/java.util.Optional.ifPresent(Optional.java:178)
	at com.example.cookingina/com.example.cookingina.control.PaperTrayComponent.onUpdate(PaperTrayComponent.java:67)
	at com.almasb.fxgl.entity@17.2/com.almasb.fxgl.entity.Entity$ComponentMap.update(Entity.java:60)
	at com.almasb.fxgl.entity@17.2/com.almasb.fxgl.entity.Entity.update(Entity.java:248)
	at com.almasb.fxgl.entity@17.2/com.almasb.fxgl.entity.GameWorld.onUpdate(GameWorld.kt:177)
	at com.almasb.fxgl.all@17.2/com.almasb.fxgl.app.scene.GameScene.step(GameScene.kt:228)
	at com.almasb.fxgl.all@17.2/com.almasb.fxgl.app.scene.GameScene.onUpdate(GameScene.kt:224)
	at com.almasb.fxgl.scene@17.2/com.almasb.fxgl.scene.Scene.update(Scene.kt:105)
	at com.almasb.fxgl.all@17.2/com.almasb.fxgl.app.MainWindow$update$1.invoke(MainWindow.kt:115)
	at com.almasb.fxgl.all@17.2/com.almasb.fxgl.app.MainWindow$update$1.invoke(MainWindow.kt:115)
	at com.almasb.fxgl.core@17.2/com.almasb.fxgl.core.fsm.StateMachine.runOnActiveStates(StateMachine.kt:69)
	at com.almasb.fxgl.all@17.2/com.almasb.fxgl.app.MainWindow.update(MainWindow.kt:115)
	at com.almasb.fxgl.all@17.2/com.almasb.fxgl.app.FXGLApplication$GameApplicationService.onUpdate(FXGLApplication.kt:426)
	at com.almasb.fxgl.all@17.2/com.almasb.fxgl.app.Engine.loop(Engine.kt:134)
	at com.almasb.fxgl.all@17.2/com.almasb.fxgl.app.Engine.access$loop(Engine.kt:24)
	at com.almasb.fxgl.all@17.2/com.almasb.fxgl.app.Engine$loop$1.invoke(Engine.kt:28)
	at com.almasb.fxgl.all@17.2/com.almasb.fxgl.app.Engine$loop$1.invoke(Engine.kt:28)
	at com.almasb.fxgl.all@17.2/com.almasb.fxgl.app.LoopRunner.frame(LoopRunner.kt:103)
	at com.almasb.fxgl.all@17.2/com.almasb.fxgl.app.LoopRunner.access$frame(LoopRunner.kt:23)
	at com.almasb.fxgl.all@17.2/com.almasb.fxgl.app.LoopRunner$impl$2$1.onTick(LoopRunner.kt:57)
	at com.almasb.fxgl.all@17.2/com.almasb.fxgl.app.AnimationTimerLoop$timer$1.handle(LoopRunner.kt:137)
	at javafx.graphics@20/javafx.animation.AnimationTimer$AnimationTimerReceiver.lambda$handle$0(AnimationTimer.java:58)
	at java.base/java.security.AccessController.doPrivileged(AccessController.java:400)
	at javafx.graphics@20/javafx.animation.AnimationTimer$AnimationTimerReceiver.handle(AnimationTimer.java:57)
	at javafx.graphics@20/com.sun.scenario.animation.AbstractPrimaryTimer.timePulseImpl(AbstractPrimaryTimer.java:356)
	at javafx.graphics@20/com.sun.scenario.animation.AbstractPrimaryTimer$MainLoop.run(AbstractPrimaryTimer.java:266)
	at javafx.graphics@20/com.sun.javafx.tk.quantum.QuantumToolkit.pulse(QuantumToolkit.java:588)
	at javafx.graphics@20/com.sun.javafx.tk.quantum.QuantumToolkit.pulse(QuantumToolkit.java:572)
	at javafx.graphics@20/com.sun.javafx.tk.quantum.QuantumToolkit.pulseFromQueue(QuantumToolkit.java:565)
	at javafx.graphics@20/com.sun.javafx.tk.quantum.QuantumToolkit.lambda$runToolkit$11(QuantumToolkit.java:352)
	at javafx.graphics@20/com.sun.glass.ui.InvokeLaterDispatcher$Future.run(InvokeLaterDispatcher.java:95)
	at javafx.graphics@20/com.sun.glass.ui.win.WinApplication._runLoop(Native Method)
	at javafx.graphics@20/com.sun.glass.ui.win.WinApplication.lambda$runLoop$3(WinApplication.java:185)
	at java.base/java.lang.Thread.run(Thread.java:1575)
Caused by: java.lang.IllegalArgumentException: Invalid URL or resource not found
	at javafx.graphics@20/javafx.scene.image.Image.validateUrl(Image.java:1123)
	... 37 more

06:28:03.306 [JavaFX Application Thread] FATAL FXGLApplication      - Application will now exit
06:28:03.327 [JavaFX Application Thread] DEBUG PrimaryStageWindow   - Push state: ErrorSubScene
06:28:03.327 [JavaFX Application Thread] DEBUG Input                - Clearing active input actions
06:28:03.330 [JavaFX Application Thread] DEBUG GameApplicationServi - Removing overlay from GameScene and adding to ErrorSubScene
06:28:03.330 [JavaFX Application Thread] DEBUG PrimaryStageWindow   - GameScene -> ErrorSubScene
06:28:13.578 [JavaFX Application Thread] DEBUG FXGLApplication      - Exiting FXGL
06:28:13.578 [JavaFX Application Thread] DEBUG Async                - Shutting down background threads
06:28:13.578 [JavaFX Application Thread] DEBUG PrimaryStageWindow   - Closing main window
06:28:13.618 [JavaFX Application Thread] DEBUG Logger               - Closing Logger
