23:17:14.935 [main                     ] DEBUG Logger               - Configured Logger
23:17:14.970 [main                     ] DEBUG GameApplication      - Logging settings
Title: CookingIna
Version: 0.1
Width: 1920
Height: 1080
Fullscreen: true
Intro: false
Profiling: false
Single step:false
App Mode: DEVELOPER
Menu Key: ESCAPE
Stage Style: DECORATED
Scene Factory: class com.example.cookingina.CookingInaMain$1

23:17:15.474 [JavaFX Application Thread] DEBUG FXGLApplication      - Initializing FXGL
23:17:15.482 [JavaFX Application Thread] INFO  Engine               - FXGL-17.2 (20.08.2022 16.50) on WINDOWS (J:23.0.1 FX:19)
23:17:15.483 [JavaFX Application Thread] DEBUG Engine               - JRE Vendor Name: Oracle Corporation
23:17:15.483 [JavaFX Application Thread] DEBUG Engine               - Running on OS: Windows 11 version 10.0
23:17:15.483 [JavaFX Application Thread] DEBUG Engine               - Architecture: amd64
23:17:15.483 [JavaFX Application Thread] INFO  Engine               - Source code and latest versions at: https://github.com/AlmasB/FXGL
23:17:15.483 [JavaFX Application Thread] INFO  Engine               -       Ask questions and discuss at: https://github.com/AlmasB/FXGL/discussions
23:17:15.484 [JavaFX Application Thread] INFO  Engine               -              Join the FXGL chat at: https://gitter.im/AlmasB/FXGL
23:17:15.655 [JavaFX Application Thread] DEBUG PrimaryStageWindow   - Creating a JavaFX scene
23:17:15.655 [JavaFX Application Thread] DEBUG PrimaryStageWindow   - Target size > screen size
23:17:15.743 [JavaFX Application Thread] DEBUG PrimaryStageWindow   - Target settings size: 1920.0 x 1080.0
23:17:15.743 [JavaFX Application Thread] DEBUG PrimaryStageWindow   - Scaled scene size:    1511.0 x 864.0
23:17:15.744 [JavaFX Application Thread] DEBUG PrimaryStageWindow   - Scaled ratio: (0.7869791666666667, 0.8)
23:17:15.746 [JavaFX Application Thread] DEBUG PrimaryStageWindow   - Set initial scene to FXGLStartupScene
23:17:15.753 [JavaFX Application Thread] DEBUG PrimaryStageWindow   - Opening main window
23:17:15.910 [JavaFX Application Thread] DEBUG PrimaryStageWindow   - Window border size: (14.5999755859375, 37.5999755859375)
23:17:15.911 [JavaFX Application Thread] DEBUG PrimaryStageWindow   - Scaled size: 1511.0 x 864.0
23:17:15.911 [JavaFX Application Thread] DEBUG PrimaryStageWindow   - Scaled ratio: (0.7869791666666667, 0.8)
23:17:15.912 [JavaFX Application Thread] DEBUG PrimaryStageWindow   - Scene size: 1511.0 x 864.0
23:17:15.913 [JavaFX Application Thread] DEBUG PrimaryStageWindow   - Stage size: 1525.5999755859375 x 901.5999755859375
23:17:16.050 [JavaFX Application Thread] DEBUG PrimaryStageWindow   - Going fullscreen
23:17:16.065 [FXGL Background Thread 1 ] DEBUG Engine               - Initializing environment variables
23:17:16.204 [FXGL Background Thread 1 ] DEBUG FXGLAssetLoaderServi - User app class for loading assets: class com.example.cookingina.CookingInaMain
23:17:16.205 [FXGL Background Thread 1 ] DEBUG GameApplicationServi - Applying CSS: fxgl_dark.css
23:17:16.206 [FXGL Background Thread 1 ] DEBUG FXGLAssetLoaderServi - Loading from file system: jar:file:///C:/Users/Sherielyn/.m2/repository/com/github/almasb/fxgl/17.2/fxgl-17.2.jar!/fxglassets/ui/css/fxgl_dark.css
23:17:16.301 [FXGL Background Thread 1 ] DEBUG GameApplicationServi - Initializing application scenes
23:17:16.376 [FXGL Background Thread 1 ] DEBUG GameWorld            - Game world initialized
23:17:16.550 [FXGL Background Thread 1 ] DEBUG PhysicsWorld         - Physics world initialized: appHeight=1080, physics.ppm=50.0
23:17:16.551 [FXGL Background Thread 1 ] DEBUG PhysicsWorld         - Using strategy: BRUTE_FORCE
23:17:16.559 [FXGL Background Thread 1 ] DEBUG GameScene            - Game scene initialized: 1920x1080
23:17:16.590 [FXGL Background Thread 1 ] DEBUG FXGL.DefaultMenu     - createMenuBodyGameMenu()
23:17:16.611 [FXGL Background Thread 1 ] DEBUG FXGL.DefaultMenu     - createOptionsMenu()
23:17:16.628 [FXGL Background Thread 1 ] DEBUG FXGLAssetLoaderServi - Loading from file system: jar:file:///C:/Users/Sherielyn/.m2/repository/com/github/almasb/fxgl/17.2/fxgl-17.2.jar!/fxglassets/textures/particles/smoke.png
23:17:16.835 [FXGL Background Thread 1 ] DEBUG FXGLAssetLoaderServi - Loading from file system: jar:file:///C:/Users/Sherielyn/.m2/repository/com/github/almasb/fxgl/17.2/fxgl-17.2.jar!/fxglassets/textures/particles/trace_horizontal.png
23:17:16.895 [FXGL Background Thread 1 ] DEBUG GameApplicationServi - Application scenes initialized
23:17:16.926 [FXGL Background Thread 1 ] DEBUG SystemBundleService  - Loading FXGL system data
23:17:16.935 [FXGL Background Thread 1 ] DEBUG FileSystemAccess     - Reading from: C:\Users\Sherielyn\IdeaProjects\Cooking-Ina-Ang-Sarap-\system\fxgl.bundle
23:17:16.951 [FXGL Background Thread 1 ] DEBUG SystemBundleService  - Bundle FXGL: {}
23:17:16.951 [FXGL Background Thread 1 ] DEBUG UpdaterService       - Checking for updates
23:17:16.961 [FXGL Background Thread 4 ] DEBUG FXGLApplication      - Loading fonts
23:17:16.962 [FXGL Background Thread 4 ] DEBUG FXGLAssetLoaderServi - Loading from file system: jar:file:///C:/Users/Sherielyn/.m2/repository/com/github/almasb/fxgl/17.2/fxgl-17.2.jar!/fxglassets/ui/fonts/VarelaRound-Regular.ttf
23:17:16.962 [FXGL Background Thread 1 ] DEBUG FXGLApplication      - Loading default localization
23:17:16.963 [FXGL Background Thread 1 ] DEBUG FXGLAssetLoaderServi - Loading from file system: jar:file:///C:/Users/Sherielyn/.m2/repository/com/github/almasb/fxgl/17.2/fxgl-17.2.jar!/fxglassets/languages/english.lang
23:17:17.065 [FXGL Background Thread 4 ] DEBUG FXGLAssetLoaderServi - Loading from file system: jar:file:///C:/Users/Sherielyn/.m2/repository/com/github/almasb/fxgl/17.2/fxgl-17.2.jar!/fxglassets/ui/fonts/Abel-Regular.ttf
23:17:17.072 [FXGL Background Thread 4 ] DEBUG FXGLAssetLoaderServi - Loading from file system: jar:file:///C:/Users/Sherielyn/.m2/repository/com/github/almasb/fxgl/17.2/fxgl-17.2.jar!/fxglassets/ui/fonts/TerminalLandMono-Regular.otf
23:17:17.075 [FXGL Background Thread 1 ] INFO  FXGLApplication      - FXGL initialization took: 1.010 sec
23:17:17.080 [FXGL Background Thread 4 ] DEBUG FXGLAssetLoaderServi - Loading from file system: jar:file:///C:/Users/Sherielyn/.m2/repository/com/github/almasb/fxgl/17.2/fxgl-17.2.jar!/fxglassets/ui/fonts/Courier-Prime.ttf
23:17:17.109 [JavaFX Application Thread] DEBUG Input                - Registered new binding: Toggle debug - F1
23:17:17.110 [JavaFX Application Thread] DEBUG FXGLAssetLoaderServi - Loading from file system: jar:file:///C:/Users/Sherielyn/.m2/repository/com/github/almasb/fxgl/17.2/fxgl-17.2.jar!/fxglassets/textures/fxgl_icon.png
23:17:17.159 [JavaFX Application Thread] DEBUG FXGLAssetLoaderServi - Loading from file system: jar:file:///C:/Users/Sherielyn/.m2/repository/com/github/almasb/fxgl/17.2/fxgl-17.2.jar!/fxglassets/textures/fxgl_default_cursor.png
23:17:17.168 [JavaFX Application Thread] DEBUG Input                - Registered new binding: Screenshot - CTRL+8
23:17:17.169 [JavaFX Application Thread] DEBUG Input                - Registered new binding: System info dump - CTRL+9
23:17:17.171 [JavaFX Application Thread] DEBUG Input                - Registered new binding: Restart - CTRL+R
23:17:17.172 [JavaFX Application Thread] DEBUG Input                - Registered new binding: Toggle Debug Camera - CTRL+7
23:17:17.176 [JavaFX Application Thread] DEBUG LoopRunner           - Starting loop
23:17:17.176 [JavaFX Application Thread] DEBUG LoopRunner           - Initializing JavaFX AnimationTimerLoop
23:17:17.183 [JavaFX Application Thread] DEBUG Input                - Clearing active input actions
23:17:17.201 [JavaFX Application Thread] DEBUG GameApplicationServi - Removing overlay from FXGLStartupScene and adding to FXGLMainMenuDummyScene
23:17:17.202 [JavaFX Application Thread] DEBUG PrimaryStageWindow   - FXGLStartupScene -> FXGLMainMenuDummyScene
23:17:17.202 [JavaFX Application Thread] DEBUG PrimaryStageWindow   - Push state: MainMenu
23:17:17.202 [JavaFX Application Thread] DEBUG Input                - Clearing active input actions
23:17:17.216 [JavaFX Application Thread] DEBUG GameApplicationServi - Removing overlay from FXGLMainMenuDummyScene and adding to MainMenu
23:17:17.217 [JavaFX Application Thread] DEBUG PrimaryStageWindow   - FXGLMainMenuDummyScene -> MainMenu
23:17:17.218 [JavaFX Application Thread] DEBUG FXGLApplication      - Registering font factories with UI factory
23:17:18.368 [FXGL Background Thread 2 ] INFO  UpdaterService       - Your current version:  17.2
23:17:18.369 [FXGL Background Thread 2 ] INFO  UpdaterService       - Latest stable version: 21.1
23:17:18.749 [JavaFX Application Thread] DEBUG Menu                 - fireNewGame()
23:17:18.749 [JavaFX Application Thread] DEBUG GameApplicationServi - Starting new game
23:17:18.750 [JavaFX Application Thread] DEBUG PrimaryStageWindow   - Pop state: MainMenu
23:17:18.750 [JavaFX Application Thread] DEBUG Input                - Clearing active input actions
23:17:18.752 [JavaFX Application Thread] DEBUG GameApplicationServi - Removing overlay from MainMenu and adding to FXGLMainMenuDummyScene
23:17:18.753 [JavaFX Application Thread] DEBUG PrimaryStageWindow   - FXGLMainMenuDummyScene <- MainMenu
23:17:18.753 [JavaFX Application Thread] DEBUG Input                - Clearing active input actions
23:17:18.767 [JavaFX Application Thread] DEBUG GameApplicationServi - Removing overlay from FXGLMainMenuDummyScene and adding to FXGLLoadingScene
23:17:18.767 [JavaFX Application Thread] DEBUG PrimaryStageWindow   - FXGLMainMenuDummyScene -> FXGLLoadingScene
23:17:18.767 [JavaFX Application Thread] DEBUG GameApplicationServi - Clearing previous game
23:17:18.767 [JavaFX Application Thread] DEBUG GameScene            - Clearing game scene
23:17:18.768 [JavaFX Application Thread] DEBUG GameWorld            - Clearing game world
23:17:18.768 [JavaFX Application Thread] DEBUG PhysicsWorld         - Clearing physics world
23:17:18.769 [FXGL Background Thread 2 ] DEBUG FXGLApplication      - Initializing game
23:17:18.770 [FXGL Background Thread 2 ] DEBUG FXGLAssetLoaderServi - Loading from file system: file:/C:/Users/Sherielyn/IdeaProjects/Cooking-Ina-Ang-Sarap-/CookingIna/target/classes/assets/textures/final_background.png
23:17:18.820 [FXGL Background Thread 2 ] DEBUG FXGLAssetLoaderServi - Loading from file system: file:/C:/Users/Sherielyn/IdeaProjects/Cooking-Ina-Ang-Sarap-/CookingIna/target/classes/assets/textures/frying_pan.png
23:17:18.865 [FXGL Background Thread 2 ] DEBUG FXGLAssetLoaderServi - Loading from file system: file:/C:/Users/Sherielyn/IdeaProjects/Cooking-Ina-Ang-Sarap-/CookingIna/target/classes/assets/textures/frying_pan.png
23:17:18.889 [FXGL Background Thread 2 ] DEBUG FXGLAssetLoaderServi - Loading from file system: file:/C:/Users/Sherielyn/IdeaProjects/Cooking-Ina-Ang-Sarap-/CookingIna/target/classes/assets/textures/calamansiJuice_dispenser.png
23:17:18.909 [FXGL Background Thread 2 ] DEBUG FXGLAssetLoaderServi - Loading from file system: file:/C:/Users/Sherielyn/IdeaProjects/Cooking-Ina-Ang-Sarap-/CookingIna/target/classes/assets/textures/bukoJuice_dispenser.png
23:17:18.930 [FXGL Background Thread 2 ] DEBUG FXGLAssetLoaderServi - Loading from file system: file:/C:/Users/Sherielyn/IdeaProjects/Cooking-Ina-Ang-Sarap-/CookingIna/target/classes/assets/textures/orangeJuice_dispenser.png
23:17:18.951 [FXGL Background Thread 2 ] DEBUG FXGLAssetLoaderServi - Loading from file system: file:/C:/Users/Sherielyn/IdeaProjects/Cooking-Ina-Ang-Sarap-/CookingIna/target/classes/assets/textures/calamansiJuice_dispenser.png
23:17:18.970 [FXGL Background Thread 2 ] DEBUG FXGLAssetLoaderServi - Loading from file system: file:/C:/Users/Sherielyn/IdeaProjects/Cooking-Ina-Ang-Sarap-/CookingIna/target/classes/assets/textures/bukoJuice_dispenser.png
23:17:18.984 [FXGL Background Thread 2 ] DEBUG FXGLAssetLoaderServi - Loading from file system: file:/C:/Users/Sherielyn/IdeaProjects/Cooking-Ina-Ang-Sarap-/CookingIna/target/classes/assets/textures/orangeJuice_dispenser.png
23:17:18.996 [FXGL Background Thread 2 ] DEBUG FXGLAssetLoaderServi - Loading from file system: file:/C:/Users/Sherielyn/IdeaProjects/Cooking-Ina-Ang-Sarap-/CookingIna/target/classes/assets/textures/mango_container.png
23:17:19.040 [FXGL Background Thread 2 ] DEBUG FXGLAssetLoaderServi - Loading from file system: file:/C:/Users/Sherielyn/IdeaProjects/Cooking-Ina-Ang-Sarap-/CookingIna/target/classes/assets/textures/cucumberGarnish_container.png
23:17:19.065 [FXGL Background Thread 2 ] DEBUG FXGLAssetLoaderServi - Loading from file system: file:/C:/Users/Sherielyn/IdeaProjects/Cooking-Ina-Ang-Sarap-/CookingIna/target/classes/assets/textures/gusoGarnish_container.png
23:17:19.091 [FXGL Background Thread 2 ] DEBUG FXGLAssetLoaderServi - Loading from file system: file:/C:/Users/Sherielyn/IdeaProjects/Cooking-Ina-Ang-Sarap-/CookingIna/target/classes/assets/textures/spicy_sauce.png
23:17:19.106 [FXGL Background Thread 2 ] DEBUG FXGLAssetLoaderServi - Loading from file system: file:/C:/Users/Sherielyn/IdeaProjects/Cooking-Ina-Ang-Sarap-/CookingIna/target/classes/assets/textures/sweet_sauce.png
23:17:19.122 [FXGL Background Thread 2 ] DEBUG FXGLAssetLoaderServi - Loading from file system: file:/C:/Users/Sherielyn/IdeaProjects/Cooking-Ina-Ang-Sarap-/CookingIna/target/classes/assets/textures/hipon_bottle.png
23:17:19.149 [FXGL Background Thread 2 ] DEBUG FXGLAssetLoaderServi - Loading from file system: file:/C:/Users/Sherielyn/IdeaProjects/Cooking-Ina-Ang-Sarap-/CookingIna/target/classes/assets/textures/salt_bottle.png
23:17:19.175 [FXGL Background Thread 2 ] DEBUG FXGLAssetLoaderServi - Loading from file system: file:/C:/Users/Sherielyn/IdeaProjects/Cooking-Ina-Ang-Sarap-/CookingIna/target/classes/assets/textures/rawQuekquek_container.png
23:17:19.204 [FXGL Background Thread 2 ] DEBUG FXGLAssetLoaderServi - Loading from file system: file:/C:/Users/Sherielyn/IdeaProjects/Cooking-Ina-Ang-Sarap-/CookingIna/target/classes/assets/textures/rawHotdog_container.png
23:17:19.232 [FXGL Background Thread 2 ] DEBUG FXGLAssetLoaderServi - Loading from file system: file:/C:/Users/Sherielyn/IdeaProjects/Cooking-Ina-Ang-Sarap-/CookingIna/target/classes/assets/textures/rawTempura_container.png
23:17:19.269 [FXGL Background Thread 2 ] DEBUG FXGLAssetLoaderServi - Loading from file system: file:/C:/Users/Sherielyn/IdeaProjects/Cooking-Ina-Ang-Sarap-/CookingIna/target/classes/assets/textures/paper_tray.png
23:17:19.311 [FXGL Background Thread 2 ] WARN  Entity               - Entity already has component: com.almasb.fxgl.dsl.components.DraggableComponent
23:17:19.315 [FXGL Background Thread 2 ] WARN  Entity               - Entity already has component: com.almasb.fxgl.dsl.components.DraggableComponent
23:17:19.318 [FXGL Background Thread 2 ] WARN  Entity               - Entity already has component: com.almasb.fxgl.dsl.components.DraggableComponent
23:17:19.319 [FXGL Background Thread 2 ] INFO  FXGLApplication      - Game initialization took: 0.550 sec
23:17:19.320 [JavaFX Application Thread] DEBUG Input                - Clearing active input actions
23:17:19.330 [JavaFX Application Thread] DEBUG GameApplicationServi - Removing overlay from FXGLLoadingScene and adding to GameScene
23:17:19.332 [JavaFX Application Thread] DEBUG PrimaryStageWindow   - FXGLLoadingScene -> GameScene
23:17:19.959 [FXGL Background Thread 3 ] DEBUG Engine               - Logging environment variables
23:17:19.959 [FXGL Background Thread 3 ] DEBUG Engine               - achievements: []
23:17:19.959 [FXGL Background Thread 3 ] DEBUG Engine               - actualHeight: 864.0
23:17:19.959 [FXGL Background Thread 3 ] DEBUG Engine               - actualHeightProperty: ReadOnlyDoubleProperty [value: 864.0]
23:17:19.959 [FXGL Background Thread 3 ] DEBUG Engine               - actualWidth: 1536.0
23:17:19.959 [FXGL Background Thread 3 ] DEBUG Engine               - actualWidthProperty: ReadOnlyDoubleProperty [value: 1536.0]
23:17:19.959 [FXGL Background Thread 3 ] DEBUG Engine               - appIcon: fxgl_icon.png
23:17:19.959 [FXGL Background Thread 3 ] DEBUG Engine               - applicationMode: DEVELOPER
23:17:19.959 [FXGL Background Thread 3 ] DEBUG Engine               - cSSList: [fxgl_dark.css]
23:17:19.959 [FXGL Background Thread 3 ] DEBUG Engine               - collisionDetectionStrategy: BRUTE_FORCE
23:17:19.959 [FXGL Background Thread 3 ] DEBUG Engine               - configClass: Optional.empty
23:17:19.959 [FXGL Background Thread 3 ] DEBUG Engine               - credits: []
23:17:19.959 [FXGL Background Thread 3 ] DEBUG Engine               - defaultCursor: CursorInfo(imageName=fxgl_default_cursor.png, hotspotX=7.0, hotspotY=6.0)
23:17:19.960 [FXGL Background Thread 3 ] DEBUG Engine               - devBBoxColorProperty: ObjectProperty [value: 0xff0000ff]
23:17:19.960 [FXGL Background Thread 3 ] DEBUG Engine               - devEnableDebugCameraProperty: BooleanProperty [value: false]
23:17:19.960 [FXGL Background Thread 3 ] DEBUG Engine               - devSensorColorProperty: ObjectProperty [value: 0xffff00ff]
23:17:19.960 [FXGL Background Thread 3 ] DEBUG Engine               - devShowBBoxProperty: BooleanProperty [value: false]
23:17:19.960 [FXGL Background Thread 3 ] DEBUG Engine               - devShowPositionProperty: BooleanProperty [value: false]
23:17:19.960 [FXGL Background Thread 3 ] DEBUG Engine               - enabledMenuItems: []
23:17:19.960 [FXGL Background Thread 3 ] DEBUG Engine               - engineServices: [class com.almasb.fxgl.app.services.FXGLAssetLoaderService, class com.almasb.fxgl.app.FXGLApplication$GameApplicationService, class com.almasb.fxgl.app.services.FXGLDialogService, class com.almasb.fxgl.app.services.IOTaskExecutorService, class com.almasb.fxgl.io.FileSystemService, class com.almasb.fxgl.localization.LocalizationService, class com.almasb.fxgl.app.services.SystemBundleService, class com.almasb.fxgl.profile.SaveLoadService, class com.almasb.fxgl.ui.FXGLUIFactoryServiceProvider, class com.almasb.fxgl.ui.FXGLDialogFactoryServiceProvider, class com.almasb.fxgl.audio.AudioPlayer, class com.almasb.fxgl.notification.impl.NotificationServiceProvider, class com.almasb.fxgl.achievement.AchievementService, class com.almasb.fxgl.cutscene.CutsceneService, class com.almasb.fxgl.minigames.MiniGameService, class com.almasb.fxgl.net.NetService, class com.almasb.fxgl.app.services.UpdaterService, class com.almasb.fxgl.dev.DevService]
23:17:19.961 [FXGL Background Thread 3 ] DEBUG Engine               - fontGame: Abel-Regular.ttf
23:17:19.961 [FXGL Background Thread 3 ] DEBUG Engine               - fontMono: TerminalLandMono-Regular.otf
23:17:19.961 [FXGL Background Thread 3 ] DEBUG Engine               - fontText: Courier-Prime.ttf
23:17:19.961 [FXGL Background Thread 3 ] DEBUG Engine               - fontUI: VarelaRound-Regular.ttf
23:17:19.961 [FXGL Background Thread 3 ] DEBUG Engine               - fullScreen: BooleanProperty [value: true]
23:17:19.961 [FXGL Background Thread 3 ] DEBUG Engine               - gameDifficulty: MEDIUM
23:17:19.961 [FXGL Background Thread 3 ] DEBUG Engine               - gameDifficultyProperty: ObjectProperty [value: MEDIUM]
23:17:19.961 [FXGL Background Thread 3 ] DEBUG Engine               - globalMusicVolume: 0.5
23:17:19.962 [FXGL Background Thread 3 ] DEBUG Engine               - globalMusicVolumeProperty: DoubleProperty [value: 0.5]
23:17:19.962 [FXGL Background Thread 3 ] DEBUG Engine               - globalSoundVolume: 0.5
23:17:19.962 [FXGL Background Thread 3 ] DEBUG Engine               - globalSoundVolumeProperty: DoubleProperty [value: 0.5]
23:17:19.962 [FXGL Background Thread 3 ] DEBUG Engine               - height: 1080
23:17:19.962 [FXGL Background Thread 3 ] DEBUG Engine               - is3D: false
23:17:19.962 [FXGL Background Thread 3 ] DEBUG Engine               - isAndroid: false
23:17:19.962 [FXGL Background Thread 3 ] DEBUG Engine               - isBrowser: false
23:17:19.962 [FXGL Background Thread 3 ] DEBUG Engine               - isClickFeedbackEnabled: false
23:17:19.962 [FXGL Background Thread 3 ] DEBUG Engine               - isCloseConfirmation: false
23:17:19.962 [FXGL Background Thread 3 ] DEBUG Engine               - isDesktop: true
23:17:19.962 [FXGL Background Thread 3 ] DEBUG Engine               - isDeveloperMenuEnabled: false
23:17:19.963 [FXGL Background Thread 3 ] DEBUG Engine               - isEmbedded: false
23:17:19.963 [FXGL Background Thread 3 ] DEBUG Engine               - isEntityPreloadEnabled: true
23:17:19.963 [FXGL Background Thread 3 ] DEBUG Engine               - isExperimentalTiledLargeMap: false
23:17:19.963 [FXGL Background Thread 3 ] DEBUG Engine               - isFileSystemWriteAllowed: true
23:17:19.963 [FXGL Background Thread 3 ] DEBUG Engine               - isFullScreenAllowed: true
23:17:19.963 [FXGL Background Thread 3 ] DEBUG Engine               - isFullScreenFromStart: true
23:17:19.963 [FXGL Background Thread 3 ] DEBUG Engine               - isGameMenuEnabled: true
23:17:19.963 [FXGL Background Thread 3 ] DEBUG Engine               - isIOS: false
23:17:19.963 [FXGL Background Thread 3 ] DEBUG Engine               - isIntroEnabled: false
23:17:19.964 [FXGL Background Thread 3 ] DEBUG Engine               - isLinux: false
23:17:19.964 [FXGL Background Thread 3 ] DEBUG Engine               - isMac: false
23:17:19.964 [FXGL Background Thread 3 ] DEBUG Engine               - isMainMenuEnabled: true
23:17:19.964 [FXGL Background Thread 3 ] DEBUG Engine               - isManualResizeEnabled: false
23:17:19.964 [FXGL Background Thread 3 ] DEBUG Engine               - isMobile: false
23:17:19.964 [FXGL Background Thread 3 ] DEBUG Engine               - isNative: false
23:17:19.964 [FXGL Background Thread 3 ] DEBUG Engine               - isPauseMusicWhenMinimized: true
23:17:19.964 [FXGL Background Thread 3 ] DEBUG Engine               - isPreserveResizeRatio: false
23:17:19.964 [FXGL Background Thread 3 ] DEBUG Engine               - isProfilingEnabled: false
23:17:19.964 [FXGL Background Thread 3 ] DEBUG Engine               - isScaleAffectedOnResize: true
23:17:19.964 [FXGL Background Thread 3 ] DEBUG Engine               - isSingleStep: false
23:17:19.964 [FXGL Background Thread 3 ] DEBUG Engine               - isUserProfileEnabled: false
23:17:19.964 [FXGL Background Thread 3 ] DEBUG Engine               - isWindows: true
23:17:19.964 [FXGL Background Thread 3 ] DEBUG Engine               - language: ObjectProperty [value: ENGLISH]
23:17:19.965 [FXGL Background Thread 3 ] DEBUG Engine               - menuKey: ESCAPE
23:17:19.965 [FXGL Background Thread 3 ] DEBUG Engine               - mouseSensitivity: 0.2
23:17:19.965 [FXGL Background Thread 3 ] DEBUG Engine               - notificationViewClass: class com.almasb.fxgl.notification.view.XboxNotificationView
23:17:19.965 [FXGL Background Thread 3 ] DEBUG Engine               - pixelsPerMeter: 50.0
23:17:19.965 [FXGL Background Thread 3 ] DEBUG Engine               - platform: WINDOWS
23:17:19.965 [FXGL Background Thread 3 ] DEBUG Engine               - prefHeightProperty: ReadOnlyDoubleProperty [value: 1080.0]
23:17:19.965 [FXGL Background Thread 3 ] DEBUG Engine               - prefWidthProperty: ReadOnlyDoubleProperty [value: 1920.0]
23:17:19.965 [FXGL Background Thread 3 ] DEBUG Engine               - profileDir: profiles/
23:17:19.965 [FXGL Background Thread 3 ] DEBUG Engine               - profileName: StringProperty [value: DEFAULT]
23:17:19.965 [FXGL Background Thread 3 ] DEBUG Engine               - randomSeed: -1
23:17:19.966 [FXGL Background Thread 3 ] DEBUG Engine               - runtimeInfo: RuntimeInfo(platform=WINDOWS, version=17.2, build=20.08.2022 16.50)
23:17:19.966 [FXGL Background Thread 3 ] DEBUG Engine               - saveFileExt: sav
23:17:19.966 [FXGL Background Thread 3 ] DEBUG Engine               - scaledHeightProp$fxgl: DoubleProperty [bound, value: 864.0]
23:17:19.966 [FXGL Background Thread 3 ] DEBUG Engine               - scaledWidthProp$fxgl: DoubleProperty [bound, value: 1536.0]
23:17:19.966 [FXGL Background Thread 3 ] DEBUG Engine               - sceneFactory: com.example.cookingina.CookingInaMain$1@2f25a1a2
23:17:19.966 [FXGL Background Thread 3 ] DEBUG Engine               - secondsIn24h: 60
23:17:19.966 [FXGL Background Thread 3 ] DEBUG Engine               - soundMenuBack: menu/back.wav
23:17:19.966 [FXGL Background Thread 3 ] DEBUG Engine               - soundMenuPress: menu/press.wav
23:17:19.966 [FXGL Background Thread 3 ] DEBUG Engine               - soundMenuSelect: menu/select.wav
23:17:19.966 [FXGL Background Thread 3 ] DEBUG Engine               - soundNotification: core/notification.wav
23:17:19.966 [FXGL Background Thread 3 ] DEBUG Engine               - stageStyle: DECORATED
23:17:19.966 [FXGL Background Thread 3 ] DEBUG Engine               - supportedLanguages: [ENGLISH, FRENCH, GERMAN, HUNGARIAN, RUSSIAN]
23:17:19.966 [FXGL Background Thread 3 ] DEBUG Engine               - ticksPerSecond: -1
23:17:19.966 [FXGL Background Thread 3 ] DEBUG Engine               - title: CookingIna
23:17:19.967 [FXGL Background Thread 3 ] DEBUG Engine               - urlGithub: https://github.com/AlmasB/FXGL
23:17:19.967 [FXGL Background Thread 3 ] DEBUG Engine               - urlLeaderboard: http://fxgl-top.herokuapp.com/
23:17:19.967 [FXGL Background Thread 3 ] DEBUG Engine               - urlPOM: https://raw.githubusercontent.com/AlmasB/FXGL/release/README.md
23:17:19.967 [FXGL Background Thread 3 ] DEBUG Engine               - userAppClass: class com.example.cookingina.CookingInaMain
23:17:19.967 [FXGL Background Thread 3 ] DEBUG Engine               - version: 0.1
23:17:19.967 [FXGL Background Thread 3 ] DEBUG Engine               - versionCheckDays: 7
23:17:19.967 [FXGL Background Thread 3 ] DEBUG Engine               - width: 1920
23:17:19.967 [FXGL Background Thread 3 ] DEBUG Engine               - Logging services
23:17:19.967 [FXGL Background Thread 3 ] DEBUG Engine               - class com.almasb.fxgl.app.services.FXGLAssetLoaderService
23:17:19.967 [FXGL Background Thread 3 ] DEBUG Engine               - class com.almasb.fxgl.app.FXGLApplication$GameApplicationService
23:17:19.967 [FXGL Background Thread 3 ] DEBUG Engine               - class com.almasb.fxgl.app.services.FXGLDialogService
23:17:19.967 [FXGL Background Thread 3 ] DEBUG Engine               - class com.almasb.fxgl.app.services.IOTaskExecutorService
23:17:19.967 [FXGL Background Thread 3 ] DEBUG Engine               - class com.almasb.fxgl.io.FileSystemService
23:17:19.967 [FXGL Background Thread 3 ] DEBUG Engine               - class com.almasb.fxgl.localization.LocalizationService
23:17:19.967 [FXGL Background Thread 3 ] DEBUG Engine               - class com.almasb.fxgl.app.services.SystemBundleService
23:17:19.967 [FXGL Background Thread 3 ] DEBUG Engine               - class com.almasb.fxgl.profile.SaveLoadService
23:17:19.968 [FXGL Background Thread 3 ] DEBUG Engine               - class com.almasb.fxgl.ui.FXGLUIFactoryServiceProvider
23:17:19.968 [FXGL Background Thread 3 ] DEBUG Engine               - class com.almasb.fxgl.ui.FXGLDialogFactoryServiceProvider
23:17:19.968 [FXGL Background Thread 3 ] DEBUG Engine               - class com.almasb.fxgl.audio.AudioPlayer
23:17:19.968 [FXGL Background Thread 3 ] DEBUG Engine               - class com.almasb.fxgl.notification.impl.NotificationServiceProvider
23:17:19.968 [FXGL Background Thread 3 ] DEBUG Engine               - class com.almasb.fxgl.achievement.AchievementService
23:17:19.968 [FXGL Background Thread 3 ] DEBUG Engine               - class com.almasb.fxgl.cutscene.CutsceneService
23:17:19.968 [FXGL Background Thread 3 ] DEBUG Engine               - class com.almasb.fxgl.minigames.MiniGameService
23:17:19.968 [FXGL Background Thread 3 ] DEBUG Engine               - class com.almasb.fxgl.net.NetService
23:17:19.968 [FXGL Background Thread 3 ] DEBUG Engine               - class com.almasb.fxgl.app.services.UpdaterService
23:17:19.968 [FXGL Background Thread 3 ] DEBUG Engine               - class com.almasb.fxgl.dev.DevService
23:17:22.112 [JavaFX Application Thread] DEBUG FXGLAssetLoaderServi - Loading from file system: file:/C:/Users/Sherielyn/IdeaProjects/Cooking-Ina-Ang-Sarap-/CookingIna/target/classes/assets/textures/customer_image.png
23:17:49.041 [JavaFX Application Thread] WARN  FXGL.ProgressBar     - Current value > max value. Setting max value as current
23:17:49.044 [JavaFX Application Thread] DEBUG LoopRunner           - Stopping loop
23:17:49.049 [JavaFX Application Thread] FATAL FXGLApplication      - Uncaught Exception:
java.lang.NullPointerException: Cannot invoke "com.example.cookingina.objects.entity.StoreItem.getDescription()" because "this.cookedStoreItem" is null
	at com.example.cookingina/com.example.cookingina.control.CookingComponent.onUpdate(CookingComponent.java:131)
	at com.almasb.fxgl.entity@17.2/com.almasb.fxgl.entity.Entity$ComponentMap.update(Entity.java:60)
	at com.almasb.fxgl.entity@17.2/com.almasb.fxgl.entity.Entity.update(Entity.java:248)
	at com.almasb.fxgl.entity@17.2/com.almasb.fxgl.entity.GameWorld.onUpdate(GameWorld.kt:177)
	at com.almasb.fxgl.all@17.2/com.almasb.fxgl.app.scene.GameScene.step(GameScene.kt:228)
	at com.almasb.fxgl.all@17.2/com.almasb.fxgl.app.scene.GameScene.onUpdate(GameScene.kt:224)
	at com.almasb.fxgl.scene@17.2/com.almasb.fxgl.scene.Scene.update(Scene.kt:105)
	at com.almasb.fxgl.all@17.2/com.almasb.fxgl.app.MainWindow$update$1.invoke(MainWindow.kt:115)
	at com.almasb.fxgl.all@17.2/com.almasb.fxgl.app.MainWindow$update$1.invoke(MainWindow.kt:115)
	at com.almasb.fxgl.core@17.2/com.almasb.fxgl.core.fsm.StateMachine.runOnActiveStates(StateMachine.kt:69)
	at com.almasb.fxgl.all@17.2/com.almasb.fxgl.app.MainWindow.update(MainWindow.kt:115)
	at com.almasb.fxgl.all@17.2/com.almasb.fxgl.app.FXGLApplication$GameApplicationService.onUpdate(FXGLApplication.kt:426)
	at com.almasb.fxgl.all@17.2/com.almasb.fxgl.app.Engine.loop(Engine.kt:134)
	at com.almasb.fxgl.all@17.2/com.almasb.fxgl.app.Engine.access$loop(Engine.kt:24)
	at com.almasb.fxgl.all@17.2/com.almasb.fxgl.app.Engine$loop$1.invoke(Engine.kt:28)
	at com.almasb.fxgl.all@17.2/com.almasb.fxgl.app.Engine$loop$1.invoke(Engine.kt:28)
	at com.almasb.fxgl.all@17.2/com.almasb.fxgl.app.LoopRunner.frame(LoopRunner.kt:103)
	at com.almasb.fxgl.all@17.2/com.almasb.fxgl.app.LoopRunner.access$frame(LoopRunner.kt:23)
	at com.almasb.fxgl.all@17.2/com.almasb.fxgl.app.LoopRunner$impl$2$1.onTick(LoopRunner.kt:57)
	at com.almasb.fxgl.all@17.2/com.almasb.fxgl.app.AnimationTimerLoop$timer$1.handle(LoopRunner.kt:137)
	at javafx.graphics@19/javafx.animation.AnimationTimer$AnimationTimerReceiver.lambda$handle$0(AnimationTimer.java:58)
	at java.base/java.security.AccessController.doPrivileged(AccessController.java:400)
	at javafx.graphics@19/javafx.animation.AnimationTimer$AnimationTimerReceiver.handle(AnimationTimer.java:57)
	at javafx.graphics@19/com.sun.scenario.animation.AbstractPrimaryTimer.timePulseImpl(AbstractPrimaryTimer.java:356)
	at javafx.graphics@19/com.sun.scenario.animation.AbstractPrimaryTimer$MainLoop.run(AbstractPrimaryTimer.java:266)
	at javafx.graphics@19/com.sun.javafx.tk.quantum.QuantumToolkit.pulse(QuantumToolkit.java:571)
	at javafx.graphics@19/com.sun.javafx.tk.quantum.QuantumToolkit.pulse(QuantumToolkit.java:555)
	at javafx.graphics@19/com.sun.javafx.tk.quantum.QuantumToolkit.pulseFromQueue(QuantumToolkit.java:548)
	at javafx.graphics@19/com.sun.javafx.tk.quantum.QuantumToolkit.lambda$runToolkit$11(QuantumToolkit.java:352)
	at javafx.graphics@19/com.sun.glass.ui.InvokeLaterDispatcher$Future.run(InvokeLaterDispatcher.java:96)
	at javafx.graphics@19/com.sun.glass.ui.win.WinApplication._runLoop(Native Method)
	at javafx.graphics@19/com.sun.glass.ui.win.WinApplication.lambda$runLoop$3(WinApplication.java:184)
	at java.base/java.lang.Thread.run(Thread.java:1575)

23:17:49.049 [JavaFX Application Thread] FATAL FXGLApplication      - Application will now exit
23:17:49.067 [JavaFX Application Thread] DEBUG PrimaryStageWindow   - Push state: ErrorSubScene
23:17:49.067 [JavaFX Application Thread] DEBUG Input                - Clearing active input actions
23:17:49.069 [JavaFX Application Thread] DEBUG GameApplicationServi - Removing overlay from GameScene and adding to ErrorSubScene
23:17:49.069 [JavaFX Application Thread] DEBUG PrimaryStageWindow   - GameScene -> ErrorSubScene
23:17:56.444 [JavaFX Application Thread] DEBUG FXGLApplication      - Exiting FXGL
23:17:56.444 [JavaFX Application Thread] DEBUG Async                - Shutting down background threads
23:17:56.445 [JavaFX Application Thread] DEBUG PrimaryStageWindow   - Closing main window
23:17:56.499 [JavaFX Application Thread] DEBUG Logger               - Closing Logger
