23:39:43.001 [main                     ] DEBUG Logger               - Configured Logger
23:39:43.026 [main                     ] DEBUG GameApplication      - Logging settings
Title: CookingIna
Version: 0.1
Width: 1920
Height: 1080
Fullscreen: true
Intro: false
Profiling: false
Single step:false
App Mode: DEVELOPER
Menu Key: ESCAPE
Stage Style: DECORATED
Scene Factory: class com.example.cookingina.CookingInaMain$1

23:39:43.801 [JavaFX Application Thread] DEBUG FXGLApplication      - Initializing FXGL
23:39:43.810 [JavaFX Application Thread] INFO  Engine               - FXGL-17.2 (20.08.2022 16.50) on WINDOWS (J:21.0.5 FX:20)
23:39:43.812 [JavaFX Application Thread] DEBUG Engine               - JRE Vendor Name: Amazon.com Inc.
23:39:43.812 [JavaFX Application Thread] DEBUG Engine               - Running on OS: Windows 11 version 10.0
23:39:43.812 [JavaFX Application Thread] DEBUG Engine               - Architecture: amd64
23:39:43.812 [JavaFX Application Thread] INFO  Engine               - Source code and latest versions at: https://github.com/AlmasB/FXGL
23:39:43.812 [JavaFX Application Thread] INFO  Engine               -       Ask questions and discuss at: https://github.com/AlmasB/FXGL/discussions
23:39:43.812 [JavaFX Application Thread] INFO  Engine               -              Join the FXGL chat at: https://gitter.im/AlmasB/FXGL
23:39:43.907 [JavaFX Application Thread] DEBUG PrimaryStageWindow   - Creating a JavaFX scene
23:39:43.908 [JavaFX Application Thread] DEBUG PrimaryStageWindow   - Target size > screen size
23:39:43.963 [JavaFX Application Thread] DEBUG PrimaryStageWindow   - Target settings size: 1920.0 x 1080.0
23:39:43.963 [JavaFX Application Thread] DEBUG PrimaryStageWindow   - Scaled scene size:    1511.0 x 864.0
23:39:43.964 [JavaFX Application Thread] DEBUG PrimaryStageWindow   - Scaled ratio: (0.7869791666666667, 0.8)
23:39:43.965 [JavaFX Application Thread] DEBUG PrimaryStageWindow   - Set initial scene to FXGLStartupScene
23:39:43.970 [JavaFX Application Thread] DEBUG PrimaryStageWindow   - Opening main window
23:39:44.103 [JavaFX Application Thread] DEBUG PrimaryStageWindow   - Window border size: (14.5999755859375, 37.5999755859375)
23:39:44.103 [JavaFX Application Thread] DEBUG PrimaryStageWindow   - Scaled size: 1511.0 x 864.0
23:39:44.103 [JavaFX Application Thread] DEBUG PrimaryStageWindow   - Scaled ratio: (0.7869791666666667, 0.8)
23:39:44.103 [JavaFX Application Thread] DEBUG PrimaryStageWindow   - Scene size: 1511.0 x 864.0
23:39:44.103 [JavaFX Application Thread] DEBUG PrimaryStageWindow   - Stage size: 1525.5999755859375 x 901.5999755859375
23:39:44.200 [JavaFX Application Thread] DEBUG PrimaryStageWindow   - Going fullscreen
23:39:44.211 [FXGL Background Thread 1 ] DEBUG Engine               - Initializing environment variables
23:39:44.267 [FXGL Background Thread 1 ] DEBUG FXGLAssetLoaderServi - User app class for loading assets: class com.example.cookingina.CookingInaMain
23:39:44.267 [FXGL Background Thread 1 ] DEBUG GameApplicationServi - Applying CSS: fxgl_dark.css
23:39:44.268 [FXGL Background Thread 1 ] DEBUG FXGLAssetLoaderServi - Loading from file system: jar:file:///C:/Users/austi/.m2/repository/com/github/almasb/fxgl/17.2/fxgl-17.2.jar!/fxglassets/ui/css/fxgl_dark.css
23:39:44.333 [FXGL Background Thread 1 ] DEBUG GameApplicationServi - Initializing application scenes
23:39:44.394 [FXGL Background Thread 1 ] DEBUG GameWorld            - Game world initialized
23:39:44.456 [FXGL Background Thread 1 ] DEBUG PhysicsWorld         - Physics world initialized: appHeight=1080, physics.ppm=50.0
23:39:44.457 [FXGL Background Thread 1 ] DEBUG PhysicsWorld         - Using strategy: BRUTE_FORCE
23:39:44.462 [FXGL Background Thread 1 ] DEBUG GameScene            - Game scene initialized: 1920x1080
23:39:44.640 [FXGL Background Thread 1 ] DEBUG FXGL.DefaultMenu     - createMenuBodyGameMenu()
23:39:44.658 [FXGL Background Thread 1 ] DEBUG FXGL.DefaultMenu     - createOptionsMenu()
23:39:44.665 [FXGL Background Thread 1 ] DEBUG FXGLAssetLoaderServi - Loading from file system: jar:file:///C:/Users/austi/.m2/repository/com/github/almasb/fxgl/17.2/fxgl-17.2.jar!/fxglassets/textures/particles/smoke.png
23:39:44.752 [FXGL Background Thread 1 ] DEBUG FXGLAssetLoaderServi - Loading from file system: jar:file:///C:/Users/austi/.m2/repository/com/github/almasb/fxgl/17.2/fxgl-17.2.jar!/fxglassets/textures/particles/trace_horizontal.png
23:39:44.777 [FXGL Background Thread 1 ] DEBUG GameApplicationServi - Application scenes initialized
23:39:44.796 [FXGL Background Thread 1 ] DEBUG SystemBundleService  - Loading FXGL system data
23:39:44.797 [FXGL Background Thread 1 ] DEBUG FileSystemAccess     - Reading from: C:\Users\austi\IdeaProjects\Cooking-Ina-Ang-Sarap-1\system\fxgl.bundle
23:39:44.799 [FXGL Background Thread 1 ] DEBUG SystemBundleService  - Bundle FXGL: {}
23:39:44.800 [FXGL Background Thread 1 ] DEBUG UpdaterService       - Checking for updates
23:39:44.803 [FXGL Background Thread 4 ] DEBUG FXGLApplication      - Loading fonts
23:39:44.804 [FXGL Background Thread 1 ] DEBUG FXGLApplication      - Loading default localization
23:39:44.804 [FXGL Background Thread 4 ] DEBUG FXGLAssetLoaderServi - Loading from file system: jar:file:///C:/Users/austi/.m2/repository/com/github/almasb/fxgl/17.2/fxgl-17.2.jar!/fxglassets/ui/fonts/VarelaRound-Regular.ttf
23:39:44.804 [FXGL Background Thread 1 ] DEBUG FXGLAssetLoaderServi - Loading from file system: jar:file:///C:/Users/austi/.m2/repository/com/github/almasb/fxgl/17.2/fxgl-17.2.jar!/fxglassets/languages/english.lang
23:39:44.813 [FXGL Background Thread 4 ] DEBUG FXGLAssetLoaderServi - Loading from file system: jar:file:///C:/Users/austi/.m2/repository/com/github/almasb/fxgl/17.2/fxgl-17.2.jar!/fxglassets/ui/fonts/Abel-Regular.ttf
23:39:44.816 [FXGL Background Thread 4 ] DEBUG FXGLAssetLoaderServi - Loading from file system: jar:file:///C:/Users/austi/.m2/repository/com/github/almasb/fxgl/17.2/fxgl-17.2.jar!/fxglassets/ui/fonts/TerminalLandMono-Regular.otf
23:39:44.822 [FXGL Background Thread 4 ] DEBUG FXGLAssetLoaderServi - Loading from file system: jar:file:///C:/Users/austi/.m2/repository/com/github/almasb/fxgl/17.2/fxgl-17.2.jar!/fxglassets/ui/fonts/Courier-Prime.ttf
23:39:44.823 [FXGL Background Thread 1 ] INFO  FXGLApplication      - FXGL initialization took: 0.611 sec
23:39:44.833 [JavaFX Application Thread] DEBUG Input                - Registered new binding: Toggle debug - F1
23:39:44.833 [JavaFX Application Thread] DEBUG FXGLAssetLoaderServi - Loading from file system: jar:file:///C:/Users/austi/.m2/repository/com/github/almasb/fxgl/17.2/fxgl-17.2.jar!/fxglassets/textures/fxgl_icon.png
23:39:44.843 [JavaFX Application Thread] DEBUG FXGLAssetLoaderServi - Loading from file system: jar:file:///C:/Users/austi/.m2/repository/com/github/almasb/fxgl/17.2/fxgl-17.2.jar!/fxglassets/textures/fxgl_default_cursor.png
23:39:44.845 [JavaFX Application Thread] DEBUG Input                - Registered new binding: Screenshot - CTRL+8
23:39:44.845 [JavaFX Application Thread] DEBUG Input                - Registered new binding: System info dump - CTRL+9
23:39:44.846 [JavaFX Application Thread] DEBUG Input                - Registered new binding: Restart - CTRL+R
23:39:44.846 [JavaFX Application Thread] DEBUG Input                - Registered new binding: Toggle Debug Camera - CTRL+7
23:39:44.848 [JavaFX Application Thread] DEBUG LoopRunner           - Starting loop
23:39:44.848 [JavaFX Application Thread] DEBUG LoopRunner           - Initializing JavaFX AnimationTimerLoop
23:39:44.851 [JavaFX Application Thread] DEBUG Input                - Clearing active input actions
23:39:44.858 [JavaFX Application Thread] DEBUG GameApplicationServi - Removing overlay from FXGLStartupScene and adding to FXGLMainMenuDummyScene
23:39:44.858 [JavaFX Application Thread] DEBUG PrimaryStageWindow   - FXGLStartupScene -> FXGLMainMenuDummyScene
23:39:44.859 [JavaFX Application Thread] DEBUG PrimaryStageWindow   - Push state: SplashScene
23:39:44.859 [JavaFX Application Thread] DEBUG Input                - Clearing active input actions
23:39:44.861 [JavaFX Application Thread] DEBUG GameApplicationServi - Removing overlay from FXGLMainMenuDummyScene and adding to SplashScene
23:39:44.862 [JavaFX Application Thread] DEBUG PrimaryStageWindow   - FXGLMainMenuDummyScene -> SplashScene
23:39:44.864 [JavaFX Application Thread] DEBUG FXGLApplication      - Registering font factories with UI factory
23:39:45.326 [FXGL Background Thread 2 ] INFO  UpdaterService       - Your current version:  17.2
23:39:45.326 [FXGL Background Thread 2 ] INFO  UpdaterService       - Latest stable version: 21.1
23:39:47.636 [JavaFX Application Thread] DEBUG PrimaryStageWindow   - Push state: LoginMenu
23:39:47.636 [JavaFX Application Thread] DEBUG Input                - Clearing active input actions
23:39:47.643 [JavaFX Application Thread] DEBUG GameApplicationServi - Removing overlay from SplashScene and adding to LoginMenu
23:39:47.644 [JavaFX Application Thread] DEBUG PrimaryStageWindow   - SplashScene -> LoginMenu
23:39:47.803 [FXGL Background Thread 3 ] DEBUG Engine               - Logging environment variables
23:39:47.804 [FXGL Background Thread 3 ] DEBUG Engine               - achievements: []
23:39:47.804 [FXGL Background Thread 3 ] DEBUG Engine               - actualHeight: 864.0
23:39:47.804 [FXGL Background Thread 3 ] DEBUG Engine               - actualHeightProperty: ReadOnlyDoubleProperty [value: 864.0]
23:39:47.804 [FXGL Background Thread 3 ] DEBUG Engine               - actualWidth: 1536.0
23:39:47.804 [FXGL Background Thread 3 ] DEBUG Engine               - actualWidthProperty: ReadOnlyDoubleProperty [value: 1536.0]
23:39:47.804 [FXGL Background Thread 3 ] DEBUG Engine               - appIcon: fxgl_icon.png
23:39:47.804 [FXGL Background Thread 3 ] DEBUG Engine               - applicationMode: DEVELOPER
23:39:47.804 [FXGL Background Thread 3 ] DEBUG Engine               - cSSList: [fxgl_dark.css]
23:39:47.804 [FXGL Background Thread 3 ] DEBUG Engine               - collisionDetectionStrategy: BRUTE_FORCE
23:39:47.805 [FXGL Background Thread 3 ] DEBUG Engine               - configClass: Optional.empty
23:39:47.805 [FXGL Background Thread 3 ] DEBUG Engine               - credits: []
23:39:47.805 [FXGL Background Thread 3 ] DEBUG Engine               - defaultCursor: CursorInfo(imageName=fxgl_default_cursor.png, hotspotX=7.0, hotspotY=6.0)
23:39:47.806 [FXGL Background Thread 3 ] DEBUG Engine               - devBBoxColorProperty: ObjectProperty [value: 0xff0000ff]
23:39:47.806 [FXGL Background Thread 3 ] DEBUG Engine               - devEnableDebugCameraProperty: BooleanProperty [value: false]
23:39:47.806 [FXGL Background Thread 3 ] DEBUG Engine               - devSensorColorProperty: ObjectProperty [value: 0xffff00ff]
23:39:47.806 [FXGL Background Thread 3 ] DEBUG Engine               - devShowBBoxProperty: BooleanProperty [value: false]
23:39:47.806 [FXGL Background Thread 3 ] DEBUG Engine               - devShowPositionProperty: BooleanProperty [value: false]
23:39:47.806 [FXGL Background Thread 3 ] DEBUG Engine               - enabledMenuItems: []
23:39:47.806 [FXGL Background Thread 3 ] DEBUG Engine               - engineServices: [class com.almasb.fxgl.app.services.FXGLAssetLoaderService, class com.almasb.fxgl.app.FXGLApplication$GameApplicationService, class com.almasb.fxgl.app.services.FXGLDialogService, class com.almasb.fxgl.app.services.IOTaskExecutorService, class com.almasb.fxgl.io.FileSystemService, class com.almasb.fxgl.localization.LocalizationService, class com.almasb.fxgl.app.services.SystemBundleService, class com.almasb.fxgl.profile.SaveLoadService, class com.almasb.fxgl.ui.FXGLUIFactoryServiceProvider, class com.almasb.fxgl.ui.FXGLDialogFactoryServiceProvider, class com.almasb.fxgl.audio.AudioPlayer, class com.almasb.fxgl.notification.impl.NotificationServiceProvider, class com.almasb.fxgl.achievement.AchievementService, class com.almasb.fxgl.cutscene.CutsceneService, class com.almasb.fxgl.minigames.MiniGameService, class com.almasb.fxgl.net.NetService, class com.almasb.fxgl.app.services.UpdaterService, class com.almasb.fxgl.dev.DevService]
23:39:47.807 [FXGL Background Thread 3 ] DEBUG Engine               - fontGame: Abel-Regular.ttf
23:39:47.807 [FXGL Background Thread 3 ] DEBUG Engine               - fontMono: TerminalLandMono-Regular.otf
23:39:47.807 [FXGL Background Thread 3 ] DEBUG Engine               - fontText: Courier-Prime.ttf
23:39:47.807 [FXGL Background Thread 3 ] DEBUG Engine               - fontUI: VarelaRound-Regular.ttf
23:39:47.807 [FXGL Background Thread 3 ] DEBUG Engine               - fullScreen: BooleanProperty [value: true]
23:39:47.807 [FXGL Background Thread 3 ] DEBUG Engine               - gameDifficulty: MEDIUM
23:39:47.807 [FXGL Background Thread 3 ] DEBUG Engine               - gameDifficultyProperty: ObjectProperty [value: MEDIUM]
23:39:47.807 [FXGL Background Thread 3 ] DEBUG Engine               - globalMusicVolume: 0.5
23:39:47.807 [FXGL Background Thread 3 ] DEBUG Engine               - globalMusicVolumeProperty: DoubleProperty [value: 0.5]
23:39:47.807 [FXGL Background Thread 3 ] DEBUG Engine               - globalSoundVolume: 0.5
23:39:47.807 [FXGL Background Thread 3 ] DEBUG Engine               - globalSoundVolumeProperty: DoubleProperty [value: 0.5]
23:39:47.807 [FXGL Background Thread 3 ] DEBUG Engine               - height: 1080
23:39:47.807 [FXGL Background Thread 3 ] DEBUG Engine               - is3D: false
23:39:47.807 [FXGL Background Thread 3 ] DEBUG Engine               - isAndroid: false
23:39:47.807 [FXGL Background Thread 3 ] DEBUG Engine               - isBrowser: false
23:39:47.807 [FXGL Background Thread 3 ] DEBUG Engine               - isClickFeedbackEnabled: false
23:39:47.807 [FXGL Background Thread 3 ] DEBUG Engine               - isCloseConfirmation: false
23:39:47.807 [FXGL Background Thread 3 ] DEBUG Engine               - isDesktop: true
23:39:47.807 [FXGL Background Thread 3 ] DEBUG Engine               - isDeveloperMenuEnabled: false
23:39:47.808 [FXGL Background Thread 3 ] DEBUG Engine               - isEmbedded: false
23:39:47.808 [FXGL Background Thread 3 ] DEBUG Engine               - isEntityPreloadEnabled: true
23:39:47.808 [FXGL Background Thread 3 ] DEBUG Engine               - isExperimentalTiledLargeMap: false
23:39:47.808 [FXGL Background Thread 3 ] DEBUG Engine               - isFileSystemWriteAllowed: true
23:39:47.808 [FXGL Background Thread 3 ] DEBUG Engine               - isFullScreenAllowed: true
23:39:47.808 [FXGL Background Thread 3 ] DEBUG Engine               - isFullScreenFromStart: true
23:39:47.808 [FXGL Background Thread 3 ] DEBUG Engine               - isGameMenuEnabled: true
23:39:47.808 [FXGL Background Thread 3 ] DEBUG Engine               - isIOS: false
23:39:47.808 [FXGL Background Thread 3 ] DEBUG Engine               - isIntroEnabled: false
23:39:47.808 [FXGL Background Thread 3 ] DEBUG Engine               - isLinux: false
23:39:47.808 [FXGL Background Thread 3 ] DEBUG Engine               - isMac: false
23:39:47.808 [FXGL Background Thread 3 ] DEBUG Engine               - isMainMenuEnabled: true
23:39:47.808 [FXGL Background Thread 3 ] DEBUG Engine               - isManualResizeEnabled: false
23:39:47.808 [FXGL Background Thread 3 ] DEBUG Engine               - isMobile: false
23:39:47.808 [FXGL Background Thread 3 ] DEBUG Engine               - isNative: false
23:39:47.808 [FXGL Background Thread 3 ] DEBUG Engine               - isPauseMusicWhenMinimized: true
23:39:47.808 [FXGL Background Thread 3 ] DEBUG Engine               - isPreserveResizeRatio: false
23:39:47.809 [FXGL Background Thread 3 ] DEBUG Engine               - isProfilingEnabled: false
23:39:47.809 [FXGL Background Thread 3 ] DEBUG Engine               - isScaleAffectedOnResize: true
23:39:47.809 [FXGL Background Thread 3 ] DEBUG Engine               - isSingleStep: false
23:39:47.809 [FXGL Background Thread 3 ] DEBUG Engine               - isUserProfileEnabled: false
23:39:47.809 [FXGL Background Thread 3 ] DEBUG Engine               - isWindows: true
23:39:47.809 [FXGL Background Thread 3 ] DEBUG Engine               - language: ObjectProperty [value: ENGLISH]
23:39:47.809 [FXGL Background Thread 3 ] DEBUG Engine               - menuKey: ESCAPE
23:39:47.809 [FXGL Background Thread 3 ] DEBUG Engine               - mouseSensitivity: 0.2
23:39:47.809 [FXGL Background Thread 3 ] DEBUG Engine               - notificationViewClass: class com.almasb.fxgl.notification.view.XboxNotificationView
23:39:47.809 [FXGL Background Thread 3 ] DEBUG Engine               - pixelsPerMeter: 50.0
23:39:47.809 [FXGL Background Thread 3 ] DEBUG Engine               - platform: WINDOWS
23:39:47.809 [FXGL Background Thread 3 ] DEBUG Engine               - prefHeightProperty: ReadOnlyDoubleProperty [value: 1080.0]
23:39:47.809 [FXGL Background Thread 3 ] DEBUG Engine               - prefWidthProperty: ReadOnlyDoubleProperty [value: 1920.0]
23:39:47.809 [FXGL Background Thread 3 ] DEBUG Engine               - profileDir: profiles/
23:39:47.809 [FXGL Background Thread 3 ] DEBUG Engine               - profileName: StringProperty [value: DEFAULT]
23:39:47.809 [FXGL Background Thread 3 ] DEBUG Engine               - randomSeed: -1
23:39:47.810 [FXGL Background Thread 3 ] DEBUG Engine               - runtimeInfo: RuntimeInfo(platform=WINDOWS, version=17.2, build=20.08.2022 16.50)
23:39:47.810 [FXGL Background Thread 3 ] DEBUG Engine               - saveFileExt: sav
23:39:47.810 [FXGL Background Thread 3 ] DEBUG Engine               - scaledHeightProp$fxgl: DoubleProperty [bound, value: 864.0]
23:39:47.810 [FXGL Background Thread 3 ] DEBUG Engine               - scaledWidthProp$fxgl: DoubleProperty [bound, value: 1536.0]
23:39:47.810 [FXGL Background Thread 3 ] DEBUG Engine               - sceneFactory: com.example.cookingina.CookingInaMain$1@98d2d1b
23:39:47.810 [FXGL Background Thread 3 ] DEBUG Engine               - secondsIn24h: 60
23:39:47.811 [FXGL Background Thread 3 ] DEBUG Engine               - soundMenuBack: menu/back.wav
23:39:47.811 [FXGL Background Thread 3 ] DEBUG Engine               - soundMenuPress: menu/press.wav
23:39:47.811 [FXGL Background Thread 3 ] DEBUG Engine               - soundMenuSelect: menu/select.wav
23:39:47.811 [FXGL Background Thread 3 ] DEBUG Engine               - soundNotification: core/notification.wav
23:39:47.811 [FXGL Background Thread 3 ] DEBUG Engine               - stageStyle: DECORATED
23:39:47.811 [FXGL Background Thread 3 ] DEBUG Engine               - supportedLanguages: [ENGLISH, FRENCH, GERMAN, HUNGARIAN, RUSSIAN]
23:39:47.811 [FXGL Background Thread 3 ] DEBUG Engine               - ticksPerSecond: -1
23:39:47.811 [FXGL Background Thread 3 ] DEBUG Engine               - title: CookingIna
23:39:47.811 [FXGL Background Thread 3 ] DEBUG Engine               - urlGithub: https://github.com/AlmasB/FXGL
23:39:47.811 [FXGL Background Thread 3 ] DEBUG Engine               - urlLeaderboard: http://fxgl-top.herokuapp.com/
23:39:47.811 [FXGL Background Thread 3 ] DEBUG Engine               - urlPOM: https://raw.githubusercontent.com/AlmasB/FXGL/release/README.md
23:39:47.811 [FXGL Background Thread 3 ] DEBUG Engine               - userAppClass: class com.example.cookingina.CookingInaMain
23:39:47.811 [FXGL Background Thread 3 ] DEBUG Engine               - version: 0.1
23:39:47.812 [FXGL Background Thread 3 ] DEBUG Engine               - versionCheckDays: 7
23:39:47.812 [FXGL Background Thread 3 ] DEBUG Engine               - width: 1920
23:39:47.812 [FXGL Background Thread 3 ] DEBUG Engine               - Logging services
23:39:47.812 [FXGL Background Thread 3 ] DEBUG Engine               - class com.almasb.fxgl.app.services.FXGLAssetLoaderService
23:39:47.812 [FXGL Background Thread 3 ] DEBUG Engine               - class com.almasb.fxgl.app.FXGLApplication$GameApplicationService
23:39:47.812 [FXGL Background Thread 3 ] DEBUG Engine               - class com.almasb.fxgl.app.services.FXGLDialogService
23:39:47.812 [FXGL Background Thread 3 ] DEBUG Engine               - class com.almasb.fxgl.app.services.IOTaskExecutorService
23:39:47.812 [FXGL Background Thread 3 ] DEBUG Engine               - class com.almasb.fxgl.io.FileSystemService
23:39:47.812 [FXGL Background Thread 3 ] DEBUG Engine               - class com.almasb.fxgl.localization.LocalizationService
23:39:47.812 [FXGL Background Thread 3 ] DEBUG Engine               - class com.almasb.fxgl.app.services.SystemBundleService
23:39:47.812 [FXGL Background Thread 3 ] DEBUG Engine               - class com.almasb.fxgl.profile.SaveLoadService
23:39:47.812 [FXGL Background Thread 3 ] DEBUG Engine               - class com.almasb.fxgl.ui.FXGLUIFactoryServiceProvider
23:39:47.812 [FXGL Background Thread 3 ] DEBUG Engine               - class com.almasb.fxgl.ui.FXGLDialogFactoryServiceProvider
23:39:47.812 [FXGL Background Thread 3 ] DEBUG Engine               - class com.almasb.fxgl.audio.AudioPlayer
23:39:47.812 [FXGL Background Thread 3 ] DEBUG Engine               - class com.almasb.fxgl.notification.impl.NotificationServiceProvider
23:39:47.812 [FXGL Background Thread 3 ] DEBUG Engine               - class com.almasb.fxgl.achievement.AchievementService
23:39:47.812 [FXGL Background Thread 3 ] DEBUG Engine               - class com.almasb.fxgl.cutscene.CutsceneService
23:39:47.812 [FXGL Background Thread 3 ] DEBUG Engine               - class com.almasb.fxgl.minigames.MiniGameService
23:39:47.812 [FXGL Background Thread 3 ] DEBUG Engine               - class com.almasb.fxgl.net.NetService
23:39:47.812 [FXGL Background Thread 3 ] DEBUG Engine               - class com.almasb.fxgl.app.services.UpdaterService
23:39:47.812 [FXGL Background Thread 3 ] DEBUG Engine               - class com.almasb.fxgl.dev.DevService
23:39:57.889 [JavaFX Application Thread] DEBUG FXGLAssetLoaderServi - Loading from file system: file:/C:/Users/austi/IdeaProjects/Cooking-Ina-Ang-Sarap-1/CookingIna/target/classes/assets/textures/main_menu.png
23:39:58.010 [JavaFX Application Thread] DEBUG PrimaryStageWindow   - Push state: MainMenu
23:39:58.011 [JavaFX Application Thread] DEBUG Input                - Clearing active input actions
23:39:58.012 [JavaFX Application Thread] DEBUG GameApplicationServi - Removing overlay from LoginMenu and adding to MainMenu
23:39:58.012 [JavaFX Application Thread] DEBUG PrimaryStageWindow   - LoginMenu -> MainMenu
23:40:07.788 [JavaFX Application Thread] DEBUG GameApplicationServi - Starting new game
23:40:07.790 [JavaFX Application Thread] DEBUG PrimaryStageWindow   - Pop state: MainMenu
23:40:07.790 [JavaFX Application Thread] DEBUG Input                - Clearing active input actions
23:40:07.790 [JavaFX Application Thread] DEBUG GameApplicationServi - Removing overlay from MainMenu and adding to LoginMenu
23:40:07.790 [JavaFX Application Thread] DEBUG PrimaryStageWindow   - LoginMenu <- MainMenu
23:40:07.791 [JavaFX Application Thread] DEBUG PrimaryStageWindow   - Pop state: LoginMenu
23:40:07.791 [JavaFX Application Thread] DEBUG Input                - Clearing active input actions
23:40:07.791 [JavaFX Application Thread] DEBUG GameApplicationServi - Removing overlay from LoginMenu and adding to SplashScene
23:40:07.791 [JavaFX Application Thread] DEBUG PrimaryStageWindow   - SplashScene <- LoginMenu
23:40:07.791 [JavaFX Application Thread] DEBUG PrimaryStageWindow   - Pop state: SplashScene
23:40:07.791 [JavaFX Application Thread] DEBUG Input                - Clearing active input actions
23:40:07.791 [JavaFX Application Thread] DEBUG GameApplicationServi - Removing overlay from SplashScene and adding to FXGLMainMenuDummyScene
23:40:07.791 [JavaFX Application Thread] DEBUG PrimaryStageWindow   - FXGLMainMenuDummyScene <- SplashScene
23:40:07.791 [JavaFX Application Thread] DEBUG Input                - Clearing active input actions
23:40:07.800 [JavaFX Application Thread] DEBUG GameApplicationServi - Removing overlay from FXGLMainMenuDummyScene and adding to FXGLLoadingScene
23:40:07.800 [JavaFX Application Thread] DEBUG PrimaryStageWindow   - FXGLMainMenuDummyScene -> FXGLLoadingScene
23:40:07.800 [JavaFX Application Thread] DEBUG GameApplicationServi - Clearing previous game
23:40:07.800 [JavaFX Application Thread] DEBUG GameScene            - Clearing game scene
23:40:07.800 [JavaFX Application Thread] DEBUG GameWorld            - Clearing game world
23:40:07.801 [JavaFX Application Thread] DEBUG PhysicsWorld         - Clearing physics world
23:40:07.803 [FXGL Background Thread 2 ] DEBUG FXGLApplication      - Initializing game
23:40:07.804 [FXGL Background Thread 2 ] DEBUG FXGLAssetLoaderServi - Loading from file system: file:/C:/Users/austi/IdeaProjects/Cooking-Ina-Ang-Sarap-1/CookingIna/target/classes/assets/textures/final_background.png
23:40:07.817 [JavaFX Application Thread] WARN  PrimaryStageWindow   - Cannot pop substate. Probably because substates are empty!
23:40:07.817 [JavaFX Application Thread] DEBUG LoopRunner           - Resuming loop
23:40:07.878 [FXGL Background Thread 2 ] DEBUG FXGLAssetLoaderServi - Loading from file system: file:/C:/Users/austi/IdeaProjects/Cooking-Ina-Ang-Sarap-1/CookingIna/target/classes/assets/textures/assets.png
23:40:07.915 [FXGL Background Thread 2 ] DEBUG FXGLAssetLoaderServi - Loading from file system: file:/C:/Users/austi/IdeaProjects/Cooking-Ina-Ang-Sarap-1/CookingIna/target/classes/assets/textures/frying_pan.png
23:40:07.951 [FXGL Background Thread 2 ] DEBUG FXGLAssetLoaderServi - Loading from file system: file:/C:/Users/austi/IdeaProjects/Cooking-Ina-Ang-Sarap-1/CookingIna/target/classes/assets/textures/papertray.png
23:40:07.991 [FXGL Background Thread 2 ] DEBUG FXGLAssetLoaderServi - Loading from file system: file:/C:/Users/austi/IdeaProjects/Cooking-Ina-Ang-Sarap-1/CookingIna/target/classes/assets/textures/papertray.png
23:40:08.022 [FXGL Background Thread 2 ] DEBUG FXGLAssetLoaderServi - Loading from file system: file:/C:/Users/austi/IdeaProjects/Cooking-Ina-Ang-Sarap-1/CookingIna/target/classes/assets/textures/ice_crusher.png
23:40:08.063 [FXGL Background Thread 2 ] DEBUG FXGLAssetLoaderServi - Loading from file system: file:/C:/Users/austi/IdeaProjects/Cooking-Ina-Ang-Sarap-1/CookingIna/target/classes/assets/textures/trash_open.png
23:40:08.088 [FXGL Background Thread 2 ] DEBUG FXGLAssetLoaderServi - Loading from file system: file:/C:/Users/austi/IdeaProjects/Cooking-Ina-Ang-Sarap-1/CookingIna/target/classes/assets/textures/cucumberGarnish_container.png
23:40:08.126 [FXGL Background Thread 2 ] DEBUG FXGLAssetLoaderServi - Loading from file system: file:/C:/Users/austi/IdeaProjects/Cooking-Ina-Ang-Sarap-1/CookingIna/target/classes/assets/textures/gusoGarnish_container.png
23:40:08.157 [FXGL Background Thread 2 ] DEBUG FXGLAssetLoaderServi - Loading from file system: file:/C:/Users/austi/IdeaProjects/Cooking-Ina-Ang-Sarap-1/CookingIna/target/classes/assets/textures/spicy_sauce.png
23:40:08.168 [FXGL Background Thread 2 ] DEBUG FXGLAssetLoaderServi - Loading from file system: file:/C:/Users/austi/IdeaProjects/Cooking-Ina-Ang-Sarap-1/CookingIna/target/classes/assets/textures/sweet_sauce.png
23:40:08.186 [FXGL Background Thread 2 ] INFO  FXGLApplication      - Game initialization took: 0.383 sec
23:40:08.187 [JavaFX Application Thread] DEBUG Input                - Clearing active input actions
23:40:08.195 [JavaFX Application Thread] DEBUG GameApplicationServi - Removing overlay from FXGLLoadingScene and adding to GameScene
23:40:08.195 [JavaFX Application Thread] DEBUG PrimaryStageWindow   - FXGLLoadingScene -> GameScene
23:40:09.921 [JavaFX Application Thread] DEBUG PrimaryStageWindow   - Push state: FXGLDefaultMenu
23:40:09.925 [JavaFX Application Thread] DEBUG Input                - Clearing active input actions
23:40:09.926 [JavaFX Application Thread] DEBUG GameApplicationServi - Removing overlay from GameScene and adding to FXGLDefaultMenu
23:40:09.926 [JavaFX Application Thread] DEBUG PrimaryStageWindow   - GameScene -> FXGLDefaultMenu
23:40:11.678 [JavaFX Application Thread] DEBUG Menu                 - fireExitToMainMenu()
23:40:11.680 [JavaFX Application Thread] DEBUG PrimaryStageWindow   - Push state: DialogSubScene
23:40:11.680 [JavaFX Application Thread] DEBUG Input                - Clearing active input actions
23:40:11.681 [JavaFX Application Thread] DEBUG GameApplicationServi - Removing overlay from FXGLDefaultMenu and adding to DialogSubScene
23:40:11.681 [JavaFX Application Thread] DEBUG PrimaryStageWindow   - FXGLDefaultMenu -> DialogSubScene
23:40:13.739 [JavaFX Application Thread] DEBUG PrimaryStageWindow   - Pop state: DialogSubScene
23:40:13.740 [JavaFX Application Thread] DEBUG Input                - Clearing active input actions
23:40:13.740 [JavaFX Application Thread] DEBUG GameApplicationServi - Removing overlay from DialogSubScene and adding to FXGLDefaultMenu
23:40:13.740 [JavaFX Application Thread] DEBUG PrimaryStageWindow   - FXGLDefaultMenu <- DialogSubScene
23:40:13.740 [JavaFX Application Thread] DEBUG PrimaryStageWindow   - Pop state: FXGLDefaultMenu
23:40:13.740 [JavaFX Application Thread] DEBUG Input                - Clearing active input actions
23:40:13.740 [JavaFX Application Thread] DEBUG GameApplicationServi - Removing overlay from FXGLDefaultMenu and adding to GameScene
23:40:13.742 [JavaFX Application Thread] DEBUG PrimaryStageWindow   - GameScene <- FXGLDefaultMenu
23:40:13.742 [JavaFX Application Thread] DEBUG Input                - Clearing active input actions
23:40:13.745 [JavaFX Application Thread] DEBUG GameApplicationServi - Removing overlay from GameScene and adding to FXGLMainMenuDummyScene
23:40:13.745 [JavaFX Application Thread] DEBUG PrimaryStageWindow   - GameScene -> FXGLMainMenuDummyScene
23:40:13.745 [JavaFX Application Thread] DEBUG PrimaryStageWindow   - Push state: SplashScene
23:40:13.745 [JavaFX Application Thread] DEBUG Input                - Clearing active input actions
23:40:13.745 [JavaFX Application Thread] DEBUG GameApplicationServi - Removing overlay from FXGLMainMenuDummyScene and adding to SplashScene
23:40:13.745 [JavaFX Application Thread] DEBUG PrimaryStageWindow   - FXGLMainMenuDummyScene -> SplashScene
23:40:28.726 [JavaFX Application Thread] DEBUG FXGLApplication      - Exiting FXGL
23:40:28.726 [JavaFX Application Thread] DEBUG LoopRunner           - Stopping loop
23:40:28.726 [JavaFX Application Thread] DEBUG SystemBundleService  - Saving FXGL system data
23:40:28.727 [JavaFX Application Thread] DEBUG FileSystemAccess     - Writing to: C:\Users\austi\IdeaProjects\Cooking-Ina-Ang-Sarap-1\system\fxgl.bundle
23:40:28.728 [JavaFX Application Thread] DEBUG Async                - Shutting down background threads
23:40:28.728 [JavaFX Application Thread] DEBUG PrimaryStageWindow   - Closing main window
23:40:28.770 [JavaFX Application Thread] DEBUG Logger               - Closing Logger
