07:56:48.264 [main                     ] DEBUG Logger               - Configured Logger
07:56:48.273 [main                     ] DEBUG GameApplication      - Logging settings
Title: CookingIna
Version: 0.1
Width: 1920
Height: 1080
Fullscreen: true
Intro: false
Profiling: false
Single step:false
App Mode: DEVELOPER
Menu Key: ESCAPE
Stage Style: DECORATED
Scene Factory: class com.example.cookingina.CookingInaMain$1

07:56:48.992 [JavaFX Application Thread] DEBUG FXGLApplication      - Initializing FXGL
07:56:48.997 [JavaFX Application Thread] INFO  Engine               - FXGL-17.2 (20.08.2022 16.50) on WINDOWS (J:24.0.1 FX:20)
07:56:48.997 [JavaFX Application Thread] DEBUG Engine               - JRE Vendor Name: Oracle Corporation
07:56:48.997 [JavaFX Application Thread] DEBUG Engine               - Running on OS: Windows 11 version 10.0
07:56:48.997 [JavaFX Application Thread] DEBUG Engine               - Architecture: amd64
07:56:48.997 [JavaFX Application Thread] INFO  Engine               - Source code and latest versions at: https://github.com/AlmasB/FXGL
07:56:48.997 [JavaFX Application Thread] INFO  Engine               -       Ask questions and discuss at: https://github.com/AlmasB/FXGL/discussions
07:56:48.998 [JavaFX Application Thread] INFO  Engine               -              Join the FXGL chat at: https://gitter.im/AlmasB/FXGL
07:56:49.076 [JavaFX Application Thread] DEBUG PrimaryStageWindow   - Creating a JavaFX scene
07:56:49.117 [JavaFX Application Thread] DEBUG PrimaryStageWindow   - Target settings size: 1920.0 x 1080.0
07:56:49.118 [JavaFX Application Thread] DEBUG PrimaryStageWindow   - Scaled scene size:    1920.0 x 1080.0
07:56:49.118 [JavaFX Application Thread] DEBUG PrimaryStageWindow   - Scaled ratio: (1.0, 1.0)
07:56:49.119 [JavaFX Application Thread] DEBUG PrimaryStageWindow   - Set initial scene to FXGLStartupScene
07:56:49.125 [JavaFX Application Thread] DEBUG PrimaryStageWindow   - Opening main window
07:56:49.223 [JavaFX Application Thread] DEBUG PrimaryStageWindow   - Window border size: (16.0, 39.0)
07:56:49.223 [JavaFX Application Thread] DEBUG PrimaryStageWindow   - Scaled size: 1920.0 x 1080.0
07:56:49.225 [JavaFX Application Thread] DEBUG PrimaryStageWindow   - Scaled ratio: (1.0, 1.0)
07:56:49.225 [JavaFX Application Thread] DEBUG PrimaryStageWindow   - Scene size: 1920.0 x 1080.0
07:56:49.226 [JavaFX Application Thread] DEBUG PrimaryStageWindow   - Stage size: 1936.0 x 1119.0
07:56:49.325 [JavaFX Application Thread] DEBUG PrimaryStageWindow   - Going fullscreen
07:56:49.335 [FXGL Background Thread 1 ] DEBUG Engine               - Initializing environment variables
07:56:49.386 [FXGL Background Thread 1 ] DEBUG FXGLAssetLoaderServi - User app class for loading assets: class com.example.cookingina.CookingInaMain
07:56:49.386 [FXGL Background Thread 1 ] DEBUG GameApplicationServi - Applying CSS: fxgl_dark.css
07:56:49.387 [FXGL Background Thread 1 ] DEBUG FXGLAssetLoaderServi - Loading from file system: jar:file:///C:/Users/austi/.m2/repository/com/github/almasb/fxgl/17.2/fxgl-17.2.jar!/fxglassets/ui/css/fxgl_dark.css
07:56:49.431 [FXGL Background Thread 1 ] DEBUG GameApplicationServi - Initializing application scenes
07:56:49.470 [FXGL Background Thread 1 ] DEBUG GameWorld            - Game world initialized
07:56:49.521 [FXGL Background Thread 1 ] DEBUG PhysicsWorld         - Physics world initialized: appHeight=1080, physics.ppm=50.0
07:56:49.521 [FXGL Background Thread 1 ] DEBUG PhysicsWorld         - Using strategy: BRUTE_FORCE
07:56:49.525 [FXGL Background Thread 1 ] DEBUG GameScene            - Game scene initialized: 1920x1080
07:56:49.540 [FXGL Background Thread 1 ] DEBUG FXGL.DefaultMenu     - createMenuBodyGameMenu()
07:56:49.549 [FXGL Background Thread 1 ] DEBUG FXGL.DefaultMenu     - createOptionsMenu()
07:56:49.561 [FXGL Background Thread 1 ] DEBUG FXGLAssetLoaderServi - Loading from file system: jar:file:///C:/Users/austi/.m2/repository/com/github/almasb/fxgl/17.2/fxgl-17.2.jar!/fxglassets/textures/particles/smoke.png
07:56:49.652 [FXGL Background Thread 1 ] DEBUG FXGLAssetLoaderServi - Loading from file system: jar:file:///C:/Users/austi/.m2/repository/com/github/almasb/fxgl/17.2/fxgl-17.2.jar!/fxglassets/textures/particles/trace_horizontal.png
07:56:49.680 [FXGL Background Thread 1 ] DEBUG GameApplicationServi - Application scenes initialized
07:56:49.693 [FXGL Background Thread 1 ] DEBUG SystemBundleService  - Loading FXGL system data
07:56:49.694 [FXGL Background Thread 1 ] DEBUG FileSystemAccess     - Reading from: C:\Users\austi\IdeaProjects\Cooking-Ina-Ang-Sarap-4\system\fxgl.bundle
07:56:49.697 [FXGL Background Thread 1 ] DEBUG SystemBundleService  - Bundle FXGL: {}
07:56:49.697 [FXGL Background Thread 1 ] DEBUG UpdaterService       - Checking for updates
07:56:49.702 [FXGL Background Thread 4 ] DEBUG FXGLApplication      - Loading fonts
07:56:49.703 [FXGL Background Thread 1 ] DEBUG FXGLApplication      - Loading default localization
07:56:49.703 [FXGL Background Thread 4 ] DEBUG FXGLAssetLoaderServi - Loading from file system: jar:file:///C:/Users/austi/.m2/repository/com/github/almasb/fxgl/17.2/fxgl-17.2.jar!/fxglassets/ui/fonts/VarelaRound-Regular.ttf
07:56:49.705 [FXGL Background Thread 1 ] DEBUG FXGLAssetLoaderServi - Loading from file system: jar:file:///C:/Users/austi/.m2/repository/com/github/almasb/fxgl/17.2/fxgl-17.2.jar!/fxglassets/languages/english.lang
07:56:49.716 [FXGL Background Thread 4 ] DEBUG FXGLAssetLoaderServi - Loading from file system: jar:file:///C:/Users/austi/.m2/repository/com/github/almasb/fxgl/17.2/fxgl-17.2.jar!/fxglassets/ui/fonts/Abel-Regular.ttf
07:56:49.720 [FXGL Background Thread 4 ] DEBUG FXGLAssetLoaderServi - Loading from file system: jar:file:///C:/Users/austi/.m2/repository/com/github/almasb/fxgl/17.2/fxgl-17.2.jar!/fxglassets/ui/fonts/TerminalLandMono-Regular.otf
07:56:49.724 [FXGL Background Thread 4 ] DEBUG FXGLAssetLoaderServi - Loading from file system: jar:file:///C:/Users/austi/.m2/repository/com/github/almasb/fxgl/17.2/fxgl-17.2.jar!/fxglassets/ui/fonts/Courier-Prime.ttf
07:56:49.725 [FXGL Background Thread 1 ] INFO  FXGLApplication      - FXGL initialization took: 0.390 sec
07:56:49.735 [JavaFX Application Thread] DEBUG Input                - Registered new binding: Toggle debug - F1
07:56:49.735 [JavaFX Application Thread] DEBUG FXGLAssetLoaderServi - Loading from file system: jar:file:///C:/Users/austi/.m2/repository/com/github/almasb/fxgl/17.2/fxgl-17.2.jar!/fxglassets/textures/fxgl_icon.png
07:56:49.760 [JavaFX Application Thread] DEBUG FXGLAssetLoaderServi - Loading from file system: jar:file:///C:/Users/austi/.m2/repository/com/github/almasb/fxgl/17.2/fxgl-17.2.jar!/fxglassets/textures/fxgl_default_cursor.png
07:56:49.762 [JavaFX Application Thread] DEBUG Input                - Registered new binding: Screenshot - CTRL+8
07:56:49.763 [JavaFX Application Thread] DEBUG Input                - Registered new binding: System info dump - CTRL+9
07:56:49.763 [JavaFX Application Thread] DEBUG Input                - Registered new binding: Restart - CTRL+R
07:56:49.763 [JavaFX Application Thread] DEBUG Input                - Registered new binding: Toggle Debug Camera - CTRL+7
07:56:49.767 [JavaFX Application Thread] DEBUG LoopRunner           - Starting loop
07:56:49.767 [JavaFX Application Thread] DEBUG LoopRunner           - Initializing JavaFX AnimationTimerLoop
07:56:49.769 [JavaFX Application Thread] DEBUG Input                - Clearing active input actions
07:56:49.776 [JavaFX Application Thread] DEBUG GameApplicationServi - Removing overlay from FXGLStartupScene and adding to FXGLMainMenuDummyScene
07:56:49.777 [JavaFX Application Thread] DEBUG PrimaryStageWindow   - FXGLStartupScene -> FXGLMainMenuDummyScene
07:56:49.778 [JavaFX Application Thread] DEBUG PrimaryStageWindow   - Push state: MainMenu
07:56:49.778 [JavaFX Application Thread] DEBUG Input                - Clearing active input actions
07:56:49.783 [JavaFX Application Thread] DEBUG GameApplicationServi - Removing overlay from FXGLMainMenuDummyScene and adding to MainMenu
07:56:49.783 [JavaFX Application Thread] DEBUG PrimaryStageWindow   - FXGLMainMenuDummyScene -> MainMenu
07:56:49.786 [JavaFX Application Thread] DEBUG FXGLApplication      - Registering font factories with UI factory
07:56:50.196 [FXGL Background Thread 2 ] INFO  UpdaterService       - Your current version:  17.2
07:56:50.197 [FXGL Background Thread 2 ] INFO  UpdaterService       - Latest stable version: 21.1
07:56:50.618 [JavaFX Application Thread] DEBUG Menu                 - fireNewGame()
07:56:50.618 [JavaFX Application Thread] DEBUG GameApplicationServi - Starting new game
07:56:50.618 [JavaFX Application Thread] DEBUG PrimaryStageWindow   - Pop state: MainMenu
07:56:50.618 [JavaFX Application Thread] DEBUG Input                - Clearing active input actions
07:56:50.619 [JavaFX Application Thread] DEBUG GameApplicationServi - Removing overlay from MainMenu and adding to FXGLMainMenuDummyScene
07:56:50.620 [JavaFX Application Thread] DEBUG PrimaryStageWindow   - FXGLMainMenuDummyScene <- MainMenu
07:56:50.620 [JavaFX Application Thread] DEBUG Input                - Clearing active input actions
07:56:50.626 [JavaFX Application Thread] DEBUG GameApplicationServi - Removing overlay from FXGLMainMenuDummyScene and adding to FXGLLoadingScene
07:56:50.626 [JavaFX Application Thread] DEBUG PrimaryStageWindow   - FXGLMainMenuDummyScene -> FXGLLoadingScene
07:56:50.626 [JavaFX Application Thread] DEBUG GameApplicationServi - Clearing previous game
07:56:50.626 [JavaFX Application Thread] DEBUG GameScene            - Clearing game scene
07:56:50.626 [JavaFX Application Thread] DEBUG GameWorld            - Clearing game world
07:56:50.628 [JavaFX Application Thread] DEBUG PhysicsWorld         - Clearing physics world
07:56:50.629 [FXGL Background Thread 2 ] DEBUG FXGLApplication      - Initializing game
07:56:50.631 [FXGL Background Thread 2 ] DEBUG FXGLAssetLoaderServi - Loading from file system: file:/C:/Users/austi/IdeaProjects/Cooking-Ina-Ang-Sarap-4/CookingIna/target/classes/assets/textures/final_background.png
07:56:50.677 [FXGL Background Thread 2 ] DEBUG FXGLAssetLoaderServi - Loading from file system: file:/C:/Users/austi/IdeaProjects/Cooking-Ina-Ang-Sarap-4/CookingIna/target/classes/assets/textures/frying_pan.png
07:56:50.730 [FXGL Background Thread 2 ] DEBUG FXGLAssetLoaderServi - Loading from file system: file:/C:/Users/austi/IdeaProjects/Cooking-Ina-Ang-Sarap-4/CookingIna/target/classes/assets/textures/frying_pan.png
07:56:50.754 [FXGL Background Thread 2 ] DEBUG FXGLAssetLoaderServi - Loading from file system: file:/C:/Users/austi/IdeaProjects/Cooking-Ina-Ang-Sarap-4/CookingIna/target/classes/assets/textures/papertray.png
07:56:50.774 [FXGL Background Thread 2 ] DEBUG FXGLAssetLoaderServi - Loading from file system: file:/C:/Users/austi/IdeaProjects/Cooking-Ina-Ang-Sarap-4/CookingIna/target/classes/assets/textures/papertray.png
07:56:50.790 [FXGL Background Thread 2 ] DEBUG FXGLAssetLoaderServi - Loading from file system: file:/C:/Users/austi/IdeaProjects/Cooking-Ina-Ang-Sarap-4/CookingIna/target/classes/assets/textures/rawQuekquek_container.png
07:56:50.807 [FXGL Background Thread 2 ] DEBUG FXGLAssetLoaderServi - Loading from file system: file:/C:/Users/austi/IdeaProjects/Cooking-Ina-Ang-Sarap-4/CookingIna/target/classes/assets/textures/rawHotdog_container.png
07:56:50.823 [FXGL Background Thread 2 ] DEBUG FXGLAssetLoaderServi - Loading from file system: file:/C:/Users/austi/IdeaProjects/Cooking-Ina-Ang-Sarap-4/CookingIna/target/classes/assets/textures/calamansiJuice_dispenser.png
07:56:50.839 [FXGL Background Thread 2 ] DEBUG FXGLAssetLoaderServi - Loading from file system: file:/C:/Users/austi/IdeaProjects/Cooking-Ina-Ang-Sarap-4/CookingIna/target/classes/assets/textures/bukoJuice_dispenser.png
07:56:50.852 [FXGL Background Thread 2 ] DEBUG FXGLAssetLoaderServi - Loading from file system: file:/C:/Users/austi/IdeaProjects/Cooking-Ina-Ang-Sarap-4/CookingIna/target/classes/assets/textures/orangeJuice_dispenser.png
07:56:50.866 [FXGL Background Thread 2 ] DEBUG FXGLAssetLoaderServi - Loading from file system: file:/C:/Users/austi/IdeaProjects/Cooking-Ina-Ang-Sarap-4/CookingIna/target/classes/assets/textures/trash_open.png
07:56:50.887 [FXGL Background Thread 2 ] DEBUG FXGLAssetLoaderServi - Loading from file system: file:/C:/Users/austi/IdeaProjects/Cooking-Ina-Ang-Sarap-4/CookingIna/target/classes/assets/textures/calamansiJuice_dispenser.png
07:56:50.897 [FXGL Background Thread 2 ] DEBUG FXGLAssetLoaderServi - Loading from file system: file:/C:/Users/austi/IdeaProjects/Cooking-Ina-Ang-Sarap-4/CookingIna/target/classes/assets/textures/bukoJuice_dispenser.png
07:56:50.907 [FXGL Background Thread 2 ] DEBUG FXGLAssetLoaderServi - Loading from file system: file:/C:/Users/austi/IdeaProjects/Cooking-Ina-Ang-Sarap-4/CookingIna/target/classes/assets/textures/orangeJuice_dispenser.png
07:56:50.916 [FXGL Background Thread 2 ] DEBUG FXGLAssetLoaderServi - Loading from file system: file:/C:/Users/austi/IdeaProjects/Cooking-Ina-Ang-Sarap-4/CookingIna/target/classes/assets/textures/mango_container.png
07:56:50.946 [FXGL Background Thread 2 ] DEBUG FXGLAssetLoaderServi - Loading from file system: file:/C:/Users/austi/IdeaProjects/Cooking-Ina-Ang-Sarap-4/CookingIna/target/classes/assets/textures/rawTempura_container.png
07:56:50.964 [FXGL Background Thread 2 ] DEBUG FXGLAssetLoaderServi - Loading from file system: file:/C:/Users/austi/IdeaProjects/Cooking-Ina-Ang-Sarap-4/CookingIna/target/classes/assets/textures/cucumberGarnish_container.png
07:56:50.985 [FXGL Background Thread 2 ] DEBUG FXGLAssetLoaderServi - Loading from file system: file:/C:/Users/austi/IdeaProjects/Cooking-Ina-Ang-Sarap-4/CookingIna/target/classes/assets/textures/gusoGarnish_container.png
07:56:51.005 [FXGL Background Thread 2 ] DEBUG FXGLAssetLoaderServi - Loading from file system: file:/C:/Users/austi/IdeaProjects/Cooking-Ina-Ang-Sarap-4/CookingIna/target/classes/assets/textures/spicy_sauce.png
07:56:51.016 [FXGL Background Thread 2 ] DEBUG FXGLAssetLoaderServi - Loading from file system: file:/C:/Users/austi/IdeaProjects/Cooking-Ina-Ang-Sarap-4/CookingIna/target/classes/assets/textures/sweet_sauce.png
07:56:51.027 [FXGL Background Thread 2 ] DEBUG FXGLAssetLoaderServi - Loading from file system: file:/C:/Users/austi/IdeaProjects/Cooking-Ina-Ang-Sarap-4/CookingIna/target/classes/assets/textures/hipon_bottle.png
07:56:51.045 [FXGL Background Thread 2 ] DEBUG FXGLAssetLoaderServi - Loading from file system: file:/C:/Users/austi/IdeaProjects/Cooking-Ina-Ang-Sarap-4/CookingIna/target/classes/assets/textures/salt_bottle.png
07:56:51.060 [FXGL Background Thread 2 ] INFO  FXGLApplication      - Game initialization took: 0.431 sec
07:56:51.069 [JavaFX Application Thread] DEBUG Input                - Clearing active input actions
07:56:51.077 [JavaFX Application Thread] DEBUG GameApplicationServi - Removing overlay from FXGLLoadingScene and adding to GameScene
07:56:51.077 [JavaFX Application Thread] DEBUG PrimaryStageWindow   - FXGLLoadingScene -> GameScene
07:56:52.108 [JavaFX Application Thread] DEBUG FXGLAssetLoaderServi - Loading from file system: file:/C:/Users/austi/IdeaProjects/Cooking-Ina-Ang-Sarap-4/CookingIna/target/classes/assets/textures/rawHotdog.png
07:56:52.137 [JavaFX Application Thread] DEBUG LoopRunner           - Stopping loop
07:56:52.138 [JavaFX Application Thread] FATAL FXGLApplication      - Uncaught Exception:
java.lang.IllegalArgumentException: Component OvercookComponent not found!
	at com.almasb.fxgl.entity@17.2/com.almasb.fxgl.entity.Entity.getComponent(Entity.java:366)
	at com.example.cookingina/com.example.cookingina.control.PaperTrayComponent.lambda$onUpdate$0(PaperTrayComponent.java:48)
	at java.base/java.util.stream.ReferencePipeline$2$1.accept(ReferencePipeline.java:196)
	at java.base/java.util.ArrayList$ArrayListSpliterator.tryAdvance(ArrayList.java:1693)
	at java.base/java.util.stream.ReferencePipeline.forEachWithCancel(ReferencePipeline.java:147)
	at java.base/java.util.stream.AbstractPipeline.copyIntoWithCancel(AbstractPipeline.java:588)
	at java.base/java.util.stream.AbstractPipeline.copyInto(AbstractPipeline.java:574)
	at java.base/java.util.stream.AbstractPipeline.wrapAndCopyInto(AbstractPipeline.java:560)
	at java.base/java.util.stream.FindOps$FindOp.evaluateSequential(FindOps.java:150)
	at java.base/java.util.stream.AbstractPipeline.evaluate(AbstractPipeline.java:265)
	at java.base/java.util.stream.ReferencePipeline.findFirst(ReferencePipeline.java:687)
	at com.example.cookingina/com.example.cookingina.control.PaperTrayComponent.onUpdate(PaperTrayComponent.java:50)
	at com.almasb.fxgl.entity@17.2/com.almasb.fxgl.entity.Entity$ComponentMap.update(Entity.java:60)
	at com.almasb.fxgl.entity@17.2/com.almasb.fxgl.entity.Entity.update(Entity.java:248)
	at com.almasb.fxgl.entity@17.2/com.almasb.fxgl.entity.GameWorld.onUpdate(GameWorld.kt:177)
	at com.almasb.fxgl.all@17.2/com.almasb.fxgl.app.scene.GameScene.step(GameScene.kt:228)
	at com.almasb.fxgl.all@17.2/com.almasb.fxgl.app.scene.GameScene.onUpdate(GameScene.kt:224)
	at com.almasb.fxgl.scene@17.2/com.almasb.fxgl.scene.Scene.update(Scene.kt:105)
	at com.almasb.fxgl.all@17.2/com.almasb.fxgl.app.MainWindow$update$1.invoke(MainWindow.kt:115)
	at com.almasb.fxgl.all@17.2/com.almasb.fxgl.app.MainWindow$update$1.invoke(MainWindow.kt:115)
	at com.almasb.fxgl.core@17.2/com.almasb.fxgl.core.fsm.StateMachine.runOnActiveStates(StateMachine.kt:69)
	at com.almasb.fxgl.all@17.2/com.almasb.fxgl.app.MainWindow.update(MainWindow.kt:115)
	at com.almasb.fxgl.all@17.2/com.almasb.fxgl.app.FXGLApplication$GameApplicationService.onUpdate(FXGLApplication.kt:426)
	at com.almasb.fxgl.all@17.2/com.almasb.fxgl.app.Engine.loop(Engine.kt:134)
	at com.almasb.fxgl.all@17.2/com.almasb.fxgl.app.Engine.access$loop(Engine.kt:24)
	at com.almasb.fxgl.all@17.2/com.almasb.fxgl.app.Engine$loop$1.invoke(Engine.kt:28)
	at com.almasb.fxgl.all@17.2/com.almasb.fxgl.app.Engine$loop$1.invoke(Engine.kt:28)
	at com.almasb.fxgl.all@17.2/com.almasb.fxgl.app.LoopRunner.frame(LoopRunner.kt:103)
	at com.almasb.fxgl.all@17.2/com.almasb.fxgl.app.LoopRunner.access$frame(LoopRunner.kt:23)
	at com.almasb.fxgl.all@17.2/com.almasb.fxgl.app.LoopRunner$impl$2$1.onTick(LoopRunner.kt:57)
	at com.almasb.fxgl.all@17.2/com.almasb.fxgl.app.AnimationTimerLoop$timer$1.handle(LoopRunner.kt:137)
	at javafx.graphics@20/javafx.animation.AnimationTimer$AnimationTimerReceiver.lambda$handle$0(AnimationTimer.java:58)
	at java.base/java.security.AccessController.doPrivileged(AccessController.java:138)
	at javafx.graphics@20/javafx.animation.AnimationTimer$AnimationTimerReceiver.handle(AnimationTimer.java:57)
	at javafx.graphics@20/com.sun.scenario.animation.AbstractPrimaryTimer.timePulseImpl(AbstractPrimaryTimer.java:356)
	at javafx.graphics@20/com.sun.scenario.animation.AbstractPrimaryTimer$MainLoop.run(AbstractPrimaryTimer.java:266)
	at javafx.graphics@20/com.sun.javafx.tk.quantum.QuantumToolkit.pulse(QuantumToolkit.java:588)
	at javafx.graphics@20/com.sun.javafx.tk.quantum.QuantumToolkit.pulse(QuantumToolkit.java:572)
	at javafx.graphics@20/com.sun.javafx.tk.quantum.QuantumToolkit.pulseFromQueue(QuantumToolkit.java:565)
	at javafx.graphics@20/com.sun.javafx.tk.quantum.QuantumToolkit.lambda$runToolkit$11(QuantumToolkit.java:352)
	at javafx.graphics@20/com.sun.glass.ui.InvokeLaterDispatcher$Future.run(InvokeLaterDispatcher.java:95)
	at javafx.graphics@20/com.sun.glass.ui.win.WinApplication._runLoop(Native Method)
	at javafx.graphics@20/com.sun.glass.ui.win.WinApplication.lambda$runLoop$3(WinApplication.java:185)
	at java.base/java.lang.Thread.run(Thread.java:1447)

07:56:52.138 [JavaFX Application Thread] FATAL FXGLApplication      - Application will now exit
07:56:52.152 [JavaFX Application Thread] DEBUG PrimaryStageWindow   - Push state: ErrorSubScene
07:56:52.152 [JavaFX Application Thread] DEBUG Input                - Clearing active input actions
07:56:52.154 [JavaFX Application Thread] DEBUG GameApplicationServi - Removing overlay from GameScene and adding to ErrorSubScene
07:56:52.154 [JavaFX Application Thread] DEBUG PrimaryStageWindow   - GameScene -> ErrorSubScene
07:56:52.701 [FXGL Background Thread 3 ] DEBUG Engine               - Logging environment variables
07:56:52.701 [FXGL Background Thread 3 ] DEBUG Engine               - achievements: []
07:56:52.701 [FXGL Background Thread 3 ] DEBUG Engine               - actualHeight: 1080.0
07:56:52.703 [FXGL Background Thread 3 ] DEBUG Engine               - actualHeightProperty: ReadOnlyDoubleProperty [value: 1080.0]
07:56:52.703 [FXGL Background Thread 3 ] DEBUG Engine               - actualWidth: 1920.0
07:56:52.703 [FXGL Background Thread 3 ] DEBUG Engine               - actualWidthProperty: ReadOnlyDoubleProperty [value: 1920.0]
07:56:52.703 [FXGL Background Thread 3 ] DEBUG Engine               - appIcon: fxgl_icon.png
07:56:52.703 [FXGL Background Thread 3 ] DEBUG Engine               - applicationMode: DEVELOPER
07:56:52.703 [FXGL Background Thread 3 ] DEBUG Engine               - cSSList: [fxgl_dark.css]
07:56:52.703 [FXGL Background Thread 3 ] DEBUG Engine               - collisionDetectionStrategy: BRUTE_FORCE
07:56:52.703 [FXGL Background Thread 3 ] DEBUG Engine               - configClass: Optional.empty
07:56:52.703 [FXGL Background Thread 3 ] DEBUG Engine               - credits: []
07:56:52.703 [FXGL Background Thread 3 ] DEBUG Engine               - defaultCursor: CursorInfo(imageName=fxgl_default_cursor.png, hotspotX=7.0, hotspotY=6.0)
07:56:52.703 [FXGL Background Thread 3 ] DEBUG Engine               - devBBoxColorProperty: ObjectProperty [value: 0xff0000ff]
07:56:52.703 [FXGL Background Thread 3 ] DEBUG Engine               - devEnableDebugCameraProperty: BooleanProperty [value: false]
07:56:52.703 [FXGL Background Thread 3 ] DEBUG Engine               - devSensorColorProperty: ObjectProperty [value: 0xffff00ff]
07:56:52.703 [FXGL Background Thread 3 ] DEBUG Engine               - devShowBBoxProperty: BooleanProperty [value: false]
07:56:52.703 [FXGL Background Thread 3 ] DEBUG Engine               - devShowPositionProperty: BooleanProperty [value: false]
07:56:52.703 [FXGL Background Thread 3 ] DEBUG Engine               - enabledMenuItems: []
07:56:52.703 [FXGL Background Thread 3 ] DEBUG Engine               - engineServices: [class com.almasb.fxgl.app.services.FXGLAssetLoaderService, class com.almasb.fxgl.app.FXGLApplication$GameApplicationService, class com.almasb.fxgl.app.services.FXGLDialogService, class com.almasb.fxgl.app.services.IOTaskExecutorService, class com.almasb.fxgl.io.FileSystemService, class com.almasb.fxgl.localization.LocalizationService, class com.almasb.fxgl.app.services.SystemBundleService, class com.almasb.fxgl.profile.SaveLoadService, class com.almasb.fxgl.ui.FXGLUIFactoryServiceProvider, class com.almasb.fxgl.ui.FXGLDialogFactoryServiceProvider, class com.almasb.fxgl.audio.AudioPlayer, class com.almasb.fxgl.notification.impl.NotificationServiceProvider, class com.almasb.fxgl.achievement.AchievementService, class com.almasb.fxgl.cutscene.CutsceneService, class com.almasb.fxgl.minigames.MiniGameService, class com.almasb.fxgl.net.NetService, class com.almasb.fxgl.app.services.UpdaterService, class com.almasb.fxgl.dev.DevService]
07:56:52.703 [FXGL Background Thread 3 ] DEBUG Engine               - fontGame: Abel-Regular.ttf
07:56:52.704 [FXGL Background Thread 3 ] DEBUG Engine               - fontMono: TerminalLandMono-Regular.otf
07:56:52.704 [FXGL Background Thread 3 ] DEBUG Engine               - fontText: Courier-Prime.ttf
07:56:52.704 [FXGL Background Thread 3 ] DEBUG Engine               - fontUI: VarelaRound-Regular.ttf
07:56:52.704 [FXGL Background Thread 3 ] DEBUG Engine               - fullScreen: BooleanProperty [value: true]
07:56:52.704 [FXGL Background Thread 3 ] DEBUG Engine               - gameDifficulty: MEDIUM
07:56:52.704 [FXGL Background Thread 3 ] DEBUG Engine               - gameDifficultyProperty: ObjectProperty [value: MEDIUM]
07:56:52.704 [FXGL Background Thread 3 ] DEBUG Engine               - globalMusicVolume: 0.5
07:56:52.704 [FXGL Background Thread 3 ] DEBUG Engine               - globalMusicVolumeProperty: DoubleProperty [value: 0.5]
07:56:52.704 [FXGL Background Thread 3 ] DEBUG Engine               - globalSoundVolume: 0.5
07:56:52.704 [FXGL Background Thread 3 ] DEBUG Engine               - globalSoundVolumeProperty: DoubleProperty [value: 0.5]
07:56:52.704 [FXGL Background Thread 3 ] DEBUG Engine               - height: 1080
07:56:52.704 [FXGL Background Thread 3 ] DEBUG Engine               - is3D: false
07:56:52.704 [FXGL Background Thread 3 ] DEBUG Engine               - isAndroid: false
07:56:52.704 [FXGL Background Thread 3 ] DEBUG Engine               - isBrowser: false
07:56:52.704 [FXGL Background Thread 3 ] DEBUG Engine               - isClickFeedbackEnabled: false
07:56:52.704 [FXGL Background Thread 3 ] DEBUG Engine               - isCloseConfirmation: false
07:56:52.704 [FXGL Background Thread 3 ] DEBUG Engine               - isDesktop: true
07:56:52.704 [FXGL Background Thread 3 ] DEBUG Engine               - isDeveloperMenuEnabled: false
07:56:52.704 [FXGL Background Thread 3 ] DEBUG Engine               - isEmbedded: false
07:56:52.704 [FXGL Background Thread 3 ] DEBUG Engine               - isEntityPreloadEnabled: true
07:56:52.704 [FXGL Background Thread 3 ] DEBUG Engine               - isExperimentalTiledLargeMap: false
07:56:52.704 [FXGL Background Thread 3 ] DEBUG Engine               - isFileSystemWriteAllowed: true
07:56:52.704 [FXGL Background Thread 3 ] DEBUG Engine               - isFullScreenAllowed: true
07:56:52.704 [FXGL Background Thread 3 ] DEBUG Engine               - isFullScreenFromStart: true
07:56:52.704 [FXGL Background Thread 3 ] DEBUG Engine               - isGameMenuEnabled: true
07:56:52.704 [FXGL Background Thread 3 ] DEBUG Engine               - isIOS: false
07:56:52.704 [FXGL Background Thread 3 ] DEBUG Engine               - isIntroEnabled: false
07:56:52.704 [FXGL Background Thread 3 ] DEBUG Engine               - isLinux: false
07:56:52.704 [FXGL Background Thread 3 ] DEBUG Engine               - isMac: false
07:56:52.704 [FXGL Background Thread 3 ] DEBUG Engine               - isMainMenuEnabled: true
07:56:52.704 [FXGL Background Thread 3 ] DEBUG Engine               - isManualResizeEnabled: false
07:56:52.704 [FXGL Background Thread 3 ] DEBUG Engine               - isMobile: false
07:56:52.704 [FXGL Background Thread 3 ] DEBUG Engine               - isNative: false
07:56:52.704 [FXGL Background Thread 3 ] DEBUG Engine               - isPauseMusicWhenMinimized: true
07:56:52.704 [FXGL Background Thread 3 ] DEBUG Engine               - isPreserveResizeRatio: false
07:56:52.704 [FXGL Background Thread 3 ] DEBUG Engine               - isProfilingEnabled: false
07:56:52.704 [FXGL Background Thread 3 ] DEBUG Engine               - isScaleAffectedOnResize: true
07:56:52.704 [FXGL Background Thread 3 ] DEBUG Engine               - isSingleStep: false
07:56:52.704 [FXGL Background Thread 3 ] DEBUG Engine               - isUserProfileEnabled: false
07:56:52.704 [FXGL Background Thread 3 ] DEBUG Engine               - isWindows: true
07:56:52.705 [FXGL Background Thread 3 ] DEBUG Engine               - language: ObjectProperty [value: ENGLISH]
07:56:52.705 [FXGL Background Thread 3 ] DEBUG Engine               - menuKey: ESCAPE
07:56:52.705 [FXGL Background Thread 3 ] DEBUG Engine               - mouseSensitivity: 0.2
07:56:52.705 [FXGL Background Thread 3 ] DEBUG Engine               - notificationViewClass: class com.almasb.fxgl.notification.view.XboxNotificationView
07:56:52.705 [FXGL Background Thread 3 ] DEBUG Engine               - pixelsPerMeter: 50.0
07:56:52.705 [FXGL Background Thread 3 ] DEBUG Engine               - platform: WINDOWS
07:56:52.705 [FXGL Background Thread 3 ] DEBUG Engine               - prefHeightProperty: ReadOnlyDoubleProperty [value: 1080.0]
07:56:52.705 [FXGL Background Thread 3 ] DEBUG Engine               - prefWidthProperty: ReadOnlyDoubleProperty [value: 1920.0]
07:56:52.705 [FXGL Background Thread 3 ] DEBUG Engine               - profileDir: profiles/
07:56:52.705 [FXGL Background Thread 3 ] DEBUG Engine               - profileName: StringProperty [value: DEFAULT]
07:56:52.705 [FXGL Background Thread 3 ] DEBUG Engine               - randomSeed: -1
07:56:52.705 [FXGL Background Thread 3 ] DEBUG Engine               - runtimeInfo: RuntimeInfo(platform=WINDOWS, version=17.2, build=20.08.2022 16.50)
07:56:52.705 [FXGL Background Thread 3 ] DEBUG Engine               - saveFileExt: sav
07:56:52.705 [FXGL Background Thread 3 ] DEBUG Engine               - scaledHeightProp$fxgl: DoubleProperty [bound, value: 1080.0]
07:56:52.705 [FXGL Background Thread 3 ] DEBUG Engine               - scaledWidthProp$fxgl: DoubleProperty [bound, value: 1920.0]
07:56:52.705 [FXGL Background Thread 3 ] DEBUG Engine               - sceneFactory: com.example.cookingina.CookingInaMain$1@668eaf5a
07:56:52.705 [FXGL Background Thread 3 ] DEBUG Engine               - secondsIn24h: 60
07:56:52.705 [FXGL Background Thread 3 ] DEBUG Engine               - soundMenuBack: menu/back.wav
07:56:52.705 [FXGL Background Thread 3 ] DEBUG Engine               - soundMenuPress: menu/press.wav
07:56:52.705 [FXGL Background Thread 3 ] DEBUG Engine               - soundMenuSelect: menu/select.wav
07:56:52.705 [FXGL Background Thread 3 ] DEBUG Engine               - soundNotification: core/notification.wav
07:56:52.705 [FXGL Background Thread 3 ] DEBUG Engine               - stageStyle: DECORATED
07:56:52.705 [FXGL Background Thread 3 ] DEBUG Engine               - supportedLanguages: [ENGLISH, FRENCH, GERMAN, HUNGARIAN, RUSSIAN]
07:56:52.705 [FXGL Background Thread 3 ] DEBUG Engine               - ticksPerSecond: -1
07:56:52.705 [FXGL Background Thread 3 ] DEBUG Engine               - title: CookingIna
07:56:52.705 [FXGL Background Thread 3 ] DEBUG Engine               - urlGithub: https://github.com/AlmasB/FXGL
07:56:52.707 [FXGL Background Thread 3 ] DEBUG Engine               - urlLeaderboard: http://fxgl-top.herokuapp.com/
07:56:52.707 [FXGL Background Thread 3 ] DEBUG Engine               - urlPOM: https://raw.githubusercontent.com/AlmasB/FXGL/release/README.md
07:56:52.707 [FXGL Background Thread 3 ] DEBUG Engine               - userAppClass: class com.example.cookingina.CookingInaMain
07:56:52.707 [FXGL Background Thread 3 ] DEBUG Engine               - version: 0.1
07:56:52.707 [FXGL Background Thread 3 ] DEBUG Engine               - versionCheckDays: 7
07:56:52.707 [FXGL Background Thread 3 ] DEBUG Engine               - width: 1920
07:56:52.707 [FXGL Background Thread 3 ] DEBUG Engine               - Logging services
07:56:52.707 [FXGL Background Thread 3 ] DEBUG Engine               - class com.almasb.fxgl.app.services.FXGLAssetLoaderService
07:56:52.707 [FXGL Background Thread 3 ] DEBUG Engine               - class com.almasb.fxgl.app.FXGLApplication$GameApplicationService
07:56:52.707 [FXGL Background Thread 3 ] DEBUG Engine               - class com.almasb.fxgl.app.services.FXGLDialogService
07:56:52.707 [FXGL Background Thread 3 ] DEBUG Engine               - class com.almasb.fxgl.app.services.IOTaskExecutorService
07:56:52.707 [FXGL Background Thread 3 ] DEBUG Engine               - class com.almasb.fxgl.io.FileSystemService
07:56:52.707 [FXGL Background Thread 3 ] DEBUG Engine               - class com.almasb.fxgl.localization.LocalizationService
07:56:52.707 [FXGL Background Thread 3 ] DEBUG Engine               - class com.almasb.fxgl.app.services.SystemBundleService
07:56:52.707 [FXGL Background Thread 3 ] DEBUG Engine               - class com.almasb.fxgl.profile.SaveLoadService
07:56:52.707 [FXGL Background Thread 3 ] DEBUG Engine               - class com.almasb.fxgl.ui.FXGLUIFactoryServiceProvider
07:56:52.707 [FXGL Background Thread 3 ] DEBUG Engine               - class com.almasb.fxgl.ui.FXGLDialogFactoryServiceProvider
07:56:52.707 [FXGL Background Thread 3 ] DEBUG Engine               - class com.almasb.fxgl.audio.AudioPlayer
07:56:52.707 [FXGL Background Thread 3 ] DEBUG Engine               - class com.almasb.fxgl.notification.impl.NotificationServiceProvider
07:56:52.707 [FXGL Background Thread 3 ] DEBUG Engine               - class com.almasb.fxgl.achievement.AchievementService
07:56:52.707 [FXGL Background Thread 3 ] DEBUG Engine               - class com.almasb.fxgl.cutscene.CutsceneService
07:56:52.707 [FXGL Background Thread 3 ] DEBUG Engine               - class com.almasb.fxgl.minigames.MiniGameService
07:56:52.707 [FXGL Background Thread 3 ] DEBUG Engine               - class com.almasb.fxgl.net.NetService
07:56:52.707 [FXGL Background Thread 3 ] DEBUG Engine               - class com.almasb.fxgl.app.services.UpdaterService
07:56:52.707 [FXGL Background Thread 3 ] DEBUG Engine               - class com.almasb.fxgl.dev.DevService
07:56:54.587 [JavaFX Application Thread] DEBUG FXGLApplication      - Exiting FXGL
07:56:54.587 [JavaFX Application Thread] DEBUG Async                - Shutting down background threads
07:56:54.587 [JavaFX Application Thread] DEBUG PrimaryStageWindow   - Closing main window
07:56:54.615 [JavaFX Application Thread] DEBUG Logger               - Closing Logger
