23:35:25.348 [main                     ] DEBUG Logger               - Configured Logger
23:35:25.366 [main                     ] DEBUG GameApplication      - Logging settings
Title: CookingIna
Version: 0.1
Width: 1920
Height: 1080
Fullscreen: true
Intro: false
Profiling: false
Single step:false
App Mode: DEVELOPER
Menu Key: ESCAPE
Stage Style: DECORATED
Scene Factory: class com.example.cookingina.CookingInaMain$1

23:35:26.331 [JavaFX Application Thread] DEBUG FXGLApplication      - Initializing FXGL
23:35:26.345 [JavaFX Application Thread] INFO  Engine               - FXGL-17.2 (20.08.2022 16.50) on WINDOWS (J:21.0.5 FX:20)
23:35:26.345 [JavaFX Application Thread] DEBUG Engine               - JRE Vendor Name: Amazon.com Inc.
23:35:26.345 [JavaFX Application Thread] DEBUG Engine               - Running on OS: Windows 11 version 10.0
23:35:26.345 [JavaFX Application Thread] DEBUG Engine               - Architecture: amd64
23:35:26.346 [JavaFX Application Thread] INFO  Engine               - Source code and latest versions at: https://github.com/AlmasB/FXGL
23:35:26.346 [JavaFX Application Thread] INFO  Engine               -       Ask questions and discuss at: https://github.com/AlmasB/FXGL/discussions
23:35:26.346 [JavaFX Application Thread] INFO  Engine               -              Join the FXGL chat at: https://gitter.im/AlmasB/FXGL
23:35:26.463 [JavaFX Application Thread] DEBUG PrimaryStageWindow   - Creating a JavaFX scene
23:35:26.463 [JavaFX Application Thread] DEBUG PrimaryStageWindow   - Target size > screen size
23:35:26.520 [JavaFX Application Thread] DEBUG PrimaryStageWindow   - Target settings size: 1920.0 x 1080.0
23:35:26.520 [JavaFX Application Thread] DEBUG PrimaryStageWindow   - Scaled scene size:    1511.0 x 864.0
23:35:26.520 [JavaFX Application Thread] DEBUG PrimaryStageWindow   - Scaled ratio: (0.7869791666666667, 0.8)
23:35:26.521 [JavaFX Application Thread] DEBUG PrimaryStageWindow   - Set initial scene to FXGLStartupScene
23:35:26.527 [JavaFX Application Thread] DEBUG PrimaryStageWindow   - Opening main window
23:35:26.639 [JavaFX Application Thread] DEBUG PrimaryStageWindow   - Window border size: (14.5999755859375, 37.5999755859375)
23:35:26.639 [JavaFX Application Thread] DEBUG PrimaryStageWindow   - Scaled size: 1511.0 x 864.0
23:35:26.639 [JavaFX Application Thread] DEBUG PrimaryStageWindow   - Scaled ratio: (0.7869791666666667, 0.8)
23:35:26.639 [JavaFX Application Thread] DEBUG PrimaryStageWindow   - Scene size: 1511.0 x 864.0
23:35:26.640 [JavaFX Application Thread] DEBUG PrimaryStageWindow   - Stage size: 1525.5999755859375 x 901.5999755859375
23:35:26.775 [JavaFX Application Thread] DEBUG PrimaryStageWindow   - Going fullscreen
23:35:26.790 [FXGL Background Thread 1 ] DEBUG Engine               - Initializing environment variables
23:35:26.886 [FXGL Background Thread 1 ] DEBUG FXGLAssetLoaderServi - User app class for loading assets: class com.example.cookingina.CookingInaMain
23:35:26.887 [FXGL Background Thread 1 ] DEBUG GameApplicationServi - Applying CSS: fxgl_dark.css
23:35:26.888 [FXGL Background Thread 1 ] DEBUG FXGLAssetLoaderServi - Loading from file system: jar:file:///C:/Users/austi/.m2/repository/com/github/almasb/fxgl/17.2/fxgl-17.2.jar!/fxglassets/ui/css/fxgl_dark.css
23:35:26.963 [FXGL Background Thread 1 ] DEBUG GameApplicationServi - Initializing application scenes
23:35:27.092 [FXGL Background Thread 1 ] DEBUG GameWorld            - Game world initialized
23:35:27.226 [FXGL Background Thread 1 ] DEBUG PhysicsWorld         - Physics world initialized: appHeight=1080, physics.ppm=50.0
23:35:27.227 [FXGL Background Thread 1 ] DEBUG PhysicsWorld         - Using strategy: BRUTE_FORCE
23:35:27.231 [FXGL Background Thread 1 ] DEBUG GameScene            - Game scene initialized: 1920x1080
23:35:27.489 [FXGL Background Thread 1 ] DEBUG FXGL.DefaultMenu     - createMenuBodyGameMenu()
23:35:27.551 [FXGL Background Thread 1 ] DEBUG FXGL.DefaultMenu     - createOptionsMenu()
23:35:27.558 [FXGL Background Thread 1 ] DEBUG FXGLAssetLoaderServi - Loading from file system: jar:file:///C:/Users/austi/.m2/repository/com/github/almasb/fxgl/17.2/fxgl-17.2.jar!/fxglassets/textures/particles/smoke.png
23:35:27.723 [FXGL Background Thread 1 ] DEBUG FXGLAssetLoaderServi - Loading from file system: jar:file:///C:/Users/austi/.m2/repository/com/github/almasb/fxgl/17.2/fxgl-17.2.jar!/fxglassets/textures/particles/trace_horizontal.png
23:35:27.743 [FXGL Background Thread 1 ] DEBUG GameApplicationServi - Application scenes initialized
23:35:27.762 [FXGL Background Thread 1 ] DEBUG SystemBundleService  - Loading FXGL system data
23:35:27.763 [FXGL Background Thread 1 ] DEBUG FileSystemAccess     - Reading from: C:\Users\austi\IdeaProjects\Cooking-Ina-Ang-Sarap-1\system\fxgl.bundle
23:35:27.771 [FXGL Background Thread 1 ] DEBUG SystemBundleService  - Bundle FXGL: {}
23:35:27.771 [FXGL Background Thread 1 ] DEBUG UpdaterService       - Checking for updates
23:35:27.774 [FXGL Background Thread 4 ] DEBUG FXGLApplication      - Loading fonts
23:35:27.775 [FXGL Background Thread 4 ] DEBUG FXGLAssetLoaderServi - Loading from file system: jar:file:///C:/Users/austi/.m2/repository/com/github/almasb/fxgl/17.2/fxgl-17.2.jar!/fxglassets/ui/fonts/VarelaRound-Regular.ttf
23:35:27.779 [FXGL Background Thread 1 ] DEBUG FXGLApplication      - Loading default localization
23:35:27.782 [FXGL Background Thread 1 ] DEBUG FXGLAssetLoaderServi - Loading from file system: jar:file:///C:/Users/austi/.m2/repository/com/github/almasb/fxgl/17.2/fxgl-17.2.jar!/fxglassets/languages/english.lang
23:35:27.795 [FXGL Background Thread 4 ] DEBUG FXGLAssetLoaderServi - Loading from file system: jar:file:///C:/Users/austi/.m2/repository/com/github/almasb/fxgl/17.2/fxgl-17.2.jar!/fxglassets/ui/fonts/Abel-Regular.ttf
23:35:27.798 [FXGL Background Thread 4 ] DEBUG FXGLAssetLoaderServi - Loading from file system: jar:file:///C:/Users/austi/.m2/repository/com/github/almasb/fxgl/17.2/fxgl-17.2.jar!/fxglassets/ui/fonts/TerminalLandMono-Regular.otf
23:35:27.802 [FXGL Background Thread 4 ] DEBUG FXGLAssetLoaderServi - Loading from file system: jar:file:///C:/Users/austi/.m2/repository/com/github/almasb/fxgl/17.2/fxgl-17.2.jar!/fxglassets/ui/fonts/Courier-Prime.ttf
23:35:27.815 [JavaFX Application Thread] DEBUG FXGLApplication      - Registering font factories with UI factory
23:35:27.835 [FXGL Background Thread 1 ] INFO  FXGLApplication      - FXGL initialization took: 1.045 sec
23:35:27.844 [JavaFX Application Thread] DEBUG Input                - Registered new binding: Toggle debug - F1
23:35:27.845 [JavaFX Application Thread] DEBUG FXGLAssetLoaderServi - Loading from file system: jar:file:///C:/Users/austi/.m2/repository/com/github/almasb/fxgl/17.2/fxgl-17.2.jar!/fxglassets/textures/fxgl_icon.png
23:35:27.864 [JavaFX Application Thread] DEBUG FXGLAssetLoaderServi - Loading from file system: jar:file:///C:/Users/austi/.m2/repository/com/github/almasb/fxgl/17.2/fxgl-17.2.jar!/fxglassets/textures/fxgl_default_cursor.png
23:35:27.871 [JavaFX Application Thread] DEBUG Input                - Registered new binding: Screenshot - CTRL+8
23:35:27.872 [JavaFX Application Thread] DEBUG Input                - Registered new binding: System info dump - CTRL+9
23:35:27.872 [JavaFX Application Thread] DEBUG Input                - Registered new binding: Restart - CTRL+R
23:35:27.873 [JavaFX Application Thread] DEBUG Input                - Registered new binding: Toggle Debug Camera - CTRL+7
23:35:27.875 [JavaFX Application Thread] DEBUG LoopRunner           - Starting loop
23:35:27.875 [JavaFX Application Thread] DEBUG LoopRunner           - Initializing JavaFX AnimationTimerLoop
23:35:27.884 [JavaFX Application Thread] DEBUG Input                - Clearing active input actions
23:35:27.889 [JavaFX Application Thread] DEBUG GameApplicationServi - Removing overlay from FXGLStartupScene and adding to FXGLMainMenuDummyScene
23:35:27.889 [JavaFX Application Thread] DEBUG PrimaryStageWindow   - FXGLStartupScene -> FXGLMainMenuDummyScene
23:35:27.889 [JavaFX Application Thread] DEBUG PrimaryStageWindow   - Push state: SplashScene
23:35:27.889 [JavaFX Application Thread] DEBUG Input                - Clearing active input actions
23:35:27.893 [JavaFX Application Thread] DEBUG GameApplicationServi - Removing overlay from FXGLMainMenuDummyScene and adding to SplashScene
23:35:27.894 [JavaFX Application Thread] DEBUG PrimaryStageWindow   - FXGLMainMenuDummyScene -> SplashScene
23:35:29.029 [FXGL Background Thread 2 ] INFO  UpdaterService       - Your current version:  17.2
23:35:29.029 [FXGL Background Thread 2 ] INFO  UpdaterService       - Latest stable version: 21.1
23:35:30.446 [JavaFX Application Thread] DEBUG PrimaryStageWindow   - Push state: LoginMenu
23:35:30.446 [JavaFX Application Thread] DEBUG Input                - Clearing active input actions
23:35:30.452 [JavaFX Application Thread] DEBUG GameApplicationServi - Removing overlay from SplashScene and adding to LoginMenu
23:35:30.453 [JavaFX Application Thread] DEBUG PrimaryStageWindow   - SplashScene -> LoginMenu
23:35:30.775 [FXGL Background Thread 3 ] DEBUG Engine               - Logging environment variables
23:35:30.775 [FXGL Background Thread 3 ] DEBUG Engine               - achievements: []
23:35:30.776 [FXGL Background Thread 3 ] DEBUG Engine               - actualHeight: 864.0
23:35:30.776 [FXGL Background Thread 3 ] DEBUG Engine               - actualHeightProperty: ReadOnlyDoubleProperty [value: 864.0]
23:35:30.776 [FXGL Background Thread 3 ] DEBUG Engine               - actualWidth: 1536.0
23:35:30.776 [FXGL Background Thread 3 ] DEBUG Engine               - actualWidthProperty: ReadOnlyDoubleProperty [value: 1536.0]
23:35:30.776 [FXGL Background Thread 3 ] DEBUG Engine               - appIcon: fxgl_icon.png
23:35:30.776 [FXGL Background Thread 3 ] DEBUG Engine               - applicationMode: DEVELOPER
23:35:30.776 [FXGL Background Thread 3 ] DEBUG Engine               - cSSList: [fxgl_dark.css]
23:35:30.776 [FXGL Background Thread 3 ] DEBUG Engine               - collisionDetectionStrategy: BRUTE_FORCE
23:35:30.776 [FXGL Background Thread 3 ] DEBUG Engine               - configClass: Optional.empty
23:35:30.776 [FXGL Background Thread 3 ] DEBUG Engine               - credits: []
23:35:30.777 [FXGL Background Thread 3 ] DEBUG Engine               - defaultCursor: CursorInfo(imageName=fxgl_default_cursor.png, hotspotX=7.0, hotspotY=6.0)
23:35:30.777 [FXGL Background Thread 3 ] DEBUG Engine               - devBBoxColorProperty: ObjectProperty [value: 0xff0000ff]
23:35:30.777 [FXGL Background Thread 3 ] DEBUG Engine               - devEnableDebugCameraProperty: BooleanProperty [value: false]
23:35:30.777 [FXGL Background Thread 3 ] DEBUG Engine               - devSensorColorProperty: ObjectProperty [value: 0xffff00ff]
23:35:30.778 [FXGL Background Thread 3 ] DEBUG Engine               - devShowBBoxProperty: BooleanProperty [value: false]
23:35:30.778 [FXGL Background Thread 3 ] DEBUG Engine               - devShowPositionProperty: BooleanProperty [value: false]
23:35:30.778 [FXGL Background Thread 3 ] DEBUG Engine               - enabledMenuItems: []
23:35:30.778 [FXGL Background Thread 3 ] DEBUG Engine               - engineServices: [class com.almasb.fxgl.app.services.FXGLAssetLoaderService, class com.almasb.fxgl.app.FXGLApplication$GameApplicationService, class com.almasb.fxgl.app.services.FXGLDialogService, class com.almasb.fxgl.app.services.IOTaskExecutorService, class com.almasb.fxgl.io.FileSystemService, class com.almasb.fxgl.localization.LocalizationService, class com.almasb.fxgl.app.services.SystemBundleService, class com.almasb.fxgl.profile.SaveLoadService, class com.almasb.fxgl.ui.FXGLUIFactoryServiceProvider, class com.almasb.fxgl.ui.FXGLDialogFactoryServiceProvider, class com.almasb.fxgl.audio.AudioPlayer, class com.almasb.fxgl.notification.impl.NotificationServiceProvider, class com.almasb.fxgl.achievement.AchievementService, class com.almasb.fxgl.cutscene.CutsceneService, class com.almasb.fxgl.minigames.MiniGameService, class com.almasb.fxgl.net.NetService, class com.almasb.fxgl.app.services.UpdaterService, class com.almasb.fxgl.dev.DevService]
23:35:30.778 [FXGL Background Thread 3 ] DEBUG Engine               - fontGame: Abel-Regular.ttf
23:35:30.778 [FXGL Background Thread 3 ] DEBUG Engine               - fontMono: TerminalLandMono-Regular.otf
23:35:30.778 [FXGL Background Thread 3 ] DEBUG Engine               - fontText: Courier-Prime.ttf
23:35:30.778 [FXGL Background Thread 3 ] DEBUG Engine               - fontUI: VarelaRound-Regular.ttf
23:35:30.778 [FXGL Background Thread 3 ] DEBUG Engine               - fullScreen: BooleanProperty [value: true]
23:35:30.778 [FXGL Background Thread 3 ] DEBUG Engine               - gameDifficulty: MEDIUM
23:35:30.778 [FXGL Background Thread 3 ] DEBUG Engine               - gameDifficultyProperty: ObjectProperty [value: MEDIUM]
23:35:30.778 [FXGL Background Thread 3 ] DEBUG Engine               - globalMusicVolume: 0.5
23:35:30.778 [FXGL Background Thread 3 ] DEBUG Engine               - globalMusicVolumeProperty: DoubleProperty [value: 0.5]
23:35:30.778 [FXGL Background Thread 3 ] DEBUG Engine               - globalSoundVolume: 0.5
23:35:30.778 [FXGL Background Thread 3 ] DEBUG Engine               - globalSoundVolumeProperty: DoubleProperty [value: 0.5]
23:35:30.778 [FXGL Background Thread 3 ] DEBUG Engine               - height: 1080
23:35:30.778 [FXGL Background Thread 3 ] DEBUG Engine               - is3D: false
23:35:30.778 [FXGL Background Thread 3 ] DEBUG Engine               - isAndroid: false
23:35:30.778 [FXGL Background Thread 3 ] DEBUG Engine               - isBrowser: false
23:35:30.778 [FXGL Background Thread 3 ] DEBUG Engine               - isClickFeedbackEnabled: false
23:35:30.779 [FXGL Background Thread 3 ] DEBUG Engine               - isCloseConfirmation: false
23:35:30.779 [FXGL Background Thread 3 ] DEBUG Engine               - isDesktop: true
23:35:30.779 [FXGL Background Thread 3 ] DEBUG Engine               - isDeveloperMenuEnabled: false
23:35:30.779 [FXGL Background Thread 3 ] DEBUG Engine               - isEmbedded: false
23:35:30.779 [FXGL Background Thread 3 ] DEBUG Engine               - isEntityPreloadEnabled: true
23:35:30.779 [FXGL Background Thread 3 ] DEBUG Engine               - isExperimentalTiledLargeMap: false
23:35:30.779 [FXGL Background Thread 3 ] DEBUG Engine               - isFileSystemWriteAllowed: true
23:35:30.779 [FXGL Background Thread 3 ] DEBUG Engine               - isFullScreenAllowed: true
23:35:30.779 [FXGL Background Thread 3 ] DEBUG Engine               - isFullScreenFromStart: true
23:35:30.779 [FXGL Background Thread 3 ] DEBUG Engine               - isGameMenuEnabled: true
23:35:30.779 [FXGL Background Thread 3 ] DEBUG Engine               - isIOS: false
23:35:30.779 [FXGL Background Thread 3 ] DEBUG Engine               - isIntroEnabled: false
23:35:30.779 [FXGL Background Thread 3 ] DEBUG Engine               - isLinux: false
23:35:30.779 [FXGL Background Thread 3 ] DEBUG Engine               - isMac: false
23:35:30.779 [FXGL Background Thread 3 ] DEBUG Engine               - isMainMenuEnabled: true
23:35:30.779 [FXGL Background Thread 3 ] DEBUG Engine               - isManualResizeEnabled: false
23:35:30.779 [FXGL Background Thread 3 ] DEBUG Engine               - isMobile: false
23:35:30.779 [FXGL Background Thread 3 ] DEBUG Engine               - isNative: false
23:35:30.779 [FXGL Background Thread 3 ] DEBUG Engine               - isPauseMusicWhenMinimized: true
23:35:30.780 [FXGL Background Thread 3 ] DEBUG Engine               - isPreserveResizeRatio: false
23:35:30.780 [FXGL Background Thread 3 ] DEBUG Engine               - isProfilingEnabled: false
23:35:30.780 [FXGL Background Thread 3 ] DEBUG Engine               - isScaleAffectedOnResize: true
23:35:30.780 [FXGL Background Thread 3 ] DEBUG Engine               - isSingleStep: false
23:35:30.780 [FXGL Background Thread 3 ] DEBUG Engine               - isUserProfileEnabled: false
23:35:30.780 [FXGL Background Thread 3 ] DEBUG Engine               - isWindows: true
23:35:30.780 [FXGL Background Thread 3 ] DEBUG Engine               - language: ObjectProperty [value: ENGLISH]
23:35:30.780 [FXGL Background Thread 3 ] DEBUG Engine               - menuKey: ESCAPE
23:35:30.780 [FXGL Background Thread 3 ] DEBUG Engine               - mouseSensitivity: 0.2
23:35:30.780 [FXGL Background Thread 3 ] DEBUG Engine               - notificationViewClass: class com.almasb.fxgl.notification.view.XboxNotificationView
23:35:30.781 [FXGL Background Thread 3 ] DEBUG Engine               - pixelsPerMeter: 50.0
23:35:30.781 [FXGL Background Thread 3 ] DEBUG Engine               - platform: WINDOWS
23:35:30.781 [FXGL Background Thread 3 ] DEBUG Engine               - prefHeightProperty: ReadOnlyDoubleProperty [value: 1080.0]
23:35:30.781 [FXGL Background Thread 3 ] DEBUG Engine               - prefWidthProperty: ReadOnlyDoubleProperty [value: 1920.0]
23:35:30.781 [FXGL Background Thread 3 ] DEBUG Engine               - profileDir: profiles/
23:35:30.781 [FXGL Background Thread 3 ] DEBUG Engine               - profileName: StringProperty [value: DEFAULT]
23:35:30.781 [FXGL Background Thread 3 ] DEBUG Engine               - randomSeed: -1
23:35:30.781 [FXGL Background Thread 3 ] DEBUG Engine               - runtimeInfo: RuntimeInfo(platform=WINDOWS, version=17.2, build=20.08.2022 16.50)
23:35:30.781 [FXGL Background Thread 3 ] DEBUG Engine               - saveFileExt: sav
23:35:30.782 [FXGL Background Thread 3 ] DEBUG Engine               - scaledHeightProp$fxgl: DoubleProperty [bound, value: 864.0]
23:35:30.782 [FXGL Background Thread 3 ] DEBUG Engine               - scaledWidthProp$fxgl: DoubleProperty [bound, value: 1536.0]
23:35:30.782 [FXGL Background Thread 3 ] DEBUG Engine               - sceneFactory: com.example.cookingina.CookingInaMain$1@45ec3deb
23:35:30.782 [FXGL Background Thread 3 ] DEBUG Engine               - secondsIn24h: 60
23:35:30.782 [FXGL Background Thread 3 ] DEBUG Engine               - soundMenuBack: menu/back.wav
23:35:30.782 [FXGL Background Thread 3 ] DEBUG Engine               - soundMenuPress: menu/press.wav
23:35:30.782 [FXGL Background Thread 3 ] DEBUG Engine               - soundMenuSelect: menu/select.wav
23:35:30.782 [FXGL Background Thread 3 ] DEBUG Engine               - soundNotification: core/notification.wav
23:35:30.782 [FXGL Background Thread 3 ] DEBUG Engine               - stageStyle: DECORATED
23:35:30.782 [FXGL Background Thread 3 ] DEBUG Engine               - supportedLanguages: [ENGLISH, FRENCH, GERMAN, HUNGARIAN, RUSSIAN]
23:35:30.782 [FXGL Background Thread 3 ] DEBUG Engine               - ticksPerSecond: -1
23:35:30.782 [FXGL Background Thread 3 ] DEBUG Engine               - title: CookingIna
23:35:30.782 [FXGL Background Thread 3 ] DEBUG Engine               - urlGithub: https://github.com/AlmasB/FXGL
23:35:30.782 [FXGL Background Thread 3 ] DEBUG Engine               - urlLeaderboard: http://fxgl-top.herokuapp.com/
23:35:30.782 [FXGL Background Thread 3 ] DEBUG Engine               - urlPOM: https://raw.githubusercontent.com/AlmasB/FXGL/release/README.md
23:35:30.782 [FXGL Background Thread 3 ] DEBUG Engine               - userAppClass: class com.example.cookingina.CookingInaMain
23:35:30.782 [FXGL Background Thread 3 ] DEBUG Engine               - version: 0.1
23:35:30.782 [FXGL Background Thread 3 ] DEBUG Engine               - versionCheckDays: 7
23:35:30.782 [FXGL Background Thread 3 ] DEBUG Engine               - width: 1920
23:35:30.782 [FXGL Background Thread 3 ] DEBUG Engine               - Logging services
23:35:30.782 [FXGL Background Thread 3 ] DEBUG Engine               - class com.almasb.fxgl.app.services.FXGLAssetLoaderService
23:35:30.782 [FXGL Background Thread 3 ] DEBUG Engine               - class com.almasb.fxgl.app.FXGLApplication$GameApplicationService
23:35:30.782 [FXGL Background Thread 3 ] DEBUG Engine               - class com.almasb.fxgl.app.services.FXGLDialogService
23:35:30.782 [FXGL Background Thread 3 ] DEBUG Engine               - class com.almasb.fxgl.app.services.IOTaskExecutorService
23:35:30.782 [FXGL Background Thread 3 ] DEBUG Engine               - class com.almasb.fxgl.io.FileSystemService
23:35:30.782 [FXGL Background Thread 3 ] DEBUG Engine               - class com.almasb.fxgl.localization.LocalizationService
23:35:30.782 [FXGL Background Thread 3 ] DEBUG Engine               - class com.almasb.fxgl.app.services.SystemBundleService
23:35:30.782 [FXGL Background Thread 3 ] DEBUG Engine               - class com.almasb.fxgl.profile.SaveLoadService
23:35:30.782 [FXGL Background Thread 3 ] DEBUG Engine               - class com.almasb.fxgl.ui.FXGLUIFactoryServiceProvider
23:35:30.782 [FXGL Background Thread 3 ] DEBUG Engine               - class com.almasb.fxgl.ui.FXGLDialogFactoryServiceProvider
23:35:30.783 [FXGL Background Thread 3 ] DEBUG Engine               - class com.almasb.fxgl.audio.AudioPlayer
23:35:30.783 [FXGL Background Thread 3 ] DEBUG Engine               - class com.almasb.fxgl.notification.impl.NotificationServiceProvider
23:35:30.783 [FXGL Background Thread 3 ] DEBUG Engine               - class com.almasb.fxgl.achievement.AchievementService
23:35:30.783 [FXGL Background Thread 3 ] DEBUG Engine               - class com.almasb.fxgl.cutscene.CutsceneService
23:35:30.783 [FXGL Background Thread 3 ] DEBUG Engine               - class com.almasb.fxgl.minigames.MiniGameService
23:35:30.783 [FXGL Background Thread 3 ] DEBUG Engine               - class com.almasb.fxgl.net.NetService
23:35:30.783 [FXGL Background Thread 3 ] DEBUG Engine               - class com.almasb.fxgl.app.services.UpdaterService
23:35:30.783 [FXGL Background Thread 3 ] DEBUG Engine               - class com.almasb.fxgl.dev.DevService
23:35:40.098 [JavaFX Application Thread] DEBUG FXGLAssetLoaderServi - Loading from file system: file:/C:/Users/austi/IdeaProjects/Cooking-Ina-Ang-Sarap-1/CookingIna/target/classes/assets/textures/main_menu.png
23:35:40.152 [JavaFX Application Thread] DEBUG PrimaryStageWindow   - Push state: MainMenu
23:35:40.152 [JavaFX Application Thread] DEBUG Input                - Clearing active input actions
23:35:40.154 [JavaFX Application Thread] DEBUG GameApplicationServi - Removing overlay from LoginMenu and adding to MainMenu
23:35:40.154 [JavaFX Application Thread] DEBUG PrimaryStageWindow   - LoginMenu -> MainMenu
23:35:42.657 [JavaFX Application Thread] DEBUG GameApplicationServi - Starting new game
23:35:42.659 [JavaFX Application Thread] DEBUG PrimaryStageWindow   - Pop state: MainMenu
23:35:42.659 [JavaFX Application Thread] DEBUG Input                - Clearing active input actions
23:35:42.659 [JavaFX Application Thread] DEBUG GameApplicationServi - Removing overlay from MainMenu and adding to LoginMenu
23:35:42.660 [JavaFX Application Thread] DEBUG PrimaryStageWindow   - LoginMenu <- MainMenu
23:35:42.660 [JavaFX Application Thread] DEBUG PrimaryStageWindow   - Pop state: LoginMenu
23:35:42.660 [JavaFX Application Thread] DEBUG Input                - Clearing active input actions
23:35:42.660 [JavaFX Application Thread] DEBUG GameApplicationServi - Removing overlay from LoginMenu and adding to SplashScene
23:35:42.660 [JavaFX Application Thread] DEBUG PrimaryStageWindow   - SplashScene <- LoginMenu
23:35:42.660 [JavaFX Application Thread] DEBUG PrimaryStageWindow   - Pop state: SplashScene
23:35:42.660 [JavaFX Application Thread] DEBUG Input                - Clearing active input actions
23:35:42.660 [JavaFX Application Thread] DEBUG GameApplicationServi - Removing overlay from SplashScene and adding to FXGLMainMenuDummyScene
23:35:42.661 [JavaFX Application Thread] DEBUG PrimaryStageWindow   - FXGLMainMenuDummyScene <- SplashScene
23:35:42.661 [JavaFX Application Thread] DEBUG Input                - Clearing active input actions
23:35:42.667 [JavaFX Application Thread] DEBUG GameApplicationServi - Removing overlay from FXGLMainMenuDummyScene and adding to FXGLLoadingScene
23:35:42.667 [JavaFX Application Thread] DEBUG PrimaryStageWindow   - FXGLMainMenuDummyScene -> FXGLLoadingScene
23:35:42.667 [JavaFX Application Thread] DEBUG GameApplicationServi - Clearing previous game
23:35:42.667 [JavaFX Application Thread] DEBUG GameScene            - Clearing game scene
23:35:42.667 [JavaFX Application Thread] DEBUG GameWorld            - Clearing game world
23:35:42.667 [JavaFX Application Thread] DEBUG PhysicsWorld         - Clearing physics world
23:35:42.669 [FXGL Background Thread 2 ] DEBUG FXGLApplication      - Initializing game
23:35:42.673 [FXGL Background Thread 2 ] DEBUG FXGLAssetLoaderServi - Loading from file system: file:/C:/Users/austi/IdeaProjects/Cooking-Ina-Ang-Sarap-1/CookingIna/target/classes/assets/textures/final_background.png
23:35:42.689 [JavaFX Application Thread] WARN  PrimaryStageWindow   - Cannot pop substate. Probably because substates are empty!
23:35:42.689 [JavaFX Application Thread] DEBUG LoopRunner           - Resuming loop
23:35:42.714 [FXGL Background Thread 2 ] DEBUG FXGLAssetLoaderServi - Loading from file system: file:/C:/Users/austi/IdeaProjects/Cooking-Ina-Ang-Sarap-1/CookingIna/target/classes/assets/textures/assets.png
23:35:42.752 [FXGL Background Thread 2 ] DEBUG FXGLAssetLoaderServi - Loading from file system: file:/C:/Users/austi/IdeaProjects/Cooking-Ina-Ang-Sarap-1/CookingIna/target/classes/assets/textures/frying_pan.png
23:35:42.786 [FXGL Background Thread 2 ] DEBUG FXGLAssetLoaderServi - Loading from file system: file:/C:/Users/austi/IdeaProjects/Cooking-Ina-Ang-Sarap-1/CookingIna/target/classes/assets/textures/papertray.png
23:35:42.827 [FXGL Background Thread 2 ] DEBUG FXGLAssetLoaderServi - Loading from file system: file:/C:/Users/austi/IdeaProjects/Cooking-Ina-Ang-Sarap-1/CookingIna/target/classes/assets/textures/papertray.png
23:35:42.857 [FXGL Background Thread 2 ] DEBUG FXGLAssetLoaderServi - Loading from file system: file:/C:/Users/austi/IdeaProjects/Cooking-Ina-Ang-Sarap-1/CookingIna/target/classes/assets/textures/ice_crusher.png
23:35:42.895 [FXGL Background Thread 2 ] DEBUG FXGLAssetLoaderServi - Loading from file system: file:/C:/Users/austi/IdeaProjects/Cooking-Ina-Ang-Sarap-1/CookingIna/target/classes/assets/textures/trash_open.png
23:35:42.919 [FXGL Background Thread 2 ] DEBUG FXGLAssetLoaderServi - Loading from file system: file:/C:/Users/austi/IdeaProjects/Cooking-Ina-Ang-Sarap-1/CookingIna/target/classes/assets/textures/cucumberGarnish_container.png
23:35:42.942 [FXGL Background Thread 2 ] DEBUG FXGLAssetLoaderServi - Loading from file system: file:/C:/Users/austi/IdeaProjects/Cooking-Ina-Ang-Sarap-1/CookingIna/target/classes/assets/textures/gusoGarnish_container.png
23:35:42.962 [FXGL Background Thread 2 ] DEBUG FXGLAssetLoaderServi - Loading from file system: file:/C:/Users/austi/IdeaProjects/Cooking-Ina-Ang-Sarap-1/CookingIna/target/classes/assets/textures/spicy_sauce.png
23:35:42.973 [FXGL Background Thread 2 ] DEBUG FXGLAssetLoaderServi - Loading from file system: file:/C:/Users/austi/IdeaProjects/Cooking-Ina-Ang-Sarap-1/CookingIna/target/classes/assets/textures/sweet_sauce.png
23:35:42.992 [FXGL Background Thread 2 ] INFO  FXGLApplication      - Game initialization took: 0.323 sec
23:35:42.993 [JavaFX Application Thread] DEBUG Input                - Clearing active input actions
23:35:42.997 [JavaFX Application Thread] DEBUG GameApplicationServi - Removing overlay from FXGLLoadingScene and adding to GameScene
23:35:42.998 [JavaFX Application Thread] DEBUG PrimaryStageWindow   - FXGLLoadingScene -> GameScene
23:35:46.031 [JavaFX Application Thread] DEBUG FXGLAssetLoaderServi - Loading from file system: file:/C:/Users/austi/IdeaProjects/Cooking-Ina-Ang-Sarap-1/CookingIna/target/classes/assets/textures/customer_image.png
23:36:08.710 [JavaFX Application Thread] DEBUG FXGLAssetLoaderServi - Loading from file system: file:/C:/Users/austi/IdeaProjects/Cooking-Ina-Ang-Sarap-1/CookingIna/target/classes/assets/textures/halo_halo.png
23:36:08.741 [JavaFX Application Thread] DEBUG FXGLAssetLoaderServi - Loading from file system: file:/C:/Users/austi/IdeaProjects/Cooking-Ina-Ang-Sarap-1/CookingIna/target/classes/assets/textures/cooked_quekquek.png
23:36:08.767 [JavaFX Application Thread] DEBUG FXGLAssetLoaderServi - Loading from file system: file:/C:/Users/austi/IdeaProjects/Cooking-Ina-Ang-Sarap-1/CookingIna/target/classes/assets/textures/calamansijuice_finishedproduct.png
23:36:10.143 [JavaFX Application Thread] DEBUG FXGLAssetLoaderServi - Loading from file system: file:/C:/Users/austi/IdeaProjects/Cooking-Ina-Ang-Sarap-1/CookingIna/target/classes/assets/textures/orangejuice_finishedproduct.png
23:36:10.153 [JavaFX Application Thread] DEBUG FXGLAssetLoaderServi - Loading from file system: file:/C:/Users/austi/IdeaProjects/Cooking-Ina-Ang-Sarap-1/CookingIna/target/classes/assets/textures/cooked_hotdog.png
23:36:22.012 [JavaFX Application Thread] DEBUG FXGLAssetLoaderServi - Loading from file system: file:/C:/Users/austi/IdeaProjects/Cooking-Ina-Ang-Sarap-1/CookingIna/target/classes/assets/textures/cooked_tempura.png
23:36:23.487 [JavaFX Application Thread] DEBUG FXGLAssetLoaderServi - Loading from file system: file:/C:/Users/austi/IdeaProjects/Cooking-Ina-Ang-Sarap-1/CookingIna/target/classes/assets/textures/mango_ready.png
23:36:38.057 [JavaFX Application Thread] DEBUG FXGLApplication      - Exiting FXGL
23:36:38.057 [JavaFX Application Thread] DEBUG LoopRunner           - Stopping loop
23:36:38.058 [JavaFX Application Thread] DEBUG SystemBundleService  - Saving FXGL system data
23:36:38.059 [JavaFX Application Thread] DEBUG FileSystemAccess     - Writing to: C:\Users\austi\IdeaProjects\Cooking-Ina-Ang-Sarap-1\system\fxgl.bundle
23:36:38.060 [JavaFX Application Thread] DEBUG Async                - Shutting down background threads
23:36:38.060 [JavaFX Application Thread] DEBUG PrimaryStageWindow   - Closing main window
23:36:38.089 [JavaFX Application Thread] DEBUG Logger               - Closing Logger
