14:06:40.053 [main                     ] DEBUG Logger               - Configured Logger
14:06:40.103 [main                     ] DEBUG GameApplication      - Logging settings
Title: CookingIna
Version: 0.1
Width: 1920
Height: 1080
Fullscreen: true
Intro: false
Profiling: false
Single step:false
App Mode: DEVELOPER
Menu Key: ESCAPE
Stage Style: DECORATED
Scene Factory: class com.example.cookingina.CookingInaMain$1

14:06:41.304 [JavaFX Application Thread] DEBUG FXGLApplication      - Initializing FXGL
14:06:41.307 [JavaFX Application Thread] INFO  Engine               - FXGL-17.2 (20.08.2022 16.50) on WINDOWS (J:23.0.1 FX:19)
14:06:41.307 [JavaFX Application Thread] DEBUG Engine               - JRE Vendor Name: Oracle Corporation
14:06:41.307 [JavaFX Application Thread] DEBUG Engine               - Running on OS: Windows 11 version 10.0
14:06:41.307 [JavaFX Application Thread] DEBUG Engine               - Architecture: amd64
14:06:41.308 [JavaFX Application Thread] INFO  Engine               - Source code and latest versions at: https://github.com/AlmasB/FXGL
14:06:41.308 [JavaFX Application Thread] INFO  Engine               -       Ask questions and discuss at: https://github.com/AlmasB/FXGL/discussions
14:06:41.308 [JavaFX Application Thread] INFO  Engine               -              Join the FXGL chat at: https://gitter.im/AlmasB/FXGL
14:06:41.448 [JavaFX Application Thread] DEBUG PrimaryStageWindow   - Creating a JavaFX scene
14:06:41.521 [JavaFX Application Thread] DEBUG PrimaryStageWindow   - Target settings size: 1920.0 x 1080.0
14:06:41.521 [JavaFX Application Thread] DEBUG PrimaryStageWindow   - Scaled scene size:    1920.0 x 1080.0
14:06:41.521 [JavaFX Application Thread] DEBUG PrimaryStageWindow   - Scaled ratio: (1.0, 1.0)
14:06:41.523 [JavaFX Application Thread] DEBUG PrimaryStageWindow   - Set initial scene to FXGLStartupScene
14:06:41.530 [JavaFX Application Thread] DEBUG PrimaryStageWindow   - Opening main window
14:06:41.752 [JavaFX Application Thread] DEBUG PrimaryStageWindow   - Window border size: (16.0, 39.0)
14:06:41.753 [JavaFX Application Thread] DEBUG PrimaryStageWindow   - Scaled size: 1920.0 x 1080.0
14:06:41.753 [JavaFX Application Thread] DEBUG PrimaryStageWindow   - Scaled ratio: (1.0, 1.0)
14:06:41.755 [JavaFX Application Thread] DEBUG PrimaryStageWindow   - Scene size: 1920.0 x 1080.0
14:06:41.756 [JavaFX Application Thread] DEBUG PrimaryStageWindow   - Stage size: 1936.0 x 1119.0
14:06:41.929 [JavaFX Application Thread] DEBUG PrimaryStageWindow   - Going fullscreen
14:06:41.941 [FXGL Background Thread 1 ] DEBUG Engine               - Initializing environment variables
14:06:42.024 [FXGL Background Thread 1 ] DEBUG FXGLAssetLoaderServi - User app class for loading assets: class com.example.cookingina.CookingInaMain
14:06:42.024 [FXGL Background Thread 1 ] DEBUG GameApplicationServi - Applying CSS: fxgl_dark.css
14:06:42.026 [FXGL Background Thread 1 ] DEBUG FXGLAssetLoaderServi - Loading from file system: jar:file:///C:/Users/austi/.m2/repository/com/github/almasb/fxgl/17.2/fxgl-17.2.jar!/fxglassets/ui/css/fxgl_dark.css
14:06:42.071 [FXGL Background Thread 1 ] DEBUG GameApplicationServi - Initializing application scenes
14:06:42.131 [FXGL Background Thread 1 ] DEBUG GameWorld            - Game world initialized
14:06:42.193 [FXGL Background Thread 1 ] DEBUG PhysicsWorld         - Physics world initialized: appHeight=1080, physics.ppm=50.0
14:06:42.194 [FXGL Background Thread 1 ] DEBUG PhysicsWorld         - Using strategy: BRUTE_FORCE
14:06:42.201 [FXGL Background Thread 1 ] DEBUG GameScene            - Game scene initialized: 1920x1080
14:06:42.219 [FXGL Background Thread 1 ] DEBUG FXGL.DefaultMenu     - createMenuBodyGameMenu()
14:06:42.240 [FXGL Background Thread 1 ] DEBUG FXGL.DefaultMenu     - createOptionsMenu()
14:06:42.262 [FXGL Background Thread 1 ] DEBUG FXGLAssetLoaderServi - Loading from file system: jar:file:///C:/Users/austi/.m2/repository/com/github/almasb/fxgl/17.2/fxgl-17.2.jar!/fxglassets/textures/particles/smoke.png
14:06:42.377 [FXGL Background Thread 1 ] DEBUG FXGLAssetLoaderServi - Loading from file system: jar:file:///C:/Users/austi/.m2/repository/com/github/almasb/fxgl/17.2/fxgl-17.2.jar!/fxglassets/textures/particles/trace_horizontal.png
14:06:42.404 [FXGL Background Thread 1 ] DEBUG GameApplicationServi - Application scenes initialized
14:06:42.433 [FXGL Background Thread 1 ] DEBUG SystemBundleService  - Loading FXGL system data
14:06:42.437 [FXGL Background Thread 1 ] DEBUG FileSystemAccess     - Reading from: C:\Users\austi\IdeaProjects\Cooking-Ina-Ang-Sarap-\system\fxgl.bundle
14:06:42.441 [FXGL Background Thread 1 ] DEBUG SystemBundleService  - Bundle FXGL: {}
14:06:42.441 [FXGL Background Thread 1 ] DEBUG UpdaterService       - Checking for updates
14:06:42.447 [FXGL Background Thread 4 ] DEBUG FXGLApplication      - Loading fonts
14:06:42.447 [FXGL Background Thread 1 ] DEBUG FXGLApplication      - Loading default localization
14:06:42.448 [FXGL Background Thread 4 ] DEBUG FXGLAssetLoaderServi - Loading from file system: jar:file:///C:/Users/austi/.m2/repository/com/github/almasb/fxgl/17.2/fxgl-17.2.jar!/fxglassets/ui/fonts/VarelaRound-Regular.ttf
14:06:42.451 [FXGL Background Thread 1 ] DEBUG FXGLAssetLoaderServi - Loading from file system: jar:file:///C:/Users/austi/.m2/repository/com/github/almasb/fxgl/17.2/fxgl-17.2.jar!/fxglassets/languages/english.lang
14:06:42.485 [FXGL Background Thread 4 ] DEBUG FXGLAssetLoaderServi - Loading from file system: jar:file:///C:/Users/austi/.m2/repository/com/github/almasb/fxgl/17.2/fxgl-17.2.jar!/fxglassets/ui/fonts/Abel-Regular.ttf
14:06:42.494 [FXGL Background Thread 1 ] INFO  FXGLApplication      - FXGL initialization took: 0.553 sec
14:06:42.506 [FXGL Background Thread 4 ] DEBUG FXGLAssetLoaderServi - Loading from file system: jar:file:///C:/Users/austi/.m2/repository/com/github/almasb/fxgl/17.2/fxgl-17.2.jar!/fxglassets/ui/fonts/TerminalLandMono-Regular.otf
14:06:42.513 [JavaFX Application Thread] DEBUG Input                - Registered new binding: Toggle debug - F1
14:06:42.515 [JavaFX Application Thread] DEBUG FXGLAssetLoaderServi - Loading from file system: jar:file:///C:/Users/austi/.m2/repository/com/github/almasb/fxgl/17.2/fxgl-17.2.jar!/fxglassets/textures/fxgl_icon.png
14:06:42.518 [FXGL Background Thread 4 ] DEBUG FXGLAssetLoaderServi - Loading from file system: jar:file:///C:/Users/austi/.m2/repository/com/github/almasb/fxgl/17.2/fxgl-17.2.jar!/fxglassets/ui/fonts/Courier-Prime.ttf
14:06:42.545 [JavaFX Application Thread] DEBUG FXGLAssetLoaderServi - Loading from file system: jar:file:///C:/Users/austi/.m2/repository/com/github/almasb/fxgl/17.2/fxgl-17.2.jar!/fxglassets/textures/fxgl_default_cursor.png
14:06:42.548 [JavaFX Application Thread] DEBUG Input                - Registered new binding: Screenshot - CTRL+8
14:06:42.548 [JavaFX Application Thread] DEBUG Input                - Registered new binding: System info dump - CTRL+9
14:06:42.549 [JavaFX Application Thread] DEBUG Input                - Registered new binding: Restart - CTRL+R
14:06:42.549 [JavaFX Application Thread] DEBUG Input                - Registered new binding: Toggle Debug Camera - CTRL+7
14:06:42.551 [JavaFX Application Thread] DEBUG LoopRunner           - Starting loop
14:06:42.551 [JavaFX Application Thread] DEBUG LoopRunner           - Initializing JavaFX AnimationTimerLoop
14:06:42.557 [JavaFX Application Thread] DEBUG Input                - Clearing active input actions
14:06:42.565 [JavaFX Application Thread] DEBUG GameApplicationServi - Removing overlay from FXGLStartupScene and adding to FXGLMainMenuDummyScene
14:06:42.565 [JavaFX Application Thread] DEBUG PrimaryStageWindow   - FXGLStartupScene -> FXGLMainMenuDummyScene
14:06:42.565 [JavaFX Application Thread] DEBUG PrimaryStageWindow   - Push state: MainMenu
14:06:42.565 [JavaFX Application Thread] DEBUG Input                - Clearing active input actions
14:06:42.571 [JavaFX Application Thread] DEBUG GameApplicationServi - Removing overlay from FXGLMainMenuDummyScene and adding to MainMenu
14:06:42.572 [JavaFX Application Thread] DEBUG PrimaryStageWindow   - FXGLMainMenuDummyScene -> MainMenu
14:06:42.574 [JavaFX Application Thread] DEBUG FXGLApplication      - Registering font factories with UI factory
14:06:43.210 [FXGL Background Thread 2 ] INFO  UpdaterService       - Your current version:  17.2
14:06:43.210 [FXGL Background Thread 2 ] INFO  UpdaterService       - Latest stable version: 21.1
14:06:43.779 [JavaFX Application Thread] DEBUG Menu                 - fireExit()
14:06:43.781 [JavaFX Application Thread] DEBUG PrimaryStageWindow   - Push state: DialogSubScene
14:06:43.781 [JavaFX Application Thread] DEBUG Input                - Clearing active input actions
14:06:43.782 [JavaFX Application Thread] DEBUG GameApplicationServi - Removing overlay from MainMenu and adding to DialogSubScene
14:06:43.782 [JavaFX Application Thread] DEBUG PrimaryStageWindow   - MainMenu -> DialogSubScene
14:06:44.731 [JavaFX Application Thread] DEBUG PrimaryStageWindow   - Pop state: DialogSubScene
14:06:44.731 [JavaFX Application Thread] DEBUG Input                - Clearing active input actions
14:06:44.732 [JavaFX Application Thread] DEBUG GameApplicationServi - Removing overlay from DialogSubScene and adding to MainMenu
14:06:44.732 [JavaFX Application Thread] DEBUG PrimaryStageWindow   - MainMenu <- DialogSubScene
14:06:44.732 [JavaFX Application Thread] DEBUG FXGLApplication      - Exiting FXGL
14:06:44.733 [JavaFX Application Thread] DEBUG LoopRunner           - Stopping loop
14:06:44.733 [JavaFX Application Thread] DEBUG SystemBundleService  - Saving FXGL system data
14:06:44.734 [JavaFX Application Thread] DEBUG FileSystemAccess     - Writing to: C:\Users\austi\IdeaProjects\Cooking-Ina-Ang-Sarap-\system\fxgl.bundle
14:06:44.734 [JavaFX Application Thread] DEBUG Async                - Shutting down background threads
14:06:44.736 [JavaFX Application Thread] DEBUG PrimaryStageWindow   - Closing main window
14:06:44.784 [JavaFX Application Thread] DEBUG Logger               - Closing Logger
