00:40:41.619 [main                     ] DEBUG Logger               - Configured Logger
00:40:41.659 [main                     ] DEBUG GameApplication      - Logging settings
Title: CookingIna
Version: 0.1
Width: 1920
Height: 1080
Fullscreen: true
Intro: false
Profiling: false
Single step:false
App Mode: DEVELOPER
Menu Key: ESCAPE
Stage Style: DECORATED
Scene Factory: class com.example.cookingina.CookingInaMain$1

00:40:41.981 [JavaFX Application Thread] DEBUG FXGLApplication      - Initializing FXGL
00:40:41.985 [JavaFX Application Thread] INFO  Engine               - FXGL-17.2 (20.08.2022 16.50) on WINDOWS (J:23.0.1 FX:19)
00:40:41.986 [JavaFX Application Thread] DEBUG Engine               - JRE Vendor Name: Oracle Corporation
00:40:41.986 [JavaFX Application Thread] DEBUG Engine               - Running on OS: Windows 11 version 10.0
00:40:41.986 [JavaFX Application Thread] DEBUG Engine               - Architecture: amd64
00:40:41.986 [JavaFX Application Thread] INFO  Engine               - Source code and latest versions at: https://github.com/AlmasB/FXGL
00:40:41.986 [JavaFX Application Thread] INFO  Engine               -       Ask questions and discuss at: https://github.com/AlmasB/FXGL/discussions
00:40:41.987 [JavaFX Application Thread] INFO  Engine               -              Join the FXGL chat at: https://gitter.im/AlmasB/FXGL
00:40:42.079 [JavaFX Application Thread] DEBUG PrimaryStageWindow   - Creating a JavaFX scene
00:40:42.079 [JavaFX Application Thread] DEBUG PrimaryStageWindow   - Target size > screen size
00:40:42.127 [JavaFX Application Thread] DEBUG PrimaryStageWindow   - Target settings size: 1920.0 x 1080.0
00:40:42.127 [JavaFX Application Thread] DEBUG PrimaryStageWindow   - Scaled scene size:    1511.0 x 864.0
00:40:42.128 [JavaFX Application Thread] DEBUG PrimaryStageWindow   - Scaled ratio: (0.7869791666666667, 0.8)
00:40:42.129 [JavaFX Application Thread] DEBUG PrimaryStageWindow   - Set initial scene to FXGLStartupScene
00:40:42.133 [JavaFX Application Thread] DEBUG PrimaryStageWindow   - Opening main window
00:40:42.225 [JavaFX Application Thread] DEBUG PrimaryStageWindow   - Window border size: (14.5999755859375, 37.5999755859375)
00:40:42.225 [JavaFX Application Thread] DEBUG PrimaryStageWindow   - Scaled size: 1511.0 x 864.0
00:40:42.225 [JavaFX Application Thread] DEBUG PrimaryStageWindow   - Scaled ratio: (0.7869791666666667, 0.8)
00:40:42.225 [JavaFX Application Thread] DEBUG PrimaryStageWindow   - Scene size: 1511.0 x 864.0
00:40:42.226 [JavaFX Application Thread] DEBUG PrimaryStageWindow   - Stage size: 1525.5999755859375 x 901.5999755859375
00:40:42.314 [JavaFX Application Thread] DEBUG PrimaryStageWindow   - Going fullscreen
00:40:42.325 [FXGL Background Thread 1 ] DEBUG Engine               - Initializing environment variables
00:40:42.394 [FXGL Background Thread 1 ] DEBUG FXGLAssetLoaderServi - User app class for loading assets: class com.example.cookingina.CookingInaMain
00:40:42.395 [FXGL Background Thread 1 ] DEBUG GameApplicationServi - Applying CSS: fxgl_dark.css
00:40:42.395 [FXGL Background Thread 1 ] DEBUG FXGLAssetLoaderServi - Loading from file system: jar:file:///C:/Users/Sherielyn/.m2/repository/com/github/almasb/fxgl/17.2/fxgl-17.2.jar!/fxglassets/ui/css/fxgl_dark.css
00:40:42.442 [FXGL Background Thread 1 ] DEBUG GameApplicationServi - Initializing application scenes
00:40:42.482 [FXGL Background Thread 1 ] DEBUG GameWorld            - Game world initialized
00:40:42.565 [FXGL Background Thread 1 ] DEBUG PhysicsWorld         - Physics world initialized: appHeight=1080, physics.ppm=50.0
00:40:42.565 [FXGL Background Thread 1 ] DEBUG PhysicsWorld         - Using strategy: BRUTE_FORCE
00:40:42.569 [FXGL Background Thread 1 ] DEBUG GameScene            - Game scene initialized: 1920x1080
00:40:42.582 [FXGL Background Thread 1 ] DEBUG FXGL.DefaultMenu     - createMenuBodyGameMenu()
00:40:42.591 [FXGL Background Thread 1 ] DEBUG FXGL.DefaultMenu     - createOptionsMenu()
00:40:42.599 [FXGL Background Thread 1 ] DEBUG FXGLAssetLoaderServi - Loading from file system: jar:file:///C:/Users/Sherielyn/.m2/repository/com/github/almasb/fxgl/17.2/fxgl-17.2.jar!/fxglassets/textures/particles/smoke.png
00:40:42.711 [FXGL Background Thread 1 ] DEBUG FXGLAssetLoaderServi - Loading from file system: jar:file:///C:/Users/Sherielyn/.m2/repository/com/github/almasb/fxgl/17.2/fxgl-17.2.jar!/fxglassets/textures/particles/trace_horizontal.png
00:40:42.741 [FXGL Background Thread 1 ] DEBUG GameApplicationServi - Application scenes initialized
00:40:42.753 [FXGL Background Thread 1 ] DEBUG SystemBundleService  - Loading FXGL system data
00:40:42.756 [FXGL Background Thread 1 ] DEBUG FileSystemAccess     - Reading from: C:\Users\Sherielyn\IdeaProjects\Cooking-Ina-Ang-Sarap-\system\fxgl.bundle
00:40:42.763 [FXGL Background Thread 1 ] DEBUG SystemBundleService  - Bundle FXGL: {}
00:40:42.763 [FXGL Background Thread 1 ] DEBUG UpdaterService       - Checking for updates
00:40:42.768 [FXGL Background Thread 4 ] DEBUG FXGLApplication      - Loading fonts
00:40:42.768 [FXGL Background Thread 1 ] DEBUG FXGLApplication      - Loading default localization
00:40:42.769 [FXGL Background Thread 4 ] DEBUG FXGLAssetLoaderServi - Loading from file system: jar:file:///C:/Users/Sherielyn/.m2/repository/com/github/almasb/fxgl/17.2/fxgl-17.2.jar!/fxglassets/ui/fonts/VarelaRound-Regular.ttf
00:40:42.769 [FXGL Background Thread 1 ] DEBUG FXGLAssetLoaderServi - Loading from file system: jar:file:///C:/Users/Sherielyn/.m2/repository/com/github/almasb/fxgl/17.2/fxgl-17.2.jar!/fxglassets/languages/english.lang
00:40:42.816 [FXGL Background Thread 4 ] DEBUG FXGLAssetLoaderServi - Loading from file system: jar:file:///C:/Users/Sherielyn/.m2/repository/com/github/almasb/fxgl/17.2/fxgl-17.2.jar!/fxglassets/ui/fonts/Abel-Regular.ttf
00:40:42.820 [FXGL Background Thread 4 ] DEBUG FXGLAssetLoaderServi - Loading from file system: jar:file:///C:/Users/Sherielyn/.m2/repository/com/github/almasb/fxgl/17.2/fxgl-17.2.jar!/fxglassets/ui/fonts/TerminalLandMono-Regular.otf
00:40:42.824 [FXGL Background Thread 4 ] DEBUG FXGLAssetLoaderServi - Loading from file system: jar:file:///C:/Users/Sherielyn/.m2/repository/com/github/almasb/fxgl/17.2/fxgl-17.2.jar!/fxglassets/ui/fonts/Courier-Prime.ttf
00:40:42.826 [FXGL Background Thread 1 ] INFO  FXGLApplication      - FXGL initialization took: 0.501 sec
00:40:42.841 [JavaFX Application Thread] DEBUG Input                - Registered new binding: Toggle debug - F1
00:40:42.841 [JavaFX Application Thread] DEBUG FXGLAssetLoaderServi - Loading from file system: jar:file:///C:/Users/Sherielyn/.m2/repository/com/github/almasb/fxgl/17.2/fxgl-17.2.jar!/fxglassets/textures/fxgl_icon.png
00:40:42.867 [JavaFX Application Thread] DEBUG FXGLAssetLoaderServi - Loading from file system: jar:file:///C:/Users/Sherielyn/.m2/repository/com/github/almasb/fxgl/17.2/fxgl-17.2.jar!/fxglassets/textures/fxgl_default_cursor.png
00:40:42.870 [JavaFX Application Thread] DEBUG Input                - Registered new binding: Screenshot - CTRL+8
00:40:42.870 [JavaFX Application Thread] DEBUG Input                - Registered new binding: System info dump - CTRL+9
00:40:42.871 [JavaFX Application Thread] DEBUG Input                - Registered new binding: Restart - CTRL+R
00:40:42.871 [JavaFX Application Thread] DEBUG Input                - Registered new binding: Toggle Debug Camera - CTRL+7
00:40:42.874 [JavaFX Application Thread] DEBUG LoopRunner           - Starting loop
00:40:42.874 [JavaFX Application Thread] DEBUG LoopRunner           - Initializing JavaFX AnimationTimerLoop
00:40:42.877 [JavaFX Application Thread] DEBUG Input                - Clearing active input actions
00:40:42.885 [JavaFX Application Thread] DEBUG GameApplicationServi - Removing overlay from FXGLStartupScene and adding to FXGLMainMenuDummyScene
00:40:42.885 [JavaFX Application Thread] DEBUG PrimaryStageWindow   - FXGLStartupScene -> FXGLMainMenuDummyScene
00:40:42.886 [JavaFX Application Thread] DEBUG PrimaryStageWindow   - Push state: MainMenu
00:40:42.886 [JavaFX Application Thread] DEBUG Input                - Clearing active input actions
00:40:42.891 [JavaFX Application Thread] DEBUG GameApplicationServi - Removing overlay from FXGLMainMenuDummyScene and adding to MainMenu
00:40:42.892 [JavaFX Application Thread] DEBUG PrimaryStageWindow   - FXGLMainMenuDummyScene -> MainMenu
00:40:42.892 [JavaFX Application Thread] DEBUG FXGLApplication      - Registering font factories with UI factory
00:40:43.384 [FXGL Background Thread 2 ] INFO  UpdaterService       - Your current version:  17.2
00:40:43.384 [FXGL Background Thread 2 ] INFO  UpdaterService       - Latest stable version: 21.1
00:40:44.487 [JavaFX Application Thread] DEBUG Menu                 - fireNewGame()
00:40:44.487 [JavaFX Application Thread] DEBUG GameApplicationServi - Starting new game
00:40:44.488 [JavaFX Application Thread] DEBUG PrimaryStageWindow   - Pop state: MainMenu
00:40:44.488 [JavaFX Application Thread] DEBUG Input                - Clearing active input actions
00:40:44.490 [JavaFX Application Thread] DEBUG GameApplicationServi - Removing overlay from MainMenu and adding to FXGLMainMenuDummyScene
00:40:44.491 [JavaFX Application Thread] DEBUG PrimaryStageWindow   - FXGLMainMenuDummyScene <- MainMenu
00:40:44.492 [JavaFX Application Thread] DEBUG Input                - Clearing active input actions
00:40:44.507 [JavaFX Application Thread] DEBUG GameApplicationServi - Removing overlay from FXGLMainMenuDummyScene and adding to FXGLLoadingScene
00:40:44.508 [JavaFX Application Thread] DEBUG PrimaryStageWindow   - FXGLMainMenuDummyScene -> FXGLLoadingScene
00:40:44.508 [JavaFX Application Thread] DEBUG GameApplicationServi - Clearing previous game
00:40:44.508 [JavaFX Application Thread] DEBUG GameScene            - Clearing game scene
00:40:44.508 [JavaFX Application Thread] DEBUG GameWorld            - Clearing game world
00:40:44.508 [JavaFX Application Thread] DEBUG PhysicsWorld         - Clearing physics world
00:40:44.511 [FXGL Background Thread 2 ] DEBUG FXGLApplication      - Initializing game
00:40:44.513 [FXGL Background Thread 2 ] DEBUG FXGLAssetLoaderServi - Loading from file system: file:/C:/Users/Sherielyn/IdeaProjects/Cooking-Ina-Ang-Sarap-/CookingIna/target/classes/assets/textures/final_background.png
00:40:44.574 [FXGL Background Thread 2 ] DEBUG FXGLAssetLoaderServi - Loading from file system: file:/C:/Users/Sherielyn/IdeaProjects/Cooking-Ina-Ang-Sarap-/CookingIna/target/classes/assets/textures/frying_pan.png
00:40:44.616 [FXGL Background Thread 2 ] DEBUG FXGLAssetLoaderServi - Loading from file system: file:/C:/Users/Sherielyn/IdeaProjects/Cooking-Ina-Ang-Sarap-/CookingIna/target/classes/assets/textures/frying_pan.png
00:40:44.641 [FXGL Background Thread 2 ] DEBUG FXGLAssetLoaderServi - Loading from file system: file:/C:/Users/Sherielyn/IdeaProjects/Cooking-Ina-Ang-Sarap-/CookingIna/target/classes/assets/textures/calamansiJuice_dispenser.png
00:40:44.662 [FXGL Background Thread 2 ] DEBUG FXGLAssetLoaderServi - Loading from file system: file:/C:/Users/Sherielyn/IdeaProjects/Cooking-Ina-Ang-Sarap-/CookingIna/target/classes/assets/textures/bukoJuice_dispenser.png
00:40:44.678 [FXGL Background Thread 2 ] DEBUG FXGLAssetLoaderServi - Loading from file system: file:/C:/Users/Sherielyn/IdeaProjects/Cooking-Ina-Ang-Sarap-/CookingIna/target/classes/assets/textures/orangeJuice_dispenser.png
00:40:44.696 [FXGL Background Thread 2 ] DEBUG FXGLAssetLoaderServi - Loading from file system: file:/C:/Users/Sherielyn/IdeaProjects/Cooking-Ina-Ang-Sarap-/CookingIna/target/classes/assets/textures/calamansiJuice_dispenser.png
00:40:44.714 [FXGL Background Thread 2 ] DEBUG FXGLAssetLoaderServi - Loading from file system: file:/C:/Users/Sherielyn/IdeaProjects/Cooking-Ina-Ang-Sarap-/CookingIna/target/classes/assets/textures/bukoJuice_dispenser.png
00:40:44.734 [FXGL Background Thread 2 ] DEBUG FXGLAssetLoaderServi - Loading from file system: file:/C:/Users/Sherielyn/IdeaProjects/Cooking-Ina-Ang-Sarap-/CookingIna/target/classes/assets/textures/orangeJuice_dispenser.png
00:40:44.747 [FXGL Background Thread 2 ] DEBUG FXGLAssetLoaderServi - Loading from file system: file:/C:/Users/Sherielyn/IdeaProjects/Cooking-Ina-Ang-Sarap-/CookingIna/target/classes/assets/textures/mango_container.png
00:40:44.777 [FXGL Background Thread 2 ] DEBUG FXGLAssetLoaderServi - Loading from file system: file:/C:/Users/Sherielyn/IdeaProjects/Cooking-Ina-Ang-Sarap-/CookingIna/target/classes/assets/textures/cucumberGarnish_container.png
00:40:44.797 [FXGL Background Thread 2 ] DEBUG FXGLAssetLoaderServi - Loading from file system: file:/C:/Users/Sherielyn/IdeaProjects/Cooking-Ina-Ang-Sarap-/CookingIna/target/classes/assets/textures/gusoGarnish_container.png
00:40:44.819 [FXGL Background Thread 2 ] DEBUG FXGLAssetLoaderServi - Loading from file system: file:/C:/Users/Sherielyn/IdeaProjects/Cooking-Ina-Ang-Sarap-/CookingIna/target/classes/assets/textures/spicy_sauce.png
00:40:44.830 [FXGL Background Thread 2 ] DEBUG FXGLAssetLoaderServi - Loading from file system: file:/C:/Users/Sherielyn/IdeaProjects/Cooking-Ina-Ang-Sarap-/CookingIna/target/classes/assets/textures/sweet_sauce.png
00:40:44.842 [FXGL Background Thread 2 ] DEBUG FXGLAssetLoaderServi - Loading from file system: file:/C:/Users/Sherielyn/IdeaProjects/Cooking-Ina-Ang-Sarap-/CookingIna/target/classes/assets/textures/hipon_bottle.png
00:40:44.862 [FXGL Background Thread 2 ] DEBUG FXGLAssetLoaderServi - Loading from file system: file:/C:/Users/Sherielyn/IdeaProjects/Cooking-Ina-Ang-Sarap-/CookingIna/target/classes/assets/textures/salt_bottle.png
00:40:44.879 [FXGL Background Thread 2 ] DEBUG FXGLAssetLoaderServi - Loading from file system: file:/C:/Users/Sherielyn/IdeaProjects/Cooking-Ina-Ang-Sarap-/CookingIna/target/classes/assets/textures/rawQuekquek_container.png
00:40:44.896 [FXGL Background Thread 2 ] DEBUG FXGLAssetLoaderServi - Loading from file system: file:/C:/Users/Sherielyn/IdeaProjects/Cooking-Ina-Ang-Sarap-/CookingIna/target/classes/assets/textures/rawHotdog_container.png
00:40:44.912 [FXGL Background Thread 2 ] DEBUG FXGLAssetLoaderServi - Loading from file system: file:/C:/Users/Sherielyn/IdeaProjects/Cooking-Ina-Ang-Sarap-/CookingIna/target/classes/assets/textures/rawTempura_container.png
00:40:44.931 [FXGL Background Thread 2 ] DEBUG FXGLAssetLoaderServi - Loading from file system: file:/C:/Users/Sherielyn/IdeaProjects/Cooking-Ina-Ang-Sarap-/CookingIna/target/classes/assets/textures/paper_tray.png
00:40:44.961 [FXGL Background Thread 2 ] WARN  Entity               - Entity already has component: com.almasb.fxgl.dsl.components.DraggableComponent
00:40:44.963 [FXGL Background Thread 2 ] WARN  Entity               - Entity already has component: com.almasb.fxgl.dsl.components.DraggableComponent
00:40:44.964 [FXGL Background Thread 2 ] WARN  Entity               - Entity already has component: com.almasb.fxgl.dsl.components.DraggableComponent
00:40:44.965 [FXGL Background Thread 2 ] INFO  FXGLApplication      - Game initialization took: 0.455 sec
00:40:44.972 [JavaFX Application Thread] DEBUG Input                - Clearing active input actions
00:40:44.979 [JavaFX Application Thread] DEBUG GameApplicationServi - Removing overlay from FXGLLoadingScene and adding to GameScene
00:40:44.979 [JavaFX Application Thread] DEBUG PrimaryStageWindow   - FXGLLoadingScene -> GameScene
00:40:45.768 [FXGL Background Thread 3 ] DEBUG Engine               - Logging environment variables
00:40:45.769 [FXGL Background Thread 3 ] DEBUG Engine               - achievements: []
00:40:45.769 [FXGL Background Thread 3 ] DEBUG Engine               - actualHeight: 864.0
00:40:45.769 [FXGL Background Thread 3 ] DEBUG Engine               - actualHeightProperty: ReadOnlyDoubleProperty [value: 864.0]
00:40:45.769 [FXGL Background Thread 3 ] DEBUG Engine               - actualWidth: 1536.0
00:40:45.769 [FXGL Background Thread 3 ] DEBUG Engine               - actualWidthProperty: ReadOnlyDoubleProperty [value: 1536.0]
00:40:45.769 [FXGL Background Thread 3 ] DEBUG Engine               - appIcon: fxgl_icon.png
00:40:45.769 [FXGL Background Thread 3 ] DEBUG Engine               - applicationMode: DEVELOPER
00:40:45.769 [FXGL Background Thread 3 ] DEBUG Engine               - cSSList: [fxgl_dark.css]
00:40:45.769 [FXGL Background Thread 3 ] DEBUG Engine               - collisionDetectionStrategy: BRUTE_FORCE
00:40:45.769 [FXGL Background Thread 3 ] DEBUG Engine               - configClass: Optional.empty
00:40:45.769 [FXGL Background Thread 3 ] DEBUG Engine               - credits: []
00:40:45.770 [FXGL Background Thread 3 ] DEBUG Engine               - defaultCursor: CursorInfo(imageName=fxgl_default_cursor.png, hotspotX=7.0, hotspotY=6.0)
00:40:45.770 [FXGL Background Thread 3 ] DEBUG Engine               - devBBoxColorProperty: ObjectProperty [value: 0xff0000ff]
00:40:45.770 [FXGL Background Thread 3 ] DEBUG Engine               - devEnableDebugCameraProperty: BooleanProperty [value: false]
00:40:45.771 [FXGL Background Thread 3 ] DEBUG Engine               - devSensorColorProperty: ObjectProperty [value: 0xffff00ff]
00:40:45.771 [FXGL Background Thread 3 ] DEBUG Engine               - devShowBBoxProperty: BooleanProperty [value: false]
00:40:45.771 [FXGL Background Thread 3 ] DEBUG Engine               - devShowPositionProperty: BooleanProperty [value: false]
00:40:45.771 [FXGL Background Thread 3 ] DEBUG Engine               - enabledMenuItems: []
00:40:45.771 [FXGL Background Thread 3 ] DEBUG Engine               - engineServices: [class com.almasb.fxgl.app.services.FXGLAssetLoaderService, class com.almasb.fxgl.app.FXGLApplication$GameApplicationService, class com.almasb.fxgl.app.services.FXGLDialogService, class com.almasb.fxgl.app.services.IOTaskExecutorService, class com.almasb.fxgl.io.FileSystemService, class com.almasb.fxgl.localization.LocalizationService, class com.almasb.fxgl.app.services.SystemBundleService, class com.almasb.fxgl.profile.SaveLoadService, class com.almasb.fxgl.ui.FXGLUIFactoryServiceProvider, class com.almasb.fxgl.ui.FXGLDialogFactoryServiceProvider, class com.almasb.fxgl.audio.AudioPlayer, class com.almasb.fxgl.notification.impl.NotificationServiceProvider, class com.almasb.fxgl.achievement.AchievementService, class com.almasb.fxgl.cutscene.CutsceneService, class com.almasb.fxgl.minigames.MiniGameService, class com.almasb.fxgl.net.NetService, class com.almasb.fxgl.app.services.UpdaterService, class com.almasb.fxgl.dev.DevService]
00:40:45.771 [FXGL Background Thread 3 ] DEBUG Engine               - fontGame: Abel-Regular.ttf
00:40:45.771 [FXGL Background Thread 3 ] DEBUG Engine               - fontMono: TerminalLandMono-Regular.otf
00:40:45.771 [FXGL Background Thread 3 ] DEBUG Engine               - fontText: Courier-Prime.ttf
00:40:45.771 [FXGL Background Thread 3 ] DEBUG Engine               - fontUI: VarelaRound-Regular.ttf
00:40:45.771 [FXGL Background Thread 3 ] DEBUG Engine               - fullScreen: BooleanProperty [value: true]
00:40:45.771 [FXGL Background Thread 3 ] DEBUG Engine               - gameDifficulty: MEDIUM
00:40:45.771 [FXGL Background Thread 3 ] DEBUG Engine               - gameDifficultyProperty: ObjectProperty [value: MEDIUM]
00:40:45.772 [FXGL Background Thread 3 ] DEBUG Engine               - globalMusicVolume: 0.5
00:40:45.772 [FXGL Background Thread 3 ] DEBUG Engine               - globalMusicVolumeProperty: DoubleProperty [value: 0.5]
00:40:45.772 [FXGL Background Thread 3 ] DEBUG Engine               - globalSoundVolume: 0.5
00:40:45.772 [FXGL Background Thread 3 ] DEBUG Engine               - globalSoundVolumeProperty: DoubleProperty [value: 0.5]
00:40:45.772 [FXGL Background Thread 3 ] DEBUG Engine               - height: 1080
00:40:45.772 [FXGL Background Thread 3 ] DEBUG Engine               - is3D: false
00:40:45.772 [FXGL Background Thread 3 ] DEBUG Engine               - isAndroid: false
00:40:45.772 [FXGL Background Thread 3 ] DEBUG Engine               - isBrowser: false
00:40:45.772 [FXGL Background Thread 3 ] DEBUG Engine               - isClickFeedbackEnabled: false
00:40:45.772 [FXGL Background Thread 3 ] DEBUG Engine               - isCloseConfirmation: false
00:40:45.772 [FXGL Background Thread 3 ] DEBUG Engine               - isDesktop: true
00:40:45.772 [FXGL Background Thread 3 ] DEBUG Engine               - isDeveloperMenuEnabled: false
00:40:45.772 [FXGL Background Thread 3 ] DEBUG Engine               - isEmbedded: false
00:40:45.773 [FXGL Background Thread 3 ] DEBUG Engine               - isEntityPreloadEnabled: true
00:40:45.773 [FXGL Background Thread 3 ] DEBUG Engine               - isExperimentalTiledLargeMap: false
00:40:45.773 [FXGL Background Thread 3 ] DEBUG Engine               - isFileSystemWriteAllowed: true
00:40:45.773 [FXGL Background Thread 3 ] DEBUG Engine               - isFullScreenAllowed: true
00:40:45.773 [FXGL Background Thread 3 ] DEBUG Engine               - isFullScreenFromStart: true
00:40:45.773 [FXGL Background Thread 3 ] DEBUG Engine               - isGameMenuEnabled: true
00:40:45.773 [FXGL Background Thread 3 ] DEBUG Engine               - isIOS: false
00:40:45.773 [FXGL Background Thread 3 ] DEBUG Engine               - isIntroEnabled: false
00:40:45.773 [FXGL Background Thread 3 ] DEBUG Engine               - isLinux: false
00:40:45.773 [FXGL Background Thread 3 ] DEBUG Engine               - isMac: false
00:40:45.773 [FXGL Background Thread 3 ] DEBUG Engine               - isMainMenuEnabled: true
00:40:45.774 [FXGL Background Thread 3 ] DEBUG Engine               - isManualResizeEnabled: false
00:40:45.774 [FXGL Background Thread 3 ] DEBUG Engine               - isMobile: false
00:40:45.774 [FXGL Background Thread 3 ] DEBUG Engine               - isNative: false
00:40:45.774 [FXGL Background Thread 3 ] DEBUG Engine               - isPauseMusicWhenMinimized: true
00:40:45.774 [FXGL Background Thread 3 ] DEBUG Engine               - isPreserveResizeRatio: false
00:40:45.774 [FXGL Background Thread 3 ] DEBUG Engine               - isProfilingEnabled: false
00:40:45.774 [FXGL Background Thread 3 ] DEBUG Engine               - isScaleAffectedOnResize: true
00:40:45.774 [FXGL Background Thread 3 ] DEBUG Engine               - isSingleStep: false
00:40:45.774 [FXGL Background Thread 3 ] DEBUG Engine               - isUserProfileEnabled: false
00:40:45.774 [FXGL Background Thread 3 ] DEBUG Engine               - isWindows: true
00:40:45.774 [FXGL Background Thread 3 ] DEBUG Engine               - language: ObjectProperty [value: ENGLISH]
00:40:45.774 [FXGL Background Thread 3 ] DEBUG Engine               - menuKey: ESCAPE
00:40:45.774 [FXGL Background Thread 3 ] DEBUG Engine               - mouseSensitivity: 0.2
00:40:45.774 [FXGL Background Thread 3 ] DEBUG Engine               - notificationViewClass: class com.almasb.fxgl.notification.view.XboxNotificationView
00:40:45.774 [FXGL Background Thread 3 ] DEBUG Engine               - pixelsPerMeter: 50.0
00:40:45.774 [FXGL Background Thread 3 ] DEBUG Engine               - platform: WINDOWS
00:40:45.774 [FXGL Background Thread 3 ] DEBUG Engine               - prefHeightProperty: ReadOnlyDoubleProperty [value: 1080.0]
00:40:45.774 [FXGL Background Thread 3 ] DEBUG Engine               - prefWidthProperty: ReadOnlyDoubleProperty [value: 1920.0]
00:40:45.775 [FXGL Background Thread 3 ] DEBUG Engine               - profileDir: profiles/
00:40:45.775 [FXGL Background Thread 3 ] DEBUG Engine               - profileName: StringProperty [value: DEFAULT]
00:40:45.775 [FXGL Background Thread 3 ] DEBUG Engine               - randomSeed: -1
00:40:45.775 [FXGL Background Thread 3 ] DEBUG Engine               - runtimeInfo: RuntimeInfo(platform=WINDOWS, version=17.2, build=20.08.2022 16.50)
00:40:45.775 [FXGL Background Thread 3 ] DEBUG Engine               - saveFileExt: sav
00:40:45.775 [FXGL Background Thread 3 ] DEBUG Engine               - scaledHeightProp$fxgl: DoubleProperty [bound, value: 864.0]
00:40:45.775 [FXGL Background Thread 3 ] DEBUG Engine               - scaledWidthProp$fxgl: DoubleProperty [bound, value: 1536.0]
00:40:45.775 [FXGL Background Thread 3 ] DEBUG Engine               - sceneFactory: com.example.cookingina.CookingInaMain$1@1c95ba7b
00:40:45.775 [FXGL Background Thread 3 ] DEBUG Engine               - secondsIn24h: 60
00:40:45.775 [FXGL Background Thread 3 ] DEBUG Engine               - soundMenuBack: menu/back.wav
00:40:45.775 [FXGL Background Thread 3 ] DEBUG Engine               - soundMenuPress: menu/press.wav
00:40:45.775 [FXGL Background Thread 3 ] DEBUG Engine               - soundMenuSelect: menu/select.wav
00:40:45.775 [FXGL Background Thread 3 ] DEBUG Engine               - soundNotification: core/notification.wav
00:40:45.775 [FXGL Background Thread 3 ] DEBUG Engine               - stageStyle: DECORATED
00:40:45.776 [FXGL Background Thread 3 ] DEBUG Engine               - supportedLanguages: [ENGLISH, FRENCH, GERMAN, HUNGARIAN, RUSSIAN]
00:40:45.776 [FXGL Background Thread 3 ] DEBUG Engine               - ticksPerSecond: -1
00:40:45.776 [FXGL Background Thread 3 ] DEBUG Engine               - title: CookingIna
00:40:45.776 [FXGL Background Thread 3 ] DEBUG Engine               - urlGithub: https://github.com/AlmasB/FXGL
00:40:45.776 [FXGL Background Thread 3 ] DEBUG Engine               - urlLeaderboard: http://fxgl-top.herokuapp.com/
00:40:45.776 [FXGL Background Thread 3 ] DEBUG Engine               - urlPOM: https://raw.githubusercontent.com/AlmasB/FXGL/release/README.md
00:40:45.776 [FXGL Background Thread 3 ] DEBUG Engine               - userAppClass: class com.example.cookingina.CookingInaMain
00:40:45.776 [FXGL Background Thread 3 ] DEBUG Engine               - version: 0.1
00:40:45.776 [FXGL Background Thread 3 ] DEBUG Engine               - versionCheckDays: 7
00:40:45.776 [FXGL Background Thread 3 ] DEBUG Engine               - width: 1920
00:40:45.776 [FXGL Background Thread 3 ] DEBUG Engine               - Logging services
00:40:45.776 [FXGL Background Thread 3 ] DEBUG Engine               - class com.almasb.fxgl.app.services.FXGLAssetLoaderService
00:40:45.776 [FXGL Background Thread 3 ] DEBUG Engine               - class com.almasb.fxgl.app.FXGLApplication$GameApplicationService
00:40:45.776 [FXGL Background Thread 3 ] DEBUG Engine               - class com.almasb.fxgl.app.services.FXGLDialogService
00:40:45.776 [FXGL Background Thread 3 ] DEBUG Engine               - class com.almasb.fxgl.app.services.IOTaskExecutorService
00:40:45.776 [FXGL Background Thread 3 ] DEBUG Engine               - class com.almasb.fxgl.io.FileSystemService
00:40:45.776 [FXGL Background Thread 3 ] DEBUG Engine               - class com.almasb.fxgl.localization.LocalizationService
00:40:45.776 [FXGL Background Thread 3 ] DEBUG Engine               - class com.almasb.fxgl.app.services.SystemBundleService
00:40:45.776 [FXGL Background Thread 3 ] DEBUG Engine               - class com.almasb.fxgl.profile.SaveLoadService
00:40:45.776 [FXGL Background Thread 3 ] DEBUG Engine               - class com.almasb.fxgl.ui.FXGLUIFactoryServiceProvider
00:40:45.776 [FXGL Background Thread 3 ] DEBUG Engine               - class com.almasb.fxgl.ui.FXGLDialogFactoryServiceProvider
00:40:45.776 [FXGL Background Thread 3 ] DEBUG Engine               - class com.almasb.fxgl.audio.AudioPlayer
00:40:45.776 [FXGL Background Thread 3 ] DEBUG Engine               - class com.almasb.fxgl.notification.impl.NotificationServiceProvider
00:40:45.776 [FXGL Background Thread 3 ] DEBUG Engine               - class com.almasb.fxgl.achievement.AchievementService
00:40:45.777 [FXGL Background Thread 3 ] DEBUG Engine               - class com.almasb.fxgl.cutscene.CutsceneService
00:40:45.777 [FXGL Background Thread 3 ] DEBUG Engine               - class com.almasb.fxgl.minigames.MiniGameService
00:40:45.777 [FXGL Background Thread 3 ] DEBUG Engine               - class com.almasb.fxgl.net.NetService
00:40:45.777 [FXGL Background Thread 3 ] DEBUG Engine               - class com.almasb.fxgl.app.services.UpdaterService
00:40:45.777 [FXGL Background Thread 3 ] DEBUG Engine               - class com.almasb.fxgl.dev.DevService
00:40:46.631 [JavaFX Application Thread] DEBUG FXGLAssetLoaderServi - Loading from file system: file:/C:/Users/Sherielyn/IdeaProjects/Cooking-Ina-Ang-Sarap-/CookingIna/target/classes/assets/textures/customer_image.png
00:41:14.932 [JavaFX Application Thread] WARN  FXGL.ProgressBar     - Current value > max value. Setting max value as current
00:41:14.933 [JavaFX Application Thread] WARN  FXGL.ProgressBar     - Current value > max value. Setting max value as current
00:41:14.933 [JavaFX Application Thread] WARN  FXGL.ProgressBar     - Current value > max value. Setting max value as current
00:41:17.194 [JavaFX Application Thread] DEBUG FXGLApplication      - Exiting FXGL
00:41:17.194 [JavaFX Application Thread] DEBUG LoopRunner           - Stopping loop
00:41:17.194 [JavaFX Application Thread] DEBUG SystemBundleService  - Saving FXGL system data
00:41:17.200 [JavaFX Application Thread] DEBUG FileSystemAccess     - Writing to: C:\Users\Sherielyn\IdeaProjects\Cooking-Ina-Ang-Sarap-\system\fxgl.bundle
00:41:17.205 [JavaFX Application Thread] DEBUG Async                - Shutting down background threads
00:41:17.205 [JavaFX Application Thread] DEBUG PrimaryStageWindow   - Closing main window
00:41:17.235 [JavaFX Application Thread] DEBUG Logger               - Closing Logger
