22:48:32.168 [main                     ] DEBUG Logger               - Configured Logger
22:48:32.196 [main                     ] DEBUG GameApplication      - Logging settings
Title: CookingIna
Version: 0.1
Width: 1920
Height: 1080
Fullscreen: true
Intro: false
Profiling: false
Single step:false
App Mode: DEVELOPER
Menu Key: ESCAPE
Stage Style: DECORATED
Scene Factory: class com.example.cookingina.CookingInaMain$1

22:48:33.168 [JavaFX Application Thread] DEBUG FXGLApplication      - Initializing FXGL
22:48:33.173 [JavaFX Application Thread] INFO  Engine               - FXGL-17.2 (20.08.2022 16.50) on WINDOWS (J:21.0.5 FX:20)
22:48:33.174 [JavaFX Application Thread] DEBUG Engine               - JRE Vendor Name: Amazon.com Inc.
22:48:33.174 [JavaFX Application Thread] DEBUG Engine               - Running on OS: Windows 11 version 10.0
22:48:33.174 [JavaFX Application Thread] DEBUG Engine               - Architecture: amd64
22:48:33.174 [JavaFX Application Thread] INFO  Engine               - Source code and latest versions at: https://github.com/AlmasB/FXGL
22:48:33.174 [JavaFX Application Thread] INFO  Engine               -       Ask questions and discuss at: https://github.com/AlmasB/FXGL/discussions
22:48:33.175 [JavaFX Application Thread] INFO  Engine               -              Join the FXGL chat at: https://gitter.im/AlmasB/FXGL
22:48:33.311 [JavaFX Application Thread] DEBUG PrimaryStageWindow   - Creating a JavaFX scene
22:48:33.311 [JavaFX Application Thread] DEBUG PrimaryStageWindow   - Target size > screen size
22:48:33.367 [JavaFX Application Thread] DEBUG PrimaryStageWindow   - Target settings size: 1920.0 x 1080.0
22:48:33.367 [JavaFX Application Thread] DEBUG PrimaryStageWindow   - Scaled scene size:    1511.0 x 864.0
22:48:33.367 [JavaFX Application Thread] DEBUG PrimaryStageWindow   - Scaled ratio: (0.7869791666666667, 0.8)
22:48:33.368 [JavaFX Application Thread] DEBUG PrimaryStageWindow   - Set initial scene to FXGLStartupScene
22:48:33.373 [JavaFX Application Thread] DEBUG PrimaryStageWindow   - Opening main window
22:48:33.500 [JavaFX Application Thread] DEBUG PrimaryStageWindow   - Window border size: (14.5999755859375, 37.5999755859375)
22:48:33.501 [JavaFX Application Thread] DEBUG PrimaryStageWindow   - Scaled size: 1511.0 x 864.0
22:48:33.501 [JavaFX Application Thread] DEBUG PrimaryStageWindow   - Scaled ratio: (0.7869791666666667, 0.8)
22:48:33.501 [JavaFX Application Thread] DEBUG PrimaryStageWindow   - Scene size: 1511.0 x 864.0
22:48:33.502 [JavaFX Application Thread] DEBUG PrimaryStageWindow   - Stage size: 1525.5999755859375 x 901.5999755859375
22:48:33.580 [JavaFX Application Thread] DEBUG PrimaryStageWindow   - Going fullscreen
22:48:33.590 [FXGL Background Thread 1 ] DEBUG Engine               - Initializing environment variables
22:48:33.635 [FXGL Background Thread 1 ] DEBUG FXGLAssetLoaderServi - User app class for loading assets: class com.example.cookingina.CookingInaMain
22:48:33.636 [FXGL Background Thread 1 ] DEBUG GameApplicationServi - Applying CSS: fxgl_dark.css
22:48:33.636 [FXGL Background Thread 1 ] DEBUG FXGLAssetLoaderServi - Loading from file system: jar:file:///C:/Users/austi/.m2/repository/com/github/almasb/fxgl/17.2/fxgl-17.2.jar!/fxglassets/ui/css/fxgl_dark.css
22:48:33.680 [FXGL Background Thread 1 ] DEBUG GameApplicationServi - Initializing application scenes
22:48:33.732 [FXGL Background Thread 1 ] DEBUG GameWorld            - Game world initialized
22:48:33.791 [FXGL Background Thread 1 ] DEBUG PhysicsWorld         - Physics world initialized: appHeight=1080, physics.ppm=50.0
22:48:33.791 [FXGL Background Thread 1 ] DEBUG PhysicsWorld         - Using strategy: BRUTE_FORCE
22:48:33.796 [FXGL Background Thread 1 ] DEBUG GameScene            - Game scene initialized: 1920x1080
22:48:33.956 [FXGL Background Thread 1 ] DEBUG FXGL.DefaultMenu     - createMenuBodyGameMenu()
22:48:33.970 [FXGL Background Thread 1 ] DEBUG FXGL.DefaultMenu     - createOptionsMenu()
22:48:33.978 [FXGL Background Thread 1 ] DEBUG FXGLAssetLoaderServi - Loading from file system: jar:file:///C:/Users/austi/.m2/repository/com/github/almasb/fxgl/17.2/fxgl-17.2.jar!/fxglassets/textures/particles/smoke.png
22:48:34.064 [FXGL Background Thread 1 ] DEBUG FXGLAssetLoaderServi - Loading from file system: jar:file:///C:/Users/austi/.m2/repository/com/github/almasb/fxgl/17.2/fxgl-17.2.jar!/fxglassets/textures/particles/trace_horizontal.png
22:48:34.080 [FXGL Background Thread 1 ] DEBUG GameApplicationServi - Application scenes initialized
22:48:34.104 [FXGL Background Thread 1 ] DEBUG SystemBundleService  - Loading FXGL system data
22:48:34.106 [FXGL Background Thread 1 ] DEBUG FileSystemAccess     - Reading from: C:\Users\austi\IdeaProjects\Cooking-Ina-Ang-Sarap-1\system\fxgl.bundle
22:48:34.110 [FXGL Background Thread 1 ] DEBUG SystemBundleService  - Bundle FXGL: {}
22:48:34.110 [FXGL Background Thread 1 ] DEBUG UpdaterService       - Checking for updates
22:48:34.115 [FXGL Background Thread 4 ] DEBUG FXGLApplication      - Loading fonts
22:48:34.115 [FXGL Background Thread 1 ] DEBUG FXGLApplication      - Loading default localization
22:48:34.116 [FXGL Background Thread 4 ] DEBUG FXGLAssetLoaderServi - Loading from file system: jar:file:///C:/Users/austi/.m2/repository/com/github/almasb/fxgl/17.2/fxgl-17.2.jar!/fxglassets/ui/fonts/VarelaRound-Regular.ttf
22:48:34.116 [FXGL Background Thread 1 ] DEBUG FXGLAssetLoaderServi - Loading from file system: jar:file:///C:/Users/austi/.m2/repository/com/github/almasb/fxgl/17.2/fxgl-17.2.jar!/fxglassets/languages/english.lang
22:48:34.126 [FXGL Background Thread 4 ] DEBUG FXGLAssetLoaderServi - Loading from file system: jar:file:///C:/Users/austi/.m2/repository/com/github/almasb/fxgl/17.2/fxgl-17.2.jar!/fxglassets/ui/fonts/Abel-Regular.ttf
22:48:34.131 [FXGL Background Thread 4 ] DEBUG FXGLAssetLoaderServi - Loading from file system: jar:file:///C:/Users/austi/.m2/repository/com/github/almasb/fxgl/17.2/fxgl-17.2.jar!/fxglassets/ui/fonts/TerminalLandMono-Regular.otf
22:48:34.136 [FXGL Background Thread 4 ] DEBUG FXGLAssetLoaderServi - Loading from file system: jar:file:///C:/Users/austi/.m2/repository/com/github/almasb/fxgl/17.2/fxgl-17.2.jar!/fxglassets/ui/fonts/Courier-Prime.ttf
22:48:34.141 [FXGL Background Thread 1 ] INFO  FXGLApplication      - FXGL initialization took: 0.551 sec
22:48:34.152 [JavaFX Application Thread] DEBUG Input                - Registered new binding: Toggle debug - F1
22:48:34.152 [JavaFX Application Thread] DEBUG FXGLAssetLoaderServi - Loading from file system: jar:file:///C:/Users/austi/.m2/repository/com/github/almasb/fxgl/17.2/fxgl-17.2.jar!/fxglassets/textures/fxgl_icon.png
22:48:34.163 [JavaFX Application Thread] DEBUG FXGLAssetLoaderServi - Loading from file system: jar:file:///C:/Users/austi/.m2/repository/com/github/almasb/fxgl/17.2/fxgl-17.2.jar!/fxglassets/textures/fxgl_default_cursor.png
22:48:34.165 [JavaFX Application Thread] DEBUG Input                - Registered new binding: Screenshot - CTRL+8
22:48:34.166 [JavaFX Application Thread] DEBUG Input                - Registered new binding: System info dump - CTRL+9
22:48:34.166 [JavaFX Application Thread] DEBUG Input                - Registered new binding: Restart - CTRL+R
22:48:34.166 [JavaFX Application Thread] DEBUG Input                - Registered new binding: Toggle Debug Camera - CTRL+7
22:48:34.168 [JavaFX Application Thread] DEBUG LoopRunner           - Starting loop
22:48:34.168 [JavaFX Application Thread] DEBUG LoopRunner           - Initializing JavaFX AnimationTimerLoop
22:48:34.170 [JavaFX Application Thread] DEBUG Input                - Clearing active input actions
22:48:34.176 [JavaFX Application Thread] DEBUG GameApplicationServi - Removing overlay from FXGLStartupScene and adding to FXGLMainMenuDummyScene
22:48:34.177 [JavaFX Application Thread] DEBUG PrimaryStageWindow   - FXGLStartupScene -> FXGLMainMenuDummyScene
22:48:34.177 [JavaFX Application Thread] DEBUG PrimaryStageWindow   - Push state: SplashScene
22:48:34.177 [JavaFX Application Thread] DEBUG Input                - Clearing active input actions
22:48:34.178 [JavaFX Application Thread] DEBUG GameApplicationServi - Removing overlay from FXGLMainMenuDummyScene and adding to SplashScene
22:48:34.179 [JavaFX Application Thread] DEBUG PrimaryStageWindow   - FXGLMainMenuDummyScene -> SplashScene
22:48:34.180 [JavaFX Application Thread] DEBUG FXGLApplication      - Registering font factories with UI factory
22:48:34.650 [FXGL Background Thread 2 ] INFO  UpdaterService       - Your current version:  17.2
22:48:34.650 [FXGL Background Thread 2 ] INFO  UpdaterService       - Latest stable version: 21.1
22:48:36.962 [JavaFX Application Thread] DEBUG FXGLAssetLoaderServi - Loading from file system: file:/C:/Users/austi/IdeaProjects/Cooking-Ina-Ang-Sarap-1/CookingIna/target/classes/assets/textures/main_menu.png
22:48:37.057 [JavaFX Application Thread] DEBUG PrimaryStageWindow   - Push state: MainMenu
22:48:37.057 [JavaFX Application Thread] DEBUG Input                - Clearing active input actions
22:48:37.061 [JavaFX Application Thread] DEBUG GameApplicationServi - Removing overlay from SplashScene and adding to MainMenu
22:48:37.061 [JavaFX Application Thread] DEBUG PrimaryStageWindow   - SplashScene -> MainMenu
22:48:37.114 [FXGL Background Thread 3 ] DEBUG Engine               - Logging environment variables
22:48:37.115 [FXGL Background Thread 3 ] DEBUG Engine               - achievements: []
22:48:37.115 [FXGL Background Thread 3 ] DEBUG Engine               - actualHeight: 864.0
22:48:37.115 [FXGL Background Thread 3 ] DEBUG Engine               - actualHeightProperty: ReadOnlyDoubleProperty [value: 864.0]
22:48:37.115 [FXGL Background Thread 3 ] DEBUG Engine               - actualWidth: 1536.0
22:48:37.115 [FXGL Background Thread 3 ] DEBUG Engine               - actualWidthProperty: ReadOnlyDoubleProperty [value: 1536.0]
22:48:37.115 [FXGL Background Thread 3 ] DEBUG Engine               - appIcon: fxgl_icon.png
22:48:37.115 [FXGL Background Thread 3 ] DEBUG Engine               - applicationMode: DEVELOPER
22:48:37.115 [FXGL Background Thread 3 ] DEBUG Engine               - cSSList: [fxgl_dark.css]
22:48:37.115 [FXGL Background Thread 3 ] DEBUG Engine               - collisionDetectionStrategy: BRUTE_FORCE
22:48:37.115 [FXGL Background Thread 3 ] DEBUG Engine               - configClass: Optional.empty
22:48:37.115 [FXGL Background Thread 3 ] DEBUG Engine               - credits: []
22:48:37.116 [FXGL Background Thread 3 ] DEBUG Engine               - defaultCursor: CursorInfo(imageName=fxgl_default_cursor.png, hotspotX=7.0, hotspotY=6.0)
22:48:37.116 [FXGL Background Thread 3 ] DEBUG Engine               - devBBoxColorProperty: ObjectProperty [value: 0xff0000ff]
22:48:37.116 [FXGL Background Thread 3 ] DEBUG Engine               - devEnableDebugCameraProperty: BooleanProperty [value: false]
22:48:37.116 [FXGL Background Thread 3 ] DEBUG Engine               - devSensorColorProperty: ObjectProperty [value: 0xffff00ff]
22:48:37.116 [FXGL Background Thread 3 ] DEBUG Engine               - devShowBBoxProperty: BooleanProperty [value: false]
22:48:37.116 [FXGL Background Thread 3 ] DEBUG Engine               - devShowPositionProperty: BooleanProperty [value: false]
22:48:37.116 [FXGL Background Thread 3 ] DEBUG Engine               - enabledMenuItems: []
22:48:37.116 [FXGL Background Thread 3 ] DEBUG Engine               - engineServices: [class com.almasb.fxgl.app.services.FXGLAssetLoaderService, class com.almasb.fxgl.app.FXGLApplication$GameApplicationService, class com.almasb.fxgl.app.services.FXGLDialogService, class com.almasb.fxgl.app.services.IOTaskExecutorService, class com.almasb.fxgl.io.FileSystemService, class com.almasb.fxgl.localization.LocalizationService, class com.almasb.fxgl.app.services.SystemBundleService, class com.almasb.fxgl.profile.SaveLoadService, class com.almasb.fxgl.ui.FXGLUIFactoryServiceProvider, class com.almasb.fxgl.ui.FXGLDialogFactoryServiceProvider, class com.almasb.fxgl.audio.AudioPlayer, class com.almasb.fxgl.notification.impl.NotificationServiceProvider, class com.almasb.fxgl.achievement.AchievementService, class com.almasb.fxgl.cutscene.CutsceneService, class com.almasb.fxgl.minigames.MiniGameService, class com.almasb.fxgl.net.NetService, class com.almasb.fxgl.app.services.UpdaterService, class com.almasb.fxgl.dev.DevService]
22:48:37.116 [FXGL Background Thread 3 ] DEBUG Engine               - fontGame: Abel-Regular.ttf
22:48:37.116 [FXGL Background Thread 3 ] DEBUG Engine               - fontMono: TerminalLandMono-Regular.otf
22:48:37.116 [FXGL Background Thread 3 ] DEBUG Engine               - fontText: Courier-Prime.ttf
22:48:37.116 [FXGL Background Thread 3 ] DEBUG Engine               - fontUI: VarelaRound-Regular.ttf
22:48:37.116 [FXGL Background Thread 3 ] DEBUG Engine               - fullScreen: BooleanProperty [value: true]
22:48:37.116 [FXGL Background Thread 3 ] DEBUG Engine               - gameDifficulty: MEDIUM
22:48:37.116 [FXGL Background Thread 3 ] DEBUG Engine               - gameDifficultyProperty: ObjectProperty [value: MEDIUM]
22:48:37.117 [FXGL Background Thread 3 ] DEBUG Engine               - globalMusicVolume: 0.5
22:48:37.117 [FXGL Background Thread 3 ] DEBUG Engine               - globalMusicVolumeProperty: DoubleProperty [value: 0.5]
22:48:37.117 [FXGL Background Thread 3 ] DEBUG Engine               - globalSoundVolume: 0.5
22:48:37.117 [FXGL Background Thread 3 ] DEBUG Engine               - globalSoundVolumeProperty: DoubleProperty [value: 0.5]
22:48:37.117 [FXGL Background Thread 3 ] DEBUG Engine               - height: 1080
22:48:37.117 [FXGL Background Thread 3 ] DEBUG Engine               - is3D: false
22:48:37.117 [FXGL Background Thread 3 ] DEBUG Engine               - isAndroid: false
22:48:37.117 [FXGL Background Thread 3 ] DEBUG Engine               - isBrowser: false
22:48:37.117 [FXGL Background Thread 3 ] DEBUG Engine               - isClickFeedbackEnabled: false
22:48:37.117 [FXGL Background Thread 3 ] DEBUG Engine               - isCloseConfirmation: false
22:48:37.117 [FXGL Background Thread 3 ] DEBUG Engine               - isDesktop: true
22:48:37.117 [FXGL Background Thread 3 ] DEBUG Engine               - isDeveloperMenuEnabled: false
22:48:37.117 [FXGL Background Thread 3 ] DEBUG Engine               - isEmbedded: false
22:48:37.117 [FXGL Background Thread 3 ] DEBUG Engine               - isEntityPreloadEnabled: true
22:48:37.117 [FXGL Background Thread 3 ] DEBUG Engine               - isExperimentalTiledLargeMap: false
22:48:37.117 [FXGL Background Thread 3 ] DEBUG Engine               - isFileSystemWriteAllowed: true
22:48:37.117 [FXGL Background Thread 3 ] DEBUG Engine               - isFullScreenAllowed: true
22:48:37.117 [FXGL Background Thread 3 ] DEBUG Engine               - isFullScreenFromStart: true
22:48:37.117 [FXGL Background Thread 3 ] DEBUG Engine               - isGameMenuEnabled: true
22:48:37.117 [FXGL Background Thread 3 ] DEBUG Engine               - isIOS: false
22:48:37.117 [FXGL Background Thread 3 ] DEBUG Engine               - isIntroEnabled: false
22:48:37.117 [FXGL Background Thread 3 ] DEBUG Engine               - isLinux: false
22:48:37.117 [FXGL Background Thread 3 ] DEBUG Engine               - isMac: false
22:48:37.117 [FXGL Background Thread 3 ] DEBUG Engine               - isMainMenuEnabled: true
22:48:37.117 [FXGL Background Thread 3 ] DEBUG Engine               - isManualResizeEnabled: false
22:48:37.117 [FXGL Background Thread 3 ] DEBUG Engine               - isMobile: false
22:48:37.117 [FXGL Background Thread 3 ] DEBUG Engine               - isNative: false
22:48:37.118 [FXGL Background Thread 3 ] DEBUG Engine               - isPauseMusicWhenMinimized: true
22:48:37.118 [FXGL Background Thread 3 ] DEBUG Engine               - isPreserveResizeRatio: false
22:48:37.118 [FXGL Background Thread 3 ] DEBUG Engine               - isProfilingEnabled: false
22:48:37.118 [FXGL Background Thread 3 ] DEBUG Engine               - isScaleAffectedOnResize: true
22:48:37.118 [FXGL Background Thread 3 ] DEBUG Engine               - isSingleStep: false
22:48:37.118 [FXGL Background Thread 3 ] DEBUG Engine               - isUserProfileEnabled: false
22:48:37.118 [FXGL Background Thread 3 ] DEBUG Engine               - isWindows: true
22:48:37.118 [FXGL Background Thread 3 ] DEBUG Engine               - language: ObjectProperty [value: ENGLISH]
22:48:37.118 [FXGL Background Thread 3 ] DEBUG Engine               - menuKey: ESCAPE
22:48:37.118 [FXGL Background Thread 3 ] DEBUG Engine               - mouseSensitivity: 0.2
22:48:37.118 [FXGL Background Thread 3 ] DEBUG Engine               - notificationViewClass: class com.almasb.fxgl.notification.view.XboxNotificationView
22:48:37.118 [FXGL Background Thread 3 ] DEBUG Engine               - pixelsPerMeter: 50.0
22:48:37.118 [FXGL Background Thread 3 ] DEBUG Engine               - platform: WINDOWS
22:48:37.118 [FXGL Background Thread 3 ] DEBUG Engine               - prefHeightProperty: ReadOnlyDoubleProperty [value: 1080.0]
22:48:37.118 [FXGL Background Thread 3 ] DEBUG Engine               - prefWidthProperty: ReadOnlyDoubleProperty [value: 1920.0]
22:48:37.118 [FXGL Background Thread 3 ] DEBUG Engine               - profileDir: profiles/
22:48:37.118 [FXGL Background Thread 3 ] DEBUG Engine               - profileName: StringProperty [value: DEFAULT]
22:48:37.118 [FXGL Background Thread 3 ] DEBUG Engine               - randomSeed: -1
22:48:37.119 [FXGL Background Thread 3 ] DEBUG Engine               - runtimeInfo: RuntimeInfo(platform=WINDOWS, version=17.2, build=20.08.2022 16.50)
22:48:37.119 [FXGL Background Thread 3 ] DEBUG Engine               - saveFileExt: sav
22:48:37.119 [FXGL Background Thread 3 ] DEBUG Engine               - scaledHeightProp$fxgl: DoubleProperty [bound, value: 864.0]
22:48:37.119 [FXGL Background Thread 3 ] DEBUG Engine               - scaledWidthProp$fxgl: DoubleProperty [bound, value: 1536.0]
22:48:37.119 [FXGL Background Thread 3 ] DEBUG Engine               - sceneFactory: com.example.cookingina.CookingInaMain$1@397cf689
22:48:37.119 [FXGL Background Thread 3 ] DEBUG Engine               - secondsIn24h: 60
22:48:37.119 [FXGL Background Thread 3 ] DEBUG Engine               - soundMenuBack: menu/back.wav
22:48:37.119 [FXGL Background Thread 3 ] DEBUG Engine               - soundMenuPress: menu/press.wav
22:48:37.119 [FXGL Background Thread 3 ] DEBUG Engine               - soundMenuSelect: menu/select.wav
22:48:37.119 [FXGL Background Thread 3 ] DEBUG Engine               - soundNotification: core/notification.wav
22:48:37.119 [FXGL Background Thread 3 ] DEBUG Engine               - stageStyle: DECORATED
22:48:37.119 [FXGL Background Thread 3 ] DEBUG Engine               - supportedLanguages: [ENGLISH, FRENCH, GERMAN, HUNGARIAN, RUSSIAN]
22:48:37.119 [FXGL Background Thread 3 ] DEBUG Engine               - ticksPerSecond: -1
22:48:37.119 [FXGL Background Thread 3 ] DEBUG Engine               - title: CookingIna
22:48:37.119 [FXGL Background Thread 3 ] DEBUG Engine               - urlGithub: https://github.com/AlmasB/FXGL
22:48:37.119 [FXGL Background Thread 3 ] DEBUG Engine               - urlLeaderboard: http://fxgl-top.herokuapp.com/
22:48:37.119 [FXGL Background Thread 3 ] DEBUG Engine               - urlPOM: https://raw.githubusercontent.com/AlmasB/FXGL/release/README.md
22:48:37.119 [FXGL Background Thread 3 ] DEBUG Engine               - userAppClass: class com.example.cookingina.CookingInaMain
22:48:37.119 [FXGL Background Thread 3 ] DEBUG Engine               - version: 0.1
22:48:37.120 [FXGL Background Thread 3 ] DEBUG Engine               - versionCheckDays: 7
22:48:37.120 [FXGL Background Thread 3 ] DEBUG Engine               - width: 1920
22:48:37.120 [FXGL Background Thread 3 ] DEBUG Engine               - Logging services
22:48:37.120 [FXGL Background Thread 3 ] DEBUG Engine               - class com.almasb.fxgl.app.services.FXGLAssetLoaderService
22:48:37.120 [FXGL Background Thread 3 ] DEBUG Engine               - class com.almasb.fxgl.app.FXGLApplication$GameApplicationService
22:48:37.120 [FXGL Background Thread 3 ] DEBUG Engine               - class com.almasb.fxgl.app.services.FXGLDialogService
22:48:37.120 [FXGL Background Thread 3 ] DEBUG Engine               - class com.almasb.fxgl.app.services.IOTaskExecutorService
22:48:37.120 [FXGL Background Thread 3 ] DEBUG Engine               - class com.almasb.fxgl.io.FileSystemService
22:48:37.120 [FXGL Background Thread 3 ] DEBUG Engine               - class com.almasb.fxgl.localization.LocalizationService
22:48:37.120 [FXGL Background Thread 3 ] DEBUG Engine               - class com.almasb.fxgl.app.services.SystemBundleService
22:48:37.120 [FXGL Background Thread 3 ] DEBUG Engine               - class com.almasb.fxgl.profile.SaveLoadService
22:48:37.120 [FXGL Background Thread 3 ] DEBUG Engine               - class com.almasb.fxgl.ui.FXGLUIFactoryServiceProvider
22:48:37.120 [FXGL Background Thread 3 ] DEBUG Engine               - class com.almasb.fxgl.ui.FXGLDialogFactoryServiceProvider
22:48:37.120 [FXGL Background Thread 3 ] DEBUG Engine               - class com.almasb.fxgl.audio.AudioPlayer
22:48:37.120 [FXGL Background Thread 3 ] DEBUG Engine               - class com.almasb.fxgl.notification.impl.NotificationServiceProvider
22:48:37.120 [FXGL Background Thread 3 ] DEBUG Engine               - class com.almasb.fxgl.achievement.AchievementService
22:48:37.120 [FXGL Background Thread 3 ] DEBUG Engine               - class com.almasb.fxgl.cutscene.CutsceneService
22:48:37.120 [FXGL Background Thread 3 ] DEBUG Engine               - class com.almasb.fxgl.minigames.MiniGameService
22:48:37.120 [FXGL Background Thread 3 ] DEBUG Engine               - class com.almasb.fxgl.net.NetService
22:48:37.120 [FXGL Background Thread 3 ] DEBUG Engine               - class com.almasb.fxgl.app.services.UpdaterService
22:48:37.120 [FXGL Background Thread 3 ] DEBUG Engine               - class com.almasb.fxgl.dev.DevService
22:48:40.136 [JavaFX Application Thread] DEBUG GameApplicationServi - Starting new game
22:48:40.136 [JavaFX Application Thread] DEBUG PrimaryStageWindow   - Pop state: MainMenu
22:48:40.137 [JavaFX Application Thread] DEBUG Input                - Clearing active input actions
22:48:40.137 [JavaFX Application Thread] DEBUG GameApplicationServi - Removing overlay from MainMenu and adding to SplashScene
22:48:40.138 [JavaFX Application Thread] DEBUG PrimaryStageWindow   - SplashScene <- MainMenu
22:48:40.138 [JavaFX Application Thread] DEBUG PrimaryStageWindow   - Pop state: SplashScene
22:48:40.138 [JavaFX Application Thread] DEBUG Input                - Clearing active input actions
22:48:40.138 [JavaFX Application Thread] DEBUG GameApplicationServi - Removing overlay from SplashScene and adding to FXGLMainMenuDummyScene
22:48:40.138 [JavaFX Application Thread] DEBUG PrimaryStageWindow   - FXGLMainMenuDummyScene <- SplashScene
22:48:40.138 [JavaFX Application Thread] DEBUG Input                - Clearing active input actions
22:48:40.150 [JavaFX Application Thread] DEBUG GameApplicationServi - Removing overlay from FXGLMainMenuDummyScene and adding to FXGLLoadingScene
22:48:40.150 [JavaFX Application Thread] DEBUG PrimaryStageWindow   - FXGLMainMenuDummyScene -> FXGLLoadingScene
22:48:40.150 [JavaFX Application Thread] DEBUG GameApplicationServi - Clearing previous game
22:48:40.152 [JavaFX Application Thread] DEBUG GameScene            - Clearing game scene
22:48:40.152 [JavaFX Application Thread] DEBUG GameWorld            - Clearing game world
22:48:40.152 [JavaFX Application Thread] DEBUG PhysicsWorld         - Clearing physics world
22:48:40.154 [FXGL Background Thread 2 ] DEBUG FXGLApplication      - Initializing game
22:48:40.155 [FXGL Background Thread 2 ] DEBUG FXGLAssetLoaderServi - Loading from file system: file:/C:/Users/austi/IdeaProjects/Cooking-Ina-Ang-Sarap-1/CookingIna/target/classes/assets/textures/final_background.png
22:48:40.164 [JavaFX Application Thread] WARN  PrimaryStageWindow   - Cannot pop substate. Probably because substates are empty!
22:48:40.164 [JavaFX Application Thread] DEBUG LoopRunner           - Resuming loop
22:48:40.192 [FXGL Background Thread 2 ] DEBUG FXGLAssetLoaderServi - Loading from file system: file:/C:/Users/austi/IdeaProjects/Cooking-Ina-Ang-Sarap-1/CookingIna/target/classes/assets/textures/assets.png
22:48:40.248 [FXGL Background Thread 2 ] DEBUG FXGLAssetLoaderServi - Loading from file system: file:/C:/Users/austi/IdeaProjects/Cooking-Ina-Ang-Sarap-1/CookingIna/target/classes/assets/textures/frying_pan.png
22:48:40.296 [FXGL Background Thread 2 ] DEBUG FXGLAssetLoaderServi - Loading from file system: file:/C:/Users/austi/IdeaProjects/Cooking-Ina-Ang-Sarap-1/CookingIna/target/classes/assets/textures/papertray.png
22:48:40.342 [FXGL Background Thread 2 ] DEBUG FXGLAssetLoaderServi - Loading from file system: file:/C:/Users/austi/IdeaProjects/Cooking-Ina-Ang-Sarap-1/CookingIna/target/classes/assets/textures/papertray.png
22:48:40.376 [FXGL Background Thread 2 ] DEBUG FXGLAssetLoaderServi - Loading from file system: file:/C:/Users/austi/IdeaProjects/Cooking-Ina-Ang-Sarap-1/CookingIna/target/classes/assets/textures/rawQuekquek_container.png
22:48:40.400 [FXGL Background Thread 2 ] DEBUG FXGLAssetLoaderServi - Loading from file system: file:/C:/Users/austi/IdeaProjects/Cooking-Ina-Ang-Sarap-1/CookingIna/target/classes/assets/textures/rawHotdog_container.png
22:48:40.420 [FXGL Background Thread 2 ] DEBUG FXGLAssetLoaderServi - Loading from file system: file:/C:/Users/austi/IdeaProjects/Cooking-Ina-Ang-Sarap-1/CookingIna/target/classes/assets/textures/rawTempura_container.png
22:48:40.450 [FXGL Background Thread 2 ] DEBUG FXGLAssetLoaderServi - Loading from file system: file:/C:/Users/austi/IdeaProjects/Cooking-Ina-Ang-Sarap-1/CookingIna/target/classes/assets/textures/manga_basket.png
22:48:40.489 [FXGL Background Thread 2 ] DEBUG FXGLAssetLoaderServi - Loading from file system: file:/C:/Users/austi/IdeaProjects/Cooking-Ina-Ang-Sarap-1/CookingIna/target/classes/assets/textures/ice_crusher.png
22:48:40.526 [FXGL Background Thread 2 ] DEBUG FXGLAssetLoaderServi - Loading from file system: file:/C:/Users/austi/IdeaProjects/Cooking-Ina-Ang-Sarap-1/CookingIna/target/classes/assets/textures/calamansiJuice_dispenser.png
22:48:40.541 [FXGL Background Thread 2 ] DEBUG FXGLAssetLoaderServi - Loading from file system: file:/C:/Users/austi/IdeaProjects/Cooking-Ina-Ang-Sarap-1/CookingIna/target/classes/assets/textures/bukoJuice_dispenser.png
22:48:40.558 [FXGL Background Thread 2 ] DEBUG FXGLAssetLoaderServi - Loading from file system: file:/C:/Users/austi/IdeaProjects/Cooking-Ina-Ang-Sarap-1/CookingIna/target/classes/assets/textures/orangeJuice_dispenser.png
22:48:40.574 [FXGL Background Thread 2 ] DEBUG FXGLAssetLoaderServi - Loading from file system: file:/C:/Users/austi/IdeaProjects/Cooking-Ina-Ang-Sarap-1/CookingIna/target/classes/assets/textures/trash_open.png
22:48:40.594 [FXGL Background Thread 2 ] DEBUG FXGLAssetLoaderServi - Loading from file system: file:/C:/Users/austi/IdeaProjects/Cooking-Ina-Ang-Sarap-1/CookingIna/target/classes/assets/textures/calamansiJuice_dispenser.png
22:48:40.608 [FXGL Background Thread 2 ] DEBUG FXGLAssetLoaderServi - Loading from file system: file:/C:/Users/austi/IdeaProjects/Cooking-Ina-Ang-Sarap-1/CookingIna/target/classes/assets/textures/bukoJuice_dispenser.png
22:48:40.617 [FXGL Background Thread 2 ] DEBUG FXGLAssetLoaderServi - Loading from file system: file:/C:/Users/austi/IdeaProjects/Cooking-Ina-Ang-Sarap-1/CookingIna/target/classes/assets/textures/orangeJuice_dispenser.png
22:48:40.627 [FXGL Background Thread 2 ] DEBUG FXGLAssetLoaderServi - Loading from file system: file:/C:/Users/austi/IdeaProjects/Cooking-Ina-Ang-Sarap-1/CookingIna/target/classes/assets/textures/cucumberGarnish_container.png
22:48:40.646 [FXGL Background Thread 2 ] DEBUG FXGLAssetLoaderServi - Loading from file system: file:/C:/Users/austi/IdeaProjects/Cooking-Ina-Ang-Sarap-1/CookingIna/target/classes/assets/textures/gusoGarnish_container.png
22:48:40.676 [FXGL Background Thread 2 ] DEBUG FXGLAssetLoaderServi - Loading from file system: file:/C:/Users/austi/IdeaProjects/Cooking-Ina-Ang-Sarap-1/CookingIna/target/classes/assets/textures/spicy_sauce.png
22:48:40.687 [FXGL Background Thread 2 ] DEBUG FXGLAssetLoaderServi - Loading from file system: file:/C:/Users/austi/IdeaProjects/Cooking-Ina-Ang-Sarap-1/CookingIna/target/classes/assets/textures/sweet_sauce.png
22:48:40.700 [FXGL Background Thread 2 ] DEBUG FXGLAssetLoaderServi - Loading from file system: file:/C:/Users/austi/IdeaProjects/Cooking-Ina-Ang-Sarap-1/CookingIna/target/classes/assets/textures/hipon_bottle.png
22:48:40.718 [FXGL Background Thread 2 ] DEBUG FXGLAssetLoaderServi - Loading from file system: file:/C:/Users/austi/IdeaProjects/Cooking-Ina-Ang-Sarap-1/CookingIna/target/classes/assets/textures/salt_bottle.png
22:48:40.736 [FXGL Background Thread 2 ] INFO  FXGLApplication      - Game initialization took: 0.582 sec
22:48:40.737 [JavaFX Application Thread] DEBUG Input                - Clearing active input actions
22:48:40.745 [JavaFX Application Thread] DEBUG GameApplicationServi - Removing overlay from FXGLLoadingScene and adding to GameScene
22:48:40.745 [JavaFX Application Thread] DEBUG PrimaryStageWindow   - FXGLLoadingScene -> GameScene
22:48:42.261 [JavaFX Application Thread] DEBUG FXGLAssetLoaderServi - Loading from file system: file:/C:/Users/austi/IdeaProjects/Cooking-Ina-Ang-Sarap-1/CookingIna/target/classes/assets/textures/customer_image.png
22:48:51.489 [JavaFX Application Thread] DEBUG FXGLAssetLoaderServi - Loading from file system: file:/C:/Users/austi/IdeaProjects/Cooking-Ina-Ang-Sarap-1/CookingIna/target/classes/assets/textures/orangejuice_finishedproduct.png
22:48:51.500 [JavaFX Application Thread] DEBUG FXGLAssetLoaderServi - Loading from file system: file:/C:/Users/austi/IdeaProjects/Cooking-Ina-Ang-Sarap-1/CookingIna/target/classes/assets/textures/cooked_tempura.png
22:48:51.519 [JavaFX Application Thread] DEBUG FXGLAssetLoaderServi - Loading from file system: file:/C:/Users/austi/IdeaProjects/Cooking-Ina-Ang-Sarap-1/CookingIna/target/classes/assets/textures/cooked_hotdog.png
22:48:51.968 [JavaFX Application Thread] DEBUG FXGLAssetLoaderServi - Loading from file system: file:/C:/Users/austi/IdeaProjects/Cooking-Ina-Ang-Sarap-1/CookingIna/target/classes/assets/textures/bukojuice_finishedproduct.png
22:49:00.644 [JavaFX Application Thread] DEBUG FXGLAssetLoaderServi - Loading from file system: file:/C:/Users/austi/IdeaProjects/Cooking-Ina-Ang-Sarap-1/CookingIna/target/classes/assets/textures/halo_halo.png
22:49:00.674 [JavaFX Application Thread] DEBUG FXGLAssetLoaderServi - Loading from file system: file:/C:/Users/austi/IdeaProjects/Cooking-Ina-Ang-Sarap-1/CookingIna/target/classes/assets/textures/calamansijuice_finishedproduct.png
22:49:18.241 [JavaFX Application Thread] DEBUG FXGLAssetLoaderServi - Loading from file system: file:/C:/Users/austi/IdeaProjects/Cooking-Ina-Ang-Sarap-1/CookingIna/target/classes/assets/textures/cooked_quekquek.png
22:49:30.147 [JavaFX Application Thread] DEBUG FXGLAssetLoaderServi - Loading from file system: file:/C:/Users/austi/IdeaProjects/Cooking-Ina-Ang-Sarap-1/CookingIna/target/classes/assets/textures/mango_ready.png
22:50:29.098 [JavaFX Application Thread] DEBUG FXGLApplication      - Exiting FXGL
22:50:29.098 [JavaFX Application Thread] DEBUG LoopRunner           - Stopping loop
22:50:29.098 [JavaFX Application Thread] DEBUG SystemBundleService  - Saving FXGL system data
22:50:29.099 [JavaFX Application Thread] DEBUG FileSystemAccess     - Writing to: C:\Users\austi\IdeaProjects\Cooking-Ina-Ang-Sarap-1\system\fxgl.bundle
22:50:29.100 [JavaFX Application Thread] DEBUG Async                - Shutting down background threads
22:50:29.100 [JavaFX Application Thread] DEBUG PrimaryStageWindow   - Closing main window
22:50:29.150 [JavaFX Application Thread] DEBUG Logger               - Closing Logger
